2020-01-04 21:54:28 [main] INFO  c.s.keepnote.NoteServiceApplication -
				Starting NoteServiceApplication on DESKTOP-229TM7J with PID 12884 (C:\Users\pt108\Desktop\Assignments\KeepNote-Step6-Boilerplate\NoteService\target\classes started by pt108 in C:\Users\pt108\Desktop\Assignments\KeepNote-Step6-Boilerplate\NoteService)
2020-01-04 21:54:28 [main] INFO  c.s.keepnote.NoteServiceApplication -
				No active profile set, falling back to default profiles: default
2020-01-04 21:54:28 [main] INFO  o.s.b.w.s.c.AnnotationConfigServletWebServerApplicationContext -
				Refreshing org.springframework.boot.web.servlet.context.AnnotationConfigServletWebServerApplicationContext@6572421: startup date [Sat Jan 04 21:54:28 IST 2020]; root of context hierarchy
2020-01-04 21:54:31 [main] INFO  o.s.b.w.e.tomcat.TomcatWebServer -
				Tomcat initialized with port(s): 8084 (http)
2020-01-04 21:54:31 [main] INFO  o.a.coyote.http11.Http11NioProtocol -
				Initializing ProtocolHandler ["http-nio-8084"]
2020-01-04 21:54:31 [main] INFO  o.a.catalina.core.StandardService -
				Starting service [Tomcat]
2020-01-04 21:54:31 [main] INFO  o.a.catalina.core.StandardEngine -
				Starting Servlet Engine: Apache Tomcat/8.5.31
2020-01-04 21:54:31 [localhost-startStop-1] INFO  o.a.c.core.AprLifecycleListener -
				The APR based Apache Tomcat Native library which allows optimal performance in production environments was not found on the java.library.path: [C:\Program Files\Java\jre1.8.0_231\bin;C:\WINDOWS\Sun\Java\bin;C:\WINDOWS\system32;C:\WINDOWS;C:/Program Files/Java/jre1.8.0_231/bin/server;C:/Program Files/Java/jre1.8.0_231/bin;C:/Program Files/Java/jre1.8.0_231/lib/amd64;C:\Program Files (x86)\Common Files\Oracle\Java\javapath;C:\WINDOWS\system32;C:\WINDOWS;C:\WINDOWS\System32\Wbem;C:\WINDOWS\System32\WindowsPowerShell\v1.0\;C:\WINDOWS\System32\OpenSSH\;C:\Program Files\Java\jdk1.8.0_231\bin;C:\Program Files\Git\cmd;C:\Program Files\nodejs\;C:\Program Files\dotnet\;C:\Program Files (x86)\dotnet\;C:\Program Files\MongoDB\Server\4.2\bin;C:\Program Files\MySQL\MySQL Shell 8.0\bin\;C:\Users\pt108\AppData\Local\Microsoft\WindowsApps;C:\Users\pt108\AppData\Local\Programs\Microsoft VS Code\bin;C:\Users\pt108\AppData\Roaming\npm;C:\Program Files\MongoDB\Server\4.2\bin;;C:\Users\pt108\Desktop;;.]
2020-01-04 21:54:31 [localhost-startStop-1] INFO  o.a.c.c.C.[Tomcat].[localhost].[/] -
				Initializing Spring embedded WebApplicationContext
2020-01-04 21:54:31 [localhost-startStop-1] INFO  o.s.web.context.ContextLoader -
				Root WebApplicationContext: initialization completed in 2584 ms
2020-01-04 21:54:31 [localhost-startStop-1] INFO  o.s.b.w.s.FilterRegistrationBean -
				Mapping filter: 'characterEncodingFilter' to: [/*]
2020-01-04 21:54:31 [localhost-startStop-1] INFO  o.s.b.w.s.FilterRegistrationBean -
				Mapping filter: 'hiddenHttpMethodFilter' to: [/*]
2020-01-04 21:54:31 [localhost-startStop-1] INFO  o.s.b.w.s.FilterRegistrationBean -
				Mapping filter: 'httpPutFormContentFilter' to: [/*]
2020-01-04 21:54:31 [localhost-startStop-1] INFO  o.s.b.w.s.FilterRegistrationBean -
				Mapping filter: 'requestContextFilter' to: [/*]
2020-01-04 21:54:31 [localhost-startStop-1] INFO  o.s.b.w.s.FilterRegistrationBean -
				Mapping filter: 'jwtFilter' to urls: [/api/v1/*]
2020-01-04 21:54:31 [localhost-startStop-1] INFO  o.s.b.w.s.ServletRegistrationBean -
				Servlet dispatcherServlet mapped to [/]
2020-01-04 21:54:32 [main] INFO  org.mongodb.driver.cluster -
				Cluster created with settings {hosts=[localhost:27017], mode=MULTIPLE, requiredClusterType=UNKNOWN, serverSelectionTimeout='30000 ms', maxWaitQueueSize=500}
2020-01-04 21:54:32 [main] INFO  org.mongodb.driver.cluster -
				Adding discovered server localhost:27017 to client view of cluster
2020-01-04 21:54:32 [cluster-ClusterId{value='5e10bc403fb0773254f1597b', description='null'}-localhost:27017] INFO  org.mongodb.driver.connection -
				Opened connection [connectionId{localValue:1, serverValue:32}] to localhost:27017
2020-01-04 21:54:32 [cluster-ClusterId{value='5e10bc403fb0773254f1597b', description='null'}-localhost:27017] INFO  org.mongodb.driver.cluster -
				Monitor thread successfully connected to server with description ServerDescription{address=localhost:27017, type=STANDALONE, state=CONNECTED, ok=true, version=ServerVersion{versionList=[4, 2, 2]}, minWireVersion=0, maxWireVersion=8, maxDocumentSize=16777216, logicalSessionTimeoutMinutes=30, roundTripTimeNanos=4977300}
2020-01-04 21:54:32 [cluster-ClusterId{value='5e10bc403fb0773254f1597b', description='null'}-localhost:27017] INFO  org.mongodb.driver.cluster -
				Discovered cluster type of STANDALONE
2020-01-04 21:54:34 [main] INFO  o.s.w.s.m.m.a.RequestMappingHandlerMapping -
				Mapped "{[/api/v1/note],methods=[POST]}" onto public org.springframework.http.ResponseEntity<?> com.stackroute.keepnote.controller.NoteController.createNote(com.stackroute.keepnote.model.Note)
2020-01-04 21:54:34 [main] INFO  o.s.w.s.m.m.a.RequestMappingHandlerMapping -
				Mapped "{[/api/v1/note/{userId}],methods=[GET]}" onto public org.springframework.http.ResponseEntity<?> com.stackroute.keepnote.controller.NoteController.getAllNotedById(java.lang.String)
2020-01-04 21:54:34 [main] INFO  o.s.w.s.m.m.a.RequestMappingHandlerMapping -
				Mapped "{[/api/v1/note/{userId}],methods=[DELETE]}" onto public org.springframework.http.ResponseEntity<?> com.stackroute.keepnote.controller.NoteController.deleteAllNotes(java.lang.String)
2020-01-04 21:54:34 [main] INFO  o.s.w.s.m.m.a.RequestMappingHandlerMapping -
				Mapped "{[/api/v1/note/{userId}/{id}],methods=[DELETE]}" onto public org.springframework.http.ResponseEntity<?> com.stackroute.keepnote.controller.NoteController.deleteNote(java.lang.String,int)
2020-01-04 21:54:34 [main] INFO  o.s.w.s.m.m.a.RequestMappingHandlerMapping -
				Mapped "{[/api/v1/note/{userId}/{noteId}],methods=[GET]}" onto public org.springframework.http.ResponseEntity<?> com.stackroute.keepnote.controller.NoteController.getNoteByUserId(java.lang.String,int)
2020-01-04 21:54:34 [main] INFO  o.s.w.s.m.m.a.RequestMappingHandlerMapping -
				Mapped "{[/api/v1/note/{userId}/{noteId}],methods=[PUT]}" onto public org.springframework.http.ResponseEntity<?> com.stackroute.keepnote.controller.NoteController.updateNote(com.stackroute.keepnote.model.Note,java.lang.String,int)
2020-01-04 21:54:34 [main] INFO  o.s.w.s.m.m.a.RequestMappingHandlerMapping -
				Mapped "{[/]}" onto public java.lang.String com.stackroute.keepnote.controller.RootController.swaggerUI()
2020-01-04 21:54:34 [main] INFO  o.s.w.s.m.m.a.RequestMappingHandlerMapping -
				Mapped "{[/swagger-resources]}" onto public org.springframework.http.ResponseEntity<java.util.List<springfox.documentation.swagger.web.SwaggerResource>> springfox.documentation.swagger.web.ApiResourceController.swaggerResources()
2020-01-04 21:54:34 [main] INFO  o.s.w.s.m.m.a.RequestMappingHandlerMapping -
				Mapped "{[/swagger-resources/configuration/ui]}" onto public org.springframework.http.ResponseEntity<springfox.documentation.swagger.web.UiConfiguration> springfox.documentation.swagger.web.ApiResourceController.uiConfiguration()
2020-01-04 21:54:34 [main] INFO  o.s.w.s.m.m.a.RequestMappingHandlerMapping -
				Mapped "{[/swagger-resources/configuration/security]}" onto public org.springframework.http.ResponseEntity<springfox.documentation.swagger.web.SecurityConfiguration> springfox.documentation.swagger.web.ApiResourceController.securityConfiguration()
2020-01-04 21:54:34 [main] INFO  o.s.w.s.m.m.a.RequestMappingHandlerMapping -
				Mapped "{[/error]}" onto public org.springframework.http.ResponseEntity<java.util.Map<java.lang.String, java.lang.Object>> org.springframework.boot.autoconfigure.web.servlet.error.BasicErrorController.error(javax.servlet.http.HttpServletRequest)
2020-01-04 21:54:34 [main] INFO  o.s.w.s.m.m.a.RequestMappingHandlerMapping -
				Mapped "{[/error],produces=[text/html]}" onto public org.springframework.web.servlet.ModelAndView org.springframework.boot.autoconfigure.web.servlet.error.BasicErrorController.errorHtml(javax.servlet.http.HttpServletRequest,javax.servlet.http.HttpServletResponse)
2020-01-04 21:54:34 [main] INFO  s.d.s.w.PropertySourcedRequestMappingHandlerMapping -
				Mapped URL path [/v2/api-docs] onto method [public org.springframework.http.ResponseEntity<springfox.documentation.spring.web.json.Json> springfox.documentation.swagger2.web.Swagger2Controller.getDocumentation(java.lang.String,javax.servlet.http.HttpServletRequest)]
2020-01-04 21:54:34 [main] INFO  o.s.w.s.h.SimpleUrlHandlerMapping -
				Mapped URL path [/**/favicon.ico] onto handler of type [class org.springframework.web.servlet.resource.ResourceHttpRequestHandler]
2020-01-04 21:54:35 [main] INFO  o.s.w.s.m.m.a.RequestMappingHandlerAdapter -
				Looking for @ControllerAdvice: org.springframework.boot.web.servlet.context.AnnotationConfigServletWebServerApplicationContext@6572421: startup date [Sat Jan 04 21:54:28 IST 2020]; root of context hierarchy
2020-01-04 21:54:35 [main] INFO  o.s.w.s.h.SimpleUrlHandlerMapping -
				Mapped URL path [/webjars/**] onto handler of type [class org.springframework.web.servlet.resource.ResourceHttpRequestHandler]
2020-01-04 21:54:35 [main] INFO  o.s.w.s.h.SimpleUrlHandlerMapping -
				Mapped URL path [/**] onto handler of type [class org.springframework.web.servlet.resource.ResourceHttpRequestHandler]
2020-01-04 21:54:35 [main] INFO  o.s.j.e.a.AnnotationMBeanExporter -
				Registering beans for JMX exposure on startup
2020-01-04 21:54:35 [main] INFO  o.s.c.s.DefaultLifecycleProcessor -
				Starting beans in phase 2147483647
2020-01-04 21:54:35 [main] INFO  s.d.s.w.p.DocumentationPluginsBootstrapper -
				Context refreshed
2020-01-04 21:54:35 [main] INFO  s.d.s.w.p.DocumentationPluginsBootstrapper -
				Found 1 custom documentation plugin(s)
2020-01-04 21:54:35 [main] INFO  s.d.s.w.s.ApiListingReferenceScanner -
				Scanning for api listing references
2020-01-04 21:54:36 [main] INFO  o.a.coyote.http11.Http11NioProtocol -
				Starting ProtocolHandler ["http-nio-8084"]
2020-01-04 21:54:36 [main] INFO  o.a.tomcat.util.net.NioSelectorPool -
				Using a shared selector for servlet write/read
2020-01-04 21:54:36 [main] INFO  o.s.b.w.e.tomcat.TomcatWebServer -
				Tomcat started on port(s): 8084 (http) with context path ''
2020-01-04 21:54:36 [main] INFO  c.s.keepnote.NoteServiceApplication -
				Started NoteServiceApplication in 7.593 seconds (JVM running for 8.887)
2020-01-04 21:54:49 [http-nio-8084-exec-1] INFO  o.a.c.c.C.[Tomcat].[localhost].[/] -
				Initializing Spring FrameworkServlet 'dispatcherServlet'
2020-01-04 21:54:49 [http-nio-8084-exec-1] INFO  o.s.web.servlet.DispatcherServlet -
				FrameworkServlet 'dispatcherServlet': initialization started
2020-01-04 21:54:49 [http-nio-8084-exec-1] INFO  o.s.web.servlet.DispatcherServlet -
				FrameworkServlet 'dispatcherServlet': initialization completed in 58 ms
2020-01-04 21:54:50 [http-nio-8084-exec-3] INFO  c.s.keepnote.aspectj.LoggingAspect -
				-------@Before("beforeController()"----------String com.stackroute.keepnote.controller.RootController.swaggerUI()
2020-01-04 21:54:50 [http-nio-8084-exec-3] INFO  c.s.keepnote.aspectj.LoggingAspect -
				----------@After(afterController()String com.stackroute.keepnote.controller.RootController.swaggerUI()
2020-01-04 21:54:50 [http-nio-8084-exec-3] INFO  c.s.keepnote.aspectj.LoggingAspect -
				----@AfterReturning---redirect:/swagger-ui.html
2020-01-04 21:55:54 [http-nio-8084-exec-4] INFO  c.s.keepnote.aspectj.LoggingAspect -
				-------@Before("beforeController()"----------String com.stackroute.keepnote.controller.RootController.swaggerUI()
2020-01-04 21:55:54 [http-nio-8084-exec-4] INFO  c.s.keepnote.aspectj.LoggingAspect -
				----------@After(afterController()String com.stackroute.keepnote.controller.RootController.swaggerUI()
2020-01-04 21:55:54 [http-nio-8084-exec-4] INFO  c.s.keepnote.aspectj.LoggingAspect -
				----@AfterReturning---redirect:/swagger-ui.html
2020-01-04 21:55:56 [http-nio-8084-exec-4] INFO  c.s.keepnote.aspectj.LoggingAspect -
				-------@Before("beforeController()"----------String com.stackroute.keepnote.controller.RootController.swaggerUI()
2020-01-04 21:55:56 [http-nio-8084-exec-4] INFO  c.s.keepnote.aspectj.LoggingAspect -
				----------@After(afterController()String com.stackroute.keepnote.controller.RootController.swaggerUI()
2020-01-04 21:55:56 [http-nio-8084-exec-4] INFO  c.s.keepnote.aspectj.LoggingAspect -
				----@AfterReturning---redirect:/swagger-ui.html
2020-01-04 21:59:21 [http-nio-8084-exec-1] ERROR o.a.c.c.C.[.[.[.[dispatcherServlet] -
				Servlet.service() for servlet [dispatcherServlet] in context with path [] threw exception [Missing or invalid Authorization header] with root cause
javax.servlet.ServletException: Missing or invalid Authorization header
	at com.stackroute.keepnote.jwtfilter.JwtFilter.doFilter(JwtFilter.java:42)
	at org.apache.catalina.core.ApplicationFilterChain.internalDoFilter(ApplicationFilterChain.java:193)
	at org.apache.catalina.core.ApplicationFilterChain.doFilter(ApplicationFilterChain.java:166)
	at org.springframework.web.filter.RequestContextFilter.doFilterInternal(RequestContextFilter.java:99)
	at org.springframework.web.filter.OncePerRequestFilter.doFilter(OncePerRequestFilter.java:107)
	at org.apache.catalina.core.ApplicationFilterChain.internalDoFilter(ApplicationFilterChain.java:193)
	at org.apache.catalina.core.ApplicationFilterChain.doFilter(ApplicationFilterChain.java:166)
	at org.springframework.web.filter.HttpPutFormContentFilter.doFilterInternal(HttpPutFormContentFilter.java:109)
	at org.springframework.web.filter.OncePerRequestFilter.doFilter(OncePerRequestFilter.java:107)
	at org.apache.catalina.core.ApplicationFilterChain.internalDoFilter(ApplicationFilterChain.java:193)
	at org.apache.catalina.core.ApplicationFilterChain.doFilter(ApplicationFilterChain.java:166)
	at org.springframework.web.filter.HiddenHttpMethodFilter.doFilterInternal(HiddenHttpMethodFilter.java:81)
	at org.springframework.web.filter.OncePerRequestFilter.doFilter(OncePerRequestFilter.java:107)
	at org.apache.catalina.core.ApplicationFilterChain.internalDoFilter(ApplicationFilterChain.java:193)
	at org.apache.catalina.core.ApplicationFilterChain.doFilter(ApplicationFilterChain.java:166)
	at org.springframework.web.filter.CharacterEncodingFilter.doFilterInternal(CharacterEncodingFilter.java:200)
	at org.springframework.web.filter.OncePerRequestFilter.doFilter(OncePerRequestFilter.java:107)
	at org.apache.catalina.core.ApplicationFilterChain.internalDoFilter(ApplicationFilterChain.java:193)
	at org.apache.catalina.core.ApplicationFilterChain.doFilter(ApplicationFilterChain.java:166)
	at org.apache.catalina.core.StandardWrapperValve.invoke(StandardWrapperValve.java:198)
	at org.apache.catalina.core.StandardContextValve.invoke(StandardContextValve.java:96)
	at org.apache.catalina.authenticator.AuthenticatorBase.invoke(AuthenticatorBase.java:496)
	at org.apache.catalina.core.StandardHostValve.invoke(StandardHostValve.java:140)
	at org.apache.catalina.valves.ErrorReportValve.invoke(ErrorReportValve.java:81)
	at org.apache.catalina.core.StandardEngineValve.invoke(StandardEngineValve.java:87)
	at org.apache.catalina.connector.CoyoteAdapter.service(CoyoteAdapter.java:342)
	at org.apache.coyote.http11.Http11Processor.service(Http11Processor.java:803)
	at org.apache.coyote.AbstractProcessorLight.process(AbstractProcessorLight.java:66)
	at org.apache.coyote.AbstractProtocol$ConnectionHandler.process(AbstractProtocol.java:790)
	at org.apache.tomcat.util.net.NioEndpoint$SocketProcessor.doRun(NioEndpoint.java:1468)
	at org.apache.tomcat.util.net.SocketProcessorBase.run(SocketProcessorBase.java:49)
	at java.util.concurrent.ThreadPoolExecutor.runWorker(Unknown Source)
	at java.util.concurrent.ThreadPoolExecutor$Worker.run(Unknown Source)
	at org.apache.tomcat.util.threads.TaskThread$WrappingRunnable.run(TaskThread.java:61)
	at java.lang.Thread.run(Unknown Source)
2020-01-04 21:59:58 [http-nio-8084-exec-4] INFO  c.s.keepnote.aspectj.LoggingAspect -
				-------@Before("beforeController()"----------ResponseEntity com.stackroute.keepnote.controller.NoteController.createNote(Note)
2020-01-04 21:59:58 [http-nio-8084-exec-4] INFO  org.mongodb.driver.connection -
				Opened connection [connectionId{localValue:2, serverValue:33}] to localhost:27017
2020-01-04 21:59:59 [http-nio-8084-exec-4] INFO  c.s.keepnote.aspectj.LoggingAspect -
				----------@After(afterController()ResponseEntity com.stackroute.keepnote.controller.NoteController.createNote(Note)
2020-01-04 21:59:59 [http-nio-8084-exec-4] INFO  c.s.keepnote.aspectj.LoggingAspect -
				----@AfterReturning---<201 Created,Note [noteId=0, noteTitle=Collection Framework, noteContent=ArrayList, Map, noteStatus=Progress, noteCreationDate=Sat Jan 04 21:59:58 IST 2020, category=Category [categoryId=J01, categoryName=Collections, categoryDescription=Java Course, categoryCreatedBy=Ashok, categoryCreationDate=Sat Jan 04 21:55:07 IST 2020], reminders=[Reminder [reminderId=R02, reminderName=Meeting, reminderDescription=Meeting Reminder, reminderType=Urgent, reminderCreatedBy=Ashok, reminderCreationDate=Sat Jan 04 21:55:07 IST 2020]], noteCreatedBy=Ashok],{}>
2020-01-04 22:02:43 [http-nio-8084-exec-7] INFO  c.s.keepnote.aspectj.LoggingAspect -
				-------@Before("beforeController()"----------ResponseEntity com.stackroute.keepnote.controller.NoteController.createNote(Note)
2020-01-04 22:02:43 [http-nio-8084-exec-7] INFO  c.s.keepnote.aspectj.LoggingAspect -
				----------@After(afterController()ResponseEntity com.stackroute.keepnote.controller.NoteController.createNote(Note)
2020-01-04 22:02:43 [http-nio-8084-exec-7] INFO  c.s.keepnote.aspectj.LoggingAspect -
				----@AfterReturning---<201 Created,Note [noteId=1, noteTitle=Collection Framework, noteContent=ArrayList, Map, noteStatus=Progress, noteCreationDate=Sat Jan 04 22:02:43 IST 2020, category=Category [categoryId=J02, categoryName=Collections, categoryDescription=Asp Course, categoryCreatedBy=Amit, categoryCreationDate=Sat Jan 04 21:55:07 IST 2020], reminders=[Reminder [reminderId=R03, reminderName=Meeting, reminderDescription=Meeting Reminder, reminderType=Urgent, reminderCreatedBy=Amit, reminderCreationDate=Sat Jan 04 21:55:07 IST 2020]], noteCreatedBy=Amit],{}>
2020-01-04 22:04:27 [http-nio-8084-exec-6] INFO  c.s.keepnote.aspectj.LoggingAspect -
				-------@Before("beforeController()"----------ResponseEntity com.stackroute.keepnote.controller.NoteController.updateNote(Note,String,int)
2020-01-04 22:04:27 [http-nio-8084-exec-6] INFO  c.s.keepnote.aspectj.LoggingAspect -
				----------@After(afterController()ResponseEntity com.stackroute.keepnote.controller.NoteController.updateNote(Note,String,int)
2020-01-04 22:04:27 [http-nio-8084-exec-6] INFO  c.s.keepnote.aspectj.LoggingAspect -
				----@AfterReturning---<404 Not Found,{}>
2020-01-04 22:05:08 [http-nio-8084-exec-5] INFO  c.s.keepnote.aspectj.LoggingAspect -
				-------@Before("beforeController()"----------ResponseEntity com.stackroute.keepnote.controller.NoteController.updateNote(Note,String,int)
2020-01-04 22:05:08 [http-nio-8084-exec-5] INFO  c.s.keepnote.aspectj.LoggingAspect -
				----------@After(afterController()ResponseEntity com.stackroute.keepnote.controller.NoteController.updateNote(Note,String,int)
2020-01-04 22:05:08 [http-nio-8084-exec-5] INFO  c.s.keepnote.aspectj.LoggingAspect -
				----@AfterReturning---<404 Not Found,{}>
2020-01-04 22:07:09 [http-nio-8084-exec-8] INFO  c.s.keepnote.aspectj.LoggingAspect -
				-------@Before("beforeController()"----------ResponseEntity com.stackroute.keepnote.controller.NoteController.updateNote(Note,String,int)
2020-01-04 22:07:10 [http-nio-8084-exec-8] INFO  c.s.keepnote.aspectj.LoggingAspect -
				----------@After(afterController()ResponseEntity com.stackroute.keepnote.controller.NoteController.updateNote(Note,String,int)
2020-01-04 22:07:10 [http-nio-8084-exec-8] INFO  c.s.keepnote.aspectj.LoggingAspect -
				----@AfterReturning---<200 OK,Note [noteId=1, noteTitle= Framework, noteContent=ArrayList, Map, noteStatus=Progress, noteCreationDate=Sat Jan 04 21:55:07 IST 2020, category=Category [categoryId=J02, categoryName=Collections, categoryDescription=Asp Course, categoryCreatedBy=Amit, categoryCreationDate=Sat Jan 04 21:55:07 IST 2020], reminders=[Reminder [reminderId=R03, reminderName=Meeting, reminderDescription=Meeting Reminder, reminderType=Urgent, reminderCreatedBy=Amit, reminderCreationDate=Sat Jan 04 21:55:07 IST 2020]], noteCreatedBy=Amit],{}>
2020-01-04 22:08:03 [http-nio-8084-exec-2] INFO  c.s.keepnote.aspectj.LoggingAspect -
				-------@Before("beforeController()"----------ResponseEntity com.stackroute.keepnote.controller.NoteController.getAllNotedById(String)
2020-01-04 22:08:03 [http-nio-8084-exec-2] INFO  c.s.keepnote.aspectj.LoggingAspect -
				----------@After(afterController()ResponseEntity com.stackroute.keepnote.controller.NoteController.getAllNotedById(String)
2020-01-04 22:08:03 [http-nio-8084-exec-2] INFO  c.s.keepnote.aspectj.LoggingAspect -
				----@AfterReturning---<200 OK,[Note [noteId=0, noteTitle=Collection Framework, noteContent=ArrayList, Map, noteStatus=Progress, noteCreationDate=Sat Jan 04 21:59:58 IST 2020, category=Category [categoryId=J01, categoryName=Collections, categoryDescription=Java Course, categoryCreatedBy=Ashok, categoryCreationDate=Sat Jan 04 21:55:07 IST 2020], reminders=[Reminder [reminderId=R02, reminderName=Meeting, reminderDescription=Meeting Reminder, reminderType=Urgent, reminderCreatedBy=Ashok, reminderCreationDate=Sat Jan 04 21:55:07 IST 2020]], noteCreatedBy=Ashok]],{}>
2020-01-04 22:08:47 [http-nio-8084-exec-9] INFO  c.s.keepnote.aspectj.LoggingAspect -
				-------@Before("beforeController()"----------ResponseEntity com.stackroute.keepnote.controller.NoteController.deleteAllNotes(String)
2020-01-04 22:08:47 [http-nio-8084-exec-9] INFO  c.s.keepnote.aspectj.LoggingAspect -
				----------@After(afterController()ResponseEntity com.stackroute.keepnote.controller.NoteController.deleteAllNotes(String)
2020-01-04 22:08:47 [http-nio-8084-exec-9] INFO  c.s.keepnote.aspectj.LoggingAspect -
				----@AfterReturning---<404 Not Found,{}>
2020-01-04 22:10:12 [http-nio-8084-exec-3] INFO  c.s.keepnote.aspectj.LoggingAspect -
				-------@Before("beforeController()"----------ResponseEntity com.stackroute.keepnote.controller.NoteController.deleteNote(String,int)
2020-01-04 22:10:12 [http-nio-8084-exec-3] INFO  c.s.keepnote.aspectj.LoggingAspect -
				----------@After(afterController()ResponseEntity com.stackroute.keepnote.controller.NoteController.deleteNote(String,int)
2020-01-04 22:10:12 [http-nio-8084-exec-3] INFO  c.s.keepnote.aspectj.LoggingAspect -
				----@AfterReturning---<200 OK,Note Deleted Successfully,{}>
2020-01-04 22:13:01 [RMI TCP Connection(28)-127.0.0.1] INFO  o.s.b.a.SpringApplicationAdminMXBeanRegistrar$SpringApplicationAdmin -
				Application shutdown requested.
2020-01-04 22:13:01 [RMI TCP Connection(28)-127.0.0.1] INFO  o.s.b.w.s.c.AnnotationConfigServletWebServerApplicationContext -
				Closing org.springframework.boot.web.servlet.context.AnnotationConfigServletWebServerApplicationContext@6572421: startup date [Sat Jan 04 21:54:28 IST 2020]; root of context hierarchy
2020-01-04 22:13:01 [RMI TCP Connection(28)-127.0.0.1] INFO  o.s.c.s.DefaultLifecycleProcessor -
				Stopping beans in phase 2147483647
2020-01-04 22:13:01 [RMI TCP Connection(28)-127.0.0.1] INFO  o.s.j.e.a.AnnotationMBeanExporter -
				Unregistering JMX-exposed beans on shutdown
2020-01-04 22:13:01 [RMI TCP Connection(28)-127.0.0.1] INFO  org.mongodb.driver.connection -
				Closed connection [connectionId{localValue:2, serverValue:33}] to localhost:27017 because the pool has been closed.
