2020-01-05 05:25:07 [main] INFO  o.s.b.t.c.SpringBootTestContextBootstrapper -
				Neither @ContextConfiguration nor @ContextHierarchy found for test class [com.stackroute.keepnote.test.repository.CategoryRepositoryTest], using SpringBootContextLoader
2020-01-05 05:25:07 [main] INFO  o.s.t.c.s.AbstractContextLoader -
				Could not detect default resource locations for test class [com.stackroute.keepnote.test.repository.CategoryRepositoryTest]: no resource found for suffixes {-context.xml, Context.groovy}.
2020-01-05 05:25:07 [main] INFO  o.s.t.c.s.AnnotationConfigContextLoaderUtils -
				Could not detect default configuration classes for test class [com.stackroute.keepnote.test.repository.CategoryRepositoryTest]: CategoryRepositoryTest does not declare any static, non-private, non-final, nested classes annotated with @Configuration.
2020-01-05 05:25:07 [main] INFO  o.s.b.t.c.SpringBootTestContextBootstrapper -
				Found @SpringBootConfiguration com.stackroute.keepnote.CategoryServiceApplication for test class com.stackroute.keepnote.test.repository.CategoryRepositoryTest
2020-01-05 05:25:07 [main] INFO  o.s.b.t.c.SpringBootTestContextBootstrapper -
				Loaded default TestExecutionListener class names from location [META-INF/spring.factories]: [org.springframework.boot.test.mock.mockito.MockitoTestExecutionListener, org.springframework.boot.test.mock.mockito.ResetMocksTestExecutionListener, org.springframework.boot.test.autoconfigure.restdocs.RestDocsTestExecutionListener, org.springframework.boot.test.autoconfigure.web.client.MockRestServiceServerResetTestExecutionListener, org.springframework.boot.test.autoconfigure.web.servlet.MockMvcPrintOnlyOnFailureTestExecutionListener, org.springframework.boot.test.autoconfigure.web.servlet.WebDriverTestExecutionListener, org.springframework.test.context.web.ServletTestExecutionListener, org.springframework.test.context.support.DirtiesContextBeforeModesTestExecutionListener, org.springframework.test.context.support.DependencyInjectionTestExecutionListener, org.springframework.test.context.support.DirtiesContextTestExecutionListener, org.springframework.test.context.transaction.TransactionalTestExecutionListener, org.springframework.test.context.jdbc.SqlScriptsTestExecutionListener]
2020-01-05 05:25:07 [main] INFO  o.s.b.t.c.SpringBootTestContextBootstrapper -
				Using TestExecutionListeners: [org.springframework.test.context.web.ServletTestExecutionListener@4ec4f3a0, org.springframework.test.context.support.DirtiesContextBeforeModesTestExecutionListener@223191a6, org.springframework.boot.test.mock.mockito.MockitoTestExecutionListener@49139829, org.springframework.boot.test.autoconfigure.SpringBootDependencyInjectionTestExecutionListener@9597028, org.springframework.test.context.support.DirtiesContextTestExecutionListener@6069db50, org.springframework.test.context.transaction.TransactionalTestExecutionListener@4efbca5a, org.springframework.test.context.jdbc.SqlScriptsTestExecutionListener@1b7cc17c, org.springframework.boot.test.mock.mockito.ResetMocksTestExecutionListener@59662a0b, org.springframework.boot.test.autoconfigure.restdocs.RestDocsTestExecutionListener@77fbd92c, org.springframework.boot.test.autoconfigure.web.client.MockRestServiceServerResetTestExecutionListener@67c27493, org.springframework.boot.test.autoconfigure.web.servlet.MockMvcPrintOnlyOnFailureTestExecutionListener@1a482e36, org.springframework.boot.test.autoconfigure.web.servlet.WebDriverTestExecutionListener@72967906]
2020-01-05 05:25:08 [main] INFO  c.s.k.t.r.CategoryRepositoryTest -
				Starting CategoryRepositoryTest on ip-172-31-41-20 with PID 7121 (started by ubuntu in /home/ubuntu/Desktop/Assignment/KeepNote-Step6-Boilerplate/CategoryService)
2020-01-05 05:25:08 [main] INFO  c.s.k.t.r.CategoryRepositoryTest -
				No active profile set, falling back to default profiles: default
2020-01-05 05:25:08 [main] INFO  o.s.c.a.AnnotationConfigApplicationContext -
				Refreshing org.springframework.context.annotation.AnnotationConfigApplicationContext@389b0789: startup date [Sun Jan 05 05:25:08 UTC 2020]; root of context hierarchy
2020-01-05 05:25:09 [main] INFO  d.f.e.process.runtime.ProcessControl -
				stopOrDestroyProcess: process hasn't exited 
2020-01-05 05:25:09 [Thread-4] INFO  o.s.b.a.mongo.embedded.EmbeddedMongo -
				note: noprealloc may hurt performance in many applications
2020-01-05 05:25:09 [Thread-4] INFO  o.s.b.a.mongo.embedded.EmbeddedMongo -
				2020-01-05T05:25:09.446+0000 I CONTROL  [initandlisten] MongoDB starting : pid=7150 port=46423 dbpath=/tmp/embedmongo-db-6a6dd979-85c2-4537-b0fd-f128f27a9ad4 64-bit host=ip-172-31-41-20
2020-01-05 05:25:09 [Thread-4] INFO  o.s.b.a.mongo.embedded.EmbeddedMongo -
				2020-01-05T05:25:09.446+0000 I CONTROL  [initandlisten] db version v3.2.2
2020-01-05 05:25:09 [Thread-4] INFO  o.s.b.a.mongo.embedded.EmbeddedMongo -
				2020-01-05T05:25:09.446+0000 I CONTROL  [initandlisten] git version: 6e71d0d568e134c029203593b00a0103e7cdf30b
2020-01-05 05:25:09 [Thread-4] INFO  o.s.b.a.mongo.embedded.EmbeddedMongo -
				2020-01-05T05:25:09.446+0000 I CONTROL  [initandlisten] allocator: tcmalloc
2020-01-05 05:25:09 [Thread-4] INFO  o.s.b.a.mongo.embedded.EmbeddedMongo -
				2020-01-05T05:25:09.446+0000 I CONTROL  [initandlisten] modules: none
2020-01-05 05:25:09 [Thread-4] INFO  o.s.b.a.mongo.embedded.EmbeddedMongo -
				2020-01-05T05:25:09.446+0000 I CONTROL  [initandlisten] build environment:
2020-01-05 05:25:09 [Thread-4] INFO  o.s.b.a.mongo.embedded.EmbeddedMongo -
				2020-01-05T05:25:09.446+0000 I CONTROL  [initandlisten]     distarch: x86_64
2020-01-05 05:25:09 [Thread-4] INFO  o.s.b.a.mongo.embedded.EmbeddedMongo -
				2020-01-05T05:25:09.446+0000 I CONTROL  [initandlisten]     target_arch: x86_64
2020-01-05 05:25:09 [Thread-4] INFO  o.s.b.a.mongo.embedded.EmbeddedMongo -
				2020-01-05T05:25:09.446+0000 I CONTROL  [initandlisten] options: { net: { bindIp: "127.0.0.1", http: { enabled: false }, port: 46423 }, security: { authorization: "disabled" }, storage: { dbPath: "/tmp/embedmongo-db-6a6dd979-85c2-4537-b0fd-f128f27a9ad4", journal: { enabled: false }, mmapv1: { preallocDataFiles: false, smallFiles: true }, syncPeriodSecs: 0.0 } }
2020-01-05 05:25:09 [Thread-4] INFO  o.s.b.a.mongo.embedded.EmbeddedMongo -
				2020-01-05T05:25:09.477+0000 I STORAGE  [initandlisten] wiredtiger_open config: create,cache_size=4G,session_max=20000,eviction=(threads_max=4),config_base=false,statistics=(fast),log=(enabled=true,archive=true,path=journal,compressor=snappy),file_manager=(close_idle_time=100000),checkpoint=(wait=0,log_size=2GB),statistics_log=(wait=0),,log=(enabled=false),
2020-01-05 05:25:09 [Thread-4] INFO  o.s.b.a.mongo.embedded.EmbeddedMongo -
				2020-01-05T05:25:09.539+0000 W STORAGE  [initandlisten] Detected configuration for non-active storage engine mmapv1 when current storage engine is wiredTiger
2020-01-05 05:25:09 [Thread-4] INFO  o.s.b.a.mongo.embedded.EmbeddedMongo -
				2020-01-05T05:25:09.543+0000 I FTDC     [initandlisten] Initializing full-time diagnostic data capture with directory '/tmp/embedmongo-db-6a6dd979-85c2-4537-b0fd-f128f27a9ad4/diagnostic.data'
2020-01-05 05:25:09 [Thread-4] INFO  o.s.b.a.mongo.embedded.EmbeddedMongo -
				2020-01-05T05:25:09.543+0000 I NETWORK  [HostnameCanonicalizationWorker] Starting hostname canonicalization worker
2020-01-05 05:25:09 [Thread-4] INFO  o.s.b.a.mongo.embedded.EmbeddedMongo -
				2020-01-05T05:25:09.560+0000 I NETWORK  [initandlisten] waiting for connections on port 46423
2020-01-05 05:25:09 [main] INFO  d.f.embed.process.runtime.Executable -
				start de.flapdoodle.embed.mongo.config.MongodConfigBuilder$ImmutableMongodConfig@7927bd9f
2020-01-05 05:25:09 [main] INFO  org.mongodb.driver.cluster -
				Cluster created with settings {hosts=[localhost:46423], mode=MULTIPLE, requiredClusterType=UNKNOWN, serverSelectionTimeout='30000 ms', maxWaitQueueSize=500}
2020-01-05 05:25:09 [main] INFO  org.mongodb.driver.cluster -
				Adding discovered server localhost:46423 to client view of cluster
2020-01-05 05:25:09 [Thread-4] INFO  o.s.b.a.mongo.embedded.EmbeddedMongo -
				2020-01-05T05:25:09.821+0000 I NETWORK  [initandlisten] connection accepted from 127.0.0.1:35728 #1 (1 connection now open)
2020-01-05 05:25:09 [cluster-ClusterId{value='5e117335e815551bd133de20', description='null'}-localhost:46423] INFO  org.mongodb.driver.connection -
				Opened connection [connectionId{localValue:1, serverValue:1}] to localhost:46423
2020-01-05 05:25:09 [cluster-ClusterId{value='5e117335e815551bd133de20', description='null'}-localhost:46423] INFO  org.mongodb.driver.cluster -
				Monitor thread successfully connected to server with description ServerDescription{address=localhost:46423, type=STANDALONE, state=CONNECTED, ok=true, version=ServerVersion{versionList=[3, 2, 2]}, minWireVersion=0, maxWireVersion=4, maxDocumentSize=16777216, logicalSessionTimeoutMinutes=null, roundTripTimeNanos=1561594}
2020-01-05 05:25:09 [cluster-ClusterId{value='5e117335e815551bd133de20', description='null'}-localhost:46423] INFO  org.mongodb.driver.cluster -
				Discovered cluster type of STANDALONE
2020-01-05 05:25:10 [main] INFO  c.s.k.t.r.CategoryRepositoryTest -
				Started CategoryRepositoryTest in 2.739 seconds (JVM running for 3.783)
2020-01-05 05:25:10 [Thread-4] INFO  o.s.b.a.mongo.embedded.EmbeddedMongo -
				2020-01-05T05:25:10.565+0000 I NETWORK  [initandlisten] connection accepted from 127.0.0.1:35730 #2 (2 connections now open)
2020-01-05 05:25:10 [main] INFO  org.mongodb.driver.connection -
				Opened connection [connectionId{localValue:2, serverValue:2}] to localhost:46423
2020-01-05 05:25:11 [main] INFO  o.s.b.t.c.SpringBootTestContextBootstrapper -
				Neither @ContextConfiguration nor @ContextHierarchy found for test class [com.stackroute.keepnote.test.log.LoggerTest], using SpringBootContextLoader
2020-01-05 05:25:11 [main] INFO  o.s.t.c.s.AbstractContextLoader -
				Could not detect default resource locations for test class [com.stackroute.keepnote.test.log.LoggerTest]: no resource found for suffixes {-context.xml, Context.groovy}.
2020-01-05 05:25:11 [main] INFO  o.s.t.c.s.AnnotationConfigContextLoaderUtils -
				Could not detect default configuration classes for test class [com.stackroute.keepnote.test.log.LoggerTest]: LoggerTest does not declare any static, non-private, non-final, nested classes annotated with @Configuration.
2020-01-05 05:25:11 [main] INFO  o.s.b.t.c.SpringBootTestContextBootstrapper -
				Found @SpringBootConfiguration com.stackroute.keepnote.CategoryServiceApplication for test class com.stackroute.keepnote.test.log.LoggerTest
2020-01-05 05:25:11 [main] INFO  o.s.b.t.c.SpringBootTestContextBootstrapper -
				Loaded default TestExecutionListener class names from location [META-INF/spring.factories]: [org.springframework.boot.test.mock.mockito.MockitoTestExecutionListener, org.springframework.boot.test.mock.mockito.ResetMocksTestExecutionListener, org.springframework.boot.test.autoconfigure.restdocs.RestDocsTestExecutionListener, org.springframework.boot.test.autoconfigure.web.client.MockRestServiceServerResetTestExecutionListener, org.springframework.boot.test.autoconfigure.web.servlet.MockMvcPrintOnlyOnFailureTestExecutionListener, org.springframework.boot.test.autoconfigure.web.servlet.WebDriverTestExecutionListener, org.springframework.test.context.web.ServletTestExecutionListener, org.springframework.test.context.support.DirtiesContextBeforeModesTestExecutionListener, org.springframework.test.context.support.DependencyInjectionTestExecutionListener, org.springframework.test.context.support.DirtiesContextTestExecutionListener, org.springframework.test.context.transaction.TransactionalTestExecutionListener, org.springframework.test.context.jdbc.SqlScriptsTestExecutionListener]
2020-01-05 05:25:11 [main] INFO  o.s.b.t.c.SpringBootTestContextBootstrapper -
				Using TestExecutionListeners: [org.springframework.test.context.web.ServletTestExecutionListener@3af7d855, org.springframework.test.context.support.DirtiesContextBeforeModesTestExecutionListener@77049094, org.springframework.boot.test.mock.mockito.MockitoTestExecutionListener@f88bfbe, org.springframework.boot.test.autoconfigure.SpringBootDependencyInjectionTestExecutionListener@59bbe88a, org.springframework.test.context.support.DirtiesContextTestExecutionListener@5d8ab698, org.springframework.test.context.transaction.TransactionalTestExecutionListener@ed91d8d, org.springframework.test.context.jdbc.SqlScriptsTestExecutionListener@446626a7, org.springframework.boot.test.mock.mockito.ResetMocksTestExecutionListener@429f7919, org.springframework.boot.test.autoconfigure.restdocs.RestDocsTestExecutionListener@4a2929a4, org.springframework.boot.test.autoconfigure.web.client.MockRestServiceServerResetTestExecutionListener@cda6019, org.springframework.boot.test.autoconfigure.web.servlet.MockMvcPrintOnlyOnFailureTestExecutionListener@797c3c3b, org.springframework.boot.test.autoconfigure.web.servlet.WebDriverTestExecutionListener@4012d5bc]
2020-01-05 05:25:11 [main] INFO  c.s.keepnote.test.log.LoggerTest -
				Starting LoggerTest on ip-172-31-41-20 with PID 7121 (started by ubuntu in /home/ubuntu/Desktop/Assignment/KeepNote-Step6-Boilerplate/CategoryService)
2020-01-05 05:25:11 [main] INFO  c.s.keepnote.test.log.LoggerTest -
				No active profile set, falling back to default profiles: default
2020-01-05 05:25:11 [main] INFO  o.s.w.c.s.GenericWebApplicationContext -
				Refreshing org.springframework.web.context.support.GenericWebApplicationContext@d7109be: startup date [Sun Jan 05 05:25:11 UTC 2020]; root of context hierarchy
2020-01-05 05:25:12 [Thread-9] INFO  o.s.b.a.mongo.embedded.EmbeddedMongo -
				note: noprealloc may hurt performance in many applications
2020-01-05 05:25:12 [Thread-9] INFO  o.s.b.a.mongo.embedded.EmbeddedMongo -
				2020-01-05T05:25:12.618+0000 I CONTROL  [initandlisten] MongoDB starting : pid=7180 port=33475 dbpath=/tmp/embedmongo-db-63c0b771-4840-445e-b133-5eaae05f63c9 64-bit host=ip-172-31-41-20
2020-01-05 05:25:12 [Thread-9] INFO  o.s.b.a.mongo.embedded.EmbeddedMongo -
				2020-01-05T05:25:12.619+0000 I CONTROL  [initandlisten] db version v3.2.2
2020-01-05 05:25:12 [Thread-9] INFO  o.s.b.a.mongo.embedded.EmbeddedMongo -
				2020-01-05T05:25:12.619+0000 I CONTROL  [initandlisten] git version: 6e71d0d568e134c029203593b00a0103e7cdf30b
2020-01-05 05:25:12 [Thread-9] INFO  o.s.b.a.mongo.embedded.EmbeddedMongo -
				2020-01-05T05:25:12.619+0000 I CONTROL  [initandlisten] allocator: tcmalloc
2020-01-05 05:25:12 [Thread-9] INFO  o.s.b.a.mongo.embedded.EmbeddedMongo -
				2020-01-05T05:25:12.619+0000 I CONTROL  [initandlisten] modules: none
2020-01-05 05:25:12 [Thread-9] INFO  o.s.b.a.mongo.embedded.EmbeddedMongo -
				2020-01-05T05:25:12.619+0000 I CONTROL  [initandlisten] build environment:
2020-01-05 05:25:12 [Thread-9] INFO  o.s.b.a.mongo.embedded.EmbeddedMongo -
				2020-01-05T05:25:12.619+0000 I CONTROL  [initandlisten]     distarch: x86_64
2020-01-05 05:25:12 [Thread-9] INFO  o.s.b.a.mongo.embedded.EmbeddedMongo -
				2020-01-05T05:25:12.620+0000 I CONTROL  [initandlisten]     target_arch: x86_64
2020-01-05 05:25:12 [Thread-9] INFO  o.s.b.a.mongo.embedded.EmbeddedMongo -
				2020-01-05T05:25:12.621+0000 I CONTROL  [initandlisten] options: { net: { bindIp: "127.0.0.1", http: { enabled: false }, port: 33475 }, security: { authorization: "disabled" }, storage: { dbPath: "/tmp/embedmongo-db-63c0b771-4840-445e-b133-5eaae05f63c9", journal: { enabled: false }, mmapv1: { preallocDataFiles: false, smallFiles: true }, syncPeriodSecs: 0.0 } }
2020-01-05 05:25:12 [Thread-9] INFO  o.s.b.a.mongo.embedded.EmbeddedMongo -
				2020-01-05T05:25:12.647+0000 I STORAGE  [initandlisten] wiredtiger_open config: create,cache_size=4G,session_max=20000,eviction=(threads_max=4),config_base=false,statistics=(fast),log=(enabled=true,archive=true,path=journal,compressor=snappy),file_manager=(close_idle_time=100000),checkpoint=(wait=0,log_size=2GB),statistics_log=(wait=0),,log=(enabled=false),
2020-01-05 05:25:12 [Thread-9] INFO  o.s.b.a.mongo.embedded.EmbeddedMongo -
				2020-01-05T05:25:12.713+0000 W STORAGE  [initandlisten] Detected configuration for non-active storage engine mmapv1 when current storage engine is wiredTiger
2020-01-05 05:25:12 [Thread-9] INFO  o.s.b.a.mongo.embedded.EmbeddedMongo -
				2020-01-05T05:25:12.713+0000 I FTDC     [initandlisten] Initializing full-time diagnostic data capture with directory '/tmp/embedmongo-db-63c0b771-4840-445e-b133-5eaae05f63c9/diagnostic.data'
2020-01-05 05:25:12 [Thread-9] INFO  o.s.b.a.mongo.embedded.EmbeddedMongo -
				2020-01-05T05:25:12.713+0000 I NETWORK  [HostnameCanonicalizationWorker] Starting hostname canonicalization worker
2020-01-05 05:25:12 [Thread-9] INFO  o.s.b.a.mongo.embedded.EmbeddedMongo -
				2020-01-05T05:25:12.732+0000 I NETWORK  [initandlisten] waiting for connections on port 33475
2020-01-05 05:25:12 [main] INFO  d.f.embed.process.runtime.Executable -
				start de.flapdoodle.embed.mongo.config.MongodConfigBuilder$ImmutableMongodConfig@5763a655
2020-01-05 05:25:12 [main] INFO  org.mongodb.driver.cluster -
				Cluster created with settings {hosts=[localhost:33475], mode=MULTIPLE, requiredClusterType=UNKNOWN, serverSelectionTimeout='30000 ms', maxWaitQueueSize=500}
2020-01-05 05:25:12 [main] INFO  org.mongodb.driver.cluster -
				Adding discovered server localhost:33475 to client view of cluster
2020-01-05 05:25:12 [Thread-9] INFO  o.s.b.a.mongo.embedded.EmbeddedMongo -
				2020-01-05T05:25:12.743+0000 I NETWORK  [initandlisten] connection accepted from 127.0.0.1:40090 #1 (1 connection now open)
2020-01-05 05:25:12 [cluster-ClusterId{value='5e117338e815551bd133de21', description='null'}-localhost:33475] INFO  org.mongodb.driver.connection -
				Opened connection [connectionId{localValue:3, serverValue:1}] to localhost:33475
2020-01-05 05:25:12 [cluster-ClusterId{value='5e117338e815551bd133de21', description='null'}-localhost:33475] INFO  org.mongodb.driver.cluster -
				Monitor thread successfully connected to server with description ServerDescription{address=localhost:33475, type=STANDALONE, state=CONNECTED, ok=true, version=ServerVersion{versionList=[3, 2, 2]}, minWireVersion=0, maxWireVersion=4, maxDocumentSize=16777216, logicalSessionTimeoutMinutes=null, roundTripTimeNanos=373975}
2020-01-05 05:25:12 [cluster-ClusterId{value='5e117338e815551bd133de21', description='null'}-localhost:33475] INFO  org.mongodb.driver.cluster -
				Discovered cluster type of STANDALONE
2020-01-05 05:25:13 [main] INFO  o.s.w.s.m.m.a.RequestMappingHandlerMapping -
				Mapped "{[/api/v1/category],methods=[POST]}" onto public org.springframework.http.ResponseEntity<?> com.stackroute.keepnote.controller.CategoryController.createCategory(com.stackroute.keepnote.model.Category)
2020-01-05 05:25:13 [main] INFO  o.s.w.s.m.m.a.RequestMappingHandlerMapping -
				Mapped "{[/api/v1/category/{id}],methods=[PUT]}" onto public org.springframework.http.ResponseEntity<?> com.stackroute.keepnote.controller.CategoryController.updateCategory(com.stackroute.keepnote.model.Category,java.lang.String)
2020-01-05 05:25:13 [main] INFO  o.s.w.s.m.m.a.RequestMappingHandlerMapping -
				Mapped "{[/api/v1/category/{id}],methods=[GET]}" onto public org.springframework.http.ResponseEntity<?> com.stackroute.keepnote.controller.CategoryController.getCategoryById(java.lang.String)
2020-01-05 05:25:13 [main] INFO  o.s.w.s.m.m.a.RequestMappingHandlerMapping -
				Mapped "{[/api/v1/category/{id}],methods=[DELETE]}" onto public org.springframework.http.ResponseEntity<?> com.stackroute.keepnote.controller.CategoryController.deleteCategory(java.lang.String)
2020-01-05 05:25:13 [main] INFO  o.s.w.s.m.m.a.RequestMappingHandlerMapping -
				Mapped "{[/]}" onto public java.lang.String com.stackroute.keepnote.controller.RootController.swaggerUI()
2020-01-05 05:25:13 [main] INFO  o.s.w.s.m.m.a.RequestMappingHandlerMapping -
				Mapped "{[/swagger-resources/configuration/security]}" onto public org.springframework.http.ResponseEntity<springfox.documentation.swagger.web.SecurityConfiguration> springfox.documentation.swagger.web.ApiResourceController.securityConfiguration()
2020-01-05 05:25:13 [main] INFO  o.s.w.s.m.m.a.RequestMappingHandlerMapping -
				Mapped "{[/swagger-resources]}" onto public org.springframework.http.ResponseEntity<java.util.List<springfox.documentation.swagger.web.SwaggerResource>> springfox.documentation.swagger.web.ApiResourceController.swaggerResources()
2020-01-05 05:25:13 [main] INFO  o.s.w.s.m.m.a.RequestMappingHandlerMapping -
				Mapped "{[/swagger-resources/configuration/ui]}" onto public org.springframework.http.ResponseEntity<springfox.documentation.swagger.web.UiConfiguration> springfox.documentation.swagger.web.ApiResourceController.uiConfiguration()
2020-01-05 05:25:13 [main] INFO  o.s.w.s.m.m.a.RequestMappingHandlerMapping -
				Mapped "{[/error],produces=[text/html]}" onto public org.springframework.web.servlet.ModelAndView org.springframework.boot.autoconfigure.web.servlet.error.BasicErrorController.errorHtml(javax.servlet.http.HttpServletRequest,javax.servlet.http.HttpServletResponse)
2020-01-05 05:25:13 [main] INFO  o.s.w.s.m.m.a.RequestMappingHandlerMapping -
				Mapped "{[/error]}" onto public org.springframework.http.ResponseEntity<java.util.Map<java.lang.String, java.lang.Object>> org.springframework.boot.autoconfigure.web.servlet.error.BasicErrorController.error(javax.servlet.http.HttpServletRequest)
2020-01-05 05:25:13 [main] INFO  s.d.s.w.PropertySourcedRequestMappingHandlerMapping -
				Mapped URL path [/v2/api-docs] onto method [public org.springframework.http.ResponseEntity<springfox.documentation.spring.web.json.Json> springfox.documentation.swagger2.web.Swagger2Controller.getDocumentation(java.lang.String,javax.servlet.http.HttpServletRequest)]
2020-01-05 05:25:14 [main] INFO  o.s.w.s.h.SimpleUrlHandlerMapping -
				Mapped URL path [/**/favicon.ico] onto handler of type [class org.springframework.web.servlet.resource.ResourceHttpRequestHandler]
2020-01-05 05:25:14 [main] INFO  o.s.w.s.m.m.a.RequestMappingHandlerAdapter -
				Looking for @ControllerAdvice: org.springframework.web.context.support.GenericWebApplicationContext@d7109be: startup date [Sun Jan 05 05:25:11 UTC 2020]; root of context hierarchy
2020-01-05 05:25:14 [main] INFO  o.s.w.s.h.SimpleUrlHandlerMapping -
				Mapped URL path [/webjars/**] onto handler of type [class org.springframework.web.servlet.resource.ResourceHttpRequestHandler]
2020-01-05 05:25:14 [main] INFO  o.s.w.s.h.SimpleUrlHandlerMapping -
				Mapped URL path [/**] onto handler of type [class org.springframework.web.servlet.resource.ResourceHttpRequestHandler]
2020-01-05 05:25:14 [main] INFO  o.s.c.s.DefaultLifecycleProcessor -
				Starting beans in phase 2147483647
2020-01-05 05:25:14 [main] INFO  s.d.s.w.p.DocumentationPluginsBootstrapper -
				Context refreshed
2020-01-05 05:25:14 [main] INFO  s.d.s.w.p.DocumentationPluginsBootstrapper -
				Found 1 custom documentation plugin(s)
2020-01-05 05:25:14 [main] INFO  s.d.s.w.s.ApiListingReferenceScanner -
				Scanning for api listing references
2020-01-05 05:25:15 [main] INFO  c.s.keepnote.test.log.LoggerTest -
				Started LoggerTest in 3.926 seconds (JVM running for 8.412)
2020-01-05 05:25:15 [main] INFO  o.s.b.t.a.w.s.WebMvcTestContextBootstrapper -
				Neither @ContextConfiguration nor @ContextHierarchy found for test class [com.stackroute.keepnote.test.controller.CategoryControllerTest], using SpringBootContextLoader
2020-01-05 05:25:15 [main] INFO  o.s.t.c.s.AbstractContextLoader -
				Could not detect default resource locations for test class [com.stackroute.keepnote.test.controller.CategoryControllerTest]: no resource found for suffixes {-context.xml, Context.groovy}.
2020-01-05 05:25:15 [main] INFO  o.s.t.c.s.AnnotationConfigContextLoaderUtils -
				Could not detect default configuration classes for test class [com.stackroute.keepnote.test.controller.CategoryControllerTest]: CategoryControllerTest does not declare any static, non-private, non-final, nested classes annotated with @Configuration.
2020-01-05 05:25:15 [main] INFO  o.s.b.t.c.SpringBootTestContextBootstrapper -
				Found @SpringBootConfiguration com.stackroute.keepnote.CategoryServiceApplication for test class com.stackroute.keepnote.test.controller.CategoryControllerTest
2020-01-05 05:25:15 [main] INFO  o.s.b.t.a.w.s.WebMvcTestContextBootstrapper -
				Loaded default TestExecutionListener class names from location [META-INF/spring.factories]: [org.springframework.boot.test.mock.mockito.MockitoTestExecutionListener, org.springframework.boot.test.mock.mockito.ResetMocksTestExecutionListener, org.springframework.boot.test.autoconfigure.restdocs.RestDocsTestExecutionListener, org.springframework.boot.test.autoconfigure.web.client.MockRestServiceServerResetTestExecutionListener, org.springframework.boot.test.autoconfigure.web.servlet.MockMvcPrintOnlyOnFailureTestExecutionListener, org.springframework.boot.test.autoconfigure.web.servlet.WebDriverTestExecutionListener, org.springframework.test.context.web.ServletTestExecutionListener, org.springframework.test.context.support.DirtiesContextBeforeModesTestExecutionListener, org.springframework.test.context.support.DependencyInjectionTestExecutionListener, org.springframework.test.context.support.DirtiesContextTestExecutionListener, org.springframework.test.context.transaction.TransactionalTestExecutionListener, org.springframework.test.context.jdbc.SqlScriptsTestExecutionListener]
2020-01-05 05:25:15 [main] INFO  o.s.b.t.a.w.s.WebMvcTestContextBootstrapper -
				Using TestExecutionListeners: [org.springframework.test.context.web.ServletTestExecutionListener@6b0325d0, org.springframework.test.context.support.DirtiesContextBeforeModesTestExecutionListener@70439c3, org.springframework.boot.test.mock.mockito.MockitoTestExecutionListener@72a33316, org.springframework.boot.test.autoconfigure.SpringBootDependencyInjectionTestExecutionListener@57fce8b, org.springframework.test.context.support.DirtiesContextTestExecutionListener@77204651, org.springframework.test.context.transaction.TransactionalTestExecutionListener@51cca357, org.springframework.test.context.jdbc.SqlScriptsTestExecutionListener@3a9c11fb, org.springframework.boot.test.mock.mockito.ResetMocksTestExecutionListener@416c8bb5, org.springframework.boot.test.autoconfigure.restdocs.RestDocsTestExecutionListener@340b4f07, org.springframework.boot.test.autoconfigure.web.client.MockRestServiceServerResetTestExecutionListener@e994ca, org.springframework.boot.test.autoconfigure.web.servlet.MockMvcPrintOnlyOnFailureTestExecutionListener@5a205ee5, org.springframework.boot.test.autoconfigure.web.servlet.WebDriverTestExecutionListener@7fb44737]
2020-01-05 05:25:15 [main] INFO  c.s.k.t.c.CategoryControllerTest -
				Starting CategoryControllerTest on ip-172-31-41-20 with PID 7121 (started by ubuntu in /home/ubuntu/Desktop/Assignment/KeepNote-Step6-Boilerplate/CategoryService)
2020-01-05 05:25:15 [main] INFO  c.s.k.t.c.CategoryControllerTest -
				No active profile set, falling back to default profiles: default
2020-01-05 05:25:15 [main] INFO  o.s.w.c.s.GenericWebApplicationContext -
				Refreshing org.springframework.web.context.support.GenericWebApplicationContext@5e7cd0df: startup date [Sun Jan 05 05:25:15 UTC 2020]; root of context hierarchy
2020-01-05 05:25:15 [main] INFO  o.s.w.s.h.SimpleUrlHandlerMapping -
				Mapped URL path [/**/favicon.ico] onto handler of type [class org.springframework.web.servlet.resource.ResourceHttpRequestHandler]
2020-01-05 05:25:15 [main] INFO  o.s.w.s.m.m.a.RequestMappingHandlerAdapter -
				Looking for @ControllerAdvice: org.springframework.web.context.support.GenericWebApplicationContext@5e7cd0df: startup date [Sun Jan 05 05:25:15 UTC 2020]; root of context hierarchy
2020-01-05 05:25:15 [main] INFO  o.s.w.s.m.m.a.RequestMappingHandlerMapping -
				Mapped "{[/api/v1/category],methods=[POST]}" onto public org.springframework.http.ResponseEntity<?> com.stackroute.keepnote.controller.CategoryController.createCategory(com.stackroute.keepnote.model.Category)
2020-01-05 05:25:15 [main] INFO  o.s.w.s.m.m.a.RequestMappingHandlerMapping -
				Mapped "{[/api/v1/category/{id}],methods=[PUT]}" onto public org.springframework.http.ResponseEntity<?> com.stackroute.keepnote.controller.CategoryController.updateCategory(com.stackroute.keepnote.model.Category,java.lang.String)
2020-01-05 05:25:15 [main] INFO  o.s.w.s.m.m.a.RequestMappingHandlerMapping -
				Mapped "{[/api/v1/category/{id}],methods=[GET]}" onto public org.springframework.http.ResponseEntity<?> com.stackroute.keepnote.controller.CategoryController.getCategoryById(java.lang.String)
2020-01-05 05:25:15 [main] INFO  o.s.w.s.m.m.a.RequestMappingHandlerMapping -
				Mapped "{[/api/v1/category/{id}],methods=[DELETE]}" onto public org.springframework.http.ResponseEntity<?> com.stackroute.keepnote.controller.CategoryController.deleteCategory(java.lang.String)
2020-01-05 05:25:15 [main] INFO  o.s.w.s.m.m.a.RequestMappingHandlerMapping -
				Mapped "{[/]}" onto public java.lang.String com.stackroute.keepnote.controller.RootController.swaggerUI()
2020-01-05 05:25:15 [main] INFO  o.s.w.s.m.m.a.RequestMappingHandlerMapping -
				Mapped "{[/error],produces=[text/html]}" onto public org.springframework.web.servlet.ModelAndView org.springframework.boot.autoconfigure.web.servlet.error.BasicErrorController.errorHtml(javax.servlet.http.HttpServletRequest,javax.servlet.http.HttpServletResponse)
2020-01-05 05:25:15 [main] INFO  o.s.w.s.m.m.a.RequestMappingHandlerMapping -
				Mapped "{[/error]}" onto public org.springframework.http.ResponseEntity<java.util.Map<java.lang.String, java.lang.Object>> org.springframework.boot.autoconfigure.web.servlet.error.BasicErrorController.error(javax.servlet.http.HttpServletRequest)
2020-01-05 05:25:15 [main] INFO  o.s.w.s.h.SimpleUrlHandlerMapping -
				Mapped URL path [/webjars/**] onto handler of type [class org.springframework.web.servlet.resource.ResourceHttpRequestHandler]
2020-01-05 05:25:15 [main] INFO  o.s.w.s.h.SimpleUrlHandlerMapping -
				Mapped URL path [/**] onto handler of type [class org.springframework.web.servlet.resource.ResourceHttpRequestHandler]
2020-01-05 05:25:15 [main] INFO  o.s.b.t.m.w.SpringBootMockServletContext -
				Initializing Spring FrameworkServlet ''
2020-01-05 05:25:15 [main] INFO  o.s.t.w.s.TestDispatcherServlet -
				FrameworkServlet '': initialization started
2020-01-05 05:25:15 [main] INFO  o.s.t.w.s.TestDispatcherServlet -
				FrameworkServlet '': initialization completed in 14 ms
2020-01-05 05:25:15 [main] INFO  c.s.k.t.c.CategoryControllerTest -
				Started CategoryControllerTest in 0.444 seconds (JVM running for 8.904)
2020-01-05 05:25:15 [main] INFO  o.s.w.s.m.m.a.RequestMappingHandlerMapping -
				Mapped "{[/api/v1/category],methods=[POST]}" onto public org.springframework.http.ResponseEntity<?> com.stackroute.keepnote.controller.CategoryController.createCategory(com.stackroute.keepnote.model.Category)
2020-01-05 05:25:15 [main] INFO  o.s.w.s.m.m.a.RequestMappingHandlerMapping -
				Mapped "{[/api/v1/category/{id}],methods=[PUT]}" onto public org.springframework.http.ResponseEntity<?> com.stackroute.keepnote.controller.CategoryController.updateCategory(com.stackroute.keepnote.model.Category,java.lang.String)
2020-01-05 05:25:15 [main] INFO  o.s.w.s.m.m.a.RequestMappingHandlerMapping -
				Mapped "{[/api/v1/category/{id}],methods=[GET]}" onto public org.springframework.http.ResponseEntity<?> com.stackroute.keepnote.controller.CategoryController.getCategoryById(java.lang.String)
2020-01-05 05:25:15 [main] INFO  o.s.w.s.m.m.a.RequestMappingHandlerMapping -
				Mapped "{[/api/v1/category/{id}],methods=[DELETE]}" onto public org.springframework.http.ResponseEntity<?> com.stackroute.keepnote.controller.CategoryController.deleteCategory(java.lang.String)
2020-01-05 05:25:15 [main] INFO  o.s.w.s.m.m.a.RequestMappingHandlerAdapter -
				Looking for @ControllerAdvice: org.springframework.test.web.servlet.setup.StubWebApplicationContext@69a76b74
2020-01-05 05:25:15 [main] INFO  o.s.mock.web.MockServletContext -
				Initializing Spring FrameworkServlet ''
2020-01-05 05:25:15 [main] INFO  o.s.t.w.s.TestDispatcherServlet -
				FrameworkServlet '': initialization started
2020-01-05 05:25:15 [main] INFO  o.s.t.w.s.TestDispatcherServlet -
				FrameworkServlet '': initialization completed in 0 ms
2020-01-05 05:25:15 [main] INFO  o.s.w.s.m.m.a.RequestMappingHandlerMapping -
				Mapped "{[/api/v1/category],methods=[POST]}" onto public org.springframework.http.ResponseEntity<?> com.stackroute.keepnote.controller.CategoryController.createCategory(com.stackroute.keepnote.model.Category)
2020-01-05 05:25:15 [main] INFO  o.s.w.s.m.m.a.RequestMappingHandlerMapping -
				Mapped "{[/api/v1/category/{id}],methods=[PUT]}" onto public org.springframework.http.ResponseEntity<?> com.stackroute.keepnote.controller.CategoryController.updateCategory(com.stackroute.keepnote.model.Category,java.lang.String)
2020-01-05 05:25:15 [main] INFO  o.s.w.s.m.m.a.RequestMappingHandlerMapping -
				Mapped "{[/api/v1/category/{id}],methods=[GET]}" onto public org.springframework.http.ResponseEntity<?> com.stackroute.keepnote.controller.CategoryController.getCategoryById(java.lang.String)
2020-01-05 05:25:15 [main] INFO  o.s.w.s.m.m.a.RequestMappingHandlerMapping -
				Mapped "{[/api/v1/category/{id}],methods=[DELETE]}" onto public org.springframework.http.ResponseEntity<?> com.stackroute.keepnote.controller.CategoryController.deleteCategory(java.lang.String)
2020-01-05 05:25:15 [main] INFO  o.s.w.s.m.m.a.RequestMappingHandlerAdapter -
				Looking for @ControllerAdvice: org.springframework.test.web.servlet.setup.StubWebApplicationContext@1c05097c
2020-01-05 05:25:15 [main] INFO  o.s.mock.web.MockServletContext -
				Initializing Spring FrameworkServlet ''
2020-01-05 05:25:15 [main] INFO  o.s.t.w.s.TestDispatcherServlet -
				FrameworkServlet '': initialization started
2020-01-05 05:25:15 [main] INFO  o.s.t.w.s.TestDispatcherServlet -
				FrameworkServlet '': initialization completed in 0 ms
2020-01-05 05:25:15 [main] INFO  o.s.w.s.m.m.a.RequestMappingHandlerMapping -
				Mapped "{[/api/v1/category],methods=[POST]}" onto public org.springframework.http.ResponseEntity<?> com.stackroute.keepnote.controller.CategoryController.createCategory(com.stackroute.keepnote.model.Category)
2020-01-05 05:25:15 [main] INFO  o.s.w.s.m.m.a.RequestMappingHandlerMapping -
				Mapped "{[/api/v1/category/{id}],methods=[PUT]}" onto public org.springframework.http.ResponseEntity<?> com.stackroute.keepnote.controller.CategoryController.updateCategory(com.stackroute.keepnote.model.Category,java.lang.String)
2020-01-05 05:25:15 [main] INFO  o.s.w.s.m.m.a.RequestMappingHandlerMapping -
				Mapped "{[/api/v1/category/{id}],methods=[GET]}" onto public org.springframework.http.ResponseEntity<?> com.stackroute.keepnote.controller.CategoryController.getCategoryById(java.lang.String)
2020-01-05 05:25:15 [main] INFO  o.s.w.s.m.m.a.RequestMappingHandlerMapping -
				Mapped "{[/api/v1/category/{id}],methods=[DELETE]}" onto public org.springframework.http.ResponseEntity<?> com.stackroute.keepnote.controller.CategoryController.deleteCategory(java.lang.String)
2020-01-05 05:25:15 [main] INFO  o.s.w.s.m.m.a.RequestMappingHandlerAdapter -
				Looking for @ControllerAdvice: org.springframework.test.web.servlet.setup.StubWebApplicationContext@2904bc56
2020-01-05 05:25:15 [main] INFO  o.s.mock.web.MockServletContext -
				Initializing Spring FrameworkServlet ''
2020-01-05 05:25:15 [main] INFO  o.s.t.w.s.TestDispatcherServlet -
				FrameworkServlet '': initialization started
2020-01-05 05:25:15 [main] INFO  o.s.t.w.s.TestDispatcherServlet -
				FrameworkServlet '': initialization completed in 0 ms
2020-01-05 05:25:15 [main] INFO  o.s.w.s.m.m.a.RequestMappingHandlerMapping -
				Mapped "{[/api/v1/category],methods=[POST]}" onto public org.springframework.http.ResponseEntity<?> com.stackroute.keepnote.controller.CategoryController.createCategory(com.stackroute.keepnote.model.Category)
2020-01-05 05:25:15 [main] INFO  o.s.w.s.m.m.a.RequestMappingHandlerMapping -
				Mapped "{[/api/v1/category/{id}],methods=[PUT]}" onto public org.springframework.http.ResponseEntity<?> com.stackroute.keepnote.controller.CategoryController.updateCategory(com.stackroute.keepnote.model.Category,java.lang.String)
2020-01-05 05:25:15 [main] INFO  o.s.w.s.m.m.a.RequestMappingHandlerMapping -
				Mapped "{[/api/v1/category/{id}],methods=[GET]}" onto public org.springframework.http.ResponseEntity<?> com.stackroute.keepnote.controller.CategoryController.getCategoryById(java.lang.String)
2020-01-05 05:25:15 [main] INFO  o.s.w.s.m.m.a.RequestMappingHandlerMapping -
				Mapped "{[/api/v1/category/{id}],methods=[DELETE]}" onto public org.springframework.http.ResponseEntity<?> com.stackroute.keepnote.controller.CategoryController.deleteCategory(java.lang.String)
2020-01-05 05:25:15 [main] INFO  o.s.w.s.m.m.a.RequestMappingHandlerAdapter -
				Looking for @ControllerAdvice: org.springframework.test.web.servlet.setup.StubWebApplicationContext@35841d6
2020-01-05 05:25:15 [main] INFO  o.s.mock.web.MockServletContext -
				Initializing Spring FrameworkServlet ''
2020-01-05 05:25:15 [main] INFO  o.s.t.w.s.TestDispatcherServlet -
				FrameworkServlet '': initialization started
2020-01-05 05:25:15 [main] INFO  o.s.t.w.s.TestDispatcherServlet -
				FrameworkServlet '': initialization completed in 0 ms
2020-01-05 05:25:15 [main] INFO  o.s.w.s.m.m.a.RequestMappingHandlerMapping -
				Mapped "{[/api/v1/category],methods=[POST]}" onto public org.springframework.http.ResponseEntity<?> com.stackroute.keepnote.controller.CategoryController.createCategory(com.stackroute.keepnote.model.Category)
2020-01-05 05:25:15 [main] INFO  o.s.w.s.m.m.a.RequestMappingHandlerMapping -
				Mapped "{[/api/v1/category/{id}],methods=[PUT]}" onto public org.springframework.http.ResponseEntity<?> com.stackroute.keepnote.controller.CategoryController.updateCategory(com.stackroute.keepnote.model.Category,java.lang.String)
2020-01-05 05:25:15 [main] INFO  o.s.w.s.m.m.a.RequestMappingHandlerMapping -
				Mapped "{[/api/v1/category/{id}],methods=[GET]}" onto public org.springframework.http.ResponseEntity<?> com.stackroute.keepnote.controller.CategoryController.getCategoryById(java.lang.String)
2020-01-05 05:25:15 [main] INFO  o.s.w.s.m.m.a.RequestMappingHandlerMapping -
				Mapped "{[/api/v1/category/{id}],methods=[DELETE]}" onto public org.springframework.http.ResponseEntity<?> com.stackroute.keepnote.controller.CategoryController.deleteCategory(java.lang.String)
2020-01-05 05:25:15 [main] INFO  o.s.w.s.m.m.a.RequestMappingHandlerAdapter -
				Looking for @ControllerAdvice: org.springframework.test.web.servlet.setup.StubWebApplicationContext@627d35ff
2020-01-05 05:25:15 [main] INFO  o.s.mock.web.MockServletContext -
				Initializing Spring FrameworkServlet ''
2020-01-05 05:25:15 [main] INFO  o.s.t.w.s.TestDispatcherServlet -
				FrameworkServlet '': initialization started
2020-01-05 05:25:15 [main] INFO  o.s.t.w.s.TestDispatcherServlet -
				FrameworkServlet '': initialization completed in 0 ms
2020-01-05 05:25:15 [main] INFO  o.s.w.s.m.m.a.RequestMappingHandlerMapping -
				Mapped "{[/api/v1/category],methods=[POST]}" onto public org.springframework.http.ResponseEntity<?> com.stackroute.keepnote.controller.CategoryController.createCategory(com.stackroute.keepnote.model.Category)
2020-01-05 05:25:15 [main] INFO  o.s.w.s.m.m.a.RequestMappingHandlerMapping -
				Mapped "{[/api/v1/category/{id}],methods=[PUT]}" onto public org.springframework.http.ResponseEntity<?> com.stackroute.keepnote.controller.CategoryController.updateCategory(com.stackroute.keepnote.model.Category,java.lang.String)
2020-01-05 05:25:15 [main] INFO  o.s.w.s.m.m.a.RequestMappingHandlerMapping -
				Mapped "{[/api/v1/category/{id}],methods=[GET]}" onto public org.springframework.http.ResponseEntity<?> com.stackroute.keepnote.controller.CategoryController.getCategoryById(java.lang.String)
2020-01-05 05:25:15 [main] INFO  o.s.w.s.m.m.a.RequestMappingHandlerMapping -
				Mapped "{[/api/v1/category/{id}],methods=[DELETE]}" onto public org.springframework.http.ResponseEntity<?> com.stackroute.keepnote.controller.CategoryController.deleteCategory(java.lang.String)
2020-01-05 05:25:15 [main] INFO  o.s.w.s.m.m.a.RequestMappingHandlerAdapter -
				Looking for @ControllerAdvice: org.springframework.test.web.servlet.setup.StubWebApplicationContext@39ead1b7
2020-01-05 05:25:15 [main] INFO  o.s.mock.web.MockServletContext -
				Initializing Spring FrameworkServlet ''
2020-01-05 05:25:15 [main] INFO  o.s.t.w.s.TestDispatcherServlet -
				FrameworkServlet '': initialization started
2020-01-05 05:25:15 [main] INFO  o.s.t.w.s.TestDispatcherServlet -
				FrameworkServlet '': initialization completed in 0 ms
2020-01-05 05:25:15 [main] INFO  o.s.w.s.m.m.a.RequestMappingHandlerMapping -
				Mapped "{[/api/v1/category],methods=[POST]}" onto public org.springframework.http.ResponseEntity<?> com.stackroute.keepnote.controller.CategoryController.createCategory(com.stackroute.keepnote.model.Category)
2020-01-05 05:25:15 [main] INFO  o.s.w.s.m.m.a.RequestMappingHandlerMapping -
				Mapped "{[/api/v1/category/{id}],methods=[PUT]}" onto public org.springframework.http.ResponseEntity<?> com.stackroute.keepnote.controller.CategoryController.updateCategory(com.stackroute.keepnote.model.Category,java.lang.String)
2020-01-05 05:25:15 [main] INFO  o.s.w.s.m.m.a.RequestMappingHandlerMapping -
				Mapped "{[/api/v1/category/{id}],methods=[GET]}" onto public org.springframework.http.ResponseEntity<?> com.stackroute.keepnote.controller.CategoryController.getCategoryById(java.lang.String)
2020-01-05 05:25:15 [main] INFO  o.s.w.s.m.m.a.RequestMappingHandlerMapping -
				Mapped "{[/api/v1/category/{id}],methods=[DELETE]}" onto public org.springframework.http.ResponseEntity<?> com.stackroute.keepnote.controller.CategoryController.deleteCategory(java.lang.String)
2020-01-05 05:25:15 [main] INFO  o.s.w.s.m.m.a.RequestMappingHandlerAdapter -
				Looking for @ControllerAdvice: org.springframework.test.web.servlet.setup.StubWebApplicationContext@183ef89a
2020-01-05 05:25:15 [main] INFO  o.s.mock.web.MockServletContext -
				Initializing Spring FrameworkServlet ''
2020-01-05 05:25:15 [main] INFO  o.s.t.w.s.TestDispatcherServlet -
				FrameworkServlet '': initialization started
2020-01-05 05:25:15 [main] INFO  o.s.t.w.s.TestDispatcherServlet -
				FrameworkServlet '': initialization completed in 0 ms
2020-01-05 05:25:15 [main] INFO  o.s.w.s.m.m.a.RequestMappingHandlerMapping -
				Mapped "{[/api/v1/category],methods=[POST]}" onto public org.springframework.http.ResponseEntity<?> com.stackroute.keepnote.controller.CategoryController.createCategory(com.stackroute.keepnote.model.Category)
2020-01-05 05:25:15 [main] INFO  o.s.w.s.m.m.a.RequestMappingHandlerMapping -
				Mapped "{[/api/v1/category/{id}],methods=[PUT]}" onto public org.springframework.http.ResponseEntity<?> com.stackroute.keepnote.controller.CategoryController.updateCategory(com.stackroute.keepnote.model.Category,java.lang.String)
2020-01-05 05:25:15 [main] INFO  o.s.w.s.m.m.a.RequestMappingHandlerMapping -
				Mapped "{[/api/v1/category/{id}],methods=[GET]}" onto public org.springframework.http.ResponseEntity<?> com.stackroute.keepnote.controller.CategoryController.getCategoryById(java.lang.String)
2020-01-05 05:25:15 [main] INFO  o.s.w.s.m.m.a.RequestMappingHandlerMapping -
				Mapped "{[/api/v1/category/{id}],methods=[DELETE]}" onto public org.springframework.http.ResponseEntity<?> com.stackroute.keepnote.controller.CategoryController.deleteCategory(java.lang.String)
2020-01-05 05:25:15 [main] INFO  o.s.w.s.m.m.a.RequestMappingHandlerAdapter -
				Looking for @ControllerAdvice: org.springframework.test.web.servlet.setup.StubWebApplicationContext@7d4da729
2020-01-05 05:25:15 [main] INFO  o.s.mock.web.MockServletContext -
				Initializing Spring FrameworkServlet ''
2020-01-05 05:25:15 [main] INFO  o.s.t.w.s.TestDispatcherServlet -
				FrameworkServlet '': initialization started
2020-01-05 05:25:15 [main] INFO  o.s.t.w.s.TestDispatcherServlet -
				FrameworkServlet '': initialization completed in 0 ms
2020-01-05 05:25:15 [Thread-4] INFO  o.s.b.a.mongo.embedded.EmbeddedMongo -
				2020-01-05T05:25:15.943+0000 I NETWORK  [initandlisten] connection accepted from 127.0.0.1:35734 #3 (3 connections now open)
2020-01-05 05:25:15 [Thread-6] INFO  o.s.c.a.AnnotationConfigApplicationContext -
				Closing org.springframework.context.annotation.AnnotationConfigApplicationContext@389b0789: startup date [Sun Jan 05 05:25:08 UTC 2020]; root of context hierarchy
2020-01-05 05:25:15 [Thread-13] INFO  o.s.w.c.s.GenericWebApplicationContext -
				Closing org.springframework.web.context.support.GenericWebApplicationContext@5e7cd0df: startup date [Sun Jan 05 05:25:15 UTC 2020]; root of context hierarchy
2020-01-05 05:25:15 [Thread-6] INFO  org.mongodb.driver.connection -
				Closed connection [connectionId{localValue:2, serverValue:2}] to localhost:46423 because the pool has been closed.
2020-01-05 05:25:15 [Thread-4] INFO  o.s.b.a.mongo.embedded.EmbeddedMongo -
				2020-01-05T05:25:15.950+0000 I NETWORK  [conn2] end connection 127.0.0.1:35730 (2 connections now open)
2020-01-05 05:25:15 [Thread-4] INFO  o.s.b.a.mongo.embedded.EmbeddedMongo -
				2020-01-05T05:25:15.950+0000 I COMMAND  [conn3] terminating, shutdown command received
2020-01-05 05:25:15 [Thread-4] INFO  o.s.b.a.mongo.embedded.EmbeddedMongo -
				2020-01-05T05:25:15.951+0000 I FTDC     [conn3] Shutting down full-time diagnostic data capture
2020-01-05 05:25:15 [Thread-11] INFO  o.s.w.c.s.GenericWebApplicationContext -
				Closing org.springframework.web.context.support.GenericWebApplicationContext@d7109be: startup date [Sun Jan 05 05:25:11 UTC 2020]; root of context hierarchy
2020-01-05 05:25:15 [Thread-4] INFO  o.s.b.a.mongo.embedded.EmbeddedMongo -
				2020-01-05T05:25:15.957+0000 I CONTROL  [conn3] now exiting
2020-01-05 05:25:15 [Thread-4] INFO  o.s.b.a.mongo.embedded.EmbeddedMongo -
				2020-01-05T05:25:15.957+0000 I NETWORK  [conn3] shutdown: going to close listening sockets...
2020-01-05 05:25:15 [Thread-4] INFO  o.s.b.a.mongo.embedded.EmbeddedMongo -
				2020-01-05T05:25:15.957+0000 I NETWORK  [conn3] closing listening socket: 5
2020-01-05 05:25:15 [Thread-4] INFO  o.s.b.a.mongo.embedded.EmbeddedMongo -
				2020-01-05T05:25:15.957+0000 I NETWORK  [conn3] closing listening socket: 6
2020-01-05 05:25:15 [Thread-4] INFO  o.s.b.a.mongo.embedded.EmbeddedMongo -
				2020-01-05T05:25:15.957+0000 I NETWORK  [conn3] removing socket file: /tmp/mongodb-46423.sock
2020-01-05 05:25:15 [Thread-4] INFO  o.s.b.a.mongo.embedded.EmbeddedMongo -
				2020-01-05T05:25:15.958+0000 I NETWORK  [conn3] shutdown: going to flush diaglog...
2020-01-05 05:25:15 [Thread-4] INFO  o.s.b.a.mongo.embedded.EmbeddedMongo -
				2020-01-05T05:25:15.958+0000 I NETWORK  [conn3] shutdown: going to close sockets...
2020-01-05 05:25:15 [Thread-4] INFO  o.s.b.a.mongo.embedded.EmbeddedMongo -
				2020-01-05T05:25:15.958+0000 I STORAGE  [conn3] WiredTigerKVEngine shutting down
2020-01-05 05:25:15 [Thread-4] INFO  o.s.b.a.mongo.embedded.EmbeddedMongo -
				2020-01-05T05:25:15.960+0000 I NETWORK  [conn1] end connection 127.0.0.1:35728 (1 connection now open)
2020-01-05 05:25:15 [Thread-9] INFO  o.s.b.a.mongo.embedded.EmbeddedMongo -
				2020-01-05T05:25:15.964+0000 I NETWORK  [initandlisten] connection accepted from 127.0.0.1:40094 #2 (2 connections now open)
2020-01-05 05:25:15 [Thread-9] INFO  o.s.b.a.mongo.embedded.EmbeddedMongo -
				2020-01-05T05:25:15.965+0000 I COMMAND  [conn2] terminating, shutdown command received
2020-01-05 05:25:15 [Thread-9] INFO  o.s.b.a.mongo.embedded.EmbeddedMongo -
				2020-01-05T05:25:15.965+0000 I FTDC     [conn2] Shutting down full-time diagnostic data capture
2020-01-05 05:25:15 [Thread-9] INFO  o.s.b.a.mongo.embedded.EmbeddedMongo -
				2020-01-05T05:25:15.967+0000 I CONTROL  [conn2] now exiting
2020-01-05 05:25:15 [Thread-9] INFO  o.s.b.a.mongo.embedded.EmbeddedMongo -
				2020-01-05T05:25:15.967+0000 I NETWORK  [conn2] shutdown: going to close listening sockets...
2020-01-05 05:25:15 [Thread-9] INFO  o.s.b.a.mongo.embedded.EmbeddedMongo -
				2020-01-05T05:25:15.968+0000 I NETWORK  [conn2] closing listening socket: 5
2020-01-05 05:25:15 [Thread-9] INFO  o.s.b.a.mongo.embedded.EmbeddedMongo -
				2020-01-05T05:25:15.968+0000 I NETWORK  [conn2] closing listening socket: 6
2020-01-05 05:25:15 [Thread-11] INFO  o.s.c.s.DefaultLifecycleProcessor -
				Stopping beans in phase 2147483647
2020-01-05 05:25:15 [Thread-9] INFO  o.s.b.a.mongo.embedded.EmbeddedMongo -
				2020-01-05T05:25:15.976+0000 I NETWORK  [conn2] removing socket file: /tmp/mongodb-33475.sock
2020-01-05 05:25:15 [Thread-9] INFO  o.s.b.a.mongo.embedded.EmbeddedMongo -
				2020-01-05T05:25:15.978+0000 I NETWORK  [conn2] shutdown: going to flush diaglog...
2020-01-05 05:25:15 [Thread-9] INFO  o.s.b.a.mongo.embedded.EmbeddedMongo -
				2020-01-05T05:25:15.978+0000 I NETWORK  [conn2] shutdown: going to close sockets...
2020-01-05 05:25:15 [Thread-9] INFO  o.s.b.a.mongo.embedded.EmbeddedMongo -
				2020-01-05T05:25:15.979+0000 I STORAGE  [conn2] WiredTigerKVEngine shutting down
2020-01-05 05:25:15 [Thread-9] INFO  o.s.b.a.mongo.embedded.EmbeddedMongo -
				2020-01-05T05:25:15.980+0000 I NETWORK  [conn1] end connection 127.0.0.1:40090 (1 connection now open)
2020-01-05 05:25:15 [Thread-4] INFO  o.s.b.a.mongo.embedded.EmbeddedMongo -
				2020-01-05T05:25:15.983+0000 I STORAGE  [conn3] shutdown: removing fs lock...
2020-01-05 05:25:15 [Thread-4] INFO  o.s.b.a.mongo.embedded.EmbeddedMongo -
				2020-01-05T05:25:15.983+0000 I CONTROL  [conn3] dbexit:  rc: 0
2020-01-05 05:25:16 [Thread-9] INFO  o.s.b.a.mongo.embedded.EmbeddedMongo -
				2020-01-05T05:25:16.000+0000 I STORAGE  [conn2] shutdown: removing fs lock...
2020-01-05 05:25:16 [Thread-9] INFO  o.s.b.a.mongo.embedded.EmbeddedMongo -
				2020-01-05T05:25:16.000+0000 I CONTROL  [conn2] dbexit:  rc: 0
