2020-01-04 23:40:02 [main] INFO  o.s.b.t.a.w.s.WebMvcTestContextBootstrapper -
				Neither @ContextConfiguration nor @ContextHierarchy found for test class [com.stackroute.keepnote.test.controller.CategoryControllerTest], using SpringBootContextLoader
2020-01-04 23:40:02 [main] INFO  o.s.t.c.s.AbstractContextLoader -
				Could not detect default resource locations for test class [com.stackroute.keepnote.test.controller.CategoryControllerTest]: no resource found for suffixes {-context.xml, Context.groovy}.
2020-01-04 23:40:02 [main] INFO  o.s.t.c.s.AnnotationConfigContextLoaderUtils -
				Could not detect default configuration classes for test class [com.stackroute.keepnote.test.controller.CategoryControllerTest]: CategoryControllerTest does not declare any static, non-private, non-final, nested classes annotated with @Configuration.
2020-01-04 23:40:02 [main] INFO  o.s.b.t.c.SpringBootTestContextBootstrapper -
				Found @SpringBootConfiguration com.stackroute.keepnote.CategoryServiceApplication for test class com.stackroute.keepnote.test.controller.CategoryControllerTest
2020-01-04 23:40:02 [main] INFO  o.s.b.t.a.w.s.WebMvcTestContextBootstrapper -
				Loaded default TestExecutionListener class names from location [META-INF/spring.factories]: [org.springframework.boot.test.mock.mockito.MockitoTestExecutionListener, org.springframework.boot.test.mock.mockito.ResetMocksTestExecutionListener, org.springframework.boot.test.autoconfigure.restdocs.RestDocsTestExecutionListener, org.springframework.boot.test.autoconfigure.web.client.MockRestServiceServerResetTestExecutionListener, org.springframework.boot.test.autoconfigure.web.servlet.MockMvcPrintOnlyOnFailureTestExecutionListener, org.springframework.boot.test.autoconfigure.web.servlet.WebDriverTestExecutionListener, org.springframework.test.context.web.ServletTestExecutionListener, org.springframework.test.context.support.DirtiesContextBeforeModesTestExecutionListener, org.springframework.test.context.support.DependencyInjectionTestExecutionListener, org.springframework.test.context.support.DirtiesContextTestExecutionListener, org.springframework.test.context.transaction.TransactionalTestExecutionListener, org.springframework.test.context.jdbc.SqlScriptsTestExecutionListener]
2020-01-04 23:40:02 [main] INFO  o.s.b.t.a.w.s.WebMvcTestContextBootstrapper -
				Using TestExecutionListeners: [org.springframework.test.context.web.ServletTestExecutionListener@4c178a76, org.springframework.test.context.support.DirtiesContextBeforeModesTestExecutionListener@fa4c865, org.springframework.boot.test.mock.mockito.MockitoTestExecutionListener@3bd82cf5, org.springframework.boot.test.autoconfigure.SpringBootDependencyInjectionTestExecutionListener@544fa968, org.springframework.test.context.support.DirtiesContextTestExecutionListener@247bddad, org.springframework.test.context.transaction.TransactionalTestExecutionListener@d35dea7, org.springframework.test.context.jdbc.SqlScriptsTestExecutionListener@7770f470, org.springframework.boot.test.mock.mockito.ResetMocksTestExecutionListener@5e5d171f, org.springframework.boot.test.autoconfigure.restdocs.RestDocsTestExecutionListener@24313fcc, org.springframework.boot.test.autoconfigure.web.client.MockRestServiceServerResetTestExecutionListener@7d20d0b, org.springframework.boot.test.autoconfigure.web.servlet.MockMvcPrintOnlyOnFailureTestExecutionListener@77f1baf5, org.springframework.boot.test.autoconfigure.web.servlet.WebDriverTestExecutionListener@41a2befb]
2020-01-04 23:40:04 [main] INFO  c.s.k.t.c.CategoryControllerTest -
				Starting CategoryControllerTest on DESKTOP-229TM7J with PID 13252 (started by pt108 in C:\Users\pt108\Desktop\Assignments\KeepNote-Step6-Boilerplate\CategoryService)
2020-01-04 23:40:04 [main] INFO  c.s.k.t.c.CategoryControllerTest -
				No active profile set, falling back to default profiles: default
2020-01-04 23:40:04 [main] INFO  o.s.w.c.s.GenericWebApplicationContext -
				Refreshing org.springframework.web.context.support.GenericWebApplicationContext@63fbfaeb: startup date [Sat Jan 04 23:40:04 IST 2020]; root of context hierarchy
2020-01-04 23:40:07 [main] INFO  o.s.w.s.h.SimpleUrlHandlerMapping -
				Mapped URL path [/**/favicon.ico] onto handler of type [class org.springframework.web.servlet.resource.ResourceHttpRequestHandler]
2020-01-04 23:40:08 [main] INFO  o.s.w.s.m.m.a.RequestMappingHandlerAdapter -
				Looking for @ControllerAdvice: org.springframework.web.context.support.GenericWebApplicationContext@63fbfaeb: startup date [Sat Jan 04 23:40:04 IST 2020]; root of context hierarchy
2020-01-04 23:40:08 [main] INFO  o.s.w.s.m.m.a.RequestMappingHandlerMapping -
				Mapped "{[/api/v1/category],methods=[POST]}" onto public org.springframework.http.ResponseEntity<?> com.stackroute.keepnote.controller.CategoryController.createCategory(com.stackroute.keepnote.model.Category)
2020-01-04 23:40:08 [main] INFO  o.s.w.s.m.m.a.RequestMappingHandlerMapping -
				Mapped "{[/api/v1/category/{id}],methods=[DELETE]}" onto public org.springframework.http.ResponseEntity<?> com.stackroute.keepnote.controller.CategoryController.deleteCategory(java.lang.String)
2020-01-04 23:40:08 [main] INFO  o.s.w.s.m.m.a.RequestMappingHandlerMapping -
				Mapped "{[/api/v1/category/{id}],methods=[GET]}" onto public org.springframework.http.ResponseEntity<?> com.stackroute.keepnote.controller.CategoryController.getCategoryById(java.lang.String)
2020-01-04 23:40:08 [main] INFO  o.s.w.s.m.m.a.RequestMappingHandlerMapping -
				Mapped "{[/api/v1/category/{id}],methods=[PUT]}" onto public org.springframework.http.ResponseEntity<?> com.stackroute.keepnote.controller.CategoryController.updateCategory(com.stackroute.keepnote.model.Category,java.lang.String)
2020-01-04 23:40:08 [main] INFO  o.s.w.s.m.m.a.RequestMappingHandlerMapping -
				Mapped "{[/]}" onto public java.lang.String com.stackroute.keepnote.controller.RootController.swaggerUI()
2020-01-04 23:40:08 [main] INFO  o.s.w.s.m.m.a.RequestMappingHandlerMapping -
				Mapped "{[/error]}" onto public org.springframework.http.ResponseEntity<java.util.Map<java.lang.String, java.lang.Object>> org.springframework.boot.autoconfigure.web.servlet.error.BasicErrorController.error(javax.servlet.http.HttpServletRequest)
2020-01-04 23:40:08 [main] INFO  o.s.w.s.m.m.a.RequestMappingHandlerMapping -
				Mapped "{[/error],produces=[text/html]}" onto public org.springframework.web.servlet.ModelAndView org.springframework.boot.autoconfigure.web.servlet.error.BasicErrorController.errorHtml(javax.servlet.http.HttpServletRequest,javax.servlet.http.HttpServletResponse)
2020-01-04 23:40:08 [main] INFO  o.s.w.s.h.SimpleUrlHandlerMapping -
				Mapped URL path [/webjars/**] onto handler of type [class org.springframework.web.servlet.resource.ResourceHttpRequestHandler]
2020-01-04 23:40:08 [main] INFO  o.s.w.s.h.SimpleUrlHandlerMapping -
				Mapped URL path [/**] onto handler of type [class org.springframework.web.servlet.resource.ResourceHttpRequestHandler]
2020-01-04 23:40:08 [main] INFO  o.s.b.t.m.w.SpringBootMockServletContext -
				Initializing Spring FrameworkServlet ''
2020-01-04 23:40:08 [main] INFO  o.s.t.w.s.TestDispatcherServlet -
				FrameworkServlet '': initialization started
2020-01-04 23:40:08 [main] INFO  o.s.t.w.s.TestDispatcherServlet -
				FrameworkServlet '': initialization completed in 35 ms
2020-01-04 23:40:08 [main] INFO  c.s.k.t.c.CategoryControllerTest -
				Started CategoryControllerTest in 5.247 seconds (JVM running for 7.691)
2020-01-04 23:40:08 [main] INFO  o.s.w.s.m.m.a.RequestMappingHandlerMapping -
				Mapped "{[/api/v1/category],methods=[POST]}" onto public org.springframework.http.ResponseEntity<?> com.stackroute.keepnote.controller.CategoryController.createCategory(com.stackroute.keepnote.model.Category)
2020-01-04 23:40:08 [main] INFO  o.s.w.s.m.m.a.RequestMappingHandlerMapping -
				Mapped "{[/api/v1/category/{id}],methods=[DELETE]}" onto public org.springframework.http.ResponseEntity<?> com.stackroute.keepnote.controller.CategoryController.deleteCategory(java.lang.String)
2020-01-04 23:40:08 [main] INFO  o.s.w.s.m.m.a.RequestMappingHandlerMapping -
				Mapped "{[/api/v1/category/{id}],methods=[GET]}" onto public org.springframework.http.ResponseEntity<?> com.stackroute.keepnote.controller.CategoryController.getCategoryById(java.lang.String)
2020-01-04 23:40:08 [main] INFO  o.s.w.s.m.m.a.RequestMappingHandlerMapping -
				Mapped "{[/api/v1/category/{id}],methods=[PUT]}" onto public org.springframework.http.ResponseEntity<?> com.stackroute.keepnote.controller.CategoryController.updateCategory(com.stackroute.keepnote.model.Category,java.lang.String)
2020-01-04 23:40:08 [main] INFO  o.s.w.s.m.m.a.RequestMappingHandlerAdapter -
				Looking for @ControllerAdvice: org.springframework.test.web.servlet.setup.StubWebApplicationContext@472698d
2020-01-04 23:40:08 [main] INFO  o.s.mock.web.MockServletContext -
				Initializing Spring FrameworkServlet ''
2020-01-04 23:40:08 [main] INFO  o.s.t.w.s.TestDispatcherServlet -
				FrameworkServlet '': initialization started
2020-01-04 23:40:08 [main] INFO  o.s.t.w.s.TestDispatcherServlet -
				FrameworkServlet '': initialization completed in 0 ms
2020-01-04 23:40:09 [main] INFO  o.s.w.s.m.m.a.RequestMappingHandlerMapping -
				Mapped "{[/api/v1/category],methods=[POST]}" onto public org.springframework.http.ResponseEntity<?> com.stackroute.keepnote.controller.CategoryController.createCategory(com.stackroute.keepnote.model.Category)
2020-01-04 23:40:09 [main] INFO  o.s.w.s.m.m.a.RequestMappingHandlerMapping -
				Mapped "{[/api/v1/category/{id}],methods=[DELETE]}" onto public org.springframework.http.ResponseEntity<?> com.stackroute.keepnote.controller.CategoryController.deleteCategory(java.lang.String)
2020-01-04 23:40:09 [main] INFO  o.s.w.s.m.m.a.RequestMappingHandlerMapping -
				Mapped "{[/api/v1/category/{id}],methods=[GET]}" onto public org.springframework.http.ResponseEntity<?> com.stackroute.keepnote.controller.CategoryController.getCategoryById(java.lang.String)
2020-01-04 23:40:09 [main] INFO  o.s.w.s.m.m.a.RequestMappingHandlerMapping -
				Mapped "{[/api/v1/category/{id}],methods=[PUT]}" onto public org.springframework.http.ResponseEntity<?> com.stackroute.keepnote.controller.CategoryController.updateCategory(com.stackroute.keepnote.model.Category,java.lang.String)
2020-01-04 23:40:09 [main] INFO  o.s.w.s.m.m.a.RequestMappingHandlerAdapter -
				Looking for @ControllerAdvice: org.springframework.test.web.servlet.setup.StubWebApplicationContext@cf518cf
2020-01-04 23:40:09 [main] INFO  o.s.mock.web.MockServletContext -
				Initializing Spring FrameworkServlet ''
2020-01-04 23:40:09 [main] INFO  o.s.t.w.s.TestDispatcherServlet -
				FrameworkServlet '': initialization started
2020-01-04 23:40:09 [main] INFO  o.s.t.w.s.TestDispatcherServlet -
				FrameworkServlet '': initialization completed in 0 ms
2020-01-04 23:40:09 [main] INFO  o.s.w.s.m.m.a.RequestMappingHandlerMapping -
				Mapped "{[/api/v1/category],methods=[POST]}" onto public org.springframework.http.ResponseEntity<?> com.stackroute.keepnote.controller.CategoryController.createCategory(com.stackroute.keepnote.model.Category)
2020-01-04 23:40:09 [main] INFO  o.s.w.s.m.m.a.RequestMappingHandlerMapping -
				Mapped "{[/api/v1/category/{id}],methods=[DELETE]}" onto public org.springframework.http.ResponseEntity<?> com.stackroute.keepnote.controller.CategoryController.deleteCategory(java.lang.String)
2020-01-04 23:40:09 [main] INFO  o.s.w.s.m.m.a.RequestMappingHandlerMapping -
				Mapped "{[/api/v1/category/{id}],methods=[GET]}" onto public org.springframework.http.ResponseEntity<?> com.stackroute.keepnote.controller.CategoryController.getCategoryById(java.lang.String)
2020-01-04 23:40:09 [main] INFO  o.s.w.s.m.m.a.RequestMappingHandlerMapping -
				Mapped "{[/api/v1/category/{id}],methods=[PUT]}" onto public org.springframework.http.ResponseEntity<?> com.stackroute.keepnote.controller.CategoryController.updateCategory(com.stackroute.keepnote.model.Category,java.lang.String)
2020-01-04 23:40:09 [main] INFO  o.s.w.s.m.m.a.RequestMappingHandlerAdapter -
				Looking for @ControllerAdvice: org.springframework.test.web.servlet.setup.StubWebApplicationContext@1e58512c
2020-01-04 23:40:09 [main] INFO  o.s.mock.web.MockServletContext -
				Initializing Spring FrameworkServlet ''
2020-01-04 23:40:09 [main] INFO  o.s.t.w.s.TestDispatcherServlet -
				FrameworkServlet '': initialization started
2020-01-04 23:40:09 [main] INFO  o.s.t.w.s.TestDispatcherServlet -
				FrameworkServlet '': initialization completed in 1 ms
2020-01-04 23:40:09 [main] INFO  o.s.w.s.m.m.a.RequestMappingHandlerMapping -
				Mapped "{[/api/v1/category],methods=[POST]}" onto public org.springframework.http.ResponseEntity<?> com.stackroute.keepnote.controller.CategoryController.createCategory(com.stackroute.keepnote.model.Category)
2020-01-04 23:40:09 [main] INFO  o.s.w.s.m.m.a.RequestMappingHandlerMapping -
				Mapped "{[/api/v1/category/{id}],methods=[DELETE]}" onto public org.springframework.http.ResponseEntity<?> com.stackroute.keepnote.controller.CategoryController.deleteCategory(java.lang.String)
2020-01-04 23:40:09 [main] INFO  o.s.w.s.m.m.a.RequestMappingHandlerMapping -
				Mapped "{[/api/v1/category/{id}],methods=[GET]}" onto public org.springframework.http.ResponseEntity<?> com.stackroute.keepnote.controller.CategoryController.getCategoryById(java.lang.String)
2020-01-04 23:40:09 [main] INFO  o.s.w.s.m.m.a.RequestMappingHandlerMapping -
				Mapped "{[/api/v1/category/{id}],methods=[PUT]}" onto public org.springframework.http.ResponseEntity<?> com.stackroute.keepnote.controller.CategoryController.updateCategory(com.stackroute.keepnote.model.Category,java.lang.String)
2020-01-04 23:40:09 [main] INFO  o.s.w.s.m.m.a.RequestMappingHandlerAdapter -
				Looking for @ControllerAdvice: org.springframework.test.web.servlet.setup.StubWebApplicationContext@d109c4f
2020-01-04 23:40:09 [main] INFO  o.s.mock.web.MockServletContext -
				Initializing Spring FrameworkServlet ''
2020-01-04 23:40:09 [main] INFO  o.s.t.w.s.TestDispatcherServlet -
				FrameworkServlet '': initialization started
2020-01-04 23:40:09 [main] INFO  o.s.t.w.s.TestDispatcherServlet -
				FrameworkServlet '': initialization completed in 0 ms
2020-01-04 23:40:09 [main] INFO  o.s.w.s.m.m.a.RequestMappingHandlerMapping -
				Mapped "{[/api/v1/category],methods=[POST]}" onto public org.springframework.http.ResponseEntity<?> com.stackroute.keepnote.controller.CategoryController.createCategory(com.stackroute.keepnote.model.Category)
2020-01-04 23:40:09 [main] INFO  o.s.w.s.m.m.a.RequestMappingHandlerMapping -
				Mapped "{[/api/v1/category/{id}],methods=[DELETE]}" onto public org.springframework.http.ResponseEntity<?> com.stackroute.keepnote.controller.CategoryController.deleteCategory(java.lang.String)
2020-01-04 23:40:09 [main] INFO  o.s.w.s.m.m.a.RequestMappingHandlerMapping -
				Mapped "{[/api/v1/category/{id}],methods=[GET]}" onto public org.springframework.http.ResponseEntity<?> com.stackroute.keepnote.controller.CategoryController.getCategoryById(java.lang.String)
2020-01-04 23:40:09 [main] INFO  o.s.w.s.m.m.a.RequestMappingHandlerMapping -
				Mapped "{[/api/v1/category/{id}],methods=[PUT]}" onto public org.springframework.http.ResponseEntity<?> com.stackroute.keepnote.controller.CategoryController.updateCategory(com.stackroute.keepnote.model.Category,java.lang.String)
2020-01-04 23:40:09 [main] INFO  o.s.w.s.m.m.a.RequestMappingHandlerAdapter -
				Looking for @ControllerAdvice: org.springframework.test.web.servlet.setup.StubWebApplicationContext@5df778c3
2020-01-04 23:40:09 [main] INFO  o.s.mock.web.MockServletContext -
				Initializing Spring FrameworkServlet ''
2020-01-04 23:40:09 [main] INFO  o.s.t.w.s.TestDispatcherServlet -
				FrameworkServlet '': initialization started
2020-01-04 23:40:09 [main] INFO  o.s.t.w.s.TestDispatcherServlet -
				FrameworkServlet '': initialization completed in 0 ms
2020-01-04 23:40:09 [main] INFO  o.s.w.s.m.m.a.RequestMappingHandlerMapping -
				Mapped "{[/api/v1/category],methods=[POST]}" onto public org.springframework.http.ResponseEntity<?> com.stackroute.keepnote.controller.CategoryController.createCategory(com.stackroute.keepnote.model.Category)
2020-01-04 23:40:09 [main] INFO  o.s.w.s.m.m.a.RequestMappingHandlerMapping -
				Mapped "{[/api/v1/category/{id}],methods=[DELETE]}" onto public org.springframework.http.ResponseEntity<?> com.stackroute.keepnote.controller.CategoryController.deleteCategory(java.lang.String)
2020-01-04 23:40:09 [main] INFO  o.s.w.s.m.m.a.RequestMappingHandlerMapping -
				Mapped "{[/api/v1/category/{id}],methods=[GET]}" onto public org.springframework.http.ResponseEntity<?> com.stackroute.keepnote.controller.CategoryController.getCategoryById(java.lang.String)
2020-01-04 23:40:09 [main] INFO  o.s.w.s.m.m.a.RequestMappingHandlerMapping -
				Mapped "{[/api/v1/category/{id}],methods=[PUT]}" onto public org.springframework.http.ResponseEntity<?> com.stackroute.keepnote.controller.CategoryController.updateCategory(com.stackroute.keepnote.model.Category,java.lang.String)
2020-01-04 23:40:09 [main] INFO  o.s.w.s.m.m.a.RequestMappingHandlerAdapter -
				Looking for @ControllerAdvice: org.springframework.test.web.servlet.setup.StubWebApplicationContext@4b6e1c0
2020-01-04 23:40:09 [main] INFO  o.s.mock.web.MockServletContext -
				Initializing Spring FrameworkServlet ''
2020-01-04 23:40:09 [main] INFO  o.s.t.w.s.TestDispatcherServlet -
				FrameworkServlet '': initialization started
2020-01-04 23:40:09 [main] INFO  o.s.t.w.s.TestDispatcherServlet -
				FrameworkServlet '': initialization completed in 1 ms
2020-01-04 23:40:09 [main] INFO  o.s.w.s.m.m.a.RequestMappingHandlerMapping -
				Mapped "{[/api/v1/category],methods=[POST]}" onto public org.springframework.http.ResponseEntity<?> com.stackroute.keepnote.controller.CategoryController.createCategory(com.stackroute.keepnote.model.Category)
2020-01-04 23:40:09 [main] INFO  o.s.w.s.m.m.a.RequestMappingHandlerMapping -
				Mapped "{[/api/v1/category/{id}],methods=[DELETE]}" onto public org.springframework.http.ResponseEntity<?> com.stackroute.keepnote.controller.CategoryController.deleteCategory(java.lang.String)
2020-01-04 23:40:09 [main] INFO  o.s.w.s.m.m.a.RequestMappingHandlerMapping -
				Mapped "{[/api/v1/category/{id}],methods=[GET]}" onto public org.springframework.http.ResponseEntity<?> com.stackroute.keepnote.controller.CategoryController.getCategoryById(java.lang.String)
2020-01-04 23:40:09 [main] INFO  o.s.w.s.m.m.a.RequestMappingHandlerMapping -
				Mapped "{[/api/v1/category/{id}],methods=[PUT]}" onto public org.springframework.http.ResponseEntity<?> com.stackroute.keepnote.controller.CategoryController.updateCategory(com.stackroute.keepnote.model.Category,java.lang.String)
2020-01-04 23:40:09 [main] INFO  o.s.w.s.m.m.a.RequestMappingHandlerAdapter -
				Looking for @ControllerAdvice: org.springframework.test.web.servlet.setup.StubWebApplicationContext@79b84841
2020-01-04 23:40:09 [main] INFO  o.s.mock.web.MockServletContext -
				Initializing Spring FrameworkServlet ''
2020-01-04 23:40:09 [main] INFO  o.s.t.w.s.TestDispatcherServlet -
				FrameworkServlet '': initialization started
2020-01-04 23:40:09 [main] INFO  o.s.t.w.s.TestDispatcherServlet -
				FrameworkServlet '': initialization completed in 1 ms
2020-01-04 23:40:09 [main] INFO  o.s.w.s.m.m.a.RequestMappingHandlerMapping -
				Mapped "{[/api/v1/category],methods=[POST]}" onto public org.springframework.http.ResponseEntity<?> com.stackroute.keepnote.controller.CategoryController.createCategory(com.stackroute.keepnote.model.Category)
2020-01-04 23:40:09 [main] INFO  o.s.w.s.m.m.a.RequestMappingHandlerMapping -
				Mapped "{[/api/v1/category/{id}],methods=[DELETE]}" onto public org.springframework.http.ResponseEntity<?> com.stackroute.keepnote.controller.CategoryController.deleteCategory(java.lang.String)
2020-01-04 23:40:09 [main] INFO  o.s.w.s.m.m.a.RequestMappingHandlerMapping -
				Mapped "{[/api/v1/category/{id}],methods=[GET]}" onto public org.springframework.http.ResponseEntity<?> com.stackroute.keepnote.controller.CategoryController.getCategoryById(java.lang.String)
2020-01-04 23:40:09 [main] INFO  o.s.w.s.m.m.a.RequestMappingHandlerMapping -
				Mapped "{[/api/v1/category/{id}],methods=[PUT]}" onto public org.springframework.http.ResponseEntity<?> com.stackroute.keepnote.controller.CategoryController.updateCategory(com.stackroute.keepnote.model.Category,java.lang.String)
2020-01-04 23:40:10 [main] INFO  o.s.w.s.m.m.a.RequestMappingHandlerAdapter -
				Looking for @ControllerAdvice: org.springframework.test.web.servlet.setup.StubWebApplicationContext@6cff61fc
2020-01-04 23:40:10 [main] INFO  o.s.mock.web.MockServletContext -
				Initializing Spring FrameworkServlet ''
2020-01-04 23:40:10 [main] INFO  o.s.t.w.s.TestDispatcherServlet -
				FrameworkServlet '': initialization started
2020-01-04 23:40:10 [main] INFO  o.s.t.w.s.TestDispatcherServlet -
				FrameworkServlet '': initialization completed in 0 ms
2020-01-04 23:40:10 [main] INFO  o.s.b.t.c.SpringBootTestContextBootstrapper -
				Neither @ContextConfiguration nor @ContextHierarchy found for test class [com.stackroute.keepnote.test.log.LoggerTest], using SpringBootContextLoader
2020-01-04 23:40:10 [main] INFO  o.s.t.c.s.AbstractContextLoader -
				Could not detect default resource locations for test class [com.stackroute.keepnote.test.log.LoggerTest]: no resource found for suffixes {-context.xml, Context.groovy}.
2020-01-04 23:40:10 [main] INFO  o.s.t.c.s.AnnotationConfigContextLoaderUtils -
				Could not detect default configuration classes for test class [com.stackroute.keepnote.test.log.LoggerTest]: LoggerTest does not declare any static, non-private, non-final, nested classes annotated with @Configuration.
2020-01-04 23:40:10 [main] INFO  o.s.b.t.c.SpringBootTestContextBootstrapper -
				Found @SpringBootConfiguration com.stackroute.keepnote.CategoryServiceApplication for test class com.stackroute.keepnote.test.log.LoggerTest
2020-01-04 23:40:10 [main] INFO  o.s.b.t.c.SpringBootTestContextBootstrapper -
				Loaded default TestExecutionListener class names from location [META-INF/spring.factories]: [org.springframework.boot.test.mock.mockito.MockitoTestExecutionListener, org.springframework.boot.test.mock.mockito.ResetMocksTestExecutionListener, org.springframework.boot.test.autoconfigure.restdocs.RestDocsTestExecutionListener, org.springframework.boot.test.autoconfigure.web.client.MockRestServiceServerResetTestExecutionListener, org.springframework.boot.test.autoconfigure.web.servlet.MockMvcPrintOnlyOnFailureTestExecutionListener, org.springframework.boot.test.autoconfigure.web.servlet.WebDriverTestExecutionListener, org.springframework.test.context.web.ServletTestExecutionListener, org.springframework.test.context.support.DirtiesContextBeforeModesTestExecutionListener, org.springframework.test.context.support.DependencyInjectionTestExecutionListener, org.springframework.test.context.support.DirtiesContextTestExecutionListener, org.springframework.test.context.transaction.TransactionalTestExecutionListener, org.springframework.test.context.jdbc.SqlScriptsTestExecutionListener]
2020-01-04 23:40:10 [main] INFO  o.s.b.t.c.SpringBootTestContextBootstrapper -
				Using TestExecutionListeners: [org.springframework.test.context.web.ServletTestExecutionListener@6dcc40f5, org.springframework.test.context.support.DirtiesContextBeforeModesTestExecutionListener@2b680207, org.springframework.boot.test.mock.mockito.MockitoTestExecutionListener@70887727, org.springframework.boot.test.autoconfigure.SpringBootDependencyInjectionTestExecutionListener@56da7487, org.springframework.test.context.support.DirtiesContextTestExecutionListener@599e4d41, org.springframework.test.context.transaction.TransactionalTestExecutionListener@328d044f, org.springframework.test.context.jdbc.SqlScriptsTestExecutionListener@10f7c76, org.springframework.boot.test.mock.mockito.ResetMocksTestExecutionListener@4745e9c, org.springframework.boot.test.autoconfigure.restdocs.RestDocsTestExecutionListener@2f2bff16, org.springframework.boot.test.autoconfigure.web.client.MockRestServiceServerResetTestExecutionListener@75de29c0, org.springframework.boot.test.autoconfigure.web.servlet.MockMvcPrintOnlyOnFailureTestExecutionListener@fc807c1, org.springframework.boot.test.autoconfigure.web.servlet.WebDriverTestExecutionListener@296e281a]
2020-01-04 23:40:10 [main] INFO  c.s.keepnote.test.log.LoggerTest -
				Starting LoggerTest on DESKTOP-229TM7J with PID 13252 (started by pt108 in C:\Users\pt108\Desktop\Assignments\KeepNote-Step6-Boilerplate\CategoryService)
2020-01-04 23:40:10 [main] INFO  c.s.keepnote.test.log.LoggerTest -
				No active profile set, falling back to default profiles: default
2020-01-04 23:40:10 [main] INFO  o.s.w.c.s.GenericWebApplicationContext -
				Refreshing org.springframework.web.context.support.GenericWebApplicationContext@4613311f: startup date [Sat Jan 04 23:40:10 IST 2020]; root of context hierarchy
2020-01-04 23:40:14 [Thread-5] INFO  o.s.b.a.mongo.embedded.EmbeddedMongo -
				note: noprealloc may hurt performance in many applications
2020-01-04 23:40:14 [Thread-5] INFO  o.s.b.a.mongo.embedded.EmbeddedMongo -
				2020-01-04T23:40:14.617+0530 I CONTROL  [initandlisten] MongoDB starting : pid=11448 port=55442 dbpath=C:\Users\pt108\AppData\Local\Temp\embedmongo-db-c91cbb86-abce-4ae1-84d3-8e1914607eaf 64-bit host=DESKTOP-229TM7J
2020-01-04 23:40:14 [Thread-5] INFO  o.s.b.a.mongo.embedded.EmbeddedMongo -
				2020-01-04T23:40:14.618+0530 I CONTROL  [initandlisten] targetMinOS: Windows Vista/Windows Server 2008
2020-01-04 23:40:14 [Thread-5] INFO  o.s.b.a.mongo.embedded.EmbeddedMongo -
				2020-01-04T23:40:14.618+0530 I CONTROL  [initandlisten] db version v3.2.2
2020-01-04 23:40:14 [Thread-5] INFO  o.s.b.a.mongo.embedded.EmbeddedMongo -
				2020-01-04T23:40:14.619+0530 I CONTROL  [initandlisten] git version: 6e71d0d568e134c029203593b00a0103e7cdf30b
2020-01-04 23:40:14 [Thread-5] INFO  o.s.b.a.mongo.embedded.EmbeddedMongo -
				2020-01-04T23:40:14.619+0530 I CONTROL  [initandlisten] allocator: tcmalloc
2020-01-04 23:40:14 [Thread-5] INFO  o.s.b.a.mongo.embedded.EmbeddedMongo -
				2020-01-04T23:40:14.619+0530 I CONTROL  [initandlisten] modules: none
2020-01-04 23:40:14 [Thread-5] INFO  o.s.b.a.mongo.embedded.EmbeddedMongo -
				2020-01-04T23:40:14.619+0530 I CONTROL  [initandlisten] build environment:
2020-01-04 23:40:14 [Thread-5] INFO  o.s.b.a.mongo.embedded.EmbeddedMongo -
				2020-01-04T23:40:14.619+0530 I CONTROL  [initandlisten]     distarch: x86_64
2020-01-04 23:40:14 [Thread-5] INFO  o.s.b.a.mongo.embedded.EmbeddedMongo -
				2020-01-04T23:40:14.619+0530 I CONTROL  [initandlisten]     target_arch: x86_64
2020-01-04 23:40:14 [Thread-5] INFO  o.s.b.a.mongo.embedded.EmbeddedMongo -
				2020-01-04T23:40:14.619+0530 I CONTROL  [initandlisten] options: { net: { bindIp: "127.0.0.1", http: { enabled: false }, port: 55442 }, security: { authorization: "disabled" }, storage: { dbPath: "C:\Users\pt108\AppData\Local\Temp\embedmongo-db-c91cbb86-abce-4ae1-84d3-8e1914607eaf", journal: { enabled: false }, mmapv1: { preallocDataFiles: false, smallFiles: true }, syncPeriodSecs: 0.0 } }
2020-01-04 23:40:14 [Thread-5] INFO  o.s.b.a.mongo.embedded.EmbeddedMongo -
				2020-01-04T23:40:14.621+0530 I STORAGE  [initandlisten] wiredtiger_open config: create,cache_size=2G,session_max=20000,eviction=(threads_max=4),config_base=false,statistics=(fast),log=(enabled=true,archive=true,path=journal,compressor=snappy),file_manager=(close_idle_time=100000),checkpoint=(wait=0,log_size=2GB),statistics_log=(wait=0),,log=(enabled=false),
2020-01-04 23:40:15 [Thread-5] INFO  o.s.b.a.mongo.embedded.EmbeddedMongo -
				2020-01-04T23:40:15.330+0530 W STORAGE  [initandlisten] Detected configuration for non-active storage engine mmapv1 when current storage engine is wiredTiger
2020-01-04 23:40:15 [Thread-5] INFO  o.s.b.a.mongo.embedded.EmbeddedMongo -
				2020-01-04T23:40:15.337+0530 I NETWORK  [HostnameCanonicalizationWorker] Starting hostname canonicalization worker
2020-01-04 23:40:15 [Thread-5] INFO  o.s.b.a.mongo.embedded.EmbeddedMongo -
				2020-01-04T23:40:15.337+0530 I FTDC     [initandlisten] Initializing full-time diagnostic data capture with directory 'C:/Users/pt108/AppData/Local/Temp/embedmongo-db-c91cbb86-abce-4ae1-84d3-8e1914607eaf/diagnostic.data'
2020-01-04 23:40:15 [Thread-5] INFO  o.s.b.a.mongo.embedded.EmbeddedMongo -
				2020-01-04T23:40:15.559+0530 I NETWORK  [initandlisten] waiting for connections on port 55442
2020-01-04 23:40:15 [main] INFO  d.f.embed.process.runtime.Executable -
				start de.flapdoodle.embed.mongo.config.MongodConfigBuilder$ImmutableMongodConfig@451e2fa9
2020-01-04 23:40:16 [main] INFO  org.mongodb.driver.cluster -
				Cluster created with settings {hosts=[localhost:55442], mode=MULTIPLE, requiredClusterType=UNKNOWN, serverSelectionTimeout='30000 ms', maxWaitQueueSize=500}
2020-01-04 23:40:16 [main] INFO  org.mongodb.driver.cluster -
				Adding discovered server localhost:55442 to client view of cluster
2020-01-04 23:40:16 [Thread-5] INFO  o.s.b.a.mongo.embedded.EmbeddedMongo -
				2020-01-04T23:40:16.534+0530 I NETWORK  [initandlisten] connection accepted from 127.0.0.1:55447 #1 (1 connection now open)
2020-01-04 23:40:16 [cluster-ClusterId{value='5e10d5083fb07733c485ff46', description='null'}-localhost:55442] INFO  org.mongodb.driver.connection -
				Opened connection [connectionId{localValue:1, serverValue:1}] to localhost:55442
2020-01-04 23:40:16 [cluster-ClusterId{value='5e10d5083fb07733c485ff46', description='null'}-localhost:55442] INFO  org.mongodb.driver.cluster -
				Monitor thread successfully connected to server with description ServerDescription{address=localhost:55442, type=STANDALONE, state=CONNECTED, ok=true, version=ServerVersion{versionList=[3, 2, 2]}, minWireVersion=0, maxWireVersion=4, maxDocumentSize=16777216, logicalSessionTimeoutMinutes=null, roundTripTimeNanos=4609900}
2020-01-04 23:40:16 [cluster-ClusterId{value='5e10d5083fb07733c485ff46', description='null'}-localhost:55442] INFO  org.mongodb.driver.cluster -
				Discovered cluster type of STANDALONE
2020-01-04 23:40:19 [main] INFO  o.s.w.s.m.m.a.RequestMappingHandlerMapping -
				Mapped "{[/api/v1/category],methods=[POST]}" onto public org.springframework.http.ResponseEntity<?> com.stackroute.keepnote.controller.CategoryController.createCategory(com.stackroute.keepnote.model.Category)
2020-01-04 23:40:19 [main] INFO  o.s.w.s.m.m.a.RequestMappingHandlerMapping -
				Mapped "{[/api/v1/category/{id}],methods=[DELETE]}" onto public org.springframework.http.ResponseEntity<?> com.stackroute.keepnote.controller.CategoryController.deleteCategory(java.lang.String)
2020-01-04 23:40:19 [main] INFO  o.s.w.s.m.m.a.RequestMappingHandlerMapping -
				Mapped "{[/api/v1/category/{id}],methods=[GET]}" onto public org.springframework.http.ResponseEntity<?> com.stackroute.keepnote.controller.CategoryController.getCategoryById(java.lang.String)
2020-01-04 23:40:20 [main] INFO  o.s.w.s.m.m.a.RequestMappingHandlerMapping -
				Mapped "{[/api/v1/category/{id}],methods=[PUT]}" onto public org.springframework.http.ResponseEntity<?> com.stackroute.keepnote.controller.CategoryController.updateCategory(com.stackroute.keepnote.model.Category,java.lang.String)
2020-01-04 23:40:20 [main] INFO  o.s.w.s.m.m.a.RequestMappingHandlerMapping -
				Mapped "{[/]}" onto public java.lang.String com.stackroute.keepnote.controller.RootController.swaggerUI()
2020-01-04 23:40:20 [main] INFO  o.s.w.s.m.m.a.RequestMappingHandlerMapping -
				Mapped "{[/swagger-resources/configuration/ui]}" onto public org.springframework.http.ResponseEntity<springfox.documentation.swagger.web.UiConfiguration> springfox.documentation.swagger.web.ApiResourceController.uiConfiguration()
2020-01-04 23:40:20 [main] INFO  o.s.w.s.m.m.a.RequestMappingHandlerMapping -
				Mapped "{[/swagger-resources]}" onto public org.springframework.http.ResponseEntity<java.util.List<springfox.documentation.swagger.web.SwaggerResource>> springfox.documentation.swagger.web.ApiResourceController.swaggerResources()
2020-01-04 23:40:20 [main] INFO  o.s.w.s.m.m.a.RequestMappingHandlerMapping -
				Mapped "{[/swagger-resources/configuration/security]}" onto public org.springframework.http.ResponseEntity<springfox.documentation.swagger.web.SecurityConfiguration> springfox.documentation.swagger.web.ApiResourceController.securityConfiguration()
2020-01-04 23:40:20 [main] INFO  o.s.w.s.m.m.a.RequestMappingHandlerMapping -
				Mapped "{[/error]}" onto public org.springframework.http.ResponseEntity<java.util.Map<java.lang.String, java.lang.Object>> org.springframework.boot.autoconfigure.web.servlet.error.BasicErrorController.error(javax.servlet.http.HttpServletRequest)
2020-01-04 23:40:20 [main] INFO  o.s.w.s.m.m.a.RequestMappingHandlerMapping -
				Mapped "{[/error],produces=[text/html]}" onto public org.springframework.web.servlet.ModelAndView org.springframework.boot.autoconfigure.web.servlet.error.BasicErrorController.errorHtml(javax.servlet.http.HttpServletRequest,javax.servlet.http.HttpServletResponse)
2020-01-04 23:40:20 [main] INFO  s.d.s.w.PropertySourcedRequestMappingHandlerMapping -
				Mapped URL path [/v2/api-docs] onto method [public org.springframework.http.ResponseEntity<springfox.documentation.spring.web.json.Json> springfox.documentation.swagger2.web.Swagger2Controller.getDocumentation(java.lang.String,javax.servlet.http.HttpServletRequest)]
2020-01-04 23:40:21 [main] INFO  o.s.w.s.h.SimpleUrlHandlerMapping -
				Mapped URL path [/**/favicon.ico] onto handler of type [class org.springframework.web.servlet.resource.ResourceHttpRequestHandler]
2020-01-04 23:40:22 [main] INFO  o.s.w.s.m.m.a.RequestMappingHandlerAdapter -
				Looking for @ControllerAdvice: org.springframework.web.context.support.GenericWebApplicationContext@4613311f: startup date [Sat Jan 04 23:40:10 IST 2020]; root of context hierarchy
2020-01-04 23:40:22 [main] INFO  o.s.w.s.h.SimpleUrlHandlerMapping -
				Mapped URL path [/webjars/**] onto handler of type [class org.springframework.web.servlet.resource.ResourceHttpRequestHandler]
2020-01-04 23:40:22 [main] INFO  o.s.w.s.h.SimpleUrlHandlerMapping -
				Mapped URL path [/**] onto handler of type [class org.springframework.web.servlet.resource.ResourceHttpRequestHandler]
2020-01-04 23:40:22 [main] INFO  o.s.c.s.DefaultLifecycleProcessor -
				Starting beans in phase 2147483647
2020-01-04 23:40:22 [main] INFO  s.d.s.w.p.DocumentationPluginsBootstrapper -
				Context refreshed
2020-01-04 23:40:22 [main] INFO  s.d.s.w.p.DocumentationPluginsBootstrapper -
				Found 1 custom documentation plugin(s)
2020-01-04 23:40:22 [main] INFO  s.d.s.w.s.ApiListingReferenceScanner -
				Scanning for api listing references
2020-01-04 23:40:23 [main] INFO  c.s.keepnote.test.log.LoggerTest -
				Started LoggerTest in 13.041 seconds (JVM running for 22.27)
2020-01-04 23:40:23 [main] INFO  o.s.b.t.c.SpringBootTestContextBootstrapper -
				Neither @ContextConfiguration nor @ContextHierarchy found for test class [com.stackroute.keepnote.test.repository.CategoryRepositoryTest], using SpringBootContextLoader
2020-01-04 23:40:23 [main] INFO  o.s.t.c.s.AbstractContextLoader -
				Could not detect default resource locations for test class [com.stackroute.keepnote.test.repository.CategoryRepositoryTest]: no resource found for suffixes {-context.xml, Context.groovy}.
2020-01-04 23:40:23 [main] INFO  o.s.t.c.s.AnnotationConfigContextLoaderUtils -
				Could not detect default configuration classes for test class [com.stackroute.keepnote.test.repository.CategoryRepositoryTest]: CategoryRepositoryTest does not declare any static, non-private, non-final, nested classes annotated with @Configuration.
2020-01-04 23:40:23 [main] INFO  o.s.b.t.c.SpringBootTestContextBootstrapper -
				Found @SpringBootConfiguration com.stackroute.keepnote.CategoryServiceApplication for test class com.stackroute.keepnote.test.repository.CategoryRepositoryTest
2020-01-04 23:40:23 [main] INFO  o.s.b.t.c.SpringBootTestContextBootstrapper -
				Loaded default TestExecutionListener class names from location [META-INF/spring.factories]: [org.springframework.boot.test.mock.mockito.MockitoTestExecutionListener, org.springframework.boot.test.mock.mockito.ResetMocksTestExecutionListener, org.springframework.boot.test.autoconfigure.restdocs.RestDocsTestExecutionListener, org.springframework.boot.test.autoconfigure.web.client.MockRestServiceServerResetTestExecutionListener, org.springframework.boot.test.autoconfigure.web.servlet.MockMvcPrintOnlyOnFailureTestExecutionListener, org.springframework.boot.test.autoconfigure.web.servlet.WebDriverTestExecutionListener, org.springframework.test.context.web.ServletTestExecutionListener, org.springframework.test.context.support.DirtiesContextBeforeModesTestExecutionListener, org.springframework.test.context.support.DependencyInjectionTestExecutionListener, org.springframework.test.context.support.DirtiesContextTestExecutionListener, org.springframework.test.context.transaction.TransactionalTestExecutionListener, org.springframework.test.context.jdbc.SqlScriptsTestExecutionListener]
2020-01-04 23:40:23 [main] INFO  o.s.b.t.c.SpringBootTestContextBootstrapper -
				Using TestExecutionListeners: [org.springframework.test.context.web.ServletTestExecutionListener@45e69324, org.springframework.test.context.support.DirtiesContextBeforeModesTestExecutionListener@3c89b864, org.springframework.boot.test.mock.mockito.MockitoTestExecutionListener@3400d6fa, org.springframework.boot.test.autoconfigure.SpringBootDependencyInjectionTestExecutionListener@30a62a5b, org.springframework.test.context.support.DirtiesContextTestExecutionListener@41a8f0d8, org.springframework.test.context.transaction.TransactionalTestExecutionListener@30133a11, org.springframework.test.context.jdbc.SqlScriptsTestExecutionListener@2168def, org.springframework.boot.test.mock.mockito.ResetMocksTestExecutionListener@3639b04, org.springframework.boot.test.autoconfigure.restdocs.RestDocsTestExecutionListener@5cb8580, org.springframework.boot.test.autoconfigure.web.client.MockRestServiceServerResetTestExecutionListener@2ca1e49a, org.springframework.boot.test.autoconfigure.web.servlet.MockMvcPrintOnlyOnFailureTestExecutionListener@1aee6d14, org.springframework.boot.test.autoconfigure.web.servlet.WebDriverTestExecutionListener@54a6ef6]
2020-01-04 23:40:23 [main] INFO  c.s.k.t.r.CategoryRepositoryTest -
				Starting CategoryRepositoryTest on DESKTOP-229TM7J with PID 13252 (started by pt108 in C:\Users\pt108\Desktop\Assignments\KeepNote-Step6-Boilerplate\CategoryService)
2020-01-04 23:40:23 [main] INFO  c.s.k.t.r.CategoryRepositoryTest -
				No active profile set, falling back to default profiles: default
2020-01-04 23:40:23 [main] INFO  o.s.c.a.AnnotationConfigApplicationContext -
				Refreshing org.springframework.context.annotation.AnnotationConfigApplicationContext@36638b59: startup date [Sat Jan 04 23:40:23 IST 2020]; root of context hierarchy
2020-01-04 23:40:24 [Thread-10] INFO  o.s.b.a.mongo.embedded.EmbeddedMongo -
				note: noprealloc may hurt performance in many applications
2020-01-04 23:40:24 [Thread-10] INFO  o.s.b.a.mongo.embedded.EmbeddedMongo -
				2020-01-04T23:40:24.686+0530 I CONTROL  [initandlisten] MongoDB starting : pid=4516 port=55459 dbpath=C:\Users\pt108\AppData\Local\Temp\embedmongo-db-14e7e6c1-abeb-4ce0-abb5-94f612e4e3b0 64-bit host=DESKTOP-229TM7J
2020-01-04 23:40:24 [Thread-10] INFO  o.s.b.a.mongo.embedded.EmbeddedMongo -
				2020-01-04T23:40:24.687+0530 I CONTROL  [initandlisten] targetMinOS: Windows Vista/Windows Server 2008
2020-01-04 23:40:24 [Thread-10] INFO  o.s.b.a.mongo.embedded.EmbeddedMongo -
				2020-01-04T23:40:24.687+0530 I CONTROL  [initandlisten] db version v3.2.2
2020-01-04 23:40:24 [Thread-10] INFO  o.s.b.a.mongo.embedded.EmbeddedMongo -
				2020-01-04T23:40:24.687+0530 I CONTROL  [initandlisten] git version: 6e71d0d568e134c029203593b00a0103e7cdf30b
2020-01-04 23:40:24 [Thread-10] INFO  o.s.b.a.mongo.embedded.EmbeddedMongo -
				2020-01-04T23:40:24.687+0530 I CONTROL  [initandlisten] allocator: tcmalloc
2020-01-04 23:40:24 [Thread-10] INFO  o.s.b.a.mongo.embedded.EmbeddedMongo -
				2020-01-04T23:40:24.687+0530 I CONTROL  [initandlisten] modules: none
2020-01-04 23:40:24 [Thread-10] INFO  o.s.b.a.mongo.embedded.EmbeddedMongo -
				2020-01-04T23:40:24.687+0530 I CONTROL  [initandlisten] build environment:
2020-01-04 23:40:24 [Thread-10] INFO  o.s.b.a.mongo.embedded.EmbeddedMongo -
				2020-01-04T23:40:24.687+0530 I CONTROL  [initandlisten]     distarch: x86_64
2020-01-04 23:40:24 [Thread-10] INFO  o.s.b.a.mongo.embedded.EmbeddedMongo -
				2020-01-04T23:40:24.687+0530 I CONTROL  [initandlisten]     target_arch: x86_64
2020-01-04 23:40:24 [Thread-10] INFO  o.s.b.a.mongo.embedded.EmbeddedMongo -
				2020-01-04T23:40:24.688+0530 I CONTROL  [initandlisten] options: { net: { bindIp: "127.0.0.1", http: { enabled: false }, port: 55459 }, security: { authorization: "disabled" }, storage: { dbPath: "C:\Users\pt108\AppData\Local\Temp\embedmongo-db-14e7e6c1-abeb-4ce0-abb5-94f612e4e3b0", journal: { enabled: false }, mmapv1: { preallocDataFiles: false, smallFiles: true }, syncPeriodSecs: 0.0 } }
2020-01-04 23:40:24 [Thread-10] INFO  o.s.b.a.mongo.embedded.EmbeddedMongo -
				2020-01-04T23:40:24.691+0530 I STORAGE  [initandlisten] wiredtiger_open config: create,cache_size=2G,session_max=20000,eviction=(threads_max=4),config_base=false,statistics=(fast),log=(enabled=true,archive=true,path=journal,compressor=snappy),file_manager=(close_idle_time=100000),checkpoint=(wait=0,log_size=2GB),statistics_log=(wait=0),,log=(enabled=false),
2020-01-04 23:40:25 [Thread-10] INFO  o.s.b.a.mongo.embedded.EmbeddedMongo -
				2020-01-04T23:40:25.492+0530 W STORAGE  [initandlisten] Detected configuration for non-active storage engine mmapv1 when current storage engine is wiredTiger
2020-01-04 23:40:25 [Thread-10] INFO  o.s.b.a.mongo.embedded.EmbeddedMongo -
				2020-01-04T23:40:25.498+0530 I FTDC     [initandlisten] Initializing full-time diagnostic data capture with directory 'C:/Users/pt108/AppData/Local/Temp/embedmongo-db-14e7e6c1-abeb-4ce0-abb5-94f612e4e3b0/diagnostic.data'
2020-01-04 23:40:25 [Thread-10] INFO  o.s.b.a.mongo.embedded.EmbeddedMongo -
				2020-01-04T23:40:25.501+0530 I NETWORK  [HostnameCanonicalizationWorker] Starting hostname canonicalization worker
2020-01-04 23:40:25 [Thread-10] INFO  o.s.b.a.mongo.embedded.EmbeddedMongo -
				2020-01-04T23:40:25.775+0530 I NETWORK  [initandlisten] waiting for connections on port 55459
2020-01-04 23:40:25 [main] INFO  d.f.embed.process.runtime.Executable -
				start de.flapdoodle.embed.mongo.config.MongodConfigBuilder$ImmutableMongodConfig@e7d0db2
2020-01-04 23:40:25 [main] INFO  org.mongodb.driver.cluster -
				Cluster created with settings {hosts=[localhost:55459], mode=MULTIPLE, requiredClusterType=UNKNOWN, serverSelectionTimeout='30000 ms', maxWaitQueueSize=500}
2020-01-04 23:40:25 [main] INFO  org.mongodb.driver.cluster -
				Adding discovered server localhost:55459 to client view of cluster
2020-01-04 23:40:25 [Thread-10] INFO  o.s.b.a.mongo.embedded.EmbeddedMongo -
				2020-01-04T23:40:25.805+0530 I NETWORK  [initandlisten] connection accepted from 127.0.0.1:55468 #1 (1 connection now open)
2020-01-04 23:40:25 [cluster-ClusterId{value='5e10d5113fb07733c485ff47', description='null'}-localhost:55459] INFO  org.mongodb.driver.connection -
				Opened connection [connectionId{localValue:2, serverValue:1}] to localhost:55459
2020-01-04 23:40:25 [cluster-ClusterId{value='5e10d5113fb07733c485ff47', description='null'}-localhost:55459] INFO  org.mongodb.driver.cluster -
				Monitor thread successfully connected to server with description ServerDescription{address=localhost:55459, type=STANDALONE, state=CONNECTED, ok=true, version=ServerVersion{versionList=[3, 2, 2]}, minWireVersion=0, maxWireVersion=4, maxDocumentSize=16777216, logicalSessionTimeoutMinutes=null, roundTripTimeNanos=6477100}
2020-01-04 23:40:25 [cluster-ClusterId{value='5e10d5113fb07733c485ff47', description='null'}-localhost:55459] INFO  org.mongodb.driver.cluster -
				Discovered cluster type of STANDALONE
2020-01-04 23:40:26 [main] INFO  c.s.k.t.r.CategoryRepositoryTest -
				Started CategoryRepositoryTest in 2.708 seconds (JVM running for 25.091)
2020-01-04 23:40:26 [Thread-10] INFO  o.s.b.a.mongo.embedded.EmbeddedMongo -
				2020-01-04T23:40:26.177+0530 I NETWORK  [initandlisten] connection accepted from 127.0.0.1:55469 #2 (2 connections now open)
2020-01-04 23:40:26 [main] INFO  org.mongodb.driver.connection -
				Opened connection [connectionId{localValue:3, serverValue:2}] to localhost:55459
2020-01-04 23:40:26 [Thread-10] INFO  o.s.b.a.mongo.embedded.EmbeddedMongo -
				2020-01-04T23:40:26.759+0530 I COMMAND  [conn2] command test.category command: insert { insert: "category", ordered: true, documents: [ { _id: ObjectId('5b04f7411764e3765c35f8f6'), categoryName: "Cricket-Category", categoryDescription: "All about Cricket", categoryCreatedBy: "Jhon123", categoryCreationDate: new Date(1578161426082), _class: "com.stackroute.keepnote.model.Category" } ] } ninserted:1 keyUpdates:0 writeConflicts:0 numYields:0 reslen:40 locks:{ Global: { acquireCount: { r: 2, w: 2 } }, Database: { acquireCount: { w: 1, W: 1 } }, Collection: { acquireCount: { W: 1 } } } protocol:op_query 541ms
2020-01-04 23:40:28 [Thread-12] INFO  o.s.c.a.AnnotationConfigApplicationContext -
				Closing org.springframework.context.annotation.AnnotationConfigApplicationContext@36638b59: startup date [Sat Jan 04 23:40:23 IST 2020]; root of context hierarchy
2020-01-04 23:40:28 [Thread-2] INFO  o.s.w.c.s.GenericWebApplicationContext -
				Closing org.springframework.web.context.support.GenericWebApplicationContext@63fbfaeb: startup date [Sat Jan 04 23:40:04 IST 2020]; root of context hierarchy
2020-01-04 23:40:28 [Thread-7] INFO  o.s.w.c.s.GenericWebApplicationContext -
				Closing org.springframework.web.context.support.GenericWebApplicationContext@4613311f: startup date [Sat Jan 04 23:40:10 IST 2020]; root of context hierarchy
2020-01-04 23:40:28 [Thread-5] INFO  o.s.b.a.mongo.embedded.EmbeddedMongo -
				2020-01-04T23:40:28.367+0530 I NETWORK  [initandlisten] connection accepted from 127.0.0.1:55470 #2 (2 connections now open)
2020-01-04 23:40:28 [Thread-10] INFO  o.s.b.a.mongo.embedded.EmbeddedMongo -
				2020-01-04T23:40:28.376+0530 I NETWORK  [initandlisten] connection accepted from 127.0.0.1:55471 #3 (3 connections now open)
2020-01-04 23:40:28 [Thread-7] INFO  o.s.c.s.DefaultLifecycleProcessor -
				Stopping beans in phase 2147483647
2020-01-04 23:40:28 [Thread-12] INFO  org.mongodb.driver.connection -
				Closed connection [connectionId{localValue:3, serverValue:2}] to localhost:55459 because the pool has been closed.
2020-01-04 23:40:28 [Thread-10] INFO  o.s.b.a.mongo.embedded.EmbeddedMongo -
				2020-01-04T23:40:28.397+0530 I NETWORK  [conn2] end connection 127.0.0.1:55469 (2 connections now open)
2020-01-04 23:40:28 [Thread-5] INFO  o.s.b.a.mongo.embedded.EmbeddedMongo -
				2020-01-04T23:40:28.400+0530 I NETWORK  [conn1] end connection 127.0.0.1:55447 (1 connection now open)
2020-01-04 23:40:28 [Thread-10] INFO  o.s.b.a.mongo.embedded.EmbeddedMongo -
				2020-01-04T23:40:28.402+0530 I NETWORK  [conn1] end connection 127.0.0.1:55468 (1 connection now open)
2020-01-04 23:40:28 [Thread-5] INFO  o.s.b.a.mongo.embedded.EmbeddedMongo -
				2020-01-04T23:40:28.414+0530 I COMMAND  [conn2] terminating, shutdown command received
2020-01-04 23:40:28 [Thread-5] INFO  o.s.b.a.mongo.embedded.EmbeddedMongo -
				2020-01-04T23:40:28.415+0530 I FTDC     [conn2] Shutting down full-time diagnostic data capture
2020-01-04 23:40:28 [Thread-5] INFO  o.s.b.a.mongo.embedded.EmbeddedMongo -
				2020-01-04T23:40:28.435+0530 I CONTROL  [conn2] now exiting
2020-01-04 23:40:28 [Thread-5] INFO  o.s.b.a.mongo.embedded.EmbeddedMongo -
				2020-01-04T23:40:28.437+0530 I NETWORK  [conn2] shutdown: going to close listening sockets...
2020-01-04 23:40:28 [Thread-5] INFO  o.s.b.a.mongo.embedded.EmbeddedMongo -
				2020-01-04T23:40:28.438+0530 I NETWORK  [conn2] closing listening socket: 720
2020-01-04 23:40:28 [Thread-5] INFO  o.s.b.a.mongo.embedded.EmbeddedMongo -
				2020-01-04T23:40:28.439+0530 I NETWORK  [conn2] shutdown: going to flush diaglog...
2020-01-04 23:40:28 [Thread-5] INFO  o.s.b.a.mongo.embedded.EmbeddedMongo -
				2020-01-04T23:40:28.452+0530 I NETWORK  [conn2] shutdown: going to close sockets...
2020-01-04 23:40:28 [Thread-10] INFO  o.s.b.a.mongo.embedded.EmbeddedMongo -
				2020-01-04T23:40:28.455+0530 I COMMAND  [conn3] terminating, shutdown command received
2020-01-04 23:40:28 [Thread-10] INFO  o.s.b.a.mongo.embedded.EmbeddedMongo -
				2020-01-04T23:40:28.456+0530 I FTDC     [conn3] Shutting down full-time diagnostic data capture
2020-01-04 23:40:28 [Thread-5] INFO  o.s.b.a.mongo.embedded.EmbeddedMongo -
				2020-01-04T23:40:28.474+0530 I STORAGE  [conn2] WiredTigerKVEngine shutting down
2020-01-04 23:40:28 [Thread-10] INFO  o.s.b.a.mongo.embedded.EmbeddedMongo -
				2020-01-04T23:40:28.500+0530 I CONTROL  [conn3] now exiting
2020-01-04 23:40:28 [Thread-10] INFO  o.s.b.a.mongo.embedded.EmbeddedMongo -
				2020-01-04T23:40:28.502+0530 I NETWORK  [conn3] shutdown: going to close listening sockets...
2020-01-04 23:40:28 [Thread-10] INFO  o.s.b.a.mongo.embedded.EmbeddedMongo -
				2020-01-04T23:40:28.504+0530 I NETWORK  [conn3] closing listening socket: 720
2020-01-04 23:40:28 [Thread-10] INFO  o.s.b.a.mongo.embedded.EmbeddedMongo -
				2020-01-04T23:40:28.505+0530 I NETWORK  [conn3] shutdown: going to flush diaglog...
2020-01-04 23:40:28 [Thread-10] INFO  o.s.b.a.mongo.embedded.EmbeddedMongo -
				2020-01-04T23:40:28.506+0530 I NETWORK  [conn3] shutdown: going to close sockets...
2020-01-04 23:40:28 [Thread-10] INFO  o.s.b.a.mongo.embedded.EmbeddedMongo -
				2020-01-04T23:40:28.519+0530 I STORAGE  [conn3] WiredTigerKVEngine shutting down
2020-01-04 23:40:28 [Thread-4] INFO  d.f.e.process.runtime.ProcessControl -
				stopOrDestroyProcess: process has not exited 
2020-01-04 23:40:28 [Thread-9] INFO  d.f.e.process.runtime.ProcessControl -
				stopOrDestroyProcess: process has not exited 
2020-01-04 23:40:28 [Thread-5] INFO  o.s.b.a.mongo.embedded.EmbeddedMongo -
				2020-01-04T23:40:28.927+0530 I STORAGE  [conn2] shutdown: removing fs lock...
2020-01-04 23:40:28 [Thread-5] INFO  o.s.b.a.mongo.embedded.EmbeddedMongo -
				2020-01-04T23:40:28.929+0530 I CONTROL  [conn2] dbexit:  rc: 0
2020-01-04 23:40:29 [Thread-10] INFO  o.s.b.a.mongo.embedded.EmbeddedMongo -
				2020-01-04T23:40:29.108+0530 I STORAGE  [conn3] shutdown: removing fs lock...
2020-01-04 23:40:29 [Thread-10] INFO  o.s.b.a.mongo.embedded.EmbeddedMongo -
				2020-01-04T23:40:29.111+0530 I CONTROL  [conn3] dbexit:  rc: 0
