2020-01-05 04:42:14 [main] INFO  o.s.b.t.a.w.s.WebMvcTestContextBootstrapper -
				Neither @ContextConfiguration nor @ContextHierarchy found for test class [com.stackroute.keepnote.test.controller.CategoryControllerTest], using SpringBootContextLoader
2020-01-05 04:42:14 [main] INFO  o.s.t.c.s.AbstractContextLoader -
				Could not detect default resource locations for test class [com.stackroute.keepnote.test.controller.CategoryControllerTest]: no resource found for suffixes {-context.xml, Context.groovy}.
2020-01-05 04:42:14 [main] INFO  o.s.t.c.s.AnnotationConfigContextLoaderUtils -
				Could not detect default configuration classes for test class [com.stackroute.keepnote.test.controller.CategoryControllerTest]: CategoryControllerTest does not declare any static, non-private, non-final, nested classes annotated with @Configuration.
2020-01-05 04:42:14 [main] INFO  o.s.b.t.c.SpringBootTestContextBootstrapper -
				Found @SpringBootConfiguration com.stackroute.keepnote.CategoryServiceApplication for test class com.stackroute.keepnote.test.controller.CategoryControllerTest
2020-01-05 04:42:14 [main] INFO  o.s.b.t.a.w.s.WebMvcTestContextBootstrapper -
				Loaded default TestExecutionListener class names from location [META-INF/spring.factories]: [org.springframework.boot.test.mock.mockito.MockitoTestExecutionListener, org.springframework.boot.test.mock.mockito.ResetMocksTestExecutionListener, org.springframework.boot.test.autoconfigure.restdocs.RestDocsTestExecutionListener, org.springframework.boot.test.autoconfigure.web.client.MockRestServiceServerResetTestExecutionListener, org.springframework.boot.test.autoconfigure.web.servlet.MockMvcPrintOnlyOnFailureTestExecutionListener, org.springframework.boot.test.autoconfigure.web.servlet.WebDriverTestExecutionListener, org.springframework.test.context.web.ServletTestExecutionListener, org.springframework.test.context.support.DirtiesContextBeforeModesTestExecutionListener, org.springframework.test.context.support.DependencyInjectionTestExecutionListener, org.springframework.test.context.support.DirtiesContextTestExecutionListener, org.springframework.test.context.transaction.TransactionalTestExecutionListener, org.springframework.test.context.jdbc.SqlScriptsTestExecutionListener]
2020-01-05 04:42:14 [main] INFO  o.s.b.t.a.w.s.WebMvcTestContextBootstrapper -
				Using TestExecutionListeners: [org.springframework.test.context.web.ServletTestExecutionListener@55183b20, org.springframework.test.context.support.DirtiesContextBeforeModesTestExecutionListener@4f83df68, org.springframework.boot.test.mock.mockito.MockitoTestExecutionListener@6cf0e0ba, org.springframework.boot.test.autoconfigure.SpringBootDependencyInjectionTestExecutionListener@7d8995e, org.springframework.test.context.support.DirtiesContextTestExecutionListener@130d63be, org.springframework.test.context.transaction.TransactionalTestExecutionListener@42a48628, org.springframework.test.context.jdbc.SqlScriptsTestExecutionListener@293a5bf6, org.springframework.boot.test.mock.mockito.ResetMocksTestExecutionListener@6aeb35e6, org.springframework.boot.test.autoconfigure.restdocs.RestDocsTestExecutionListener@1283bb96, org.springframework.boot.test.autoconfigure.web.client.MockRestServiceServerResetTestExecutionListener@74f0ea28, org.springframework.boot.test.autoconfigure.web.servlet.MockMvcPrintOnlyOnFailureTestExecutionListener@f6efaab, org.springframework.boot.test.autoconfigure.web.servlet.WebDriverTestExecutionListener@3c19aaa5]
2020-01-05 04:42:14 [main] INFO  o.s.b.t.c.SpringBootTestContextBootstrapper -
				Neither @ContextConfiguration nor @ContextHierarchy found for test class [com.stackroute.keepnote.test.log.LoggerTest], using SpringBootContextLoader
2020-01-05 04:42:14 [main] INFO  o.s.t.c.s.AbstractContextLoader -
				Could not detect default resource locations for test class [com.stackroute.keepnote.test.log.LoggerTest]: no resource found for suffixes {-context.xml, Context.groovy}.
2020-01-05 04:42:14 [main] INFO  o.s.t.c.s.AnnotationConfigContextLoaderUtils -
				Could not detect default configuration classes for test class [com.stackroute.keepnote.test.log.LoggerTest]: LoggerTest does not declare any static, non-private, non-final, nested classes annotated with @Configuration.
2020-01-05 04:42:14 [main] INFO  o.s.b.t.c.SpringBootTestContextBootstrapper -
				Found @SpringBootConfiguration com.stackroute.keepnote.CategoryServiceApplication for test class com.stackroute.keepnote.test.log.LoggerTest
2020-01-05 04:42:14 [main] INFO  o.s.b.t.c.SpringBootTestContextBootstrapper -
				Loaded default TestExecutionListener class names from location [META-INF/spring.factories]: [org.springframework.boot.test.mock.mockito.MockitoTestExecutionListener, org.springframework.boot.test.mock.mockito.ResetMocksTestExecutionListener, org.springframework.boot.test.autoconfigure.restdocs.RestDocsTestExecutionListener, org.springframework.boot.test.autoconfigure.web.client.MockRestServiceServerResetTestExecutionListener, org.springframework.boot.test.autoconfigure.web.servlet.MockMvcPrintOnlyOnFailureTestExecutionListener, org.springframework.boot.test.autoconfigure.web.servlet.WebDriverTestExecutionListener, org.springframework.test.context.web.ServletTestExecutionListener, org.springframework.test.context.support.DirtiesContextBeforeModesTestExecutionListener, org.springframework.test.context.support.DependencyInjectionTestExecutionListener, org.springframework.test.context.support.DirtiesContextTestExecutionListener, org.springframework.test.context.transaction.TransactionalTestExecutionListener, org.springframework.test.context.jdbc.SqlScriptsTestExecutionListener]
2020-01-05 04:42:14 [main] INFO  o.s.b.t.c.SpringBootTestContextBootstrapper -
				Using TestExecutionListeners: [org.springframework.test.context.web.ServletTestExecutionListener@5403f35f, org.springframework.test.context.support.DirtiesContextBeforeModesTestExecutionListener@483f6d77, org.springframework.boot.test.mock.mockito.MockitoTestExecutionListener@7e5afaa6, org.springframework.boot.test.autoconfigure.SpringBootDependencyInjectionTestExecutionListener@63a12c68, org.springframework.test.context.support.DirtiesContextTestExecutionListener@28f3b248, org.springframework.test.context.transaction.TransactionalTestExecutionListener@1b1426f4, org.springframework.test.context.jdbc.SqlScriptsTestExecutionListener@32b260fa, org.springframework.boot.test.mock.mockito.ResetMocksTestExecutionListener@581ac8a8, org.springframework.boot.test.autoconfigure.restdocs.RestDocsTestExecutionListener@6d4e5011, org.springframework.boot.test.autoconfigure.web.client.MockRestServiceServerResetTestExecutionListener@57d7f8ca, org.springframework.boot.test.autoconfigure.web.servlet.MockMvcPrintOnlyOnFailureTestExecutionListener@76c3e77a, org.springframework.boot.test.autoconfigure.web.servlet.WebDriverTestExecutionListener@78123e82]
2020-01-05 04:42:14 [main] INFO  o.s.b.t.c.SpringBootTestContextBootstrapper -
				Neither @ContextConfiguration nor @ContextHierarchy found for test class [com.stackroute.keepnote.test.repository.CategoryRepositoryTest], using SpringBootContextLoader
2020-01-05 04:42:14 [main] INFO  o.s.t.c.s.AbstractContextLoader -
				Could not detect default resource locations for test class [com.stackroute.keepnote.test.repository.CategoryRepositoryTest]: no resource found for suffixes {-context.xml, Context.groovy}.
2020-01-05 04:42:14 [main] INFO  o.s.t.c.s.AnnotationConfigContextLoaderUtils -
				Could not detect default configuration classes for test class [com.stackroute.keepnote.test.repository.CategoryRepositoryTest]: CategoryRepositoryTest does not declare any static, non-private, non-final, nested classes annotated with @Configuration.
2020-01-05 04:42:14 [main] INFO  o.s.b.t.c.SpringBootTestContextBootstrapper -
				Found @SpringBootConfiguration com.stackroute.keepnote.CategoryServiceApplication for test class com.stackroute.keepnote.test.repository.CategoryRepositoryTest
2020-01-05 04:42:14 [main] INFO  o.s.b.t.c.SpringBootTestContextBootstrapper -
				Loaded default TestExecutionListener class names from location [META-INF/spring.factories]: [org.springframework.boot.test.mock.mockito.MockitoTestExecutionListener, org.springframework.boot.test.mock.mockito.ResetMocksTestExecutionListener, org.springframework.boot.test.autoconfigure.restdocs.RestDocsTestExecutionListener, org.springframework.boot.test.autoconfigure.web.client.MockRestServiceServerResetTestExecutionListener, org.springframework.boot.test.autoconfigure.web.servlet.MockMvcPrintOnlyOnFailureTestExecutionListener, org.springframework.boot.test.autoconfigure.web.servlet.WebDriverTestExecutionListener, org.springframework.test.context.web.ServletTestExecutionListener, org.springframework.test.context.support.DirtiesContextBeforeModesTestExecutionListener, org.springframework.test.context.support.DependencyInjectionTestExecutionListener, org.springframework.test.context.support.DirtiesContextTestExecutionListener, org.springframework.test.context.transaction.TransactionalTestExecutionListener, org.springframework.test.context.jdbc.SqlScriptsTestExecutionListener]
2020-01-05 04:42:14 [main] INFO  o.s.b.t.c.SpringBootTestContextBootstrapper -
				Using TestExecutionListeners: [org.springframework.test.context.web.ServletTestExecutionListener@6da21078, org.springframework.test.context.support.DirtiesContextBeforeModesTestExecutionListener@7fee8714, org.springframework.boot.test.mock.mockito.MockitoTestExecutionListener@4229bb3f, org.springframework.boot.test.autoconfigure.SpringBootDependencyInjectionTestExecutionListener@56cdfb3b, org.springframework.test.context.support.DirtiesContextTestExecutionListener@2b91004a, org.springframework.test.context.transaction.TransactionalTestExecutionListener@20ccf40b, org.springframework.test.context.jdbc.SqlScriptsTestExecutionListener@2fb3536e, org.springframework.boot.test.mock.mockito.ResetMocksTestExecutionListener@169e6180, org.springframework.boot.test.autoconfigure.restdocs.RestDocsTestExecutionListener@35aea049, org.springframework.boot.test.autoconfigure.web.client.MockRestServiceServerResetTestExecutionListener@7205765b, org.springframework.boot.test.autoconfigure.web.servlet.MockMvcPrintOnlyOnFailureTestExecutionListener@47987356, org.springframework.boot.test.autoconfigure.web.servlet.WebDriverTestExecutionListener@22ef9844]
2020-01-05 04:42:15 [main] INFO  c.s.k.t.c.CategoryControllerTest -
				Starting CategoryControllerTest on ip-172-31-41-20 with PID 4467 (started by ubuntu in /home/ubuntu/Desktop/Assignment/KeepNote-Step6-Boilerplate/CategoryService)
2020-01-05 04:42:15 [main] INFO  c.s.k.t.c.CategoryControllerTest -
				No active profile set, falling back to default profiles: default
2020-01-05 04:42:15 [main] INFO  o.s.w.c.s.GenericWebApplicationContext -
				Refreshing org.springframework.web.context.support.GenericWebApplicationContext@6d8792db: startup date [Sun Jan 05 04:42:15 UTC 2020]; root of context hierarchy
2020-01-05 04:42:17 [main] INFO  o.s.w.s.h.SimpleUrlHandlerMapping -
				Mapped URL path [/**/favicon.ico] onto handler of type [class org.springframework.web.servlet.resource.ResourceHttpRequestHandler]
2020-01-05 04:42:17 [main] INFO  o.s.w.s.m.m.a.RequestMappingHandlerAdapter -
				Looking for @ControllerAdvice: org.springframework.web.context.support.GenericWebApplicationContext@6d8792db: startup date [Sun Jan 05 04:42:15 UTC 2020]; root of context hierarchy
2020-01-05 04:42:17 [main] INFO  o.s.w.s.m.m.a.RequestMappingHandlerMapping -
				Mapped "{[/api/v1/category],methods=[POST]}" onto public org.springframework.http.ResponseEntity<?> com.stackroute.keepnote.controller.CategoryController.createCategory(com.stackroute.keepnote.model.Category)
2020-01-05 04:42:17 [main] INFO  o.s.w.s.m.m.a.RequestMappingHandlerMapping -
				Mapped "{[/api/v1/category/{id}],methods=[DELETE]}" onto public org.springframework.http.ResponseEntity<?> com.stackroute.keepnote.controller.CategoryController.deleteCategory(java.lang.String)
2020-01-05 04:42:17 [main] INFO  o.s.w.s.m.m.a.RequestMappingHandlerMapping -
				Mapped "{[/api/v1/category/{id}],methods=[PUT]}" onto public org.springframework.http.ResponseEntity<?> com.stackroute.keepnote.controller.CategoryController.updateCategory(com.stackroute.keepnote.model.Category,java.lang.String)
2020-01-05 04:42:17 [main] INFO  o.s.w.s.m.m.a.RequestMappingHandlerMapping -
				Mapped "{[/api/v1/category/{id}],methods=[GET]}" onto public org.springframework.http.ResponseEntity<?> com.stackroute.keepnote.controller.CategoryController.getCategoryById(java.lang.String)
2020-01-05 04:42:17 [main] INFO  o.s.w.s.m.m.a.RequestMappingHandlerMapping -
				Mapped "{[/]}" onto public java.lang.String com.stackroute.keepnote.controller.RootController.swaggerUI()
2020-01-05 04:42:17 [main] INFO  o.s.w.s.m.m.a.RequestMappingHandlerMapping -
				Mapped "{[/error],produces=[text/html]}" onto public org.springframework.web.servlet.ModelAndView org.springframework.boot.autoconfigure.web.servlet.error.BasicErrorController.errorHtml(javax.servlet.http.HttpServletRequest,javax.servlet.http.HttpServletResponse)
2020-01-05 04:42:17 [main] INFO  o.s.w.s.m.m.a.RequestMappingHandlerMapping -
				Mapped "{[/error]}" onto public org.springframework.http.ResponseEntity<java.util.Map<java.lang.String, java.lang.Object>> org.springframework.boot.autoconfigure.web.servlet.error.BasicErrorController.error(javax.servlet.http.HttpServletRequest)
2020-01-05 04:42:17 [main] INFO  o.s.w.s.h.SimpleUrlHandlerMapping -
				Mapped URL path [/webjars/**] onto handler of type [class org.springframework.web.servlet.resource.ResourceHttpRequestHandler]
2020-01-05 04:42:17 [main] INFO  o.s.w.s.h.SimpleUrlHandlerMapping -
				Mapped URL path [/**] onto handler of type [class org.springframework.web.servlet.resource.ResourceHttpRequestHandler]
2020-01-05 04:42:17 [main] INFO  o.s.b.t.m.w.SpringBootMockServletContext -
				Initializing Spring FrameworkServlet ''
2020-01-05 04:42:17 [main] INFO  o.s.t.w.s.TestDispatcherServlet -
				FrameworkServlet '': initialization started
2020-01-05 04:42:17 [main] INFO  o.s.t.w.s.TestDispatcherServlet -
				FrameworkServlet '': initialization completed in 11 ms
2020-01-05 04:42:17 [main] INFO  c.s.k.t.c.CategoryControllerTest -
				Started CategoryControllerTest in 2.463 seconds (JVM running for 4.138)
2020-01-05 04:42:17 [main] INFO  o.s.w.s.m.m.a.RequestMappingHandlerMapping -
				Mapped "{[/api/v1/category],methods=[POST]}" onto public org.springframework.http.ResponseEntity<?> com.stackroute.keepnote.controller.CategoryController.createCategory(com.stackroute.keepnote.model.Category)
2020-01-05 04:42:17 [main] INFO  o.s.w.s.m.m.a.RequestMappingHandlerMapping -
				Mapped "{[/api/v1/category/{id}],methods=[DELETE]}" onto public org.springframework.http.ResponseEntity<?> com.stackroute.keepnote.controller.CategoryController.deleteCategory(java.lang.String)
2020-01-05 04:42:17 [main] INFO  o.s.w.s.m.m.a.RequestMappingHandlerMapping -
				Mapped "{[/api/v1/category/{id}],methods=[PUT]}" onto public org.springframework.http.ResponseEntity<?> com.stackroute.keepnote.controller.CategoryController.updateCategory(com.stackroute.keepnote.model.Category,java.lang.String)
2020-01-05 04:42:17 [main] INFO  o.s.w.s.m.m.a.RequestMappingHandlerMapping -
				Mapped "{[/api/v1/category/{id}],methods=[GET]}" onto public org.springframework.http.ResponseEntity<?> com.stackroute.keepnote.controller.CategoryController.getCategoryById(java.lang.String)
2020-01-05 04:42:17 [main] INFO  o.s.w.s.m.m.a.RequestMappingHandlerAdapter -
				Looking for @ControllerAdvice: org.springframework.test.web.servlet.setup.StubWebApplicationContext@55e2fe3c
2020-01-05 04:42:17 [main] INFO  o.s.mock.web.MockServletContext -
				Initializing Spring FrameworkServlet ''
2020-01-05 04:42:17 [main] INFO  o.s.t.w.s.TestDispatcherServlet -
				FrameworkServlet '': initialization started
2020-01-05 04:42:17 [main] INFO  o.s.t.w.s.TestDispatcherServlet -
				FrameworkServlet '': initialization completed in 0 ms
2020-01-05 04:42:17 [main] INFO  o.s.w.s.m.m.a.RequestMappingHandlerMapping -
				Mapped "{[/api/v1/category],methods=[POST]}" onto public org.springframework.http.ResponseEntity<?> com.stackroute.keepnote.controller.CategoryController.createCategory(com.stackroute.keepnote.model.Category)
2020-01-05 04:42:17 [main] INFO  o.s.w.s.m.m.a.RequestMappingHandlerMapping -
				Mapped "{[/api/v1/category/{id}],methods=[DELETE]}" onto public org.springframework.http.ResponseEntity<?> com.stackroute.keepnote.controller.CategoryController.deleteCategory(java.lang.String)
2020-01-05 04:42:17 [main] INFO  o.s.w.s.m.m.a.RequestMappingHandlerMapping -
				Mapped "{[/api/v1/category/{id}],methods=[PUT]}" onto public org.springframework.http.ResponseEntity<?> com.stackroute.keepnote.controller.CategoryController.updateCategory(com.stackroute.keepnote.model.Category,java.lang.String)
2020-01-05 04:42:17 [main] INFO  o.s.w.s.m.m.a.RequestMappingHandlerMapping -
				Mapped "{[/api/v1/category/{id}],methods=[GET]}" onto public org.springframework.http.ResponseEntity<?> com.stackroute.keepnote.controller.CategoryController.getCategoryById(java.lang.String)
2020-01-05 04:42:17 [main] INFO  o.s.w.s.m.m.a.RequestMappingHandlerAdapter -
				Looking for @ControllerAdvice: org.springframework.test.web.servlet.setup.StubWebApplicationContext@3d904e9c
2020-01-05 04:42:17 [main] INFO  o.s.mock.web.MockServletContext -
				Initializing Spring FrameworkServlet ''
2020-01-05 04:42:17 [main] INFO  o.s.t.w.s.TestDispatcherServlet -
				FrameworkServlet '': initialization started
2020-01-05 04:42:17 [main] INFO  o.s.t.w.s.TestDispatcherServlet -
				FrameworkServlet '': initialization completed in 0 ms
2020-01-05 04:42:17 [main] INFO  o.s.w.s.m.m.a.RequestMappingHandlerMapping -
				Mapped "{[/api/v1/category],methods=[POST]}" onto public org.springframework.http.ResponseEntity<?> com.stackroute.keepnote.controller.CategoryController.createCategory(com.stackroute.keepnote.model.Category)
2020-01-05 04:42:17 [main] INFO  o.s.w.s.m.m.a.RequestMappingHandlerMapping -
				Mapped "{[/api/v1/category/{id}],methods=[DELETE]}" onto public org.springframework.http.ResponseEntity<?> com.stackroute.keepnote.controller.CategoryController.deleteCategory(java.lang.String)
2020-01-05 04:42:17 [main] INFO  o.s.w.s.m.m.a.RequestMappingHandlerMapping -
				Mapped "{[/api/v1/category/{id}],methods=[PUT]}" onto public org.springframework.http.ResponseEntity<?> com.stackroute.keepnote.controller.CategoryController.updateCategory(com.stackroute.keepnote.model.Category,java.lang.String)
2020-01-05 04:42:17 [main] INFO  o.s.w.s.m.m.a.RequestMappingHandlerMapping -
				Mapped "{[/api/v1/category/{id}],methods=[GET]}" onto public org.springframework.http.ResponseEntity<?> com.stackroute.keepnote.controller.CategoryController.getCategoryById(java.lang.String)
2020-01-05 04:42:17 [main] INFO  o.s.w.s.m.m.a.RequestMappingHandlerAdapter -
				Looking for @ControllerAdvice: org.springframework.test.web.servlet.setup.StubWebApplicationContext@733aa9d8
2020-01-05 04:42:17 [main] INFO  o.s.mock.web.MockServletContext -
				Initializing Spring FrameworkServlet ''
2020-01-05 04:42:18 [main] INFO  o.s.t.w.s.TestDispatcherServlet -
				FrameworkServlet '': initialization started
2020-01-05 04:42:18 [main] INFO  o.s.t.w.s.TestDispatcherServlet -
				FrameworkServlet '': initialization completed in 0 ms
2020-01-05 04:42:18 [main] INFO  o.s.w.s.m.m.a.RequestMappingHandlerMapping -
				Mapped "{[/api/v1/category],methods=[POST]}" onto public org.springframework.http.ResponseEntity<?> com.stackroute.keepnote.controller.CategoryController.createCategory(com.stackroute.keepnote.model.Category)
2020-01-05 04:42:18 [main] INFO  o.s.w.s.m.m.a.RequestMappingHandlerMapping -
				Mapped "{[/api/v1/category/{id}],methods=[DELETE]}" onto public org.springframework.http.ResponseEntity<?> com.stackroute.keepnote.controller.CategoryController.deleteCategory(java.lang.String)
2020-01-05 04:42:18 [main] INFO  o.s.w.s.m.m.a.RequestMappingHandlerMapping -
				Mapped "{[/api/v1/category/{id}],methods=[PUT]}" onto public org.springframework.http.ResponseEntity<?> com.stackroute.keepnote.controller.CategoryController.updateCategory(com.stackroute.keepnote.model.Category,java.lang.String)
2020-01-05 04:42:18 [main] INFO  o.s.w.s.m.m.a.RequestMappingHandlerMapping -
				Mapped "{[/api/v1/category/{id}],methods=[GET]}" onto public org.springframework.http.ResponseEntity<?> com.stackroute.keepnote.controller.CategoryController.getCategoryById(java.lang.String)
2020-01-05 04:42:18 [main] INFO  o.s.w.s.m.m.a.RequestMappingHandlerAdapter -
				Looking for @ControllerAdvice: org.springframework.test.web.servlet.setup.StubWebApplicationContext@784abd3e
2020-01-05 04:42:18 [main] INFO  o.s.mock.web.MockServletContext -
				Initializing Spring FrameworkServlet ''
2020-01-05 04:42:18 [main] INFO  o.s.t.w.s.TestDispatcherServlet -
				FrameworkServlet '': initialization started
2020-01-05 04:42:18 [main] INFO  o.s.t.w.s.TestDispatcherServlet -
				FrameworkServlet '': initialization completed in 0 ms
2020-01-05 04:42:18 [main] INFO  o.s.w.s.m.m.a.RequestMappingHandlerMapping -
				Mapped "{[/api/v1/category],methods=[POST]}" onto public org.springframework.http.ResponseEntity<?> com.stackroute.keepnote.controller.CategoryController.createCategory(com.stackroute.keepnote.model.Category)
2020-01-05 04:42:18 [main] INFO  o.s.w.s.m.m.a.RequestMappingHandlerMapping -
				Mapped "{[/api/v1/category/{id}],methods=[DELETE]}" onto public org.springframework.http.ResponseEntity<?> com.stackroute.keepnote.controller.CategoryController.deleteCategory(java.lang.String)
2020-01-05 04:42:18 [main] INFO  o.s.w.s.m.m.a.RequestMappingHandlerMapping -
				Mapped "{[/api/v1/category/{id}],methods=[PUT]}" onto public org.springframework.http.ResponseEntity<?> com.stackroute.keepnote.controller.CategoryController.updateCategory(com.stackroute.keepnote.model.Category,java.lang.String)
2020-01-05 04:42:18 [main] INFO  o.s.w.s.m.m.a.RequestMappingHandlerMapping -
				Mapped "{[/api/v1/category/{id}],methods=[GET]}" onto public org.springframework.http.ResponseEntity<?> com.stackroute.keepnote.controller.CategoryController.getCategoryById(java.lang.String)
2020-01-05 04:42:18 [main] INFO  o.s.w.s.m.m.a.RequestMappingHandlerAdapter -
				Looking for @ControllerAdvice: org.springframework.test.web.servlet.setup.StubWebApplicationContext@5e7c141d
2020-01-05 04:42:18 [main] INFO  o.s.mock.web.MockServletContext -
				Initializing Spring FrameworkServlet ''
2020-01-05 04:42:18 [main] INFO  o.s.t.w.s.TestDispatcherServlet -
				FrameworkServlet '': initialization started
2020-01-05 04:42:18 [main] INFO  o.s.t.w.s.TestDispatcherServlet -
				FrameworkServlet '': initialization completed in 1 ms
2020-01-05 04:42:18 [main] INFO  o.s.w.s.m.m.a.RequestMappingHandlerMapping -
				Mapped "{[/api/v1/category],methods=[POST]}" onto public org.springframework.http.ResponseEntity<?> com.stackroute.keepnote.controller.CategoryController.createCategory(com.stackroute.keepnote.model.Category)
2020-01-05 04:42:18 [main] INFO  o.s.w.s.m.m.a.RequestMappingHandlerMapping -
				Mapped "{[/api/v1/category/{id}],methods=[DELETE]}" onto public org.springframework.http.ResponseEntity<?> com.stackroute.keepnote.controller.CategoryController.deleteCategory(java.lang.String)
2020-01-05 04:42:18 [main] INFO  o.s.w.s.m.m.a.RequestMappingHandlerMapping -
				Mapped "{[/api/v1/category/{id}],methods=[PUT]}" onto public org.springframework.http.ResponseEntity<?> com.stackroute.keepnote.controller.CategoryController.updateCategory(com.stackroute.keepnote.model.Category,java.lang.String)
2020-01-05 04:42:18 [main] INFO  o.s.w.s.m.m.a.RequestMappingHandlerMapping -
				Mapped "{[/api/v1/category/{id}],methods=[GET]}" onto public org.springframework.http.ResponseEntity<?> com.stackroute.keepnote.controller.CategoryController.getCategoryById(java.lang.String)
2020-01-05 04:42:18 [main] INFO  o.s.w.s.m.m.a.RequestMappingHandlerAdapter -
				Looking for @ControllerAdvice: org.springframework.test.web.servlet.setup.StubWebApplicationContext@4052c8c2
2020-01-05 04:42:18 [main] INFO  o.s.mock.web.MockServletContext -
				Initializing Spring FrameworkServlet ''
2020-01-05 04:42:18 [main] INFO  o.s.t.w.s.TestDispatcherServlet -
				FrameworkServlet '': initialization started
2020-01-05 04:42:18 [main] INFO  o.s.t.w.s.TestDispatcherServlet -
				FrameworkServlet '': initialization completed in 0 ms
2020-01-05 04:42:18 [main] INFO  o.s.w.s.m.m.a.RequestMappingHandlerMapping -
				Mapped "{[/api/v1/category],methods=[POST]}" onto public org.springframework.http.ResponseEntity<?> com.stackroute.keepnote.controller.CategoryController.createCategory(com.stackroute.keepnote.model.Category)
2020-01-05 04:42:18 [main] INFO  o.s.w.s.m.m.a.RequestMappingHandlerMapping -
				Mapped "{[/api/v1/category/{id}],methods=[DELETE]}" onto public org.springframework.http.ResponseEntity<?> com.stackroute.keepnote.controller.CategoryController.deleteCategory(java.lang.String)
2020-01-05 04:42:18 [main] INFO  o.s.w.s.m.m.a.RequestMappingHandlerMapping -
				Mapped "{[/api/v1/category/{id}],methods=[PUT]}" onto public org.springframework.http.ResponseEntity<?> com.stackroute.keepnote.controller.CategoryController.updateCategory(com.stackroute.keepnote.model.Category,java.lang.String)
2020-01-05 04:42:18 [main] INFO  o.s.w.s.m.m.a.RequestMappingHandlerMapping -
				Mapped "{[/api/v1/category/{id}],methods=[GET]}" onto public org.springframework.http.ResponseEntity<?> com.stackroute.keepnote.controller.CategoryController.getCategoryById(java.lang.String)
2020-01-05 04:42:18 [main] INFO  o.s.w.s.m.m.a.RequestMappingHandlerAdapter -
				Looking for @ControllerAdvice: org.springframework.test.web.servlet.setup.StubWebApplicationContext@45acdd11
2020-01-05 04:42:18 [main] INFO  o.s.mock.web.MockServletContext -
				Initializing Spring FrameworkServlet ''
2020-01-05 04:42:18 [main] INFO  o.s.t.w.s.TestDispatcherServlet -
				FrameworkServlet '': initialization started
2020-01-05 04:42:18 [main] INFO  o.s.t.w.s.TestDispatcherServlet -
				FrameworkServlet '': initialization completed in 0 ms
2020-01-05 04:42:18 [main] INFO  o.s.w.s.m.m.a.RequestMappingHandlerMapping -
				Mapped "{[/api/v1/category],methods=[POST]}" onto public org.springframework.http.ResponseEntity<?> com.stackroute.keepnote.controller.CategoryController.createCategory(com.stackroute.keepnote.model.Category)
2020-01-05 04:42:18 [main] INFO  o.s.w.s.m.m.a.RequestMappingHandlerMapping -
				Mapped "{[/api/v1/category/{id}],methods=[DELETE]}" onto public org.springframework.http.ResponseEntity<?> com.stackroute.keepnote.controller.CategoryController.deleteCategory(java.lang.String)
2020-01-05 04:42:18 [main] INFO  o.s.w.s.m.m.a.RequestMappingHandlerMapping -
				Mapped "{[/api/v1/category/{id}],methods=[PUT]}" onto public org.springframework.http.ResponseEntity<?> com.stackroute.keepnote.controller.CategoryController.updateCategory(com.stackroute.keepnote.model.Category,java.lang.String)
2020-01-05 04:42:18 [main] INFO  o.s.w.s.m.m.a.RequestMappingHandlerMapping -
				Mapped "{[/api/v1/category/{id}],methods=[GET]}" onto public org.springframework.http.ResponseEntity<?> com.stackroute.keepnote.controller.CategoryController.getCategoryById(java.lang.String)
2020-01-05 04:42:18 [main] INFO  o.s.w.s.m.m.a.RequestMappingHandlerAdapter -
				Looking for @ControllerAdvice: org.springframework.test.web.servlet.setup.StubWebApplicationContext@c755b2
2020-01-05 04:42:18 [main] INFO  o.s.mock.web.MockServletContext -
				Initializing Spring FrameworkServlet ''
2020-01-05 04:42:18 [main] INFO  o.s.t.w.s.TestDispatcherServlet -
				FrameworkServlet '': initialization started
2020-01-05 04:42:18 [main] INFO  o.s.t.w.s.TestDispatcherServlet -
				FrameworkServlet '': initialization completed in 1 ms
2020-01-05 04:42:18 [main] INFO  c.s.keepnote.test.log.LoggerTest -
				Starting LoggerTest on ip-172-31-41-20 with PID 4467 (started by ubuntu in /home/ubuntu/Desktop/Assignment/KeepNote-Step6-Boilerplate/CategoryService)
2020-01-05 04:42:18 [main] INFO  c.s.keepnote.test.log.LoggerTest -
				No active profile set, falling back to default profiles: default
2020-01-05 04:42:18 [main] INFO  o.s.w.c.s.GenericWebApplicationContext -
				Refreshing org.springframework.web.context.support.GenericWebApplicationContext@3a66e67e: startup date [Sun Jan 05 04:42:18 UTC 2020]; root of context hierarchy
2020-01-05 04:42:19 [main] INFO  d.f.e.process.runtime.ProcessControl -
				stopOrDestroyProcess: process hasn't exited 
2020-01-05 04:42:19 [Thread-6] INFO  o.s.b.a.mongo.embedded.EmbeddedMongo -
				note: noprealloc may hurt performance in many applications
2020-01-05 04:42:19 [Thread-6] INFO  o.s.b.a.mongo.embedded.EmbeddedMongo -
				2020-01-05T04:42:19.613+0000 I CONTROL  [initandlisten] MongoDB starting : pid=4491 port=39977 dbpath=/tmp/embedmongo-db-9f07b1fb-f358-4343-9089-760179c3bd9d 64-bit host=ip-172-31-41-20
2020-01-05 04:42:19 [Thread-6] INFO  o.s.b.a.mongo.embedded.EmbeddedMongo -
				2020-01-05T04:42:19.615+0000 I CONTROL  [initandlisten] db version v3.2.2
2020-01-05 04:42:19 [Thread-6] INFO  o.s.b.a.mongo.embedded.EmbeddedMongo -
				2020-01-05T04:42:19.615+0000 I CONTROL  [initandlisten] git version: 6e71d0d568e134c029203593b00a0103e7cdf30b
2020-01-05 04:42:19 [Thread-6] INFO  o.s.b.a.mongo.embedded.EmbeddedMongo -
				2020-01-05T04:42:19.616+0000 I CONTROL  [initandlisten] allocator: tcmalloc
2020-01-05 04:42:19 [Thread-6] INFO  o.s.b.a.mongo.embedded.EmbeddedMongo -
				2020-01-05T04:42:19.616+0000 I CONTROL  [initandlisten] modules: none
2020-01-05 04:42:19 [Thread-6] INFO  o.s.b.a.mongo.embedded.EmbeddedMongo -
				2020-01-05T04:42:19.616+0000 I CONTROL  [initandlisten] build environment:
2020-01-05 04:42:19 [Thread-6] INFO  o.s.b.a.mongo.embedded.EmbeddedMongo -
				2020-01-05T04:42:19.616+0000 I CONTROL  [initandlisten]     distarch: x86_64
2020-01-05 04:42:19 [Thread-6] INFO  o.s.b.a.mongo.embedded.EmbeddedMongo -
				2020-01-05T04:42:19.617+0000 I CONTROL  [initandlisten]     target_arch: x86_64
2020-01-05 04:42:19 [Thread-6] INFO  o.s.b.a.mongo.embedded.EmbeddedMongo -
				2020-01-05T04:42:19.617+0000 I CONTROL  [initandlisten] options: { net: { bindIp: "127.0.0.1", http: { enabled: false }, port: 39977 }, security: { authorization: "disabled" }, storage: { dbPath: "/tmp/embedmongo-db-9f07b1fb-f358-4343-9089-760179c3bd9d", journal: { enabled: false }, mmapv1: { preallocDataFiles: false, smallFiles: true }, syncPeriodSecs: 0.0 } }
2020-01-05 04:42:19 [Thread-6] INFO  o.s.b.a.mongo.embedded.EmbeddedMongo -
				2020-01-05T04:42:19.642+0000 I STORAGE  [initandlisten] wiredtiger_open config: create,cache_size=4G,session_max=20000,eviction=(threads_max=4),config_base=false,statistics=(fast),log=(enabled=true,archive=true,path=journal,compressor=snappy),file_manager=(close_idle_time=100000),checkpoint=(wait=0,log_size=2GB),statistics_log=(wait=0),,log=(enabled=false),
2020-01-05 04:42:19 [Thread-6] INFO  o.s.b.a.mongo.embedded.EmbeddedMongo -
				2020-01-05T04:42:19.699+0000 W STORAGE  [initandlisten] Detected configuration for non-active storage engine mmapv1 when current storage engine is wiredTiger
2020-01-05 04:42:19 [Thread-6] INFO  o.s.b.a.mongo.embedded.EmbeddedMongo -
				2020-01-05T04:42:19.700+0000 I FTDC     [initandlisten] Initializing full-time diagnostic data capture with directory '/tmp/embedmongo-db-9f07b1fb-f358-4343-9089-760179c3bd9d/diagnostic.data'
2020-01-05 04:42:19 [Thread-6] INFO  o.s.b.a.mongo.embedded.EmbeddedMongo -
				2020-01-05T04:42:19.700+0000 I NETWORK  [HostnameCanonicalizationWorker] Starting hostname canonicalization worker
2020-01-05 04:42:19 [Thread-6] INFO  o.s.b.a.mongo.embedded.EmbeddedMongo -
				2020-01-05T04:42:19.717+0000 I NETWORK  [initandlisten] waiting for connections on port 39977
2020-01-05 04:42:19 [main] INFO  d.f.embed.process.runtime.Executable -
				start de.flapdoodle.embed.mongo.config.MongodConfigBuilder$ImmutableMongodConfig@72a8361b
2020-01-05 04:42:19 [main] INFO  org.mongodb.driver.cluster -
				Cluster created with settings {hosts=[localhost:39977], mode=MULTIPLE, requiredClusterType=UNKNOWN, serverSelectionTimeout='30000 ms', maxWaitQueueSize=500}
2020-01-05 04:42:19 [main] INFO  org.mongodb.driver.cluster -
				Adding discovered server localhost:39977 to client view of cluster
2020-01-05 04:42:20 [Thread-6] INFO  o.s.b.a.mongo.embedded.EmbeddedMongo -
				2020-01-05T04:42:20.057+0000 I NETWORK  [initandlisten] connection accepted from 127.0.0.1:35778 #1 (1 connection now open)
2020-01-05 04:42:20 [cluster-ClusterId{value='5e11692be81555117336f2bc', description='null'}-localhost:39977] INFO  org.mongodb.driver.connection -
				Opened connection [connectionId{localValue:1, serverValue:1}] to localhost:39977
2020-01-05 04:42:20 [cluster-ClusterId{value='5e11692be81555117336f2bc', description='null'}-localhost:39977] INFO  org.mongodb.driver.cluster -
				Monitor thread successfully connected to server with description ServerDescription{address=localhost:39977, type=STANDALONE, state=CONNECTED, ok=true, version=ServerVersion{versionList=[3, 2, 2]}, minWireVersion=0, maxWireVersion=4, maxDocumentSize=16777216, logicalSessionTimeoutMinutes=null, roundTripTimeNanos=8504155}
2020-01-05 04:42:20 [cluster-ClusterId{value='5e11692be81555117336f2bc', description='null'}-localhost:39977] INFO  org.mongodb.driver.cluster -
				Discovered cluster type of STANDALONE
2020-01-05 04:42:21 [main] INFO  o.s.w.s.m.m.a.RequestMappingHandlerMapping -
				Mapped "{[/api/v1/category],methods=[POST]}" onto public org.springframework.http.ResponseEntity<?> com.stackroute.keepnote.controller.CategoryController.createCategory(com.stackroute.keepnote.model.Category)
2020-01-05 04:42:21 [main] INFO  o.s.w.s.m.m.a.RequestMappingHandlerMapping -
				Mapped "{[/api/v1/category/{id}],methods=[DELETE]}" onto public org.springframework.http.ResponseEntity<?> com.stackroute.keepnote.controller.CategoryController.deleteCategory(java.lang.String)
2020-01-05 04:42:21 [main] INFO  o.s.w.s.m.m.a.RequestMappingHandlerMapping -
				Mapped "{[/api/v1/category/{id}],methods=[PUT]}" onto public org.springframework.http.ResponseEntity<?> com.stackroute.keepnote.controller.CategoryController.updateCategory(com.stackroute.keepnote.model.Category,java.lang.String)
2020-01-05 04:42:21 [main] INFO  o.s.w.s.m.m.a.RequestMappingHandlerMapping -
				Mapped "{[/api/v1/category/{id}],methods=[GET]}" onto public org.springframework.http.ResponseEntity<?> com.stackroute.keepnote.controller.CategoryController.getCategoryById(java.lang.String)
2020-01-05 04:42:21 [main] INFO  o.s.w.s.m.m.a.RequestMappingHandlerMapping -
				Mapped "{[/]}" onto public java.lang.String com.stackroute.keepnote.controller.RootController.swaggerUI()
2020-01-05 04:42:21 [main] INFO  o.s.w.s.m.m.a.RequestMappingHandlerMapping -
				Mapped "{[/swagger-resources/configuration/security]}" onto public org.springframework.http.ResponseEntity<springfox.documentation.swagger.web.SecurityConfiguration> springfox.documentation.swagger.web.ApiResourceController.securityConfiguration()
2020-01-05 04:42:21 [main] INFO  o.s.w.s.m.m.a.RequestMappingHandlerMapping -
				Mapped "{[/swagger-resources]}" onto public org.springframework.http.ResponseEntity<java.util.List<springfox.documentation.swagger.web.SwaggerResource>> springfox.documentation.swagger.web.ApiResourceController.swaggerResources()
2020-01-05 04:42:21 [main] INFO  o.s.w.s.m.m.a.RequestMappingHandlerMapping -
				Mapped "{[/swagger-resources/configuration/ui]}" onto public org.springframework.http.ResponseEntity<springfox.documentation.swagger.web.UiConfiguration> springfox.documentation.swagger.web.ApiResourceController.uiConfiguration()
2020-01-05 04:42:21 [main] INFO  o.s.w.s.m.m.a.RequestMappingHandlerMapping -
				Mapped "{[/error],produces=[text/html]}" onto public org.springframework.web.servlet.ModelAndView org.springframework.boot.autoconfigure.web.servlet.error.BasicErrorController.errorHtml(javax.servlet.http.HttpServletRequest,javax.servlet.http.HttpServletResponse)
2020-01-05 04:42:21 [main] INFO  o.s.w.s.m.m.a.RequestMappingHandlerMapping -
				Mapped "{[/error]}" onto public org.springframework.http.ResponseEntity<java.util.Map<java.lang.String, java.lang.Object>> org.springframework.boot.autoconfigure.web.servlet.error.BasicErrorController.error(javax.servlet.http.HttpServletRequest)
2020-01-05 04:42:21 [main] INFO  s.d.s.w.PropertySourcedRequestMappingHandlerMapping -
				Mapped URL path [/v2/api-docs] onto method [public org.springframework.http.ResponseEntity<springfox.documentation.spring.web.json.Json> springfox.documentation.swagger2.web.Swagger2Controller.getDocumentation(java.lang.String,javax.servlet.http.HttpServletRequest)]
2020-01-05 04:42:21 [main] INFO  o.s.w.s.h.SimpleUrlHandlerMapping -
				Mapped URL path [/**/favicon.ico] onto handler of type [class org.springframework.web.servlet.resource.ResourceHttpRequestHandler]
2020-01-05 04:42:21 [main] INFO  o.s.w.s.m.m.a.RequestMappingHandlerAdapter -
				Looking for @ControllerAdvice: org.springframework.web.context.support.GenericWebApplicationContext@3a66e67e: startup date [Sun Jan 05 04:42:18 UTC 2020]; root of context hierarchy
2020-01-05 04:42:21 [main] INFO  o.s.w.s.h.SimpleUrlHandlerMapping -
				Mapped URL path [/webjars/**] onto handler of type [class org.springframework.web.servlet.resource.ResourceHttpRequestHandler]
2020-01-05 04:42:21 [main] INFO  o.s.w.s.h.SimpleUrlHandlerMapping -
				Mapped URL path [/**] onto handler of type [class org.springframework.web.servlet.resource.ResourceHttpRequestHandler]
2020-01-05 04:42:22 [main] INFO  o.s.c.s.DefaultLifecycleProcessor -
				Starting beans in phase 2147483647
2020-01-05 04:42:22 [main] INFO  s.d.s.w.p.DocumentationPluginsBootstrapper -
				Context refreshed
2020-01-05 04:42:22 [main] INFO  s.d.s.w.p.DocumentationPluginsBootstrapper -
				Found 1 custom documentation plugin(s)
2020-01-05 04:42:22 [main] INFO  s.d.s.w.s.ApiListingReferenceScanner -
				Scanning for api listing references
2020-01-05 04:42:22 [main] INFO  c.s.keepnote.test.log.LoggerTest -
				Started LoggerTest in 4.189 seconds (JVM running for 8.744)
2020-01-05 04:42:22 [main] INFO  c.s.k.t.r.CategoryRepositoryTest -
				Starting CategoryRepositoryTest on ip-172-31-41-20 with PID 4467 (started by ubuntu in /home/ubuntu/Desktop/Assignment/KeepNote-Step6-Boilerplate/CategoryService)
2020-01-05 04:42:22 [main] INFO  c.s.k.t.r.CategoryRepositoryTest -
				No active profile set, falling back to default profiles: default
2020-01-05 04:42:22 [main] INFO  o.s.c.a.AnnotationConfigApplicationContext -
				Refreshing org.springframework.context.annotation.AnnotationConfigApplicationContext@5eee3da9: startup date [Sun Jan 05 04:42:22 UTC 2020]; root of context hierarchy
2020-01-05 04:42:22 [Thread-11] INFO  o.s.b.a.mongo.embedded.EmbeddedMongo -
				note: noprealloc may hurt performance in many applications
2020-01-05 04:42:22 [Thread-11] INFO  o.s.b.a.mongo.embedded.EmbeddedMongo -
				2020-01-05T04:42:22.583+0000 I CONTROL  [initandlisten] MongoDB starting : pid=4508 port=34105 dbpath=/tmp/embedmongo-db-19672ff9-1ea8-4a98-9e2b-ea1211c8b9bf 64-bit host=ip-172-31-41-20
2020-01-05 04:42:22 [Thread-11] INFO  o.s.b.a.mongo.embedded.EmbeddedMongo -
				2020-01-05T04:42:22.583+0000 I CONTROL  [initandlisten] db version v3.2.2
2020-01-05 04:42:22 [Thread-11] INFO  o.s.b.a.mongo.embedded.EmbeddedMongo -
				2020-01-05T04:42:22.583+0000 I CONTROL  [initandlisten] git version: 6e71d0d568e134c029203593b00a0103e7cdf30b
2020-01-05 04:42:22 [Thread-11] INFO  o.s.b.a.mongo.embedded.EmbeddedMongo -
				2020-01-05T04:42:22.583+0000 I CONTROL  [initandlisten] allocator: tcmalloc
2020-01-05 04:42:22 [Thread-11] INFO  o.s.b.a.mongo.embedded.EmbeddedMongo -
				2020-01-05T04:42:22.583+0000 I CONTROL  [initandlisten] modules: none
2020-01-05 04:42:22 [Thread-11] INFO  o.s.b.a.mongo.embedded.EmbeddedMongo -
				2020-01-05T04:42:22.583+0000 I CONTROL  [initandlisten] build environment:
2020-01-05 04:42:22 [Thread-11] INFO  o.s.b.a.mongo.embedded.EmbeddedMongo -
				2020-01-05T04:42:22.583+0000 I CONTROL  [initandlisten]     distarch: x86_64
2020-01-05 04:42:22 [Thread-11] INFO  o.s.b.a.mongo.embedded.EmbeddedMongo -
				2020-01-05T04:42:22.583+0000 I CONTROL  [initandlisten]     target_arch: x86_64
2020-01-05 04:42:22 [Thread-11] INFO  o.s.b.a.mongo.embedded.EmbeddedMongo -
				2020-01-05T04:42:22.583+0000 I CONTROL  [initandlisten] options: { net: { bindIp: "127.0.0.1", http: { enabled: false }, port: 34105 }, security: { authorization: "disabled" }, storage: { dbPath: "/tmp/embedmongo-db-19672ff9-1ea8-4a98-9e2b-ea1211c8b9bf", journal: { enabled: false }, mmapv1: { preallocDataFiles: false, smallFiles: true }, syncPeriodSecs: 0.0 } }
2020-01-05 04:42:22 [Thread-11] INFO  o.s.b.a.mongo.embedded.EmbeddedMongo -
				2020-01-05T04:42:22.611+0000 I STORAGE  [initandlisten] wiredtiger_open config: create,cache_size=4G,session_max=20000,eviction=(threads_max=4),config_base=false,statistics=(fast),log=(enabled=true,archive=true,path=journal,compressor=snappy),file_manager=(close_idle_time=100000),checkpoint=(wait=0,log_size=2GB),statistics_log=(wait=0),,log=(enabled=false),
2020-01-05 04:42:22 [Thread-11] INFO  o.s.b.a.mongo.embedded.EmbeddedMongo -
				2020-01-05T04:42:22.668+0000 W STORAGE  [initandlisten] Detected configuration for non-active storage engine mmapv1 when current storage engine is wiredTiger
2020-01-05 04:42:22 [Thread-11] INFO  o.s.b.a.mongo.embedded.EmbeddedMongo -
				2020-01-05T04:42:22.668+0000 I FTDC     [initandlisten] Initializing full-time diagnostic data capture with directory '/tmp/embedmongo-db-19672ff9-1ea8-4a98-9e2b-ea1211c8b9bf/diagnostic.data'
2020-01-05 04:42:22 [Thread-11] INFO  o.s.b.a.mongo.embedded.EmbeddedMongo -
				2020-01-05T04:42:22.669+0000 I NETWORK  [HostnameCanonicalizationWorker] Starting hostname canonicalization worker
2020-01-05 04:42:22 [Thread-11] INFO  o.s.b.a.mongo.embedded.EmbeddedMongo -
				2020-01-05T04:42:22.686+0000 I NETWORK  [initandlisten] waiting for connections on port 34105
2020-01-05 04:42:22 [main] INFO  d.f.embed.process.runtime.Executable -
				start de.flapdoodle.embed.mongo.config.MongodConfigBuilder$ImmutableMongodConfig@59c08cf1
2020-01-05 04:42:22 [main] INFO  org.mongodb.driver.cluster -
				Cluster created with settings {hosts=[localhost:34105], mode=MULTIPLE, requiredClusterType=UNKNOWN, serverSelectionTimeout='30000 ms', maxWaitQueueSize=500}
2020-01-05 04:42:22 [main] INFO  org.mongodb.driver.cluster -
				Adding discovered server localhost:34105 to client view of cluster
2020-01-05 04:42:22 [Thread-11] INFO  o.s.b.a.mongo.embedded.EmbeddedMongo -
				2020-01-05T04:42:22.695+0000 I NETWORK  [initandlisten] connection accepted from 127.0.0.1:35968 #1 (1 connection now open)
2020-01-05 04:42:22 [cluster-ClusterId{value='5e11692ee81555117336f2bd', description='null'}-localhost:34105] INFO  org.mongodb.driver.connection -
				Opened connection [connectionId{localValue:2, serverValue:1}] to localhost:34105
2020-01-05 04:42:22 [cluster-ClusterId{value='5e11692ee81555117336f2bd', description='null'}-localhost:34105] INFO  org.mongodb.driver.cluster -
				Monitor thread successfully connected to server with description ServerDescription{address=localhost:34105, type=STANDALONE, state=CONNECTED, ok=true, version=ServerVersion{versionList=[3, 2, 2]}, minWireVersion=0, maxWireVersion=4, maxDocumentSize=16777216, logicalSessionTimeoutMinutes=null, roundTripTimeNanos=413909}
2020-01-05 04:42:22 [cluster-ClusterId{value='5e11692ee81555117336f2bd', description='null'}-localhost:34105] INFO  org.mongodb.driver.cluster -
				Discovered cluster type of STANDALONE
2020-01-05 04:42:22 [main] INFO  c.s.k.t.r.CategoryRepositoryTest -
				Started CategoryRepositoryTest in 0.408 seconds (JVM running for 9.171)
2020-01-05 04:42:22 [Thread-11] INFO  o.s.b.a.mongo.embedded.EmbeddedMongo -
				2020-01-05T04:42:22.828+0000 I NETWORK  [initandlisten] connection accepted from 127.0.0.1:35970 #2 (2 connections now open)
2020-01-05 04:42:22 [main] INFO  org.mongodb.driver.connection -
				Opened connection [connectionId{localValue:3, serverValue:2}] to localhost:34105
2020-01-05 04:42:23 [Thread-2] INFO  o.s.w.c.s.GenericWebApplicationContext -
				Closing org.springframework.web.context.support.GenericWebApplicationContext@6d8792db: startup date [Sun Jan 05 04:42:15 UTC 2020]; root of context hierarchy
2020-01-05 04:42:23 [Thread-11] INFO  o.s.b.a.mongo.embedded.EmbeddedMongo -
				2020-01-05T04:42:23.018+0000 I NETWORK  [initandlisten] connection accepted from 127.0.0.1:35972 #3 (3 connections now open)
2020-01-05 04:42:23 [Thread-6] INFO  o.s.b.a.mongo.embedded.EmbeddedMongo -
				2020-01-05T04:42:23.018+0000 I NETWORK  [initandlisten] connection accepted from 127.0.0.1:35786 #2 (2 connections now open)
2020-01-05 04:42:23 [Thread-8] INFO  o.s.w.c.s.GenericWebApplicationContext -
				Closing org.springframework.web.context.support.GenericWebApplicationContext@3a66e67e: startup date [Sun Jan 05 04:42:18 UTC 2020]; root of context hierarchy
2020-01-05 04:42:23 [Thread-6] INFO  o.s.b.a.mongo.embedded.EmbeddedMongo -
				2020-01-05T04:42:23.019+0000 I COMMAND  [conn2] terminating, shutdown command received
2020-01-05 04:42:23 [Thread-6] INFO  o.s.b.a.mongo.embedded.EmbeddedMongo -
				2020-01-05T04:42:23.019+0000 I FTDC     [conn2] Shutting down full-time diagnostic data capture
2020-01-05 04:42:23 [Thread-8] INFO  o.s.c.s.DefaultLifecycleProcessor -
				Stopping beans in phase 2147483647
2020-01-05 04:42:23 [Thread-11] INFO  o.s.b.a.mongo.embedded.EmbeddedMongo -
				2020-01-05T04:42:23.023+0000 I COMMAND  [conn3] terminating, shutdown command received
2020-01-05 04:42:23 [Thread-11] INFO  o.s.b.a.mongo.embedded.EmbeddedMongo -
				2020-01-05T04:42:23.023+0000 I FTDC     [conn3] Shutting down full-time diagnostic data capture
2020-01-05 04:42:23 [Thread-11] INFO  o.s.b.a.mongo.embedded.EmbeddedMongo -
				2020-01-05T04:42:23.024+0000 I CONTROL  [conn3] now exiting
2020-01-05 04:42:23 [Thread-11] INFO  o.s.b.a.mongo.embedded.EmbeddedMongo -
				2020-01-05T04:42:23.024+0000 I NETWORK  [conn3] shutdown: going to close listening sockets...
2020-01-05 04:42:23 [Thread-11] INFO  o.s.b.a.mongo.embedded.EmbeddedMongo -
				2020-01-05T04:42:23.024+0000 I NETWORK  [conn3] closing listening socket: 5
2020-01-05 04:42:23 [Thread-11] INFO  o.s.b.a.mongo.embedded.EmbeddedMongo -
				2020-01-05T04:42:23.024+0000 I NETWORK  [conn3] closing listening socket: 6
2020-01-05 04:42:23 [Thread-11] INFO  o.s.b.a.mongo.embedded.EmbeddedMongo -
				2020-01-05T04:42:23.024+0000 I NETWORK  [conn3] removing socket file: /tmp/mongodb-34105.sock
2020-01-05 04:42:23 [Thread-11] INFO  o.s.b.a.mongo.embedded.EmbeddedMongo -
				2020-01-05T04:42:23.024+0000 I NETWORK  [conn3] shutdown: going to flush diaglog...
2020-01-05 04:42:23 [Thread-11] INFO  o.s.b.a.mongo.embedded.EmbeddedMongo -
				2020-01-05T04:42:23.024+0000 I NETWORK  [conn3] shutdown: going to close sockets...
2020-01-05 04:42:23 [Thread-11] INFO  o.s.b.a.mongo.embedded.EmbeddedMongo -
				2020-01-05T04:42:23.024+0000 I STORAGE  [conn3] WiredTigerKVEngine shutting down
2020-01-05 04:42:23 [Thread-11] INFO  o.s.b.a.mongo.embedded.EmbeddedMongo -
				2020-01-05T04:42:23.028+0000 I NETWORK  [conn2] end connection 127.0.0.1:35970 (2 connections now open)
2020-01-05 04:42:23 [Thread-11] INFO  o.s.b.a.mongo.embedded.EmbeddedMongo -
				2020-01-05T04:42:23.028+0000 I NETWORK  [conn1] end connection 127.0.0.1:35968 (2 connections now open)
2020-01-05 04:42:23 [Thread-13] INFO  o.s.c.a.AnnotationConfigApplicationContext -
				Closing org.springframework.context.annotation.AnnotationConfigApplicationContext@5eee3da9: startup date [Sun Jan 05 04:42:22 UTC 2020]; root of context hierarchy
2020-01-05 04:42:23 [Thread-6] INFO  o.s.b.a.mongo.embedded.EmbeddedMongo -
				2020-01-05T04:42:23.037+0000 I CONTROL  [conn2] now exiting
2020-01-05 04:42:23 [Thread-6] INFO  o.s.b.a.mongo.embedded.EmbeddedMongo -
				2020-01-05T04:42:23.037+0000 I NETWORK  [conn2] shutdown: going to close listening sockets...
2020-01-05 04:42:23 [Thread-6] INFO  o.s.b.a.mongo.embedded.EmbeddedMongo -
				2020-01-05T04:42:23.037+0000 I NETWORK  [conn2] closing listening socket: 5
2020-01-05 04:42:23 [Thread-6] INFO  o.s.b.a.mongo.embedded.EmbeddedMongo -
				2020-01-05T04:42:23.037+0000 I NETWORK  [conn2] closing listening socket: 6
2020-01-05 04:42:23 [Thread-6] INFO  o.s.b.a.mongo.embedded.EmbeddedMongo -
				2020-01-05T04:42:23.037+0000 I NETWORK  [conn2] removing socket file: /tmp/mongodb-39977.sock
2020-01-05 04:42:23 [Thread-6] INFO  o.s.b.a.mongo.embedded.EmbeddedMongo -
				2020-01-05T04:42:23.037+0000 I NETWORK  [conn2] shutdown: going to flush diaglog...
2020-01-05 04:42:23 [Thread-6] INFO  o.s.b.a.mongo.embedded.EmbeddedMongo -
				2020-01-05T04:42:23.038+0000 I NETWORK  [conn2] shutdown: going to close sockets...
2020-01-05 04:42:23 [Thread-6] INFO  o.s.b.a.mongo.embedded.EmbeddedMongo -
				2020-01-05T04:42:23.038+0000 I STORAGE  [conn2] WiredTigerKVEngine shutting down
2020-01-05 04:42:23 [Thread-11] INFO  o.s.b.a.mongo.embedded.EmbeddedMongo -
				2020-01-05T04:42:23.045+0000 I STORAGE  [conn3] shutdown: removing fs lock...
2020-01-05 04:42:23 [Thread-11] INFO  o.s.b.a.mongo.embedded.EmbeddedMongo -
				2020-01-05T04:42:23.045+0000 I CONTROL  [conn3] dbexit:  rc: 0
2020-01-05 04:42:23 [Thread-6] INFO  o.s.b.a.mongo.embedded.EmbeddedMongo -
				2020-01-05T04:42:23.043+0000 I NETWORK  [conn1] end connection 127.0.0.1:35778 (1 connection now open)
2020-01-05 04:42:23 [Thread-13] INFO  org.mongodb.driver.connection -
				Closed connection [connectionId{localValue:3, serverValue:2}] to localhost:34105 because the pool has been closed.
2020-01-05 04:42:23 [Thread-6] INFO  o.s.b.a.mongo.embedded.EmbeddedMongo -
				2020-01-05T04:42:23.063+0000 I STORAGE  [conn2] shutdown: removing fs lock...
2020-01-05 04:42:23 [Thread-6] INFO  o.s.b.a.mongo.embedded.EmbeddedMongo -
				2020-01-05T04:42:23.063+0000 I CONTROL  [conn2] dbexit:  rc: 0
