2020-01-05 04:41:25 [main] INFO  o.s.b.t.c.SpringBootTestContextBootstrapper -
				Neither @ContextConfiguration nor @ContextHierarchy found for test class [com.stackroute.keepnote.test.log.LoggerTest], using SpringBootContextLoader
2020-01-05 04:41:25 [main] INFO  o.s.t.c.s.AbstractContextLoader -
				Could not detect default resource locations for test class [com.stackroute.keepnote.test.log.LoggerTest]: no resource found for suffixes {-context.xml, Context.groovy}.
2020-01-05 04:41:25 [main] INFO  o.s.t.c.s.AnnotationConfigContextLoaderUtils -
				Could not detect default configuration classes for test class [com.stackroute.keepnote.test.log.LoggerTest]: LoggerTest does not declare any static, non-private, non-final, nested classes annotated with @Configuration.
2020-01-05 04:41:25 [main] INFO  o.s.b.t.c.SpringBootTestContextBootstrapper -
				Found @SpringBootConfiguration com.stackroute.keepnote.ReminderServiceApplication for test class com.stackroute.keepnote.test.log.LoggerTest
2020-01-05 04:41:25 [main] INFO  o.s.b.t.c.SpringBootTestContextBootstrapper -
				Loaded default TestExecutionListener class names from location [META-INF/spring.factories]: [org.springframework.boot.test.mock.mockito.MockitoTestExecutionListener, org.springframework.boot.test.mock.mockito.ResetMocksTestExecutionListener, org.springframework.boot.test.autoconfigure.restdocs.RestDocsTestExecutionListener, org.springframework.boot.test.autoconfigure.web.client.MockRestServiceServerResetTestExecutionListener, org.springframework.boot.test.autoconfigure.web.servlet.MockMvcPrintOnlyOnFailureTestExecutionListener, org.springframework.boot.test.autoconfigure.web.servlet.WebDriverTestExecutionListener, org.springframework.test.context.web.ServletTestExecutionListener, org.springframework.test.context.support.DirtiesContextBeforeModesTestExecutionListener, org.springframework.test.context.support.DependencyInjectionTestExecutionListener, org.springframework.test.context.support.DirtiesContextTestExecutionListener, org.springframework.test.context.transaction.TransactionalTestExecutionListener, org.springframework.test.context.jdbc.SqlScriptsTestExecutionListener]
2020-01-05 04:41:25 [main] INFO  o.s.b.t.c.SpringBootTestContextBootstrapper -
				Using TestExecutionListeners: [org.springframework.test.context.web.ServletTestExecutionListener@68e5eea7, org.springframework.test.context.support.DirtiesContextBeforeModesTestExecutionListener@291b4bf5, org.springframework.boot.test.mock.mockito.MockitoTestExecutionListener@2d2ffcb7, org.springframework.boot.test.autoconfigure.SpringBootDependencyInjectionTestExecutionListener@762ef0ea, org.springframework.test.context.support.DirtiesContextTestExecutionListener@31f9b85e, org.springframework.test.context.transaction.TransactionalTestExecutionListener@424e1977, org.springframework.test.context.jdbc.SqlScriptsTestExecutionListener@10d68fcd, org.springframework.boot.test.mock.mockito.ResetMocksTestExecutionListener@117e949d, org.springframework.boot.test.autoconfigure.restdocs.RestDocsTestExecutionListener@6db9f5a4, org.springframework.boot.test.autoconfigure.web.client.MockRestServiceServerResetTestExecutionListener@5f8edcc5, org.springframework.boot.test.autoconfigure.web.servlet.MockMvcPrintOnlyOnFailureTestExecutionListener@7b02881e, org.springframework.boot.test.autoconfigure.web.servlet.WebDriverTestExecutionListener@1ebd319f]
2020-01-05 04:41:25 [main] INFO  o.s.b.t.a.w.s.WebMvcTestContextBootstrapper -
				Neither @ContextConfiguration nor @ContextHierarchy found for test class [com.stackroute.keepnote.test.controller.ReminderControllerTest], using SpringBootContextLoader
2020-01-05 04:41:25 [main] INFO  o.s.t.c.s.AbstractContextLoader -
				Could not detect default resource locations for test class [com.stackroute.keepnote.test.controller.ReminderControllerTest]: no resource found for suffixes {-context.xml, Context.groovy}.
2020-01-05 04:41:25 [main] INFO  o.s.t.c.s.AnnotationConfigContextLoaderUtils -
				Could not detect default configuration classes for test class [com.stackroute.keepnote.test.controller.ReminderControllerTest]: ReminderControllerTest does not declare any static, non-private, non-final, nested classes annotated with @Configuration.
2020-01-05 04:41:25 [main] INFO  o.s.b.t.c.SpringBootTestContextBootstrapper -
				Found @SpringBootConfiguration com.stackroute.keepnote.ReminderServiceApplication for test class com.stackroute.keepnote.test.controller.ReminderControllerTest
2020-01-05 04:41:25 [main] INFO  o.s.b.t.a.w.s.WebMvcTestContextBootstrapper -
				Loaded default TestExecutionListener class names from location [META-INF/spring.factories]: [org.springframework.boot.test.mock.mockito.MockitoTestExecutionListener, org.springframework.boot.test.mock.mockito.ResetMocksTestExecutionListener, org.springframework.boot.test.autoconfigure.restdocs.RestDocsTestExecutionListener, org.springframework.boot.test.autoconfigure.web.client.MockRestServiceServerResetTestExecutionListener, org.springframework.boot.test.autoconfigure.web.servlet.MockMvcPrintOnlyOnFailureTestExecutionListener, org.springframework.boot.test.autoconfigure.web.servlet.WebDriverTestExecutionListener, org.springframework.test.context.web.ServletTestExecutionListener, org.springframework.test.context.support.DirtiesContextBeforeModesTestExecutionListener, org.springframework.test.context.support.DependencyInjectionTestExecutionListener, org.springframework.test.context.support.DirtiesContextTestExecutionListener, org.springframework.test.context.transaction.TransactionalTestExecutionListener, org.springframework.test.context.jdbc.SqlScriptsTestExecutionListener]
2020-01-05 04:41:25 [main] INFO  o.s.b.t.a.w.s.WebMvcTestContextBootstrapper -
				Using TestExecutionListeners: [org.springframework.test.context.web.ServletTestExecutionListener@33990a0c, org.springframework.test.context.support.DirtiesContextBeforeModesTestExecutionListener@4de4b452, org.springframework.boot.test.mock.mockito.MockitoTestExecutionListener@50b5ac82, org.springframework.boot.test.autoconfigure.SpringBootDependencyInjectionTestExecutionListener@101952da, org.springframework.test.context.support.DirtiesContextTestExecutionListener@6babf3bf, org.springframework.test.context.transaction.TransactionalTestExecutionListener@3059cbc, org.springframework.test.context.jdbc.SqlScriptsTestExecutionListener@7ea9e1e2, org.springframework.boot.test.mock.mockito.ResetMocksTestExecutionListener@24fcf36f, org.springframework.boot.test.autoconfigure.restdocs.RestDocsTestExecutionListener@10feca44, org.springframework.boot.test.autoconfigure.web.client.MockRestServiceServerResetTestExecutionListener@3fb1549b, org.springframework.boot.test.autoconfigure.web.servlet.MockMvcPrintOnlyOnFailureTestExecutionListener@ea6147e, org.springframework.boot.test.autoconfigure.web.servlet.WebDriverTestExecutionListener@4d02f94e]
2020-01-05 04:41:25 [main] INFO  o.s.b.t.c.SpringBootTestContextBootstrapper -
				Neither @ContextConfiguration nor @ContextHierarchy found for test class [com.stackroute.keepnote.test.repository.ReminderRepositoryTest], using SpringBootContextLoader
2020-01-05 04:41:25 [main] INFO  o.s.t.c.s.AbstractContextLoader -
				Could not detect default resource locations for test class [com.stackroute.keepnote.test.repository.ReminderRepositoryTest]: no resource found for suffixes {-context.xml, Context.groovy}.
2020-01-05 04:41:25 [main] INFO  o.s.t.c.s.AnnotationConfigContextLoaderUtils -
				Could not detect default configuration classes for test class [com.stackroute.keepnote.test.repository.ReminderRepositoryTest]: ReminderRepositoryTest does not declare any static, non-private, non-final, nested classes annotated with @Configuration.
2020-01-05 04:41:25 [main] INFO  o.s.b.t.c.SpringBootTestContextBootstrapper -
				Found @SpringBootConfiguration com.stackroute.keepnote.ReminderServiceApplication for test class com.stackroute.keepnote.test.repository.ReminderRepositoryTest
2020-01-05 04:41:25 [main] INFO  o.s.b.t.c.SpringBootTestContextBootstrapper -
				Loaded default TestExecutionListener class names from location [META-INF/spring.factories]: [org.springframework.boot.test.mock.mockito.MockitoTestExecutionListener, org.springframework.boot.test.mock.mockito.ResetMocksTestExecutionListener, org.springframework.boot.test.autoconfigure.restdocs.RestDocsTestExecutionListener, org.springframework.boot.test.autoconfigure.web.client.MockRestServiceServerResetTestExecutionListener, org.springframework.boot.test.autoconfigure.web.servlet.MockMvcPrintOnlyOnFailureTestExecutionListener, org.springframework.boot.test.autoconfigure.web.servlet.WebDriverTestExecutionListener, org.springframework.test.context.web.ServletTestExecutionListener, org.springframework.test.context.support.DirtiesContextBeforeModesTestExecutionListener, org.springframework.test.context.support.DependencyInjectionTestExecutionListener, org.springframework.test.context.support.DirtiesContextTestExecutionListener, org.springframework.test.context.transaction.TransactionalTestExecutionListener, org.springframework.test.context.jdbc.SqlScriptsTestExecutionListener]
2020-01-05 04:41:25 [main] INFO  o.s.b.t.c.SpringBootTestContextBootstrapper -
				Using TestExecutionListeners: [org.springframework.test.context.web.ServletTestExecutionListener@7fee8714, org.springframework.test.context.support.DirtiesContextBeforeModesTestExecutionListener@4229bb3f, org.springframework.boot.test.mock.mockito.MockitoTestExecutionListener@56cdfb3b, org.springframework.boot.test.autoconfigure.SpringBootDependencyInjectionTestExecutionListener@2b91004a, org.springframework.test.context.support.DirtiesContextTestExecutionListener@20ccf40b, org.springframework.test.context.transaction.TransactionalTestExecutionListener@2fb3536e, org.springframework.test.context.jdbc.SqlScriptsTestExecutionListener@169e6180, org.springframework.boot.test.mock.mockito.ResetMocksTestExecutionListener@35aea049, org.springframework.boot.test.autoconfigure.restdocs.RestDocsTestExecutionListener@7205765b, org.springframework.boot.test.autoconfigure.web.client.MockRestServiceServerResetTestExecutionListener@47987356, org.springframework.boot.test.autoconfigure.web.servlet.MockMvcPrintOnlyOnFailureTestExecutionListener@22ef9844, org.springframework.boot.test.autoconfigure.web.servlet.WebDriverTestExecutionListener@6283d8b8]
2020-01-05 04:41:26 [main] INFO  c.s.keepnote.test.log.LoggerTest -
				Starting LoggerTest on ip-172-31-41-20 with PID 4289 (started by ubuntu in /home/ubuntu/Desktop/Assignment/KeepNote-Step6-Boilerplate/ReminderService)
2020-01-05 04:41:26 [main] INFO  c.s.keepnote.test.log.LoggerTest -
				No active profile set, falling back to default profiles: default
2020-01-05 04:41:26 [main] INFO  o.s.w.c.s.GenericWebApplicationContext -
				Refreshing org.springframework.web.context.support.GenericWebApplicationContext@23202fce: startup date [Sun Jan 05 04:41:26 UTC 2020]; root of context hierarchy
2020-01-05 04:41:28 [Thread-3] INFO  o.s.b.a.mongo.embedded.EmbeddedMongo -
				note: noprealloc may hurt performance in many applications
2020-01-05 04:41:28 [Thread-3] INFO  o.s.b.a.mongo.embedded.EmbeddedMongo -
				2020-01-05T04:41:28.751+0000 I CONTROL  [initandlisten] MongoDB starting : pid=4337 port=46097 dbpath=/tmp/embedmongo-db-200a754f-ae53-45a4-8293-bcd3b711da4a 64-bit host=ip-172-31-41-20
2020-01-05 04:41:28 [Thread-3] INFO  o.s.b.a.mongo.embedded.EmbeddedMongo -
				2020-01-05T04:41:28.751+0000 I CONTROL  [initandlisten] db version v3.2.2
2020-01-05 04:41:28 [Thread-3] INFO  o.s.b.a.mongo.embedded.EmbeddedMongo -
				2020-01-05T04:41:28.752+0000 I CONTROL  [initandlisten] git version: 6e71d0d568e134c029203593b00a0103e7cdf30b
2020-01-05 04:41:28 [Thread-3] INFO  o.s.b.a.mongo.embedded.EmbeddedMongo -
				2020-01-05T04:41:28.752+0000 I CONTROL  [initandlisten] allocator: tcmalloc
2020-01-05 04:41:28 [Thread-3] INFO  o.s.b.a.mongo.embedded.EmbeddedMongo -
				2020-01-05T04:41:28.752+0000 I CONTROL  [initandlisten] modules: none
2020-01-05 04:41:28 [Thread-3] INFO  o.s.b.a.mongo.embedded.EmbeddedMongo -
				2020-01-05T04:41:28.752+0000 I CONTROL  [initandlisten] build environment:
2020-01-05 04:41:28 [Thread-3] INFO  o.s.b.a.mongo.embedded.EmbeddedMongo -
				2020-01-05T04:41:28.752+0000 I CONTROL  [initandlisten]     distarch: x86_64
2020-01-05 04:41:28 [Thread-3] INFO  o.s.b.a.mongo.embedded.EmbeddedMongo -
				2020-01-05T04:41:28.752+0000 I CONTROL  [initandlisten]     target_arch: x86_64
2020-01-05 04:41:28 [Thread-3] INFO  o.s.b.a.mongo.embedded.EmbeddedMongo -
				2020-01-05T04:41:28.752+0000 I CONTROL  [initandlisten] options: { net: { bindIp: "127.0.0.1", http: { enabled: false }, port: 46097 }, security: { authorization: "disabled" }, storage: { dbPath: "/tmp/embedmongo-db-200a754f-ae53-45a4-8293-bcd3b711da4a", journal: { enabled: false }, mmapv1: { preallocDataFiles: false, smallFiles: true }, syncPeriodSecs: 0.0 } }
2020-01-05 04:41:28 [Thread-3] INFO  o.s.b.a.mongo.embedded.EmbeddedMongo -
				2020-01-05T04:41:28.777+0000 I STORAGE  [initandlisten] wiredtiger_open config: create,cache_size=4G,session_max=20000,eviction=(threads_max=4),config_base=false,statistics=(fast),log=(enabled=true,archive=true,path=journal,compressor=snappy),file_manager=(close_idle_time=100000),checkpoint=(wait=0,log_size=2GB),statistics_log=(wait=0),,log=(enabled=false),
2020-01-05 04:41:28 [Thread-3] INFO  o.s.b.a.mongo.embedded.EmbeddedMongo -
				2020-01-05T04:41:28.845+0000 W STORAGE  [initandlisten] Detected configuration for non-active storage engine mmapv1 when current storage engine is wiredTiger
2020-01-05 04:41:28 [Thread-3] INFO  o.s.b.a.mongo.embedded.EmbeddedMongo -
				2020-01-05T04:41:28.845+0000 I FTDC     [initandlisten] Initializing full-time diagnostic data capture with directory '/tmp/embedmongo-db-200a754f-ae53-45a4-8293-bcd3b711da4a/diagnostic.data'
2020-01-05 04:41:28 [Thread-3] INFO  o.s.b.a.mongo.embedded.EmbeddedMongo -
				2020-01-05T04:41:28.845+0000 I NETWORK  [HostnameCanonicalizationWorker] Starting hostname canonicalization worker
2020-01-05 04:41:28 [Thread-3] INFO  o.s.b.a.mongo.embedded.EmbeddedMongo -
				2020-01-05T04:41:28.864+0000 I NETWORK  [initandlisten] waiting for connections on port 46097
2020-01-05 04:41:28 [main] INFO  d.f.embed.process.runtime.Executable -
				start de.flapdoodle.embed.mongo.config.MongodConfigBuilder$ImmutableMongodConfig@68b9834c
2020-01-05 04:41:29 [main] INFO  org.mongodb.driver.cluster -
				Cluster created with settings {hosts=[localhost:46097], mode=MULTIPLE, requiredClusterType=UNKNOWN, serverSelectionTimeout='30000 ms', maxWaitQueueSize=500}
2020-01-05 04:41:29 [main] INFO  org.mongodb.driver.cluster -
				Adding discovered server localhost:46097 to client view of cluster
2020-01-05 04:41:29 [Thread-3] INFO  o.s.b.a.mongo.embedded.EmbeddedMongo -
				2020-01-05T04:41:29.101+0000 I NETWORK  [initandlisten] connection accepted from 127.0.0.1:45196 #1 (1 connection now open)
2020-01-05 04:41:29 [cluster-ClusterId{value='5e1168f9e8155510c1d41b05', description='null'}-localhost:46097] INFO  org.mongodb.driver.connection -
				Opened connection [connectionId{localValue:1, serverValue:1}] to localhost:46097
2020-01-05 04:41:29 [cluster-ClusterId{value='5e1168f9e8155510c1d41b05', description='null'}-localhost:46097] INFO  org.mongodb.driver.cluster -
				Monitor thread successfully connected to server with description ServerDescription{address=localhost:46097, type=STANDALONE, state=CONNECTED, ok=true, version=ServerVersion{versionList=[3, 2, 2]}, minWireVersion=0, maxWireVersion=4, maxDocumentSize=16777216, logicalSessionTimeoutMinutes=null, roundTripTimeNanos=4315184}
2020-01-05 04:41:29 [cluster-ClusterId{value='5e1168f9e8155510c1d41b05', description='null'}-localhost:46097] INFO  org.mongodb.driver.cluster -
				Discovered cluster type of STANDALONE
2020-01-05 04:41:30 [main] INFO  o.s.w.s.m.m.a.RequestMappingHandlerMapping -
				Mapped "{[/api/v1/reminder],methods=[POST]}" onto public org.springframework.http.ResponseEntity<?> com.stackroute.keepnote.controller.ReminderController.createReminder(com.stackroute.keepnote.model.Reminder)
2020-01-05 04:41:30 [main] INFO  o.s.w.s.m.m.a.RequestMappingHandlerMapping -
				Mapped "{[/api/v1/reminder/{id}],methods=[DELETE]}" onto public org.springframework.http.ResponseEntity<?> com.stackroute.keepnote.controller.ReminderController.deleteReminder(java.lang.String)
2020-01-05 04:41:30 [main] INFO  o.s.w.s.m.m.a.RequestMappingHandlerMapping -
				Mapped "{[/api/v1/reminder/{id}],methods=[PUT]}" onto public org.springframework.http.ResponseEntity<?> com.stackroute.keepnote.controller.ReminderController.updateReminder(com.stackroute.keepnote.model.Reminder,java.lang.String)
2020-01-05 04:41:30 [main] INFO  o.s.w.s.m.m.a.RequestMappingHandlerMapping -
				Mapped "{[/api/v1/reminder/{id}],methods=[GET]}" onto public org.springframework.http.ResponseEntity<?> com.stackroute.keepnote.controller.ReminderController.getReminderById(java.lang.String)
2020-01-05 04:41:30 [main] INFO  o.s.w.s.m.m.a.RequestMappingHandlerMapping -
				Mapped "{[/api/v1/reminder],methods=[GET]}" onto public org.springframework.http.ResponseEntity<?> com.stackroute.keepnote.controller.ReminderController.getAllReminder()
2020-01-05 04:41:30 [main] INFO  o.s.w.s.m.m.a.RequestMappingHandlerMapping -
				Mapped "{[/]}" onto public java.lang.String com.stackroute.keepnote.controller.RootController.swaggerUI()
2020-01-05 04:41:30 [main] INFO  o.s.w.s.m.m.a.RequestMappingHandlerMapping -
				Mapped "{[/swagger-resources/configuration/security]}" onto public org.springframework.http.ResponseEntity<springfox.documentation.swagger.web.SecurityConfiguration> springfox.documentation.swagger.web.ApiResourceController.securityConfiguration()
2020-01-05 04:41:30 [main] INFO  o.s.w.s.m.m.a.RequestMappingHandlerMapping -
				Mapped "{[/swagger-resources]}" onto public org.springframework.http.ResponseEntity<java.util.List<springfox.documentation.swagger.web.SwaggerResource>> springfox.documentation.swagger.web.ApiResourceController.swaggerResources()
2020-01-05 04:41:30 [main] INFO  o.s.w.s.m.m.a.RequestMappingHandlerMapping -
				Mapped "{[/swagger-resources/configuration/ui]}" onto public org.springframework.http.ResponseEntity<springfox.documentation.swagger.web.UiConfiguration> springfox.documentation.swagger.web.ApiResourceController.uiConfiguration()
2020-01-05 04:41:30 [main] INFO  o.s.w.s.m.m.a.RequestMappingHandlerMapping -
				Mapped "{[/error],produces=[text/html]}" onto public org.springframework.web.servlet.ModelAndView org.springframework.boot.autoconfigure.web.servlet.error.BasicErrorController.errorHtml(javax.servlet.http.HttpServletRequest,javax.servlet.http.HttpServletResponse)
2020-01-05 04:41:30 [main] INFO  o.s.w.s.m.m.a.RequestMappingHandlerMapping -
				Mapped "{[/error]}" onto public org.springframework.http.ResponseEntity<java.util.Map<java.lang.String, java.lang.Object>> org.springframework.boot.autoconfigure.web.servlet.error.BasicErrorController.error(javax.servlet.http.HttpServletRequest)
2020-01-05 04:41:30 [main] INFO  s.d.s.w.PropertySourcedRequestMappingHandlerMapping -
				Mapped URL path [/v2/api-docs] onto method [public org.springframework.http.ResponseEntity<springfox.documentation.spring.web.json.Json> springfox.documentation.swagger2.web.Swagger2Controller.getDocumentation(java.lang.String,javax.servlet.http.HttpServletRequest)]
2020-01-05 04:41:30 [main] INFO  o.s.w.s.h.SimpleUrlHandlerMapping -
				Mapped URL path [/**/favicon.ico] onto handler of type [class org.springframework.web.servlet.resource.ResourceHttpRequestHandler]
2020-01-05 04:41:31 [main] INFO  o.s.w.s.m.m.a.RequestMappingHandlerAdapter -
				Looking for @ControllerAdvice: org.springframework.web.context.support.GenericWebApplicationContext@23202fce: startup date [Sun Jan 05 04:41:26 UTC 2020]; root of context hierarchy
2020-01-05 04:41:31 [main] INFO  o.s.w.s.h.SimpleUrlHandlerMapping -
				Mapped URL path [/webjars/**] onto handler of type [class org.springframework.web.servlet.resource.ResourceHttpRequestHandler]
2020-01-05 04:41:31 [main] INFO  o.s.w.s.h.SimpleUrlHandlerMapping -
				Mapped URL path [/**] onto handler of type [class org.springframework.web.servlet.resource.ResourceHttpRequestHandler]
2020-01-05 04:41:31 [main] INFO  o.s.c.s.DefaultLifecycleProcessor -
				Starting beans in phase 2147483647
2020-01-05 04:41:31 [main] INFO  s.d.s.w.p.DocumentationPluginsBootstrapper -
				Context refreshed
2020-01-05 04:41:31 [main] INFO  s.d.s.w.p.DocumentationPluginsBootstrapper -
				Found 1 custom documentation plugin(s)
2020-01-05 04:41:31 [main] INFO  s.d.s.w.s.ApiListingReferenceScanner -
				Scanning for api listing references
2020-01-05 04:41:31 [main] INFO  c.s.keepnote.test.log.LoggerTest -
				Started LoggerTest in 5.78 seconds (JVM running for 6.884)
2020-01-05 04:41:31 [main] INFO  c.s.k.t.c.ReminderControllerTest -
				Starting ReminderControllerTest on ip-172-31-41-20 with PID 4289 (started by ubuntu in /home/ubuntu/Desktop/Assignment/KeepNote-Step6-Boilerplate/ReminderService)
2020-01-05 04:41:31 [main] INFO  c.s.k.t.c.ReminderControllerTest -
				No active profile set, falling back to default profiles: default
2020-01-05 04:41:31 [main] INFO  o.s.w.c.s.GenericWebApplicationContext -
				Refreshing org.springframework.web.context.support.GenericWebApplicationContext@1426370c: startup date [Sun Jan 05 04:41:31 UTC 2020]; root of context hierarchy
2020-01-05 04:41:32 [main] INFO  o.s.w.s.h.SimpleUrlHandlerMapping -
				Mapped URL path [/**/favicon.ico] onto handler of type [class org.springframework.web.servlet.resource.ResourceHttpRequestHandler]
2020-01-05 04:41:32 [main] INFO  o.s.w.s.m.m.a.RequestMappingHandlerAdapter -
				Looking for @ControllerAdvice: org.springframework.web.context.support.GenericWebApplicationContext@1426370c: startup date [Sun Jan 05 04:41:31 UTC 2020]; root of context hierarchy
2020-01-05 04:41:32 [main] INFO  o.s.w.s.m.m.a.RequestMappingHandlerMapping -
				Mapped "{[/api/v1/reminder],methods=[POST]}" onto public org.springframework.http.ResponseEntity<?> com.stackroute.keepnote.controller.ReminderController.createReminder(com.stackroute.keepnote.model.Reminder)
2020-01-05 04:41:32 [main] INFO  o.s.w.s.m.m.a.RequestMappingHandlerMapping -
				Mapped "{[/api/v1/reminder/{id}],methods=[DELETE]}" onto public org.springframework.http.ResponseEntity<?> com.stackroute.keepnote.controller.ReminderController.deleteReminder(java.lang.String)
2020-01-05 04:41:32 [main] INFO  o.s.w.s.m.m.a.RequestMappingHandlerMapping -
				Mapped "{[/api/v1/reminder/{id}],methods=[PUT]}" onto public org.springframework.http.ResponseEntity<?> com.stackroute.keepnote.controller.ReminderController.updateReminder(com.stackroute.keepnote.model.Reminder,java.lang.String)
2020-01-05 04:41:32 [main] INFO  o.s.w.s.m.m.a.RequestMappingHandlerMapping -
				Mapped "{[/api/v1/reminder/{id}],methods=[GET]}" onto public org.springframework.http.ResponseEntity<?> com.stackroute.keepnote.controller.ReminderController.getReminderById(java.lang.String)
2020-01-05 04:41:32 [main] INFO  o.s.w.s.m.m.a.RequestMappingHandlerMapping -
				Mapped "{[/api/v1/reminder],methods=[GET]}" onto public org.springframework.http.ResponseEntity<?> com.stackroute.keepnote.controller.ReminderController.getAllReminder()
2020-01-05 04:41:32 [main] INFO  o.s.w.s.m.m.a.RequestMappingHandlerMapping -
				Mapped "{[/]}" onto public java.lang.String com.stackroute.keepnote.controller.RootController.swaggerUI()
2020-01-05 04:41:32 [main] INFO  o.s.w.s.m.m.a.RequestMappingHandlerMapping -
				Mapped "{[/error],produces=[text/html]}" onto public org.springframework.web.servlet.ModelAndView org.springframework.boot.autoconfigure.web.servlet.error.BasicErrorController.errorHtml(javax.servlet.http.HttpServletRequest,javax.servlet.http.HttpServletResponse)
2020-01-05 04:41:32 [main] INFO  o.s.w.s.m.m.a.RequestMappingHandlerMapping -
				Mapped "{[/error]}" onto public org.springframework.http.ResponseEntity<java.util.Map<java.lang.String, java.lang.Object>> org.springframework.boot.autoconfigure.web.servlet.error.BasicErrorController.error(javax.servlet.http.HttpServletRequest)
2020-01-05 04:41:32 [main] INFO  o.s.w.s.h.SimpleUrlHandlerMapping -
				Mapped URL path [/webjars/**] onto handler of type [class org.springframework.web.servlet.resource.ResourceHttpRequestHandler]
2020-01-05 04:41:32 [main] INFO  o.s.w.s.h.SimpleUrlHandlerMapping -
				Mapped URL path [/**] onto handler of type [class org.springframework.web.servlet.resource.ResourceHttpRequestHandler]
2020-01-05 04:41:32 [main] INFO  o.s.b.t.m.w.SpringBootMockServletContext -
				Initializing Spring FrameworkServlet ''
2020-01-05 04:41:32 [main] INFO  o.s.t.w.s.TestDispatcherServlet -
				FrameworkServlet '': initialization started
2020-01-05 04:41:32 [main] INFO  o.s.t.w.s.TestDispatcherServlet -
				FrameworkServlet '': initialization completed in 11 ms
2020-01-05 04:41:32 [main] INFO  c.s.k.t.c.ReminderControllerTest -
				Started ReminderControllerTest in 0.772 seconds (JVM running for 7.786)
2020-01-05 04:41:32 [main] INFO  o.s.w.s.m.m.a.RequestMappingHandlerMapping -
				Mapped "{[/api/v1/reminder],methods=[POST]}" onto public org.springframework.http.ResponseEntity<?> com.stackroute.keepnote.controller.ReminderController.createReminder(com.stackroute.keepnote.model.Reminder)
2020-01-05 04:41:32 [main] INFO  o.s.w.s.m.m.a.RequestMappingHandlerMapping -
				Mapped "{[/api/v1/reminder/{id}],methods=[DELETE]}" onto public org.springframework.http.ResponseEntity<?> com.stackroute.keepnote.controller.ReminderController.deleteReminder(java.lang.String)
2020-01-05 04:41:32 [main] INFO  o.s.w.s.m.m.a.RequestMappingHandlerMapping -
				Mapped "{[/api/v1/reminder/{id}],methods=[PUT]}" onto public org.springframework.http.ResponseEntity<?> com.stackroute.keepnote.controller.ReminderController.updateReminder(com.stackroute.keepnote.model.Reminder,java.lang.String)
2020-01-05 04:41:32 [main] INFO  o.s.w.s.m.m.a.RequestMappingHandlerMapping -
				Mapped "{[/api/v1/reminder/{id}],methods=[GET]}" onto public org.springframework.http.ResponseEntity<?> com.stackroute.keepnote.controller.ReminderController.getReminderById(java.lang.String)
2020-01-05 04:41:32 [main] INFO  o.s.w.s.m.m.a.RequestMappingHandlerMapping -
				Mapped "{[/api/v1/reminder],methods=[GET]}" onto public org.springframework.http.ResponseEntity<?> com.stackroute.keepnote.controller.ReminderController.getAllReminder()
2020-01-05 04:41:32 [main] INFO  o.s.w.s.m.m.a.RequestMappingHandlerAdapter -
				Looking for @ControllerAdvice: org.springframework.test.web.servlet.setup.StubWebApplicationContext@2558f65c
2020-01-05 04:41:32 [main] INFO  o.s.mock.web.MockServletContext -
				Initializing Spring FrameworkServlet ''
2020-01-05 04:41:32 [main] INFO  o.s.t.w.s.TestDispatcherServlet -
				FrameworkServlet '': initialization started
2020-01-05 04:41:32 [main] INFO  o.s.t.w.s.TestDispatcherServlet -
				FrameworkServlet '': initialization completed in 0 ms
2020-01-05 04:41:32 [main] INFO  o.s.w.s.m.m.a.RequestMappingHandlerMapping -
				Mapped "{[/api/v1/reminder],methods=[POST]}" onto public org.springframework.http.ResponseEntity<?> com.stackroute.keepnote.controller.ReminderController.createReminder(com.stackroute.keepnote.model.Reminder)
2020-01-05 04:41:32 [main] INFO  o.s.w.s.m.m.a.RequestMappingHandlerMapping -
				Mapped "{[/api/v1/reminder/{id}],methods=[DELETE]}" onto public org.springframework.http.ResponseEntity<?> com.stackroute.keepnote.controller.ReminderController.deleteReminder(java.lang.String)
2020-01-05 04:41:32 [main] INFO  o.s.w.s.m.m.a.RequestMappingHandlerMapping -
				Mapped "{[/api/v1/reminder/{id}],methods=[PUT]}" onto public org.springframework.http.ResponseEntity<?> com.stackroute.keepnote.controller.ReminderController.updateReminder(com.stackroute.keepnote.model.Reminder,java.lang.String)
2020-01-05 04:41:32 [main] INFO  o.s.w.s.m.m.a.RequestMappingHandlerMapping -
				Mapped "{[/api/v1/reminder/{id}],methods=[GET]}" onto public org.springframework.http.ResponseEntity<?> com.stackroute.keepnote.controller.ReminderController.getReminderById(java.lang.String)
2020-01-05 04:41:32 [main] INFO  o.s.w.s.m.m.a.RequestMappingHandlerMapping -
				Mapped "{[/api/v1/reminder],methods=[GET]}" onto public org.springframework.http.ResponseEntity<?> com.stackroute.keepnote.controller.ReminderController.getAllReminder()
2020-01-05 04:41:32 [main] INFO  o.s.w.s.m.m.a.RequestMappingHandlerAdapter -
				Looking for @ControllerAdvice: org.springframework.test.web.servlet.setup.StubWebApplicationContext@16029e2f
2020-01-05 04:41:32 [main] INFO  o.s.mock.web.MockServletContext -
				Initializing Spring FrameworkServlet ''
2020-01-05 04:41:32 [main] INFO  o.s.t.w.s.TestDispatcherServlet -
				FrameworkServlet '': initialization started
2020-01-05 04:41:32 [main] INFO  o.s.t.w.s.TestDispatcherServlet -
				FrameworkServlet '': initialization completed in 0 ms
2020-01-05 04:41:32 [main] INFO  o.s.w.s.m.m.a.RequestMappingHandlerMapping -
				Mapped "{[/api/v1/reminder],methods=[POST]}" onto public org.springframework.http.ResponseEntity<?> com.stackroute.keepnote.controller.ReminderController.createReminder(com.stackroute.keepnote.model.Reminder)
2020-01-05 04:41:32 [main] INFO  o.s.w.s.m.m.a.RequestMappingHandlerMapping -
				Mapped "{[/api/v1/reminder/{id}],methods=[DELETE]}" onto public org.springframework.http.ResponseEntity<?> com.stackroute.keepnote.controller.ReminderController.deleteReminder(java.lang.String)
2020-01-05 04:41:32 [main] INFO  o.s.w.s.m.m.a.RequestMappingHandlerMapping -
				Mapped "{[/api/v1/reminder/{id}],methods=[PUT]}" onto public org.springframework.http.ResponseEntity<?> com.stackroute.keepnote.controller.ReminderController.updateReminder(com.stackroute.keepnote.model.Reminder,java.lang.String)
2020-01-05 04:41:32 [main] INFO  o.s.w.s.m.m.a.RequestMappingHandlerMapping -
				Mapped "{[/api/v1/reminder/{id}],methods=[GET]}" onto public org.springframework.http.ResponseEntity<?> com.stackroute.keepnote.controller.ReminderController.getReminderById(java.lang.String)
2020-01-05 04:41:32 [main] INFO  o.s.w.s.m.m.a.RequestMappingHandlerMapping -
				Mapped "{[/api/v1/reminder],methods=[GET]}" onto public org.springframework.http.ResponseEntity<?> com.stackroute.keepnote.controller.ReminderController.getAllReminder()
2020-01-05 04:41:32 [main] INFO  o.s.w.s.m.m.a.RequestMappingHandlerAdapter -
				Looking for @ControllerAdvice: org.springframework.test.web.servlet.setup.StubWebApplicationContext@343d1d25
2020-01-05 04:41:32 [main] INFO  o.s.mock.web.MockServletContext -
				Initializing Spring FrameworkServlet ''
2020-01-05 04:41:32 [main] INFO  o.s.t.w.s.TestDispatcherServlet -
				FrameworkServlet '': initialization started
2020-01-05 04:41:32 [main] INFO  o.s.t.w.s.TestDispatcherServlet -
				FrameworkServlet '': initialization completed in 0 ms
2020-01-05 04:41:32 [main] INFO  o.s.w.s.m.m.a.RequestMappingHandlerMapping -
				Mapped "{[/api/v1/reminder],methods=[POST]}" onto public org.springframework.http.ResponseEntity<?> com.stackroute.keepnote.controller.ReminderController.createReminder(com.stackroute.keepnote.model.Reminder)
2020-01-05 04:41:32 [main] INFO  o.s.w.s.m.m.a.RequestMappingHandlerMapping -
				Mapped "{[/api/v1/reminder/{id}],methods=[DELETE]}" onto public org.springframework.http.ResponseEntity<?> com.stackroute.keepnote.controller.ReminderController.deleteReminder(java.lang.String)
2020-01-05 04:41:32 [main] INFO  o.s.w.s.m.m.a.RequestMappingHandlerMapping -
				Mapped "{[/api/v1/reminder/{id}],methods=[PUT]}" onto public org.springframework.http.ResponseEntity<?> com.stackroute.keepnote.controller.ReminderController.updateReminder(com.stackroute.keepnote.model.Reminder,java.lang.String)
2020-01-05 04:41:32 [main] INFO  o.s.w.s.m.m.a.RequestMappingHandlerMapping -
				Mapped "{[/api/v1/reminder/{id}],methods=[GET]}" onto public org.springframework.http.ResponseEntity<?> com.stackroute.keepnote.controller.ReminderController.getReminderById(java.lang.String)
2020-01-05 04:41:32 [main] INFO  o.s.w.s.m.m.a.RequestMappingHandlerMapping -
				Mapped "{[/api/v1/reminder],methods=[GET]}" onto public org.springframework.http.ResponseEntity<?> com.stackroute.keepnote.controller.ReminderController.getAllReminder()
2020-01-05 04:41:32 [main] INFO  o.s.w.s.m.m.a.RequestMappingHandlerAdapter -
				Looking for @ControllerAdvice: org.springframework.test.web.servlet.setup.StubWebApplicationContext@56c6d515
2020-01-05 04:41:32 [main] INFO  o.s.mock.web.MockServletContext -
				Initializing Spring FrameworkServlet ''
2020-01-05 04:41:32 [main] INFO  o.s.t.w.s.TestDispatcherServlet -
				FrameworkServlet '': initialization started
2020-01-05 04:41:32 [main] INFO  o.s.t.w.s.TestDispatcherServlet -
				FrameworkServlet '': initialization completed in 0 ms
2020-01-05 04:41:32 [main] INFO  o.s.w.s.m.m.a.RequestMappingHandlerMapping -
				Mapped "{[/api/v1/reminder],methods=[POST]}" onto public org.springframework.http.ResponseEntity<?> com.stackroute.keepnote.controller.ReminderController.createReminder(com.stackroute.keepnote.model.Reminder)
2020-01-05 04:41:32 [main] INFO  o.s.w.s.m.m.a.RequestMappingHandlerMapping -
				Mapped "{[/api/v1/reminder/{id}],methods=[DELETE]}" onto public org.springframework.http.ResponseEntity<?> com.stackroute.keepnote.controller.ReminderController.deleteReminder(java.lang.String)
2020-01-05 04:41:32 [main] INFO  o.s.w.s.m.m.a.RequestMappingHandlerMapping -
				Mapped "{[/api/v1/reminder/{id}],methods=[PUT]}" onto public org.springframework.http.ResponseEntity<?> com.stackroute.keepnote.controller.ReminderController.updateReminder(com.stackroute.keepnote.model.Reminder,java.lang.String)
2020-01-05 04:41:32 [main] INFO  o.s.w.s.m.m.a.RequestMappingHandlerMapping -
				Mapped "{[/api/v1/reminder/{id}],methods=[GET]}" onto public org.springframework.http.ResponseEntity<?> com.stackroute.keepnote.controller.ReminderController.getReminderById(java.lang.String)
2020-01-05 04:41:32 [main] INFO  o.s.w.s.m.m.a.RequestMappingHandlerMapping -
				Mapped "{[/api/v1/reminder],methods=[GET]}" onto public org.springframework.http.ResponseEntity<?> com.stackroute.keepnote.controller.ReminderController.getAllReminder()
2020-01-05 04:41:32 [main] INFO  o.s.w.s.m.m.a.RequestMappingHandlerAdapter -
				Looking for @ControllerAdvice: org.springframework.test.web.servlet.setup.StubWebApplicationContext@4272d8cf
2020-01-05 04:41:32 [main] INFO  o.s.mock.web.MockServletContext -
				Initializing Spring FrameworkServlet ''
2020-01-05 04:41:32 [main] INFO  o.s.t.w.s.TestDispatcherServlet -
				FrameworkServlet '': initialization started
2020-01-05 04:41:32 [main] INFO  o.s.t.w.s.TestDispatcherServlet -
				FrameworkServlet '': initialization completed in 0 ms
2020-01-05 04:41:32 [main] INFO  o.s.w.s.m.m.a.RequestMappingHandlerMapping -
				Mapped "{[/api/v1/reminder],methods=[POST]}" onto public org.springframework.http.ResponseEntity<?> com.stackroute.keepnote.controller.ReminderController.createReminder(com.stackroute.keepnote.model.Reminder)
2020-01-05 04:41:32 [main] INFO  o.s.w.s.m.m.a.RequestMappingHandlerMapping -
				Mapped "{[/api/v1/reminder/{id}],methods=[DELETE]}" onto public org.springframework.http.ResponseEntity<?> com.stackroute.keepnote.controller.ReminderController.deleteReminder(java.lang.String)
2020-01-05 04:41:32 [main] INFO  o.s.w.s.m.m.a.RequestMappingHandlerMapping -
				Mapped "{[/api/v1/reminder/{id}],methods=[PUT]}" onto public org.springframework.http.ResponseEntity<?> com.stackroute.keepnote.controller.ReminderController.updateReminder(com.stackroute.keepnote.model.Reminder,java.lang.String)
2020-01-05 04:41:32 [main] INFO  o.s.w.s.m.m.a.RequestMappingHandlerMapping -
				Mapped "{[/api/v1/reminder/{id}],methods=[GET]}" onto public org.springframework.http.ResponseEntity<?> com.stackroute.keepnote.controller.ReminderController.getReminderById(java.lang.String)
2020-01-05 04:41:32 [main] INFO  o.s.w.s.m.m.a.RequestMappingHandlerMapping -
				Mapped "{[/api/v1/reminder],methods=[GET]}" onto public org.springframework.http.ResponseEntity<?> com.stackroute.keepnote.controller.ReminderController.getAllReminder()
2020-01-05 04:41:32 [main] INFO  o.s.w.s.m.m.a.RequestMappingHandlerAdapter -
				Looking for @ControllerAdvice: org.springframework.test.web.servlet.setup.StubWebApplicationContext@b339a08
2020-01-05 04:41:32 [main] INFO  o.s.mock.web.MockServletContext -
				Initializing Spring FrameworkServlet ''
2020-01-05 04:41:32 [main] INFO  o.s.t.w.s.TestDispatcherServlet -
				FrameworkServlet '': initialization started
2020-01-05 04:41:32 [main] INFO  o.s.t.w.s.TestDispatcherServlet -
				FrameworkServlet '': initialization completed in 0 ms
2020-01-05 04:41:32 [main] INFO  o.s.w.s.m.m.a.RequestMappingHandlerMapping -
				Mapped "{[/api/v1/reminder],methods=[POST]}" onto public org.springframework.http.ResponseEntity<?> com.stackroute.keepnote.controller.ReminderController.createReminder(com.stackroute.keepnote.model.Reminder)
2020-01-05 04:41:32 [main] INFO  o.s.w.s.m.m.a.RequestMappingHandlerMapping -
				Mapped "{[/api/v1/reminder/{id}],methods=[DELETE]}" onto public org.springframework.http.ResponseEntity<?> com.stackroute.keepnote.controller.ReminderController.deleteReminder(java.lang.String)
2020-01-05 04:41:32 [main] INFO  o.s.w.s.m.m.a.RequestMappingHandlerMapping -
				Mapped "{[/api/v1/reminder/{id}],methods=[PUT]}" onto public org.springframework.http.ResponseEntity<?> com.stackroute.keepnote.controller.ReminderController.updateReminder(com.stackroute.keepnote.model.Reminder,java.lang.String)
2020-01-05 04:41:32 [main] INFO  o.s.w.s.m.m.a.RequestMappingHandlerMapping -
				Mapped "{[/api/v1/reminder/{id}],methods=[GET]}" onto public org.springframework.http.ResponseEntity<?> com.stackroute.keepnote.controller.ReminderController.getReminderById(java.lang.String)
2020-01-05 04:41:32 [main] INFO  o.s.w.s.m.m.a.RequestMappingHandlerMapping -
				Mapped "{[/api/v1/reminder],methods=[GET]}" onto public org.springframework.http.ResponseEntity<?> com.stackroute.keepnote.controller.ReminderController.getAllReminder()
2020-01-05 04:41:32 [main] INFO  o.s.w.s.m.m.a.RequestMappingHandlerAdapter -
				Looking for @ControllerAdvice: org.springframework.test.web.servlet.setup.StubWebApplicationContext@2e1291a4
2020-01-05 04:41:32 [main] INFO  o.s.mock.web.MockServletContext -
				Initializing Spring FrameworkServlet ''
2020-01-05 04:41:32 [main] INFO  o.s.t.w.s.TestDispatcherServlet -
				FrameworkServlet '': initialization started
2020-01-05 04:41:32 [main] INFO  o.s.t.w.s.TestDispatcherServlet -
				FrameworkServlet '': initialization completed in 0 ms
2020-01-05 04:41:32 [main] INFO  o.s.w.s.m.m.a.RequestMappingHandlerMapping -
				Mapped "{[/api/v1/reminder],methods=[POST]}" onto public org.springframework.http.ResponseEntity<?> com.stackroute.keepnote.controller.ReminderController.createReminder(com.stackroute.keepnote.model.Reminder)
2020-01-05 04:41:32 [main] INFO  o.s.w.s.m.m.a.RequestMappingHandlerMapping -
				Mapped "{[/api/v1/reminder/{id}],methods=[DELETE]}" onto public org.springframework.http.ResponseEntity<?> com.stackroute.keepnote.controller.ReminderController.deleteReminder(java.lang.String)
2020-01-05 04:41:32 [main] INFO  o.s.w.s.m.m.a.RequestMappingHandlerMapping -
				Mapped "{[/api/v1/reminder/{id}],methods=[PUT]}" onto public org.springframework.http.ResponseEntity<?> com.stackroute.keepnote.controller.ReminderController.updateReminder(com.stackroute.keepnote.model.Reminder,java.lang.String)
2020-01-05 04:41:32 [main] INFO  o.s.w.s.m.m.a.RequestMappingHandlerMapping -
				Mapped "{[/api/v1/reminder/{id}],methods=[GET]}" onto public org.springframework.http.ResponseEntity<?> com.stackroute.keepnote.controller.ReminderController.getReminderById(java.lang.String)
2020-01-05 04:41:32 [main] INFO  o.s.w.s.m.m.a.RequestMappingHandlerMapping -
				Mapped "{[/api/v1/reminder],methods=[GET]}" onto public org.springframework.http.ResponseEntity<?> com.stackroute.keepnote.controller.ReminderController.getAllReminder()
2020-01-05 04:41:32 [main] INFO  o.s.w.s.m.m.a.RequestMappingHandlerAdapter -
				Looking for @ControllerAdvice: org.springframework.test.web.servlet.setup.StubWebApplicationContext@44a14de0
2020-01-05 04:41:32 [main] INFO  o.s.mock.web.MockServletContext -
				Initializing Spring FrameworkServlet ''
2020-01-05 04:41:32 [main] INFO  o.s.t.w.s.TestDispatcherServlet -
				FrameworkServlet '': initialization started
2020-01-05 04:41:32 [main] INFO  o.s.t.w.s.TestDispatcherServlet -
				FrameworkServlet '': initialization completed in 0 ms
2020-01-05 04:41:32 [main] INFO  o.s.w.s.m.m.a.RequestMappingHandlerMapping -
				Mapped "{[/api/v1/reminder],methods=[POST]}" onto public org.springframework.http.ResponseEntity<?> com.stackroute.keepnote.controller.ReminderController.createReminder(com.stackroute.keepnote.model.Reminder)
2020-01-05 04:41:32 [main] INFO  o.s.w.s.m.m.a.RequestMappingHandlerMapping -
				Mapped "{[/api/v1/reminder/{id}],methods=[DELETE]}" onto public org.springframework.http.ResponseEntity<?> com.stackroute.keepnote.controller.ReminderController.deleteReminder(java.lang.String)
2020-01-05 04:41:32 [main] INFO  o.s.w.s.m.m.a.RequestMappingHandlerMapping -
				Mapped "{[/api/v1/reminder/{id}],methods=[PUT]}" onto public org.springframework.http.ResponseEntity<?> com.stackroute.keepnote.controller.ReminderController.updateReminder(com.stackroute.keepnote.model.Reminder,java.lang.String)
2020-01-05 04:41:32 [main] INFO  o.s.w.s.m.m.a.RequestMappingHandlerMapping -
				Mapped "{[/api/v1/reminder/{id}],methods=[GET]}" onto public org.springframework.http.ResponseEntity<?> com.stackroute.keepnote.controller.ReminderController.getReminderById(java.lang.String)
2020-01-05 04:41:32 [main] INFO  o.s.w.s.m.m.a.RequestMappingHandlerMapping -
				Mapped "{[/api/v1/reminder],methods=[GET]}" onto public org.springframework.http.ResponseEntity<?> com.stackroute.keepnote.controller.ReminderController.getAllReminder()
2020-01-05 04:41:32 [main] INFO  o.s.w.s.m.m.a.RequestMappingHandlerAdapter -
				Looking for @ControllerAdvice: org.springframework.test.web.servlet.setup.StubWebApplicationContext@59b98ad1
2020-01-05 04:41:32 [main] INFO  o.s.mock.web.MockServletContext -
				Initializing Spring FrameworkServlet ''
2020-01-05 04:41:32 [main] INFO  o.s.t.w.s.TestDispatcherServlet -
				FrameworkServlet '': initialization started
2020-01-05 04:41:32 [main] INFO  o.s.t.w.s.TestDispatcherServlet -
				FrameworkServlet '': initialization completed in 0 ms
2020-01-05 04:41:32 [main] INFO  c.s.k.t.r.ReminderRepositoryTest -
				Starting ReminderRepositoryTest on ip-172-31-41-20 with PID 4289 (started by ubuntu in /home/ubuntu/Desktop/Assignment/KeepNote-Step6-Boilerplate/ReminderService)
2020-01-05 04:41:32 [main] INFO  c.s.k.t.r.ReminderRepositoryTest -
				No active profile set, falling back to default profiles: default
2020-01-05 04:41:32 [main] INFO  o.s.c.a.AnnotationConfigApplicationContext -
				Refreshing org.springframework.context.annotation.AnnotationConfigApplicationContext@42238078: startup date [Sun Jan 05 04:41:32 UTC 2020]; root of context hierarchy
2020-01-05 04:41:33 [Thread-10] INFO  o.s.b.a.mongo.embedded.EmbeddedMongo -
				note: noprealloc may hurt performance in many applications
2020-01-05 04:41:33 [Thread-10] INFO  o.s.b.a.mongo.embedded.EmbeddedMongo -
				2020-01-05T04:41:33.076+0000 I CONTROL  [initandlisten] MongoDB starting : pid=4360 port=44355 dbpath=/tmp/embedmongo-db-a282bd35-d25d-4f0b-a6fd-8eeb5916397f 64-bit host=ip-172-31-41-20
2020-01-05 04:41:33 [Thread-10] INFO  o.s.b.a.mongo.embedded.EmbeddedMongo -
				2020-01-05T04:41:33.076+0000 I CONTROL  [initandlisten] db version v3.2.2
2020-01-05 04:41:33 [Thread-10] INFO  o.s.b.a.mongo.embedded.EmbeddedMongo -
				2020-01-05T04:41:33.076+0000 I CONTROL  [initandlisten] git version: 6e71d0d568e134c029203593b00a0103e7cdf30b
2020-01-05 04:41:33 [Thread-10] INFO  o.s.b.a.mongo.embedded.EmbeddedMongo -
				2020-01-05T04:41:33.076+0000 I CONTROL  [initandlisten] allocator: tcmalloc
2020-01-05 04:41:33 [Thread-10] INFO  o.s.b.a.mongo.embedded.EmbeddedMongo -
				2020-01-05T04:41:33.076+0000 I CONTROL  [initandlisten] modules: none
2020-01-05 04:41:33 [Thread-10] INFO  o.s.b.a.mongo.embedded.EmbeddedMongo -
				2020-01-05T04:41:33.076+0000 I CONTROL  [initandlisten] build environment:
2020-01-05 04:41:33 [Thread-10] INFO  o.s.b.a.mongo.embedded.EmbeddedMongo -
				2020-01-05T04:41:33.076+0000 I CONTROL  [initandlisten]     distarch: x86_64
2020-01-05 04:41:33 [Thread-10] INFO  o.s.b.a.mongo.embedded.EmbeddedMongo -
				2020-01-05T04:41:33.076+0000 I CONTROL  [initandlisten]     target_arch: x86_64
2020-01-05 04:41:33 [Thread-10] INFO  o.s.b.a.mongo.embedded.EmbeddedMongo -
				2020-01-05T04:41:33.076+0000 I CONTROL  [initandlisten] options: { net: { bindIp: "127.0.0.1", http: { enabled: false }, port: 44355 }, security: { authorization: "disabled" }, storage: { dbPath: "/tmp/embedmongo-db-a282bd35-d25d-4f0b-a6fd-8eeb5916397f", journal: { enabled: false }, mmapv1: { preallocDataFiles: false, smallFiles: true }, syncPeriodSecs: 0.0 } }
2020-01-05 04:41:33 [Thread-10] INFO  o.s.b.a.mongo.embedded.EmbeddedMongo -
				2020-01-05T04:41:33.117+0000 I STORAGE  [initandlisten] wiredtiger_open config: create,cache_size=4G,session_max=20000,eviction=(threads_max=4),config_base=false,statistics=(fast),log=(enabled=true,archive=true,path=journal,compressor=snappy),file_manager=(close_idle_time=100000),checkpoint=(wait=0,log_size=2GB),statistics_log=(wait=0),,log=(enabled=false),
2020-01-05 04:41:33 [Thread-10] INFO  o.s.b.a.mongo.embedded.EmbeddedMongo -
				2020-01-05T04:41:33.179+0000 W STORAGE  [initandlisten] Detected configuration for non-active storage engine mmapv1 when current storage engine is wiredTiger
2020-01-05 04:41:33 [Thread-10] INFO  o.s.b.a.mongo.embedded.EmbeddedMongo -
				2020-01-05T04:41:33.179+0000 I FTDC     [initandlisten] Initializing full-time diagnostic data capture with directory '/tmp/embedmongo-db-a282bd35-d25d-4f0b-a6fd-8eeb5916397f/diagnostic.data'
2020-01-05 04:41:33 [Thread-10] INFO  o.s.b.a.mongo.embedded.EmbeddedMongo -
				2020-01-05T04:41:33.180+0000 I NETWORK  [HostnameCanonicalizationWorker] Starting hostname canonicalization worker
2020-01-05 04:41:33 [Thread-10] INFO  o.s.b.a.mongo.embedded.EmbeddedMongo -
				2020-01-05T04:41:33.198+0000 I NETWORK  [initandlisten] waiting for connections on port 44355
2020-01-05 04:41:33 [main] INFO  d.f.embed.process.runtime.Executable -
				start de.flapdoodle.embed.mongo.config.MongodConfigBuilder$ImmutableMongodConfig@153c6603
2020-01-05 04:41:33 [main] INFO  org.mongodb.driver.cluster -
				Cluster created with settings {hosts=[localhost:44355], mode=MULTIPLE, requiredClusterType=UNKNOWN, serverSelectionTimeout='30000 ms', maxWaitQueueSize=500}
2020-01-05 04:41:33 [main] INFO  org.mongodb.driver.cluster -
				Adding discovered server localhost:44355 to client view of cluster
2020-01-05 04:41:33 [Thread-10] INFO  o.s.b.a.mongo.embedded.EmbeddedMongo -
				2020-01-05T04:41:33.206+0000 I NETWORK  [initandlisten] connection accepted from 127.0.0.1:55946 #1 (1 connection now open)
2020-01-05 04:41:33 [cluster-ClusterId{value='5e1168fde8155510c1d41b06', description='null'}-localhost:44355] INFO  org.mongodb.driver.connection -
				Opened connection [connectionId{localValue:2, serverValue:1}] to localhost:44355
2020-01-05 04:41:33 [cluster-ClusterId{value='5e1168fde8155510c1d41b06', description='null'}-localhost:44355] INFO  org.mongodb.driver.cluster -
				Monitor thread successfully connected to server with description ServerDescription{address=localhost:44355, type=STANDALONE, state=CONNECTED, ok=true, version=ServerVersion{versionList=[3, 2, 2]}, minWireVersion=0, maxWireVersion=4, maxDocumentSize=16777216, logicalSessionTimeoutMinutes=null, roundTripTimeNanos=1619284}
2020-01-05 04:41:33 [cluster-ClusterId{value='5e1168fde8155510c1d41b06', description='null'}-localhost:44355] INFO  org.mongodb.driver.cluster -
				Discovered cluster type of STANDALONE
2020-01-05 04:41:33 [main] INFO  c.s.k.t.r.ReminderRepositoryTest -
				Started ReminderRepositoryTest in 0.42 seconds (JVM running for 8.673)
2020-01-05 04:41:33 [Thread-10] INFO  o.s.b.a.mongo.embedded.EmbeddedMongo -
				2020-01-05T04:41:33.372+0000 I NETWORK  [initandlisten] connection accepted from 127.0.0.1:55948 #2 (2 connections now open)
2020-01-05 04:41:33 [main] INFO  org.mongodb.driver.connection -
				Opened connection [connectionId{localValue:3, serverValue:2}] to localhost:44355
2020-01-05 04:41:33 [Thread-12] INFO  o.s.c.a.AnnotationConfigApplicationContext -
				Closing org.springframework.context.annotation.AnnotationConfigApplicationContext@42238078: startup date [Sun Jan 05 04:41:32 UTC 2020]; root of context hierarchy
2020-01-05 04:41:33 [Thread-10] INFO  o.s.b.a.mongo.embedded.EmbeddedMongo -
				2020-01-05T04:41:33.531+0000 I NETWORK  [initandlisten] connection accepted from 127.0.0.1:55950 #3 (3 connections now open)
2020-01-05 04:41:33 [Thread-7] INFO  o.s.w.c.s.GenericWebApplicationContext -
				Closing org.springframework.web.context.support.GenericWebApplicationContext@1426370c: startup date [Sun Jan 05 04:41:31 UTC 2020]; root of context hierarchy
2020-01-05 04:41:33 [Thread-10] INFO  o.s.b.a.mongo.embedded.EmbeddedMongo -
				2020-01-05T04:41:33.536+0000 I COMMAND  [conn3] terminating, shutdown command received
2020-01-05 04:41:33 [Thread-10] INFO  o.s.b.a.mongo.embedded.EmbeddedMongo -
				2020-01-05T04:41:33.536+0000 I FTDC     [conn3] Shutting down full-time diagnostic data capture
2020-01-05 04:41:33 [Thread-10] INFO  o.s.b.a.mongo.embedded.EmbeddedMongo -
				2020-01-05T04:41:33.537+0000 I CONTROL  [conn3] now exiting
2020-01-05 04:41:33 [Thread-10] INFO  o.s.b.a.mongo.embedded.EmbeddedMongo -
				2020-01-05T04:41:33.537+0000 I NETWORK  [conn3] shutdown: going to close listening sockets...
2020-01-05 04:41:33 [Thread-10] INFO  o.s.b.a.mongo.embedded.EmbeddedMongo -
				2020-01-05T04:41:33.537+0000 I NETWORK  [conn3] closing listening socket: 5
2020-01-05 04:41:33 [Thread-10] INFO  o.s.b.a.mongo.embedded.EmbeddedMongo -
				2020-01-05T04:41:33.537+0000 I NETWORK  [conn3] closing listening socket: 6
2020-01-05 04:41:33 [Thread-10] INFO  o.s.b.a.mongo.embedded.EmbeddedMongo -
				2020-01-05T04:41:33.537+0000 I NETWORK  [conn3] removing socket file: /tmp/mongodb-44355.sock
2020-01-05 04:41:33 [Thread-10] INFO  o.s.b.a.mongo.embedded.EmbeddedMongo -
				2020-01-05T04:41:33.537+0000 I NETWORK  [conn3] shutdown: going to flush diaglog...
2020-01-05 04:41:33 [Thread-10] INFO  o.s.b.a.mongo.embedded.EmbeddedMongo -
				2020-01-05T04:41:33.538+0000 I NETWORK  [conn3] shutdown: going to close sockets...
2020-01-05 04:41:33 [Thread-10] INFO  o.s.b.a.mongo.embedded.EmbeddedMongo -
				2020-01-05T04:41:33.538+0000 I STORAGE  [conn3] WiredTigerKVEngine shutting down
2020-01-05 04:41:33 [Thread-3] INFO  o.s.b.a.mongo.embedded.EmbeddedMongo -
				2020-01-05T04:41:33.540+0000 I NETWORK  [initandlisten] connection accepted from 127.0.0.1:45204 #2 (2 connections now open)
2020-01-05 04:41:33 [Thread-10] INFO  o.s.b.a.mongo.embedded.EmbeddedMongo -
				2020-01-05T04:41:33.540+0000 I NETWORK  [conn2] end connection 127.0.0.1:55948 (2 connections now open)
2020-01-05 04:41:33 [Thread-10] INFO  o.s.b.a.mongo.embedded.EmbeddedMongo -
				2020-01-05T04:41:33.541+0000 I NETWORK  [conn1] end connection 127.0.0.1:55946 (2 connections now open)
2020-01-05 04:41:33 [Thread-5] INFO  o.s.w.c.s.GenericWebApplicationContext -
				Closing org.springframework.web.context.support.GenericWebApplicationContext@23202fce: startup date [Sun Jan 05 04:41:26 UTC 2020]; root of context hierarchy
2020-01-05 04:41:33 [Thread-12] INFO  org.mongodb.driver.connection -
				Closed connection [connectionId{localValue:3, serverValue:2}] to localhost:44355 because the pool has been closed.
2020-01-05 04:41:33 [Thread-3] INFO  o.s.b.a.mongo.embedded.EmbeddedMongo -
				2020-01-05T04:41:33.543+0000 I COMMAND  [conn2] terminating, shutdown command received
2020-01-05 04:41:33 [Thread-3] INFO  o.s.b.a.mongo.embedded.EmbeddedMongo -
				2020-01-05T04:41:33.543+0000 I FTDC     [conn2] Shutting down full-time diagnostic data capture
2020-01-05 04:41:33 [Thread-5] INFO  o.s.c.s.DefaultLifecycleProcessor -
				Stopping beans in phase 2147483647
2020-01-05 04:41:33 [Thread-3] INFO  o.s.b.a.mongo.embedded.EmbeddedMongo -
				2020-01-05T04:41:33.554+0000 I NETWORK  [conn1] end connection 127.0.0.1:45196 (1 connection now open)
2020-01-05 04:41:33 [Thread-3] INFO  o.s.b.a.mongo.embedded.EmbeddedMongo -
				2020-01-05T04:41:33.557+0000 I CONTROL  [conn2] now exiting
2020-01-05 04:41:33 [Thread-3] INFO  o.s.b.a.mongo.embedded.EmbeddedMongo -
				2020-01-05T04:41:33.557+0000 I NETWORK  [conn2] shutdown: going to close listening sockets...
2020-01-05 04:41:33 [Thread-3] INFO  o.s.b.a.mongo.embedded.EmbeddedMongo -
				2020-01-05T04:41:33.557+0000 I NETWORK  [conn2] closing listening socket: 5
2020-01-05 04:41:33 [Thread-3] INFO  o.s.b.a.mongo.embedded.EmbeddedMongo -
				2020-01-05T04:41:33.557+0000 I NETWORK  [conn2] closing listening socket: 6
2020-01-05 04:41:33 [Thread-3] INFO  o.s.b.a.mongo.embedded.EmbeddedMongo -
				2020-01-05T04:41:33.558+0000 I NETWORK  [conn2] removing socket file: /tmp/mongodb-46097.sock
2020-01-05 04:41:33 [Thread-3] INFO  o.s.b.a.mongo.embedded.EmbeddedMongo -
				2020-01-05T04:41:33.558+0000 I NETWORK  [conn2] shutdown: going to flush diaglog...
2020-01-05 04:41:33 [Thread-3] INFO  o.s.b.a.mongo.embedded.EmbeddedMongo -
				2020-01-05T04:41:33.558+0000 I NETWORK  [conn2] shutdown: going to close sockets...
2020-01-05 04:41:33 [Thread-3] INFO  o.s.b.a.mongo.embedded.EmbeddedMongo -
				2020-01-05T04:41:33.558+0000 I STORAGE  [conn2] WiredTigerKVEngine shutting down
2020-01-05 04:41:33 [Thread-10] INFO  o.s.b.a.mongo.embedded.EmbeddedMongo -
				2020-01-05T04:41:33.557+0000 I STORAGE  [conn3] shutdown: removing fs lock...
2020-01-05 04:41:33 [Thread-10] INFO  o.s.b.a.mongo.embedded.EmbeddedMongo -
				2020-01-05T04:41:33.557+0000 I CONTROL  [conn3] dbexit:  rc: 0
2020-01-05 04:41:33 [Thread-3] INFO  o.s.b.a.mongo.embedded.EmbeddedMongo -
				2020-01-05T04:41:33.576+0000 I STORAGE  [conn2] shutdown: removing fs lock...
2020-01-05 04:41:33 [Thread-3] INFO  o.s.b.a.mongo.embedded.EmbeddedMongo -
				2020-01-05T04:41:33.579+0000 I CONTROL  [conn2] dbexit:  rc: 0
