2020-01-05 05:24:09 [main] INFO  o.s.b.t.c.SpringBootTestContextBootstrapper -
				Neither @ContextConfiguration nor @ContextHierarchy found for test class [com.stackroute.keepnote.test.repository.ReminderRepositoryTest], using SpringBootContextLoader
2020-01-05 05:24:09 [main] INFO  o.s.t.c.s.AbstractContextLoader -
				Could not detect default resource locations for test class [com.stackroute.keepnote.test.repository.ReminderRepositoryTest]: no resource found for suffixes {-context.xml, Context.groovy}.
2020-01-05 05:24:09 [main] INFO  o.s.t.c.s.AnnotationConfigContextLoaderUtils -
				Could not detect default configuration classes for test class [com.stackroute.keepnote.test.repository.ReminderRepositoryTest]: ReminderRepositoryTest does not declare any static, non-private, non-final, nested classes annotated with @Configuration.
2020-01-05 05:24:09 [main] INFO  o.s.b.t.c.SpringBootTestContextBootstrapper -
				Found @SpringBootConfiguration com.stackroute.keepnote.ReminderServiceApplication for test class com.stackroute.keepnote.test.repository.ReminderRepositoryTest
2020-01-05 05:24:09 [main] INFO  o.s.b.t.c.SpringBootTestContextBootstrapper -
				Loaded default TestExecutionListener class names from location [META-INF/spring.factories]: [org.springframework.boot.test.mock.mockito.MockitoTestExecutionListener, org.springframework.boot.test.mock.mockito.ResetMocksTestExecutionListener, org.springframework.boot.test.autoconfigure.restdocs.RestDocsTestExecutionListener, org.springframework.boot.test.autoconfigure.web.client.MockRestServiceServerResetTestExecutionListener, org.springframework.boot.test.autoconfigure.web.servlet.MockMvcPrintOnlyOnFailureTestExecutionListener, org.springframework.boot.test.autoconfigure.web.servlet.WebDriverTestExecutionListener, org.springframework.test.context.web.ServletTestExecutionListener, org.springframework.test.context.support.DirtiesContextBeforeModesTestExecutionListener, org.springframework.test.context.support.DependencyInjectionTestExecutionListener, org.springframework.test.context.support.DirtiesContextTestExecutionListener, org.springframework.test.context.transaction.TransactionalTestExecutionListener, org.springframework.test.context.jdbc.SqlScriptsTestExecutionListener]
2020-01-05 05:24:09 [main] INFO  o.s.b.t.c.SpringBootTestContextBootstrapper -
				Using TestExecutionListeners: [org.springframework.test.context.web.ServletTestExecutionListener@4ec4f3a0, org.springframework.test.context.support.DirtiesContextBeforeModesTestExecutionListener@223191a6, org.springframework.boot.test.mock.mockito.MockitoTestExecutionListener@49139829, org.springframework.boot.test.autoconfigure.SpringBootDependencyInjectionTestExecutionListener@9597028, org.springframework.test.context.support.DirtiesContextTestExecutionListener@6069db50, org.springframework.test.context.transaction.TransactionalTestExecutionListener@4efbca5a, org.springframework.test.context.jdbc.SqlScriptsTestExecutionListener@1b7cc17c, org.springframework.boot.test.mock.mockito.ResetMocksTestExecutionListener@59662a0b, org.springframework.boot.test.autoconfigure.restdocs.RestDocsTestExecutionListener@77fbd92c, org.springframework.boot.test.autoconfigure.web.client.MockRestServiceServerResetTestExecutionListener@67c27493, org.springframework.boot.test.autoconfigure.web.servlet.MockMvcPrintOnlyOnFailureTestExecutionListener@1a482e36, org.springframework.boot.test.autoconfigure.web.servlet.WebDriverTestExecutionListener@72967906]
2020-01-05 05:24:09 [main] INFO  c.s.k.t.r.ReminderRepositoryTest -
				Starting ReminderRepositoryTest on ip-172-31-41-20 with PID 6854 (started by ubuntu in /home/ubuntu/Desktop/Assignment/KeepNote-Step6-Boilerplate/ReminderService)
2020-01-05 05:24:09 [main] INFO  c.s.k.t.r.ReminderRepositoryTest -
				No active profile set, falling back to default profiles: default
2020-01-05 05:24:09 [main] INFO  o.s.c.a.AnnotationConfigApplicationContext -
				Refreshing org.springframework.context.annotation.AnnotationConfigApplicationContext@389b0789: startup date [Sun Jan 05 05:24:09 UTC 2020]; root of context hierarchy
2020-01-05 05:24:10 [Thread-3] INFO  o.s.b.a.mongo.embedded.EmbeddedMongo -
				note: noprealloc may hurt performance in many applications
2020-01-05 05:24:10 [Thread-3] INFO  o.s.b.a.mongo.embedded.EmbeddedMongo -
				2020-01-05T05:24:10.994+0000 I CONTROL  [initandlisten] MongoDB starting : pid=6882 port=37691 dbpath=/tmp/embedmongo-db-4c88c8a1-d259-4f3e-a6ed-c1bbbcb260cd 64-bit host=ip-172-31-41-20
2020-01-05 05:24:10 [Thread-3] INFO  o.s.b.a.mongo.embedded.EmbeddedMongo -
				2020-01-05T05:24:10.994+0000 I CONTROL  [initandlisten] db version v3.2.2
2020-01-05 05:24:10 [Thread-3] INFO  o.s.b.a.mongo.embedded.EmbeddedMongo -
				2020-01-05T05:24:10.994+0000 I CONTROL  [initandlisten] git version: 6e71d0d568e134c029203593b00a0103e7cdf30b
2020-01-05 05:24:10 [Thread-3] INFO  o.s.b.a.mongo.embedded.EmbeddedMongo -
				2020-01-05T05:24:10.994+0000 I CONTROL  [initandlisten] allocator: tcmalloc
2020-01-05 05:24:10 [Thread-3] INFO  o.s.b.a.mongo.embedded.EmbeddedMongo -
				2020-01-05T05:24:10.994+0000 I CONTROL  [initandlisten] modules: none
2020-01-05 05:24:10 [Thread-3] INFO  o.s.b.a.mongo.embedded.EmbeddedMongo -
				2020-01-05T05:24:10.994+0000 I CONTROL  [initandlisten] build environment:
2020-01-05 05:24:10 [Thread-3] INFO  o.s.b.a.mongo.embedded.EmbeddedMongo -
				2020-01-05T05:24:10.994+0000 I CONTROL  [initandlisten]     distarch: x86_64
2020-01-05 05:24:10 [Thread-3] INFO  o.s.b.a.mongo.embedded.EmbeddedMongo -
				2020-01-05T05:24:10.994+0000 I CONTROL  [initandlisten]     target_arch: x86_64
2020-01-05 05:24:10 [Thread-3] INFO  o.s.b.a.mongo.embedded.EmbeddedMongo -
				2020-01-05T05:24:10.994+0000 I CONTROL  [initandlisten] options: { net: { bindIp: "127.0.0.1", http: { enabled: false }, port: 37691 }, security: { authorization: "disabled" }, storage: { dbPath: "/tmp/embedmongo-db-4c88c8a1-d259-4f3e-a6ed-c1bbbcb260cd", journal: { enabled: false }, mmapv1: { preallocDataFiles: false, smallFiles: true }, syncPeriodSecs: 0.0 } }
2020-01-05 05:24:11 [Thread-3] INFO  o.s.b.a.mongo.embedded.EmbeddedMongo -
				2020-01-05T05:24:11.020+0000 I STORAGE  [initandlisten] wiredtiger_open config: create,cache_size=4G,session_max=20000,eviction=(threads_max=4),config_base=false,statistics=(fast),log=(enabled=true,archive=true,path=journal,compressor=snappy),file_manager=(close_idle_time=100000),checkpoint=(wait=0,log_size=2GB),statistics_log=(wait=0),,log=(enabled=false),
2020-01-05 05:24:11 [Thread-3] INFO  o.s.b.a.mongo.embedded.EmbeddedMongo -
				2020-01-05T05:24:11.077+0000 W STORAGE  [initandlisten] Detected configuration for non-active storage engine mmapv1 when current storage engine is wiredTiger
2020-01-05 05:24:11 [Thread-3] INFO  o.s.b.a.mongo.embedded.EmbeddedMongo -
				2020-01-05T05:24:11.078+0000 I FTDC     [initandlisten] Initializing full-time diagnostic data capture with directory '/tmp/embedmongo-db-4c88c8a1-d259-4f3e-a6ed-c1bbbcb260cd/diagnostic.data'
2020-01-05 05:24:11 [Thread-3] INFO  o.s.b.a.mongo.embedded.EmbeddedMongo -
				2020-01-05T05:24:11.078+0000 I NETWORK  [HostnameCanonicalizationWorker] Starting hostname canonicalization worker
2020-01-05 05:24:11 [Thread-3] INFO  o.s.b.a.mongo.embedded.EmbeddedMongo -
				2020-01-05T05:24:11.095+0000 I NETWORK  [initandlisten] waiting for connections on port 37691
2020-01-05 05:24:11 [main] INFO  d.f.embed.process.runtime.Executable -
				start de.flapdoodle.embed.mongo.config.MongodConfigBuilder$ImmutableMongodConfig@73511076
2020-01-05 05:24:11 [main] INFO  org.mongodb.driver.cluster -
				Cluster created with settings {hosts=[localhost:37691], mode=MULTIPLE, requiredClusterType=UNKNOWN, serverSelectionTimeout='30000 ms', maxWaitQueueSize=500}
2020-01-05 05:24:11 [main] INFO  org.mongodb.driver.cluster -
				Adding discovered server localhost:37691 to client view of cluster
2020-01-05 05:24:11 [Thread-3] INFO  o.s.b.a.mongo.embedded.EmbeddedMongo -
				2020-01-05T05:24:11.421+0000 I NETWORK  [initandlisten] connection accepted from 127.0.0.1:42012 #1 (1 connection now open)
2020-01-05 05:24:11 [cluster-ClusterId{value='5e1172fbe815551ac6625708', description='null'}-localhost:37691] INFO  org.mongodb.driver.connection -
				Opened connection [connectionId{localValue:1, serverValue:1}] to localhost:37691
2020-01-05 05:24:11 [cluster-ClusterId{value='5e1172fbe815551ac6625708', description='null'}-localhost:37691] INFO  org.mongodb.driver.cluster -
				Monitor thread successfully connected to server with description ServerDescription{address=localhost:37691, type=STANDALONE, state=CONNECTED, ok=true, version=ServerVersion{versionList=[3, 2, 2]}, minWireVersion=0, maxWireVersion=4, maxDocumentSize=16777216, logicalSessionTimeoutMinutes=null, roundTripTimeNanos=1174304}
2020-01-05 05:24:11 [cluster-ClusterId{value='5e1172fbe815551ac6625708', description='null'}-localhost:37691] INFO  org.mongodb.driver.cluster -
				Discovered cluster type of STANDALONE
2020-01-05 05:24:11 [main] INFO  c.s.k.t.r.ReminderRepositoryTest -
				Started ReminderRepositoryTest in 2.453 seconds (JVM running for 3.489)
2020-01-05 05:24:12 [Thread-3] INFO  o.s.b.a.mongo.embedded.EmbeddedMongo -
				2020-01-05T05:24:12.067+0000 I NETWORK  [initandlisten] connection accepted from 127.0.0.1:42014 #2 (2 connections now open)
2020-01-05 05:24:12 [main] INFO  org.mongodb.driver.connection -
				Opened connection [connectionId{localValue:2, serverValue:2}] to localhost:37691
2020-01-05 05:24:12 [main] INFO  o.s.b.t.c.SpringBootTestContextBootstrapper -
				Neither @ContextConfiguration nor @ContextHierarchy found for test class [com.stackroute.keepnote.test.log.LoggerTest], using SpringBootContextLoader
2020-01-05 05:24:12 [main] INFO  o.s.t.c.s.AbstractContextLoader -
				Could not detect default resource locations for test class [com.stackroute.keepnote.test.log.LoggerTest]: no resource found for suffixes {-context.xml, Context.groovy}.
2020-01-05 05:24:12 [main] INFO  o.s.t.c.s.AnnotationConfigContextLoaderUtils -
				Could not detect default configuration classes for test class [com.stackroute.keepnote.test.log.LoggerTest]: LoggerTest does not declare any static, non-private, non-final, nested classes annotated with @Configuration.
2020-01-05 05:24:12 [main] INFO  o.s.b.t.c.SpringBootTestContextBootstrapper -
				Found @SpringBootConfiguration com.stackroute.keepnote.ReminderServiceApplication for test class com.stackroute.keepnote.test.log.LoggerTest
2020-01-05 05:24:12 [main] INFO  o.s.b.t.c.SpringBootTestContextBootstrapper -
				Loaded default TestExecutionListener class names from location [META-INF/spring.factories]: [org.springframework.boot.test.mock.mockito.MockitoTestExecutionListener, org.springframework.boot.test.mock.mockito.ResetMocksTestExecutionListener, org.springframework.boot.test.autoconfigure.restdocs.RestDocsTestExecutionListener, org.springframework.boot.test.autoconfigure.web.client.MockRestServiceServerResetTestExecutionListener, org.springframework.boot.test.autoconfigure.web.servlet.MockMvcPrintOnlyOnFailureTestExecutionListener, org.springframework.boot.test.autoconfigure.web.servlet.WebDriverTestExecutionListener, org.springframework.test.context.web.ServletTestExecutionListener, org.springframework.test.context.support.DirtiesContextBeforeModesTestExecutionListener, org.springframework.test.context.support.DependencyInjectionTestExecutionListener, org.springframework.test.context.support.DirtiesContextTestExecutionListener, org.springframework.test.context.transaction.TransactionalTestExecutionListener, org.springframework.test.context.jdbc.SqlScriptsTestExecutionListener]
2020-01-05 05:24:12 [main] INFO  o.s.b.t.c.SpringBootTestContextBootstrapper -
				Using TestExecutionListeners: [org.springframework.test.context.web.ServletTestExecutionListener@43f1bb92, org.springframework.test.context.support.DirtiesContextBeforeModesTestExecutionListener@6d6bbd35, org.springframework.boot.test.mock.mockito.MockitoTestExecutionListener@5c5d6175, org.springframework.boot.test.autoconfigure.SpringBootDependencyInjectionTestExecutionListener@7544ac86, org.springframework.test.context.support.DirtiesContextTestExecutionListener@3b27b497, org.springframework.test.context.transaction.TransactionalTestExecutionListener@b1534d3, org.springframework.test.context.jdbc.SqlScriptsTestExecutionListener@3c74aa0d, org.springframework.boot.test.mock.mockito.ResetMocksTestExecutionListener@6c841199, org.springframework.boot.test.autoconfigure.restdocs.RestDocsTestExecutionListener@6a818392, org.springframework.boot.test.autoconfigure.web.client.MockRestServiceServerResetTestExecutionListener@489091bd, org.springframework.boot.test.autoconfigure.web.servlet.MockMvcPrintOnlyOnFailureTestExecutionListener@512d6e60, org.springframework.boot.test.autoconfigure.web.servlet.WebDriverTestExecutionListener@1de9b505]
2020-01-05 05:24:12 [main] INFO  c.s.keepnote.test.log.LoggerTest -
				Starting LoggerTest on ip-172-31-41-20 with PID 6854 (started by ubuntu in /home/ubuntu/Desktop/Assignment/KeepNote-Step6-Boilerplate/ReminderService)
2020-01-05 05:24:12 [main] INFO  c.s.keepnote.test.log.LoggerTest -
				No active profile set, falling back to default profiles: default
2020-01-05 05:24:12 [main] INFO  o.s.w.c.s.GenericWebApplicationContext -
				Refreshing org.springframework.web.context.support.GenericWebApplicationContext@3650d4fc: startup date [Sun Jan 05 05:24:12 UTC 2020]; root of context hierarchy
2020-01-05 05:24:14 [Thread-8] INFO  o.s.b.a.mongo.embedded.EmbeddedMongo -
				note: noprealloc may hurt performance in many applications
2020-01-05 05:24:14 [Thread-8] INFO  o.s.b.a.mongo.embedded.EmbeddedMongo -
				2020-01-05T05:24:14.058+0000 I CONTROL  [initandlisten] MongoDB starting : pid=6912 port=46453 dbpath=/tmp/embedmongo-db-ed4ca963-943e-4398-b652-844dc56766a1 64-bit host=ip-172-31-41-20
2020-01-05 05:24:14 [Thread-8] INFO  o.s.b.a.mongo.embedded.EmbeddedMongo -
				2020-01-05T05:24:14.058+0000 I CONTROL  [initandlisten] db version v3.2.2
2020-01-05 05:24:14 [Thread-8] INFO  o.s.b.a.mongo.embedded.EmbeddedMongo -
				2020-01-05T05:24:14.058+0000 I CONTROL  [initandlisten] git version: 6e71d0d568e134c029203593b00a0103e7cdf30b
2020-01-05 05:24:14 [Thread-8] INFO  o.s.b.a.mongo.embedded.EmbeddedMongo -
				2020-01-05T05:24:14.058+0000 I CONTROL  [initandlisten] allocator: tcmalloc
2020-01-05 05:24:14 [Thread-8] INFO  o.s.b.a.mongo.embedded.EmbeddedMongo -
				2020-01-05T05:24:14.058+0000 I CONTROL  [initandlisten] modules: none
2020-01-05 05:24:14 [Thread-8] INFO  o.s.b.a.mongo.embedded.EmbeddedMongo -
				2020-01-05T05:24:14.058+0000 I CONTROL  [initandlisten] build environment:
2020-01-05 05:24:14 [Thread-8] INFO  o.s.b.a.mongo.embedded.EmbeddedMongo -
				2020-01-05T05:24:14.059+0000 I CONTROL  [initandlisten]     distarch: x86_64
2020-01-05 05:24:14 [Thread-8] INFO  o.s.b.a.mongo.embedded.EmbeddedMongo -
				2020-01-05T05:24:14.059+0000 I CONTROL  [initandlisten]     target_arch: x86_64
2020-01-05 05:24:14 [Thread-8] INFO  o.s.b.a.mongo.embedded.EmbeddedMongo -
				2020-01-05T05:24:14.059+0000 I CONTROL  [initandlisten] options: { net: { bindIp: "127.0.0.1", http: { enabled: false }, port: 46453 }, security: { authorization: "disabled" }, storage: { dbPath: "/tmp/embedmongo-db-ed4ca963-943e-4398-b652-844dc56766a1", journal: { enabled: false }, mmapv1: { preallocDataFiles: false, smallFiles: true }, syncPeriodSecs: 0.0 } }
2020-01-05 05:24:14 [Thread-8] INFO  o.s.b.a.mongo.embedded.EmbeddedMongo -
				2020-01-05T05:24:14.084+0000 I STORAGE  [initandlisten] wiredtiger_open config: create,cache_size=4G,session_max=20000,eviction=(threads_max=4),config_base=false,statistics=(fast),log=(enabled=true,archive=true,path=journal,compressor=snappy),file_manager=(close_idle_time=100000),checkpoint=(wait=0,log_size=2GB),statistics_log=(wait=0),,log=(enabled=false),
2020-01-05 05:24:14 [Thread-8] INFO  o.s.b.a.mongo.embedded.EmbeddedMongo -
				2020-01-05T05:24:14.248+0000 W STORAGE  [initandlisten] Detected configuration for non-active storage engine mmapv1 when current storage engine is wiredTiger
2020-01-05 05:24:14 [Thread-8] INFO  o.s.b.a.mongo.embedded.EmbeddedMongo -
				2020-01-05T05:24:14.249+0000 I FTDC     [initandlisten] Initializing full-time diagnostic data capture with directory '/tmp/embedmongo-db-ed4ca963-943e-4398-b652-844dc56766a1/diagnostic.data'
2020-01-05 05:24:14 [Thread-8] INFO  o.s.b.a.mongo.embedded.EmbeddedMongo -
				2020-01-05T05:24:14.250+0000 I NETWORK  [HostnameCanonicalizationWorker] Starting hostname canonicalization worker
2020-01-05 05:24:14 [Thread-8] INFO  o.s.b.a.mongo.embedded.EmbeddedMongo -
				2020-01-05T05:24:14.267+0000 I NETWORK  [initandlisten] waiting for connections on port 46453
2020-01-05 05:24:14 [main] INFO  d.f.embed.process.runtime.Executable -
				start de.flapdoodle.embed.mongo.config.MongodConfigBuilder$ImmutableMongodConfig@52ecc989
2020-01-05 05:24:14 [main] INFO  org.mongodb.driver.cluster -
				Cluster created with settings {hosts=[localhost:46453], mode=MULTIPLE, requiredClusterType=UNKNOWN, serverSelectionTimeout='30000 ms', maxWaitQueueSize=500}
2020-01-05 05:24:14 [main] INFO  org.mongodb.driver.cluster -
				Adding discovered server localhost:46453 to client view of cluster
2020-01-05 05:24:14 [Thread-8] INFO  o.s.b.a.mongo.embedded.EmbeddedMongo -
				2020-01-05T05:24:14.290+0000 I NETWORK  [initandlisten] connection accepted from 127.0.0.1:33434 #1 (1 connection now open)
2020-01-05 05:24:14 [cluster-ClusterId{value='5e1172fee815551ac6625709', description='null'}-localhost:46453] INFO  org.mongodb.driver.connection -
				Opened connection [connectionId{localValue:3, serverValue:1}] to localhost:46453
2020-01-05 05:24:14 [cluster-ClusterId{value='5e1172fee815551ac6625709', description='null'}-localhost:46453] INFO  org.mongodb.driver.cluster -
				Monitor thread successfully connected to server with description ServerDescription{address=localhost:46453, type=STANDALONE, state=CONNECTED, ok=true, version=ServerVersion{versionList=[3, 2, 2]}, minWireVersion=0, maxWireVersion=4, maxDocumentSize=16777216, logicalSessionTimeoutMinutes=null, roundTripTimeNanos=2897662}
2020-01-05 05:24:14 [cluster-ClusterId{value='5e1172fee815551ac6625709', description='null'}-localhost:46453] INFO  org.mongodb.driver.cluster -
				Discovered cluster type of STANDALONE
2020-01-05 05:24:15 [main] INFO  o.s.w.s.m.m.a.RequestMappingHandlerMapping -
				Mapped "{[/api/v1/reminder/{id}],methods=[PUT]}" onto public org.springframework.http.ResponseEntity<?> com.stackroute.keepnote.controller.ReminderController.updateReminder(com.stackroute.keepnote.model.Reminder,java.lang.String)
2020-01-05 05:24:15 [main] INFO  o.s.w.s.m.m.a.RequestMappingHandlerMapping -
				Mapped "{[/api/v1/reminder],methods=[POST]}" onto public org.springframework.http.ResponseEntity<?> com.stackroute.keepnote.controller.ReminderController.createReminder(com.stackroute.keepnote.model.Reminder)
2020-01-05 05:24:15 [main] INFO  o.s.w.s.m.m.a.RequestMappingHandlerMapping -
				Mapped "{[/api/v1/reminder/{id}],methods=[DELETE]}" onto public org.springframework.http.ResponseEntity<?> com.stackroute.keepnote.controller.ReminderController.deleteReminder(java.lang.String)
2020-01-05 05:24:15 [main] INFO  o.s.w.s.m.m.a.RequestMappingHandlerMapping -
				Mapped "{[/api/v1/reminder/{id}],methods=[GET]}" onto public org.springframework.http.ResponseEntity<?> com.stackroute.keepnote.controller.ReminderController.getReminderById(java.lang.String)
2020-01-05 05:24:15 [main] INFO  o.s.w.s.m.m.a.RequestMappingHandlerMapping -
				Mapped "{[/api/v1/reminder],methods=[GET]}" onto public org.springframework.http.ResponseEntity<?> com.stackroute.keepnote.controller.ReminderController.getAllReminder()
2020-01-05 05:24:15 [main] INFO  o.s.w.s.m.m.a.RequestMappingHandlerMapping -
				Mapped "{[/]}" onto public java.lang.String com.stackroute.keepnote.controller.RootController.swaggerUI()
2020-01-05 05:24:15 [main] INFO  o.s.w.s.m.m.a.RequestMappingHandlerMapping -
				Mapped "{[/swagger-resources/configuration/security]}" onto public org.springframework.http.ResponseEntity<springfox.documentation.swagger.web.SecurityConfiguration> springfox.documentation.swagger.web.ApiResourceController.securityConfiguration()
2020-01-05 05:24:15 [main] INFO  o.s.w.s.m.m.a.RequestMappingHandlerMapping -
				Mapped "{[/swagger-resources]}" onto public org.springframework.http.ResponseEntity<java.util.List<springfox.documentation.swagger.web.SwaggerResource>> springfox.documentation.swagger.web.ApiResourceController.swaggerResources()
2020-01-05 05:24:15 [main] INFO  o.s.w.s.m.m.a.RequestMappingHandlerMapping -
				Mapped "{[/swagger-resources/configuration/ui]}" onto public org.springframework.http.ResponseEntity<springfox.documentation.swagger.web.UiConfiguration> springfox.documentation.swagger.web.ApiResourceController.uiConfiguration()
2020-01-05 05:24:15 [main] INFO  o.s.w.s.m.m.a.RequestMappingHandlerMapping -
				Mapped "{[/error],produces=[text/html]}" onto public org.springframework.web.servlet.ModelAndView org.springframework.boot.autoconfigure.web.servlet.error.BasicErrorController.errorHtml(javax.servlet.http.HttpServletRequest,javax.servlet.http.HttpServletResponse)
2020-01-05 05:24:15 [main] INFO  o.s.w.s.m.m.a.RequestMappingHandlerMapping -
				Mapped "{[/error]}" onto public org.springframework.http.ResponseEntity<java.util.Map<java.lang.String, java.lang.Object>> org.springframework.boot.autoconfigure.web.servlet.error.BasicErrorController.error(javax.servlet.http.HttpServletRequest)
2020-01-05 05:24:15 [main] INFO  s.d.s.w.PropertySourcedRequestMappingHandlerMapping -
				Mapped URL path [/v2/api-docs] onto method [public org.springframework.http.ResponseEntity<springfox.documentation.spring.web.json.Json> springfox.documentation.swagger2.web.Swagger2Controller.getDocumentation(java.lang.String,javax.servlet.http.HttpServletRequest)]
2020-01-05 05:24:15 [main] INFO  o.s.w.s.h.SimpleUrlHandlerMapping -
				Mapped URL path [/**/favicon.ico] onto handler of type [class org.springframework.web.servlet.resource.ResourceHttpRequestHandler]
2020-01-05 05:24:16 [main] INFO  o.s.w.s.m.m.a.RequestMappingHandlerAdapter -
				Looking for @ControllerAdvice: org.springframework.web.context.support.GenericWebApplicationContext@3650d4fc: startup date [Sun Jan 05 05:24:12 UTC 2020]; root of context hierarchy
2020-01-05 05:24:16 [main] INFO  o.s.w.s.h.SimpleUrlHandlerMapping -
				Mapped URL path [/webjars/**] onto handler of type [class org.springframework.web.servlet.resource.ResourceHttpRequestHandler]
2020-01-05 05:24:16 [main] INFO  o.s.w.s.h.SimpleUrlHandlerMapping -
				Mapped URL path [/**] onto handler of type [class org.springframework.web.servlet.resource.ResourceHttpRequestHandler]
2020-01-05 05:24:16 [main] INFO  o.s.c.s.DefaultLifecycleProcessor -
				Starting beans in phase 2147483647
2020-01-05 05:24:16 [main] INFO  s.d.s.w.p.DocumentationPluginsBootstrapper -
				Context refreshed
2020-01-05 05:24:16 [main] INFO  s.d.s.w.p.DocumentationPluginsBootstrapper -
				Found 1 custom documentation plugin(s)
2020-01-05 05:24:16 [main] INFO  s.d.s.w.s.ApiListingReferenceScanner -
				Scanning for api listing references
2020-01-05 05:24:16 [main] INFO  c.s.keepnote.test.log.LoggerTest -
				Started LoggerTest in 4.167 seconds (JVM running for 8.34)
2020-01-05 05:24:16 [main] INFO  o.s.b.t.a.w.s.WebMvcTestContextBootstrapper -
				Neither @ContextConfiguration nor @ContextHierarchy found for test class [com.stackroute.keepnote.test.controller.ReminderControllerTest], using SpringBootContextLoader
2020-01-05 05:24:16 [main] INFO  o.s.t.c.s.AbstractContextLoader -
				Could not detect default resource locations for test class [com.stackroute.keepnote.test.controller.ReminderControllerTest]: no resource found for suffixes {-context.xml, Context.groovy}.
2020-01-05 05:24:16 [main] INFO  o.s.t.c.s.AnnotationConfigContextLoaderUtils -
				Could not detect default configuration classes for test class [com.stackroute.keepnote.test.controller.ReminderControllerTest]: ReminderControllerTest does not declare any static, non-private, non-final, nested classes annotated with @Configuration.
2020-01-05 05:24:16 [main] INFO  o.s.b.t.c.SpringBootTestContextBootstrapper -
				Found @SpringBootConfiguration com.stackroute.keepnote.ReminderServiceApplication for test class com.stackroute.keepnote.test.controller.ReminderControllerTest
2020-01-05 05:24:16 [main] INFO  o.s.b.t.a.w.s.WebMvcTestContextBootstrapper -
				Loaded default TestExecutionListener class names from location [META-INF/spring.factories]: [org.springframework.boot.test.mock.mockito.MockitoTestExecutionListener, org.springframework.boot.test.mock.mockito.ResetMocksTestExecutionListener, org.springframework.boot.test.autoconfigure.restdocs.RestDocsTestExecutionListener, org.springframework.boot.test.autoconfigure.web.client.MockRestServiceServerResetTestExecutionListener, org.springframework.boot.test.autoconfigure.web.servlet.MockMvcPrintOnlyOnFailureTestExecutionListener, org.springframework.boot.test.autoconfigure.web.servlet.WebDriverTestExecutionListener, org.springframework.test.context.web.ServletTestExecutionListener, org.springframework.test.context.support.DirtiesContextBeforeModesTestExecutionListener, org.springframework.test.context.support.DependencyInjectionTestExecutionListener, org.springframework.test.context.support.DirtiesContextTestExecutionListener, org.springframework.test.context.transaction.TransactionalTestExecutionListener, org.springframework.test.context.jdbc.SqlScriptsTestExecutionListener]
2020-01-05 05:24:16 [main] INFO  o.s.b.t.a.w.s.WebMvcTestContextBootstrapper -
				Using TestExecutionListeners: [org.springframework.test.context.web.ServletTestExecutionListener@3f45dfec, org.springframework.test.context.support.DirtiesContextBeforeModesTestExecutionListener@7c69e1e1, org.springframework.boot.test.mock.mockito.MockitoTestExecutionListener@7b52b18a, org.springframework.boot.test.autoconfigure.SpringBootDependencyInjectionTestExecutionListener@1bc6c20d, org.springframework.test.context.support.DirtiesContextTestExecutionListener@aedc426, org.springframework.test.context.transaction.TransactionalTestExecutionListener@39b85a73, org.springframework.test.context.jdbc.SqlScriptsTestExecutionListener@5788722f, org.springframework.boot.test.mock.mockito.ResetMocksTestExecutionListener@7a730479, org.springframework.boot.test.autoconfigure.restdocs.RestDocsTestExecutionListener@1e5b33e5, org.springframework.boot.test.autoconfigure.web.client.MockRestServiceServerResetTestExecutionListener@654b899f, org.springframework.boot.test.autoconfigure.web.servlet.MockMvcPrintOnlyOnFailureTestExecutionListener@71468613, org.springframework.boot.test.autoconfigure.web.servlet.WebDriverTestExecutionListener@13f4048e]
2020-01-05 05:24:16 [main] INFO  c.s.k.t.c.ReminderControllerTest -
				Starting ReminderControllerTest on ip-172-31-41-20 with PID 6854 (started by ubuntu in /home/ubuntu/Desktop/Assignment/KeepNote-Step6-Boilerplate/ReminderService)
2020-01-05 05:24:16 [main] INFO  c.s.k.t.c.ReminderControllerTest -
				No active profile set, falling back to default profiles: default
2020-01-05 05:24:16 [main] INFO  o.s.w.c.s.GenericWebApplicationContext -
				Refreshing org.springframework.web.context.support.GenericWebApplicationContext@4eac65db: startup date [Sun Jan 05 05:24:16 UTC 2020]; root of context hierarchy
2020-01-05 05:24:17 [main] INFO  o.s.w.s.h.SimpleUrlHandlerMapping -
				Mapped URL path [/**/favicon.ico] onto handler of type [class org.springframework.web.servlet.resource.ResourceHttpRequestHandler]
2020-01-05 05:24:17 [main] INFO  o.s.w.s.m.m.a.RequestMappingHandlerAdapter -
				Looking for @ControllerAdvice: org.springframework.web.context.support.GenericWebApplicationContext@4eac65db: startup date [Sun Jan 05 05:24:16 UTC 2020]; root of context hierarchy
2020-01-05 05:24:17 [main] INFO  o.s.w.s.m.m.a.RequestMappingHandlerMapping -
				Mapped "{[/api/v1/reminder/{id}],methods=[PUT]}" onto public org.springframework.http.ResponseEntity<?> com.stackroute.keepnote.controller.ReminderController.updateReminder(com.stackroute.keepnote.model.Reminder,java.lang.String)
2020-01-05 05:24:17 [main] INFO  o.s.w.s.m.m.a.RequestMappingHandlerMapping -
				Mapped "{[/api/v1/reminder],methods=[POST]}" onto public org.springframework.http.ResponseEntity<?> com.stackroute.keepnote.controller.ReminderController.createReminder(com.stackroute.keepnote.model.Reminder)
2020-01-05 05:24:17 [main] INFO  o.s.w.s.m.m.a.RequestMappingHandlerMapping -
				Mapped "{[/api/v1/reminder/{id}],methods=[DELETE]}" onto public org.springframework.http.ResponseEntity<?> com.stackroute.keepnote.controller.ReminderController.deleteReminder(java.lang.String)
2020-01-05 05:24:17 [main] INFO  o.s.w.s.m.m.a.RequestMappingHandlerMapping -
				Mapped "{[/api/v1/reminder/{id}],methods=[GET]}" onto public org.springframework.http.ResponseEntity<?> com.stackroute.keepnote.controller.ReminderController.getReminderById(java.lang.String)
2020-01-05 05:24:17 [main] INFO  o.s.w.s.m.m.a.RequestMappingHandlerMapping -
				Mapped "{[/api/v1/reminder],methods=[GET]}" onto public org.springframework.http.ResponseEntity<?> com.stackroute.keepnote.controller.ReminderController.getAllReminder()
2020-01-05 05:24:17 [main] INFO  o.s.w.s.m.m.a.RequestMappingHandlerMapping -
				Mapped "{[/]}" onto public java.lang.String com.stackroute.keepnote.controller.RootController.swaggerUI()
2020-01-05 05:24:17 [main] INFO  o.s.w.s.m.m.a.RequestMappingHandlerMapping -
				Mapped "{[/error],produces=[text/html]}" onto public org.springframework.web.servlet.ModelAndView org.springframework.boot.autoconfigure.web.servlet.error.BasicErrorController.errorHtml(javax.servlet.http.HttpServletRequest,javax.servlet.http.HttpServletResponse)
2020-01-05 05:24:17 [main] INFO  o.s.w.s.m.m.a.RequestMappingHandlerMapping -
				Mapped "{[/error]}" onto public org.springframework.http.ResponseEntity<java.util.Map<java.lang.String, java.lang.Object>> org.springframework.boot.autoconfigure.web.servlet.error.BasicErrorController.error(javax.servlet.http.HttpServletRequest)
2020-01-05 05:24:17 [main] INFO  o.s.w.s.h.SimpleUrlHandlerMapping -
				Mapped URL path [/webjars/**] onto handler of type [class org.springframework.web.servlet.resource.ResourceHttpRequestHandler]
2020-01-05 05:24:17 [main] INFO  o.s.w.s.h.SimpleUrlHandlerMapping -
				Mapped URL path [/**] onto handler of type [class org.springframework.web.servlet.resource.ResourceHttpRequestHandler]
2020-01-05 05:24:17 [main] INFO  o.s.b.t.m.w.SpringBootMockServletContext -
				Initializing Spring FrameworkServlet ''
2020-01-05 05:24:17 [main] INFO  o.s.t.w.s.TestDispatcherServlet -
				FrameworkServlet '': initialization started
2020-01-05 05:24:17 [main] INFO  o.s.t.w.s.TestDispatcherServlet -
				FrameworkServlet '': initialization completed in 10 ms
2020-01-05 05:24:17 [main] INFO  c.s.k.t.c.ReminderControllerTest -
				Started ReminderControllerTest in 0.474 seconds (JVM running for 8.871)
2020-01-05 05:24:17 [main] INFO  o.s.w.s.m.m.a.RequestMappingHandlerMapping -
				Mapped "{[/api/v1/reminder/{id}],methods=[PUT]}" onto public org.springframework.http.ResponseEntity<?> com.stackroute.keepnote.controller.ReminderController.updateReminder(com.stackroute.keepnote.model.Reminder,java.lang.String)
2020-01-05 05:24:17 [main] INFO  o.s.w.s.m.m.a.RequestMappingHandlerMapping -
				Mapped "{[/api/v1/reminder],methods=[POST]}" onto public org.springframework.http.ResponseEntity<?> com.stackroute.keepnote.controller.ReminderController.createReminder(com.stackroute.keepnote.model.Reminder)
2020-01-05 05:24:17 [main] INFO  o.s.w.s.m.m.a.RequestMappingHandlerMapping -
				Mapped "{[/api/v1/reminder/{id}],methods=[DELETE]}" onto public org.springframework.http.ResponseEntity<?> com.stackroute.keepnote.controller.ReminderController.deleteReminder(java.lang.String)
2020-01-05 05:24:17 [main] INFO  o.s.w.s.m.m.a.RequestMappingHandlerMapping -
				Mapped "{[/api/v1/reminder/{id}],methods=[GET]}" onto public org.springframework.http.ResponseEntity<?> com.stackroute.keepnote.controller.ReminderController.getReminderById(java.lang.String)
2020-01-05 05:24:17 [main] INFO  o.s.w.s.m.m.a.RequestMappingHandlerMapping -
				Mapped "{[/api/v1/reminder],methods=[GET]}" onto public org.springframework.http.ResponseEntity<?> com.stackroute.keepnote.controller.ReminderController.getAllReminder()
2020-01-05 05:24:17 [main] INFO  o.s.w.s.m.m.a.RequestMappingHandlerAdapter -
				Looking for @ControllerAdvice: org.springframework.test.web.servlet.setup.StubWebApplicationContext@a63643e
2020-01-05 05:24:17 [main] INFO  o.s.mock.web.MockServletContext -
				Initializing Spring FrameworkServlet ''
2020-01-05 05:24:17 [main] INFO  o.s.t.w.s.TestDispatcherServlet -
				FrameworkServlet '': initialization started
2020-01-05 05:24:17 [main] INFO  o.s.t.w.s.TestDispatcherServlet -
				FrameworkServlet '': initialization completed in 1 ms
2020-01-05 05:24:17 [main] INFO  o.s.w.s.m.m.a.RequestMappingHandlerMapping -
				Mapped "{[/api/v1/reminder/{id}],methods=[PUT]}" onto public org.springframework.http.ResponseEntity<?> com.stackroute.keepnote.controller.ReminderController.updateReminder(com.stackroute.keepnote.model.Reminder,java.lang.String)
2020-01-05 05:24:17 [main] INFO  o.s.w.s.m.m.a.RequestMappingHandlerMapping -
				Mapped "{[/api/v1/reminder],methods=[POST]}" onto public org.springframework.http.ResponseEntity<?> com.stackroute.keepnote.controller.ReminderController.createReminder(com.stackroute.keepnote.model.Reminder)
2020-01-05 05:24:17 [main] INFO  o.s.w.s.m.m.a.RequestMappingHandlerMapping -
				Mapped "{[/api/v1/reminder/{id}],methods=[DELETE]}" onto public org.springframework.http.ResponseEntity<?> com.stackroute.keepnote.controller.ReminderController.deleteReminder(java.lang.String)
2020-01-05 05:24:17 [main] INFO  o.s.w.s.m.m.a.RequestMappingHandlerMapping -
				Mapped "{[/api/v1/reminder/{id}],methods=[GET]}" onto public org.springframework.http.ResponseEntity<?> com.stackroute.keepnote.controller.ReminderController.getReminderById(java.lang.String)
2020-01-05 05:24:17 [main] INFO  o.s.w.s.m.m.a.RequestMappingHandlerMapping -
				Mapped "{[/api/v1/reminder],methods=[GET]}" onto public org.springframework.http.ResponseEntity<?> com.stackroute.keepnote.controller.ReminderController.getAllReminder()
2020-01-05 05:24:17 [main] INFO  o.s.w.s.m.m.a.RequestMappingHandlerAdapter -
				Looking for @ControllerAdvice: org.springframework.test.web.servlet.setup.StubWebApplicationContext@4be460e5
2020-01-05 05:24:17 [main] INFO  o.s.mock.web.MockServletContext -
				Initializing Spring FrameworkServlet ''
2020-01-05 05:24:17 [main] INFO  o.s.t.w.s.TestDispatcherServlet -
				FrameworkServlet '': initialization started
2020-01-05 05:24:17 [main] INFO  o.s.t.w.s.TestDispatcherServlet -
				FrameworkServlet '': initialization completed in 0 ms
2020-01-05 05:24:17 [main] INFO  o.s.w.s.m.m.a.RequestMappingHandlerMapping -
				Mapped "{[/api/v1/reminder/{id}],methods=[PUT]}" onto public org.springframework.http.ResponseEntity<?> com.stackroute.keepnote.controller.ReminderController.updateReminder(com.stackroute.keepnote.model.Reminder,java.lang.String)
2020-01-05 05:24:17 [main] INFO  o.s.w.s.m.m.a.RequestMappingHandlerMapping -
				Mapped "{[/api/v1/reminder],methods=[POST]}" onto public org.springframework.http.ResponseEntity<?> com.stackroute.keepnote.controller.ReminderController.createReminder(com.stackroute.keepnote.model.Reminder)
2020-01-05 05:24:17 [main] INFO  o.s.w.s.m.m.a.RequestMappingHandlerMapping -
				Mapped "{[/api/v1/reminder/{id}],methods=[DELETE]}" onto public org.springframework.http.ResponseEntity<?> com.stackroute.keepnote.controller.ReminderController.deleteReminder(java.lang.String)
2020-01-05 05:24:17 [main] INFO  o.s.w.s.m.m.a.RequestMappingHandlerMapping -
				Mapped "{[/api/v1/reminder/{id}],methods=[GET]}" onto public org.springframework.http.ResponseEntity<?> com.stackroute.keepnote.controller.ReminderController.getReminderById(java.lang.String)
2020-01-05 05:24:17 [main] INFO  o.s.w.s.m.m.a.RequestMappingHandlerMapping -
				Mapped "{[/api/v1/reminder],methods=[GET]}" onto public org.springframework.http.ResponseEntity<?> com.stackroute.keepnote.controller.ReminderController.getAllReminder()
2020-01-05 05:24:17 [main] INFO  o.s.w.s.m.m.a.RequestMappingHandlerAdapter -
				Looking for @ControllerAdvice: org.springframework.test.web.servlet.setup.StubWebApplicationContext@47d9c01
2020-01-05 05:24:17 [main] INFO  o.s.mock.web.MockServletContext -
				Initializing Spring FrameworkServlet ''
2020-01-05 05:24:17 [main] INFO  o.s.t.w.s.TestDispatcherServlet -
				FrameworkServlet '': initialization started
2020-01-05 05:24:17 [main] INFO  o.s.t.w.s.TestDispatcherServlet -
				FrameworkServlet '': initialization completed in 0 ms
2020-01-05 05:24:17 [main] INFO  o.s.w.s.m.m.a.RequestMappingHandlerMapping -
				Mapped "{[/api/v1/reminder/{id}],methods=[PUT]}" onto public org.springframework.http.ResponseEntity<?> com.stackroute.keepnote.controller.ReminderController.updateReminder(com.stackroute.keepnote.model.Reminder,java.lang.String)
2020-01-05 05:24:17 [main] INFO  o.s.w.s.m.m.a.RequestMappingHandlerMapping -
				Mapped "{[/api/v1/reminder],methods=[POST]}" onto public org.springframework.http.ResponseEntity<?> com.stackroute.keepnote.controller.ReminderController.createReminder(com.stackroute.keepnote.model.Reminder)
2020-01-05 05:24:17 [main] INFO  o.s.w.s.m.m.a.RequestMappingHandlerMapping -
				Mapped "{[/api/v1/reminder/{id}],methods=[DELETE]}" onto public org.springframework.http.ResponseEntity<?> com.stackroute.keepnote.controller.ReminderController.deleteReminder(java.lang.String)
2020-01-05 05:24:17 [main] INFO  o.s.w.s.m.m.a.RequestMappingHandlerMapping -
				Mapped "{[/api/v1/reminder/{id}],methods=[GET]}" onto public org.springframework.http.ResponseEntity<?> com.stackroute.keepnote.controller.ReminderController.getReminderById(java.lang.String)
2020-01-05 05:24:17 [main] INFO  o.s.w.s.m.m.a.RequestMappingHandlerMapping -
				Mapped "{[/api/v1/reminder],methods=[GET]}" onto public org.springframework.http.ResponseEntity<?> com.stackroute.keepnote.controller.ReminderController.getAllReminder()
2020-01-05 05:24:17 [main] INFO  o.s.w.s.m.m.a.RequestMappingHandlerAdapter -
				Looking for @ControllerAdvice: org.springframework.test.web.servlet.setup.StubWebApplicationContext@1b5af65b
2020-01-05 05:24:17 [main] INFO  o.s.mock.web.MockServletContext -
				Initializing Spring FrameworkServlet ''
2020-01-05 05:24:17 [main] INFO  o.s.t.w.s.TestDispatcherServlet -
				FrameworkServlet '': initialization started
2020-01-05 05:24:17 [main] INFO  o.s.t.w.s.TestDispatcherServlet -
				FrameworkServlet '': initialization completed in 0 ms
2020-01-05 05:24:17 [main] INFO  o.s.w.s.m.m.a.RequestMappingHandlerMapping -
				Mapped "{[/api/v1/reminder/{id}],methods=[PUT]}" onto public org.springframework.http.ResponseEntity<?> com.stackroute.keepnote.controller.ReminderController.updateReminder(com.stackroute.keepnote.model.Reminder,java.lang.String)
2020-01-05 05:24:17 [main] INFO  o.s.w.s.m.m.a.RequestMappingHandlerMapping -
				Mapped "{[/api/v1/reminder],methods=[POST]}" onto public org.springframework.http.ResponseEntity<?> com.stackroute.keepnote.controller.ReminderController.createReminder(com.stackroute.keepnote.model.Reminder)
2020-01-05 05:24:17 [main] INFO  o.s.w.s.m.m.a.RequestMappingHandlerMapping -
				Mapped "{[/api/v1/reminder/{id}],methods=[DELETE]}" onto public org.springframework.http.ResponseEntity<?> com.stackroute.keepnote.controller.ReminderController.deleteReminder(java.lang.String)
2020-01-05 05:24:17 [main] INFO  o.s.w.s.m.m.a.RequestMappingHandlerMapping -
				Mapped "{[/api/v1/reminder/{id}],methods=[GET]}" onto public org.springframework.http.ResponseEntity<?> com.stackroute.keepnote.controller.ReminderController.getReminderById(java.lang.String)
2020-01-05 05:24:17 [main] INFO  o.s.w.s.m.m.a.RequestMappingHandlerMapping -
				Mapped "{[/api/v1/reminder],methods=[GET]}" onto public org.springframework.http.ResponseEntity<?> com.stackroute.keepnote.controller.ReminderController.getAllReminder()
2020-01-05 05:24:17 [main] INFO  o.s.w.s.m.m.a.RequestMappingHandlerAdapter -
				Looking for @ControllerAdvice: org.springframework.test.web.servlet.setup.StubWebApplicationContext@7747cc1b
2020-01-05 05:24:17 [main] INFO  o.s.mock.web.MockServletContext -
				Initializing Spring FrameworkServlet ''
2020-01-05 05:24:17 [main] INFO  o.s.t.w.s.TestDispatcherServlet -
				FrameworkServlet '': initialization started
2020-01-05 05:24:17 [main] INFO  o.s.t.w.s.TestDispatcherServlet -
				FrameworkServlet '': initialization completed in 0 ms
2020-01-05 05:24:17 [main] INFO  o.s.w.s.m.m.a.RequestMappingHandlerMapping -
				Mapped "{[/api/v1/reminder/{id}],methods=[PUT]}" onto public org.springframework.http.ResponseEntity<?> com.stackroute.keepnote.controller.ReminderController.updateReminder(com.stackroute.keepnote.model.Reminder,java.lang.String)
2020-01-05 05:24:17 [main] INFO  o.s.w.s.m.m.a.RequestMappingHandlerMapping -
				Mapped "{[/api/v1/reminder],methods=[POST]}" onto public org.springframework.http.ResponseEntity<?> com.stackroute.keepnote.controller.ReminderController.createReminder(com.stackroute.keepnote.model.Reminder)
2020-01-05 05:24:17 [main] INFO  o.s.w.s.m.m.a.RequestMappingHandlerMapping -
				Mapped "{[/api/v1/reminder/{id}],methods=[DELETE]}" onto public org.springframework.http.ResponseEntity<?> com.stackroute.keepnote.controller.ReminderController.deleteReminder(java.lang.String)
2020-01-05 05:24:17 [main] INFO  o.s.w.s.m.m.a.RequestMappingHandlerMapping -
				Mapped "{[/api/v1/reminder/{id}],methods=[GET]}" onto public org.springframework.http.ResponseEntity<?> com.stackroute.keepnote.controller.ReminderController.getReminderById(java.lang.String)
2020-01-05 05:24:17 [main] INFO  o.s.w.s.m.m.a.RequestMappingHandlerMapping -
				Mapped "{[/api/v1/reminder],methods=[GET]}" onto public org.springframework.http.ResponseEntity<?> com.stackroute.keepnote.controller.ReminderController.getAllReminder()
2020-01-05 05:24:17 [main] INFO  o.s.w.s.m.m.a.RequestMappingHandlerAdapter -
				Looking for @ControllerAdvice: org.springframework.test.web.servlet.setup.StubWebApplicationContext@7296fe0b
2020-01-05 05:24:17 [main] INFO  o.s.mock.web.MockServletContext -
				Initializing Spring FrameworkServlet ''
2020-01-05 05:24:17 [main] INFO  o.s.t.w.s.TestDispatcherServlet -
				FrameworkServlet '': initialization started
2020-01-05 05:24:17 [main] INFO  o.s.t.w.s.TestDispatcherServlet -
				FrameworkServlet '': initialization completed in 0 ms
2020-01-05 05:24:17 [main] INFO  o.s.w.s.m.m.a.RequestMappingHandlerMapping -
				Mapped "{[/api/v1/reminder/{id}],methods=[PUT]}" onto public org.springframework.http.ResponseEntity<?> com.stackroute.keepnote.controller.ReminderController.updateReminder(com.stackroute.keepnote.model.Reminder,java.lang.String)
2020-01-05 05:24:17 [main] INFO  o.s.w.s.m.m.a.RequestMappingHandlerMapping -
				Mapped "{[/api/v1/reminder],methods=[POST]}" onto public org.springframework.http.ResponseEntity<?> com.stackroute.keepnote.controller.ReminderController.createReminder(com.stackroute.keepnote.model.Reminder)
2020-01-05 05:24:17 [main] INFO  o.s.w.s.m.m.a.RequestMappingHandlerMapping -
				Mapped "{[/api/v1/reminder/{id}],methods=[DELETE]}" onto public org.springframework.http.ResponseEntity<?> com.stackroute.keepnote.controller.ReminderController.deleteReminder(java.lang.String)
2020-01-05 05:24:17 [main] INFO  o.s.w.s.m.m.a.RequestMappingHandlerMapping -
				Mapped "{[/api/v1/reminder/{id}],methods=[GET]}" onto public org.springframework.http.ResponseEntity<?> com.stackroute.keepnote.controller.ReminderController.getReminderById(java.lang.String)
2020-01-05 05:24:17 [main] INFO  o.s.w.s.m.m.a.RequestMappingHandlerMapping -
				Mapped "{[/api/v1/reminder],methods=[GET]}" onto public org.springframework.http.ResponseEntity<?> com.stackroute.keepnote.controller.ReminderController.getAllReminder()
2020-01-05 05:24:17 [main] INFO  o.s.w.s.m.m.a.RequestMappingHandlerAdapter -
				Looking for @ControllerAdvice: org.springframework.test.web.servlet.setup.StubWebApplicationContext@46fb9581
2020-01-05 05:24:17 [main] INFO  o.s.mock.web.MockServletContext -
				Initializing Spring FrameworkServlet ''
2020-01-05 05:24:17 [main] INFO  o.s.t.w.s.TestDispatcherServlet -
				FrameworkServlet '': initialization started
2020-01-05 05:24:17 [main] INFO  o.s.t.w.s.TestDispatcherServlet -
				FrameworkServlet '': initialization completed in 0 ms
2020-01-05 05:24:17 [main] INFO  o.s.w.s.m.m.a.RequestMappingHandlerMapping -
				Mapped "{[/api/v1/reminder/{id}],methods=[PUT]}" onto public org.springframework.http.ResponseEntity<?> com.stackroute.keepnote.controller.ReminderController.updateReminder(com.stackroute.keepnote.model.Reminder,java.lang.String)
2020-01-05 05:24:17 [main] INFO  o.s.w.s.m.m.a.RequestMappingHandlerMapping -
				Mapped "{[/api/v1/reminder],methods=[POST]}" onto public org.springframework.http.ResponseEntity<?> com.stackroute.keepnote.controller.ReminderController.createReminder(com.stackroute.keepnote.model.Reminder)
2020-01-05 05:24:17 [main] INFO  o.s.w.s.m.m.a.RequestMappingHandlerMapping -
				Mapped "{[/api/v1/reminder/{id}],methods=[DELETE]}" onto public org.springframework.http.ResponseEntity<?> com.stackroute.keepnote.controller.ReminderController.deleteReminder(java.lang.String)
2020-01-05 05:24:17 [main] INFO  o.s.w.s.m.m.a.RequestMappingHandlerMapping -
				Mapped "{[/api/v1/reminder/{id}],methods=[GET]}" onto public org.springframework.http.ResponseEntity<?> com.stackroute.keepnote.controller.ReminderController.getReminderById(java.lang.String)
2020-01-05 05:24:17 [main] INFO  o.s.w.s.m.m.a.RequestMappingHandlerMapping -
				Mapped "{[/api/v1/reminder],methods=[GET]}" onto public org.springframework.http.ResponseEntity<?> com.stackroute.keepnote.controller.ReminderController.getAllReminder()
2020-01-05 05:24:17 [main] INFO  o.s.w.s.m.m.a.RequestMappingHandlerAdapter -
				Looking for @ControllerAdvice: org.springframework.test.web.servlet.setup.StubWebApplicationContext@7f1fec57
2020-01-05 05:24:17 [main] INFO  o.s.mock.web.MockServletContext -
				Initializing Spring FrameworkServlet ''
2020-01-05 05:24:17 [main] INFO  o.s.t.w.s.TestDispatcherServlet -
				FrameworkServlet '': initialization started
2020-01-05 05:24:17 [main] INFO  o.s.t.w.s.TestDispatcherServlet -
				FrameworkServlet '': initialization completed in 0 ms
2020-01-05 05:24:17 [main] INFO  o.s.w.s.m.m.a.RequestMappingHandlerMapping -
				Mapped "{[/api/v1/reminder/{id}],methods=[PUT]}" onto public org.springframework.http.ResponseEntity<?> com.stackroute.keepnote.controller.ReminderController.updateReminder(com.stackroute.keepnote.model.Reminder,java.lang.String)
2020-01-05 05:24:17 [main] INFO  o.s.w.s.m.m.a.RequestMappingHandlerMapping -
				Mapped "{[/api/v1/reminder],methods=[POST]}" onto public org.springframework.http.ResponseEntity<?> com.stackroute.keepnote.controller.ReminderController.createReminder(com.stackroute.keepnote.model.Reminder)
2020-01-05 05:24:17 [main] INFO  o.s.w.s.m.m.a.RequestMappingHandlerMapping -
				Mapped "{[/api/v1/reminder/{id}],methods=[DELETE]}" onto public org.springframework.http.ResponseEntity<?> com.stackroute.keepnote.controller.ReminderController.deleteReminder(java.lang.String)
2020-01-05 05:24:17 [main] INFO  o.s.w.s.m.m.a.RequestMappingHandlerMapping -
				Mapped "{[/api/v1/reminder/{id}],methods=[GET]}" onto public org.springframework.http.ResponseEntity<?> com.stackroute.keepnote.controller.ReminderController.getReminderById(java.lang.String)
2020-01-05 05:24:17 [main] INFO  o.s.w.s.m.m.a.RequestMappingHandlerMapping -
				Mapped "{[/api/v1/reminder],methods=[GET]}" onto public org.springframework.http.ResponseEntity<?> com.stackroute.keepnote.controller.ReminderController.getAllReminder()
2020-01-05 05:24:17 [main] INFO  o.s.w.s.m.m.a.RequestMappingHandlerAdapter -
				Looking for @ControllerAdvice: org.springframework.test.web.servlet.setup.StubWebApplicationContext@335cdd2
2020-01-05 05:24:17 [main] INFO  o.s.mock.web.MockServletContext -
				Initializing Spring FrameworkServlet ''
2020-01-05 05:24:17 [main] INFO  o.s.t.w.s.TestDispatcherServlet -
				FrameworkServlet '': initialization started
2020-01-05 05:24:17 [main] INFO  o.s.t.w.s.TestDispatcherServlet -
				FrameworkServlet '': initialization completed in 0 ms
2020-01-05 05:24:17 [Thread-10] INFO  o.s.w.c.s.GenericWebApplicationContext -
				Closing org.springframework.web.context.support.GenericWebApplicationContext@3650d4fc: startup date [Sun Jan 05 05:24:12 UTC 2020]; root of context hierarchy
2020-01-05 05:24:17 [Thread-10] INFO  o.s.c.s.DefaultLifecycleProcessor -
				Stopping beans in phase 2147483647
2020-01-05 05:24:17 [Thread-12] INFO  o.s.w.c.s.GenericWebApplicationContext -
				Closing org.springframework.web.context.support.GenericWebApplicationContext@4eac65db: startup date [Sun Jan 05 05:24:16 UTC 2020]; root of context hierarchy
2020-01-05 05:24:17 [Thread-3] INFO  o.s.b.a.mongo.embedded.EmbeddedMongo -
				2020-01-05T05:24:17.757+0000 I NETWORK  [initandlisten] connection accepted from 127.0.0.1:42018 #3 (3 connections now open)
2020-01-05 05:24:17 [Thread-8] INFO  o.s.b.a.mongo.embedded.EmbeddedMongo -
				2020-01-05T05:24:17.758+0000 I NETWORK  [initandlisten] connection accepted from 127.0.0.1:33438 #2 (2 connections now open)
2020-01-05 05:24:17 [Thread-3] INFO  o.s.b.a.mongo.embedded.EmbeddedMongo -
				2020-01-05T05:24:17.758+0000 I COMMAND  [conn3] terminating, shutdown command received
2020-01-05 05:24:17 [Thread-3] INFO  o.s.b.a.mongo.embedded.EmbeddedMongo -
				2020-01-05T05:24:17.758+0000 I FTDC     [conn3] Shutting down full-time diagnostic data capture
2020-01-05 05:24:17 [Thread-8] INFO  o.s.b.a.mongo.embedded.EmbeddedMongo -
				2020-01-05T05:24:17.764+0000 I COMMAND  [conn2] terminating, shutdown command received
2020-01-05 05:24:17 [Thread-5] INFO  o.s.c.a.AnnotationConfigApplicationContext -
				Closing org.springframework.context.annotation.AnnotationConfigApplicationContext@389b0789: startup date [Sun Jan 05 05:24:09 UTC 2020]; root of context hierarchy
2020-01-05 05:24:17 [Thread-5] INFO  org.mongodb.driver.connection -
				Closed connection [connectionId{localValue:2, serverValue:2}] to localhost:37691 because the pool has been closed.
2020-01-05 05:24:17 [Thread-3] INFO  o.s.b.a.mongo.embedded.EmbeddedMongo -
				2020-01-05T05:24:17.766+0000 I NETWORK  [conn2] end connection 127.0.0.1:42014 (2 connections now open)
2020-01-05 05:24:17 [Thread-8] INFO  o.s.b.a.mongo.embedded.EmbeddedMongo -
				2020-01-05T05:24:17.766+0000 I FTDC     [conn2] Shutting down full-time diagnostic data capture
2020-01-05 05:24:17 [Thread-8] INFO  o.s.b.a.mongo.embedded.EmbeddedMongo -
				2020-01-05T05:24:17.768+0000 I CONTROL  [conn2] now exiting
2020-01-05 05:24:17 [Thread-3] INFO  o.s.b.a.mongo.embedded.EmbeddedMongo -
				2020-01-05T05:24:17.768+0000 I CONTROL  [conn3] now exiting
2020-01-05 05:24:17 [Thread-3] INFO  o.s.b.a.mongo.embedded.EmbeddedMongo -
				2020-01-05T05:24:17.768+0000 I NETWORK  [conn3] shutdown: going to close listening sockets...
2020-01-05 05:24:17 [Thread-3] INFO  o.s.b.a.mongo.embedded.EmbeddedMongo -
				2020-01-05T05:24:17.768+0000 I NETWORK  [conn3] closing listening socket: 5
2020-01-05 05:24:17 [Thread-3] INFO  o.s.b.a.mongo.embedded.EmbeddedMongo -
				2020-01-05T05:24:17.768+0000 I NETWORK  [conn3] closing listening socket: 6
2020-01-05 05:24:17 [Thread-3] INFO  o.s.b.a.mongo.embedded.EmbeddedMongo -
				2020-01-05T05:24:17.768+0000 I NETWORK  [conn3] removing socket file: /tmp/mongodb-37691.sock
2020-01-05 05:24:17 [Thread-3] INFO  o.s.b.a.mongo.embedded.EmbeddedMongo -
				2020-01-05T05:24:17.768+0000 I NETWORK  [conn3] shutdown: going to flush diaglog...
2020-01-05 05:24:17 [Thread-3] INFO  o.s.b.a.mongo.embedded.EmbeddedMongo -
				2020-01-05T05:24:17.768+0000 I NETWORK  [conn3] shutdown: going to close sockets...
2020-01-05 05:24:17 [Thread-3] INFO  o.s.b.a.mongo.embedded.EmbeddedMongo -
				2020-01-05T05:24:17.768+0000 I STORAGE  [conn3] WiredTigerKVEngine shutting down
2020-01-05 05:24:17 [Thread-8] INFO  o.s.b.a.mongo.embedded.EmbeddedMongo -
				2020-01-05T05:24:17.778+0000 I NETWORK  [conn2] shutdown: going to close listening sockets...
2020-01-05 05:24:17 [Thread-8] INFO  o.s.b.a.mongo.embedded.EmbeddedMongo -
				2020-01-05T05:24:17.779+0000 I NETWORK  [conn2] closing listening socket: 5
2020-01-05 05:24:17 [Thread-8] INFO  o.s.b.a.mongo.embedded.EmbeddedMongo -
				2020-01-05T05:24:17.779+0000 I NETWORK  [conn2] closing listening socket: 6
2020-01-05 05:24:17 [Thread-8] INFO  o.s.b.a.mongo.embedded.EmbeddedMongo -
				2020-01-05T05:24:17.779+0000 I NETWORK  [conn2] removing socket file: /tmp/mongodb-46453.sock
2020-01-05 05:24:17 [Thread-8] INFO  o.s.b.a.mongo.embedded.EmbeddedMongo -
				2020-01-05T05:24:17.779+0000 I NETWORK  [conn2] shutdown: going to flush diaglog...
2020-01-05 05:24:17 [Thread-8] INFO  o.s.b.a.mongo.embedded.EmbeddedMongo -
				2020-01-05T05:24:17.779+0000 I NETWORK  [conn2] shutdown: going to close sockets...
2020-01-05 05:24:17 [Thread-8] INFO  o.s.b.a.mongo.embedded.EmbeddedMongo -
				2020-01-05T05:24:17.779+0000 I STORAGE  [conn2] WiredTigerKVEngine shutting down
2020-01-05 05:24:17 [Thread-8] INFO  o.s.b.a.mongo.embedded.EmbeddedMongo -
				2020-01-05T05:24:17.780+0000 I NETWORK  [conn1] end connection 127.0.0.1:33434 (1 connection now open)
2020-01-05 05:24:17 [Thread-3] INFO  o.s.b.a.mongo.embedded.EmbeddedMongo -
				2020-01-05T05:24:17.783+0000 I NETWORK  [conn1] end connection 127.0.0.1:42012 (1 connection now open)
2020-01-05 05:24:17 [Thread-8] INFO  o.s.b.a.mongo.embedded.EmbeddedMongo -
				2020-01-05T05:24:17.798+0000 I STORAGE  [conn2] shutdown: removing fs lock...
2020-01-05 05:24:17 [Thread-8] INFO  o.s.b.a.mongo.embedded.EmbeddedMongo -
				2020-01-05T05:24:17.798+0000 I CONTROL  [conn2] dbexit:  rc: 0
2020-01-05 05:24:17 [Thread-3] INFO  o.s.b.a.mongo.embedded.EmbeddedMongo -
				2020-01-05T05:24:17.806+0000 I STORAGE  [conn3] shutdown: removing fs lock...
2020-01-05 05:24:17 [Thread-3] INFO  o.s.b.a.mongo.embedded.EmbeddedMongo -
				2020-01-05T05:24:17.806+0000 I CONTROL  [conn3] dbexit:  rc: 0
