2020-01-04 10:07:38 [main] INFO  o.s.b.t.c.SpringBootTestContextBootstrapper -
				Neither @ContextConfiguration nor @ContextHierarchy found for test class [com.stackroute.keepnote.test.repository.ReminderRepositoryTest], using SpringBootContextLoader
2020-01-04 10:07:38 [main] INFO  o.s.t.c.s.AbstractContextLoader -
				Could not detect default resource locations for test class [com.stackroute.keepnote.test.repository.ReminderRepositoryTest]: no resource found for suffixes {-context.xml, Context.groovy}.
2020-01-04 10:07:38 [main] INFO  o.s.t.c.s.AnnotationConfigContextLoaderUtils -
				Could not detect default configuration classes for test class [com.stackroute.keepnote.test.repository.ReminderRepositoryTest]: ReminderRepositoryTest does not declare any static, non-private, non-final, nested classes annotated with @Configuration.
2020-01-04 10:07:38 [main] INFO  o.s.b.t.c.SpringBootTestContextBootstrapper -
				Found @SpringBootConfiguration com.stackroute.keepnote.ReminderServiceApplication for test class com.stackroute.keepnote.test.repository.ReminderRepositoryTest
2020-01-04 10:07:38 [main] INFO  o.s.b.t.c.SpringBootTestContextBootstrapper -
				Loaded default TestExecutionListener class names from location [META-INF/spring.factories]: [org.springframework.boot.test.mock.mockito.MockitoTestExecutionListener, org.springframework.boot.test.mock.mockito.ResetMocksTestExecutionListener, org.springframework.boot.test.autoconfigure.restdocs.RestDocsTestExecutionListener, org.springframework.boot.test.autoconfigure.web.client.MockRestServiceServerResetTestExecutionListener, org.springframework.boot.test.autoconfigure.web.servlet.MockMvcPrintOnlyOnFailureTestExecutionListener, org.springframework.boot.test.autoconfigure.web.servlet.WebDriverTestExecutionListener, org.springframework.test.context.web.ServletTestExecutionListener, org.springframework.test.context.support.DirtiesContextBeforeModesTestExecutionListener, org.springframework.test.context.support.DependencyInjectionTestExecutionListener, org.springframework.test.context.support.DirtiesContextTestExecutionListener, org.springframework.test.context.transaction.TransactionalTestExecutionListener, org.springframework.test.context.jdbc.SqlScriptsTestExecutionListener]
2020-01-04 10:07:38 [main] INFO  o.s.b.t.c.SpringBootTestContextBootstrapper -
				Using TestExecutionListeners: [org.springframework.test.context.web.ServletTestExecutionListener@41fbdac4, org.springframework.test.context.support.DirtiesContextBeforeModesTestExecutionListener@3c407114, org.springframework.boot.test.mock.mockito.MockitoTestExecutionListener@35ef1869, org.springframework.boot.test.autoconfigure.SpringBootDependencyInjectionTestExecutionListener@c33b74f, org.springframework.test.context.support.DirtiesContextTestExecutionListener@130161f7, org.springframework.test.context.transaction.TransactionalTestExecutionListener@2c767a52, org.springframework.test.context.jdbc.SqlScriptsTestExecutionListener@619713e5, org.springframework.boot.test.mock.mockito.ResetMocksTestExecutionListener@708f5957, org.springframework.boot.test.autoconfigure.restdocs.RestDocsTestExecutionListener@68999068, org.springframework.boot.test.autoconfigure.web.client.MockRestServiceServerResetTestExecutionListener@7722c3c3, org.springframework.boot.test.autoconfigure.web.servlet.MockMvcPrintOnlyOnFailureTestExecutionListener@2ef3eef9, org.springframework.boot.test.autoconfigure.web.servlet.WebDriverTestExecutionListener@243c4f91]
2020-01-04 10:07:39 [main] INFO  c.s.k.t.r.ReminderRepositoryTest -
				Starting ReminderRepositoryTest on DESKTOP-229TM7J with PID 6292 (started by pt108 in C:\Users\pt108\Desktop\Assignments\KeepNote-Step6-Boilerplate\ReminderService)
2020-01-04 10:07:39 [main] INFO  c.s.k.t.r.ReminderRepositoryTest -
				No active profile set, falling back to default profiles: default
2020-01-04 10:07:40 [main] INFO  o.s.c.a.AnnotationConfigApplicationContext -
				Refreshing org.springframework.context.annotation.AnnotationConfigApplicationContext@29f7cefd: startup date [Sat Jan 04 10:07:40 IST 2020]; root of context hierarchy
2020-01-04 10:07:46 [Thread-3] INFO  o.s.b.a.mongo.embedded.EmbeddedMongo -
				note: noprealloc may hurt performance in many applications
2020-01-04 10:07:47 [Thread-3] INFO  o.s.b.a.mongo.embedded.EmbeddedMongo -
				2020-01-04T10:07:47.155+0530 I CONTROL  [initandlisten] MongoDB starting : pid=9008 port=50326 dbpath=C:\Users\pt108\AppData\Local\Temp\embedmongo-db-a549c21a-aa33-418b-bca3-ddfba9b0aa2d 64-bit host=DESKTOP-229TM7J
2020-01-04 10:07:47 [Thread-3] INFO  o.s.b.a.mongo.embedded.EmbeddedMongo -
				2020-01-04T10:07:47.157+0530 I CONTROL  [initandlisten] targetMinOS: Windows Vista/Windows Server 2008
2020-01-04 10:07:47 [Thread-3] INFO  o.s.b.a.mongo.embedded.EmbeddedMongo -
				2020-01-04T10:07:47.157+0530 I CONTROL  [initandlisten] db version v3.2.2
2020-01-04 10:07:47 [Thread-3] INFO  o.s.b.a.mongo.embedded.EmbeddedMongo -
				2020-01-04T10:07:47.157+0530 I CONTROL  [initandlisten] git version: 6e71d0d568e134c029203593b00a0103e7cdf30b
2020-01-04 10:07:47 [Thread-3] INFO  o.s.b.a.mongo.embedded.EmbeddedMongo -
				2020-01-04T10:07:47.157+0530 I CONTROL  [initandlisten] allocator: tcmalloc
2020-01-04 10:07:47 [Thread-3] INFO  o.s.b.a.mongo.embedded.EmbeddedMongo -
				2020-01-04T10:07:47.157+0530 I CONTROL  [initandlisten] modules: none
2020-01-04 10:07:47 [Thread-3] INFO  o.s.b.a.mongo.embedded.EmbeddedMongo -
				2020-01-04T10:07:47.157+0530 I CONTROL  [initandlisten] build environment:
2020-01-04 10:07:47 [Thread-3] INFO  o.s.b.a.mongo.embedded.EmbeddedMongo -
				2020-01-04T10:07:47.157+0530 I CONTROL  [initandlisten]     distarch: x86_64
2020-01-04 10:07:47 [Thread-3] INFO  o.s.b.a.mongo.embedded.EmbeddedMongo -
				2020-01-04T10:07:47.157+0530 I CONTROL  [initandlisten]     target_arch: x86_64
2020-01-04 10:07:47 [Thread-3] INFO  o.s.b.a.mongo.embedded.EmbeddedMongo -
				2020-01-04T10:07:47.157+0530 I CONTROL  [initandlisten] options: { net: { bindIp: "127.0.0.1", http: { enabled: false }, port: 50326 }, security: { authorization: "disabled" }, storage: { dbPath: "C:\Users\pt108\AppData\Local\Temp\embedmongo-db-a549c21a-aa33-418b-bca3-ddfba9b0aa2d", journal: { enabled: false }, mmapv1: { preallocDataFiles: false, smallFiles: true }, syncPeriodSecs: 0.0 } }
2020-01-04 10:07:47 [Thread-3] INFO  o.s.b.a.mongo.embedded.EmbeddedMongo -
				2020-01-04T10:07:47.177+0530 I STORAGE  [initandlisten] wiredtiger_open config: create,cache_size=2G,session_max=20000,eviction=(threads_max=4),config_base=false,statistics=(fast),log=(enabled=true,archive=true,path=journal,compressor=snappy),file_manager=(close_idle_time=100000),checkpoint=(wait=0,log_size=2GB),statistics_log=(wait=0),,log=(enabled=false),
2020-01-04 10:07:48 [Thread-3] INFO  o.s.b.a.mongo.embedded.EmbeddedMongo -
				2020-01-04T10:07:48.522+0530 W STORAGE  [initandlisten] Detected configuration for non-active storage engine mmapv1 when current storage engine is wiredTiger
2020-01-04 10:07:48 [Thread-3] INFO  o.s.b.a.mongo.embedded.EmbeddedMongo -
				2020-01-04T10:07:48.654+0530 I NETWORK  [HostnameCanonicalizationWorker] Starting hostname canonicalization worker
2020-01-04 10:07:48 [Thread-3] INFO  o.s.b.a.mongo.embedded.EmbeddedMongo -
				2020-01-04T10:07:48.655+0530 I FTDC     [initandlisten] Initializing full-time diagnostic data capture with directory 'C:/Users/pt108/AppData/Local/Temp/embedmongo-db-a549c21a-aa33-418b-bca3-ddfba9b0aa2d/diagnostic.data'
2020-01-04 10:07:49 [Thread-3] INFO  o.s.b.a.mongo.embedded.EmbeddedMongo -
				2020-01-04T10:07:49.003+0530 I NETWORK  [initandlisten] waiting for connections on port 50326
2020-01-04 10:07:49 [main] INFO  d.f.embed.process.runtime.Executable -
				start de.flapdoodle.embed.mongo.config.MongodConfigBuilder$ImmutableMongodConfig@733c423e
2020-01-04 10:07:49 [main] INFO  org.mongodb.driver.cluster -
				Cluster created with settings {hosts=[localhost:50326], mode=MULTIPLE, requiredClusterType=UNKNOWN, serverSelectionTimeout='30000 ms', maxWaitQueueSize=500}
2020-01-04 10:07:49 [main] INFO  org.mongodb.driver.cluster -
				Adding discovered server localhost:50326 to client view of cluster
2020-01-04 10:07:49 [Thread-3] INFO  o.s.b.a.mongo.embedded.EmbeddedMongo -
				2020-01-04T10:07:49.867+0530 I NETWORK  [initandlisten] connection accepted from 127.0.0.1:50327 #1 (1 connection now open)
2020-01-04 10:07:50 [cluster-ClusterId{value='5e10169d3fb077189443d3ef', description='null'}-localhost:50326] INFO  org.mongodb.driver.connection -
				Opened connection [connectionId{localValue:1, serverValue:1}] to localhost:50326
2020-01-04 10:07:50 [cluster-ClusterId{value='5e10169d3fb077189443d3ef', description='null'}-localhost:50326] INFO  org.mongodb.driver.cluster -
				Monitor thread successfully connected to server with description ServerDescription{address=localhost:50326, type=STANDALONE, state=CONNECTED, ok=true, version=ServerVersion{versionList=[3, 2, 2]}, minWireVersion=0, maxWireVersion=4, maxDocumentSize=16777216, logicalSessionTimeoutMinutes=null, roundTripTimeNanos=2514700}
2020-01-04 10:07:50 [cluster-ClusterId{value='5e10169d3fb077189443d3ef', description='null'}-localhost:50326] INFO  org.mongodb.driver.cluster -
				Discovered cluster type of STANDALONE
2020-01-04 10:07:50 [main] INFO  c.s.k.t.r.ReminderRepositoryTest -
				Started ReminderRepositoryTest in 11.539 seconds (JVM running for 14.242)
2020-01-04 10:07:51 [Thread-3] INFO  o.s.b.a.mongo.embedded.EmbeddedMongo -
				2020-01-04T10:07:51.120+0530 I NETWORK  [initandlisten] connection accepted from 127.0.0.1:50329 #2 (2 connections now open)
2020-01-04 10:07:51 [main] INFO  org.mongodb.driver.connection -
				Opened connection [connectionId{localValue:2, serverValue:2}] to localhost:50326
2020-01-04 10:07:51 [Thread-3] INFO  o.s.b.a.mongo.embedded.EmbeddedMongo -
				2020-01-04T10:07:51.398+0530 I COMMAND  [conn2] command test.reminder command: insert { insert: "reminder", ordered: true, documents: [ { _id: "12sdcdc321xewxcw34", reminderName: "Email reminder", reminderDescription: "Sending email @ 5AM", reminderType: "Daily Reminder", reminderCreatedBy: "Jhon123", reminderCreationDate: new Date(1578112670965), _class: "com.stackroute.keepnote.model.Reminder" } ] } ninserted:1 keyUpdates:0 writeConflicts:0 numYields:0 reslen:40 locks:{ Global: { acquireCount: { r: 2, w: 2 } }, Database: { acquireCount: { w: 1, W: 1 } }, Collection: { acquireCount: { W: 1 } } } protocol:op_query 251ms
2020-01-04 10:07:51 [Thread-3] INFO  o.s.b.a.mongo.embedded.EmbeddedMongo -
				2020-01-04T10:07:51.890+0530 I NETWORK  [initandlisten] connection accepted from 127.0.0.1:50330 #3 (3 connections now open)
2020-01-04 10:07:51 [Thread-5] INFO  o.s.c.a.AnnotationConfigApplicationContext -
				Closing org.springframework.context.annotation.AnnotationConfigApplicationContext@29f7cefd: startup date [Sat Jan 04 10:07:40 IST 2020]; root of context hierarchy
2020-01-04 10:07:51 [Thread-3] INFO  o.s.b.a.mongo.embedded.EmbeddedMongo -
				2020-01-04T10:07:51.900+0530 I COMMAND  [conn3] terminating, shutdown command received
2020-01-04 10:07:51 [Thread-3] INFO  o.s.b.a.mongo.embedded.EmbeddedMongo -
				2020-01-04T10:07:51.900+0530 I FTDC     [conn3] Shutting down full-time diagnostic data capture
2020-01-04 10:07:51 [Thread-5] INFO  org.mongodb.driver.connection -
				Closed connection [connectionId{localValue:2, serverValue:2}] to localhost:50326 because the pool has been closed.
2020-01-04 10:07:51 [Thread-3] INFO  o.s.b.a.mongo.embedded.EmbeddedMongo -
				2020-01-04T10:07:51.961+0530 I CONTROL  [conn3] now exiting
2020-01-04 10:07:51 [Thread-3] INFO  o.s.b.a.mongo.embedded.EmbeddedMongo -
				2020-01-04T10:07:51.961+0530 I NETWORK  [conn3] shutdown: going to close listening sockets...
2020-01-04 10:07:51 [Thread-3] INFO  o.s.b.a.mongo.embedded.EmbeddedMongo -
				2020-01-04T10:07:51.961+0530 I NETWORK  [conn3] closing listening socket: 712
2020-01-04 10:07:51 [Thread-3] INFO  o.s.b.a.mongo.embedded.EmbeddedMongo -
				2020-01-04T10:07:51.962+0530 I NETWORK  [conn3] shutdown: going to flush diaglog...
2020-01-04 10:07:51 [Thread-3] INFO  o.s.b.a.mongo.embedded.EmbeddedMongo -
				2020-01-04T10:07:51.962+0530 I NETWORK  [conn3] shutdown: going to close sockets...
2020-01-04 10:07:51 [Thread-3] INFO  o.s.b.a.mongo.embedded.EmbeddedMongo -
				2020-01-04T10:07:51.962+0530 I STORAGE  [conn3] WiredTigerKVEngine shutting down
2020-01-04 10:07:51 [Thread-3] INFO  o.s.b.a.mongo.embedded.EmbeddedMongo -
				2020-01-04T10:07:51.973+0530 I NETWORK  [conn2] end connection 127.0.0.1:50329 (2 connections now open)
2020-01-04 10:07:51 [Thread-3] INFO  o.s.b.a.mongo.embedded.EmbeddedMongo -
				2020-01-04T10:07:51.973+0530 I NETWORK  [conn1] end connection 127.0.0.1:50327 (2 connections now open)
2020-01-04 10:07:52 [Thread-2] INFO  d.f.e.process.runtime.ProcessControl -
				stopOrDestroyProcess: process has not exited 
2020-01-04 10:07:52 [Thread-3] INFO  o.s.b.a.mongo.embedded.EmbeddedMongo -
				2020-01-04T10:07:52.305+0530 I STORAGE  [conn3] shutdown: removing fs lock...
2020-01-04 10:07:52 [Thread-3] INFO  o.s.b.a.mongo.embedded.EmbeddedMongo -
				2020-01-04T10:07:52.305+0530 I CONTROL  [conn3] dbexit:  rc: 0
