2020-01-04 23:31:45 [main] INFO  o.s.b.t.a.w.s.WebMvcTestContextBootstrapper -
				Neither @ContextConfiguration nor @ContextHierarchy found for test class [com.stackroute.keepnote.test.controller.UserControllerTest], using SpringBootContextLoader
2020-01-04 23:31:45 [main] INFO  o.s.t.c.s.AbstractContextLoader -
				Could not detect default resource locations for test class [com.stackroute.keepnote.test.controller.UserControllerTest]: no resource found for suffixes {-context.xml, Context.groovy}.
2020-01-04 23:31:45 [main] INFO  o.s.t.c.s.AnnotationConfigContextLoaderUtils -
				Could not detect default configuration classes for test class [com.stackroute.keepnote.test.controller.UserControllerTest]: UserControllerTest does not declare any static, non-private, non-final, nested classes annotated with @Configuration.
2020-01-04 23:31:45 [main] INFO  o.s.b.t.c.SpringBootTestContextBootstrapper -
				Found @SpringBootConfiguration com.stackroute.keepnote.UserServiceApplication for test class com.stackroute.keepnote.test.controller.UserControllerTest
2020-01-04 23:31:45 [main] INFO  o.s.b.t.a.w.s.WebMvcTestContextBootstrapper -
				Loaded default TestExecutionListener class names from location [META-INF/spring.factories]: [org.springframework.boot.test.mock.mockito.MockitoTestExecutionListener, org.springframework.boot.test.mock.mockito.ResetMocksTestExecutionListener, org.springframework.boot.test.autoconfigure.restdocs.RestDocsTestExecutionListener, org.springframework.boot.test.autoconfigure.web.client.MockRestServiceServerResetTestExecutionListener, org.springframework.boot.test.autoconfigure.web.servlet.MockMvcPrintOnlyOnFailureTestExecutionListener, org.springframework.boot.test.autoconfigure.web.servlet.WebDriverTestExecutionListener, org.springframework.test.context.web.ServletTestExecutionListener, org.springframework.test.context.support.DirtiesContextBeforeModesTestExecutionListener, org.springframework.test.context.support.DependencyInjectionTestExecutionListener, org.springframework.test.context.support.DirtiesContextTestExecutionListener, org.springframework.test.context.transaction.TransactionalTestExecutionListener, org.springframework.test.context.jdbc.SqlScriptsTestExecutionListener]
2020-01-04 23:31:45 [main] INFO  o.s.b.t.a.w.s.WebMvcTestContextBootstrapper -
				Using TestExecutionListeners: [org.springframework.test.context.web.ServletTestExecutionListener@5e5d171f, org.springframework.test.context.support.DirtiesContextBeforeModesTestExecutionListener@24313fcc, org.springframework.boot.test.mock.mockito.MockitoTestExecutionListener@7d20d0b, org.springframework.boot.test.autoconfigure.SpringBootDependencyInjectionTestExecutionListener@77f1baf5, org.springframework.test.context.support.DirtiesContextTestExecutionListener@41a2befb, org.springframework.test.context.transaction.TransactionalTestExecutionListener@6c40365c, org.springframework.test.context.jdbc.SqlScriptsTestExecutionListener@7bedc48a, org.springframework.boot.test.mock.mockito.ResetMocksTestExecutionListener@131ef10, org.springframework.boot.test.autoconfigure.restdocs.RestDocsTestExecutionListener@55b0dcab, org.springframework.boot.test.autoconfigure.web.client.MockRestServiceServerResetTestExecutionListener@38afe297, org.springframework.boot.test.autoconfigure.web.servlet.MockMvcPrintOnlyOnFailureTestExecutionListener@2df3b89c, org.springframework.boot.test.autoconfigure.web.servlet.WebDriverTestExecutionListener@23348b5d]
2020-01-04 23:31:46 [main] INFO  c.s.k.t.c.UserControllerTest -
				Starting UserControllerTest on DESKTOP-229TM7J with PID 9648 (started by pt108 in C:\Users\pt108\Desktop\Assignments\KeepNote-Step6-Boilerplate\UserService)
2020-01-04 23:31:46 [main] INFO  c.s.k.t.c.UserControllerTest -
				No active profile set, falling back to default profiles: default
2020-01-04 23:31:46 [main] INFO  o.s.w.c.s.GenericWebApplicationContext -
				Refreshing org.springframework.web.context.support.GenericWebApplicationContext@2c4d1ac: startup date [Sat Jan 04 23:31:46 IST 2020]; root of context hierarchy
2020-01-04 23:31:51 [main] INFO  o.s.w.s.h.SimpleUrlHandlerMapping -
				Mapped URL path [/**/favicon.ico] onto handler of type [class org.springframework.web.servlet.resource.ResourceHttpRequestHandler]
2020-01-04 23:31:52 [main] INFO  o.s.w.s.m.m.a.RequestMappingHandlerAdapter -
				Looking for @ControllerAdvice: org.springframework.web.context.support.GenericWebApplicationContext@2c4d1ac: startup date [Sat Jan 04 23:31:46 IST 2020]; root of context hierarchy
2020-01-04 23:31:52 [main] INFO  o.s.w.s.m.m.a.RequestMappingHandlerMapping -
				Mapped "{[/]}" onto public java.lang.String com.stackroute.keepnote.controller.RootController.swaggerUI()
2020-01-04 23:31:52 [main] INFO  o.s.w.s.m.m.a.RequestMappingHandlerMapping -
				Mapped "{[/api/v1/user/{id}],methods=[PUT]}" onto public org.springframework.http.ResponseEntity<?> com.stackroute.keepnote.controller.UserController.updateUser(com.stackroute.keepnote.model.User,java.lang.String)
2020-01-04 23:31:52 [main] INFO  o.s.w.s.m.m.a.RequestMappingHandlerMapping -
				Mapped "{[/api/v1/user/{id}],methods=[DELETE]}" onto public org.springframework.http.ResponseEntity<?> com.stackroute.keepnote.controller.UserController.deleteUser(java.lang.String)
2020-01-04 23:31:52 [main] INFO  o.s.w.s.m.m.a.RequestMappingHandlerMapping -
				Mapped "{[/api/v1/user],methods=[POST]}" onto public org.springframework.http.ResponseEntity<?> com.stackroute.keepnote.controller.UserController.createUser(com.stackroute.keepnote.model.User)
2020-01-04 23:31:52 [main] INFO  o.s.w.s.m.m.a.RequestMappingHandlerMapping -
				Mapped "{[/api/v1/user/{id}],methods=[GET]}" onto public org.springframework.http.ResponseEntity<?> com.stackroute.keepnote.controller.UserController.showUserDetails(java.lang.String)
2020-01-04 23:31:52 [main] INFO  o.s.w.s.m.m.a.RequestMappingHandlerMapping -
				Mapped "{[/error]}" onto public org.springframework.http.ResponseEntity<java.util.Map<java.lang.String, java.lang.Object>> org.springframework.boot.autoconfigure.web.servlet.error.BasicErrorController.error(javax.servlet.http.HttpServletRequest)
2020-01-04 23:31:52 [main] INFO  o.s.w.s.m.m.a.RequestMappingHandlerMapping -
				Mapped "{[/error],produces=[text/html]}" onto public org.springframework.web.servlet.ModelAndView org.springframework.boot.autoconfigure.web.servlet.error.BasicErrorController.errorHtml(javax.servlet.http.HttpServletRequest,javax.servlet.http.HttpServletResponse)
2020-01-04 23:31:52 [main] INFO  o.s.w.s.h.SimpleUrlHandlerMapping -
				Mapped URL path [/webjars/**] onto handler of type [class org.springframework.web.servlet.resource.ResourceHttpRequestHandler]
2020-01-04 23:31:52 [main] INFO  o.s.w.s.h.SimpleUrlHandlerMapping -
				Mapped URL path [/**] onto handler of type [class org.springframework.web.servlet.resource.ResourceHttpRequestHandler]
2020-01-04 23:31:52 [main] INFO  o.s.b.t.m.w.SpringBootMockServletContext -
				Initializing Spring FrameworkServlet ''
2020-01-04 23:31:52 [main] INFO  o.s.t.w.s.TestDispatcherServlet -
				FrameworkServlet '': initialization started
2020-01-04 23:31:52 [main] INFO  o.s.t.w.s.TestDispatcherServlet -
				FrameworkServlet '': initialization completed in 39 ms
2020-01-04 23:31:52 [main] INFO  c.s.k.t.c.UserControllerTest -
				Started UserControllerTest in 6.92 seconds (JVM running for 9.889)
2020-01-04 23:31:53 [main] INFO  o.s.w.s.m.m.a.RequestMappingHandlerMapping -
				Mapped "{[/api/v1/user/{id}],methods=[PUT]}" onto public org.springframework.http.ResponseEntity<?> com.stackroute.keepnote.controller.UserController.updateUser(com.stackroute.keepnote.model.User,java.lang.String)
2020-01-04 23:31:53 [main] INFO  o.s.w.s.m.m.a.RequestMappingHandlerMapping -
				Mapped "{[/api/v1/user/{id}],methods=[DELETE]}" onto public org.springframework.http.ResponseEntity<?> com.stackroute.keepnote.controller.UserController.deleteUser(java.lang.String)
2020-01-04 23:31:53 [main] INFO  o.s.w.s.m.m.a.RequestMappingHandlerMapping -
				Mapped "{[/api/v1/user],methods=[POST]}" onto public org.springframework.http.ResponseEntity<?> com.stackroute.keepnote.controller.UserController.createUser(com.stackroute.keepnote.model.User)
2020-01-04 23:31:53 [main] INFO  o.s.w.s.m.m.a.RequestMappingHandlerMapping -
				Mapped "{[/api/v1/user/{id}],methods=[GET]}" onto public org.springframework.http.ResponseEntity<?> com.stackroute.keepnote.controller.UserController.showUserDetails(java.lang.String)
2020-01-04 23:31:53 [main] INFO  o.s.w.s.m.m.a.RequestMappingHandlerAdapter -
				Looking for @ControllerAdvice: org.springframework.test.web.servlet.setup.StubWebApplicationContext@4d8286c4
2020-01-04 23:31:53 [main] INFO  o.s.mock.web.MockServletContext -
				Initializing Spring FrameworkServlet ''
2020-01-04 23:31:53 [main] INFO  o.s.t.w.s.TestDispatcherServlet -
				FrameworkServlet '': initialization started
2020-01-04 23:31:53 [main] INFO  o.s.t.w.s.TestDispatcherServlet -
				FrameworkServlet '': initialization completed in 0 ms
2020-01-04 23:31:53 [main] INFO  o.s.w.s.m.m.a.RequestMappingHandlerMapping -
				Mapped "{[/api/v1/user/{id}],methods=[PUT]}" onto public org.springframework.http.ResponseEntity<?> com.stackroute.keepnote.controller.UserController.updateUser(com.stackroute.keepnote.model.User,java.lang.String)
2020-01-04 23:31:53 [main] INFO  o.s.w.s.m.m.a.RequestMappingHandlerMapping -
				Mapped "{[/api/v1/user/{id}],methods=[DELETE]}" onto public org.springframework.http.ResponseEntity<?> com.stackroute.keepnote.controller.UserController.deleteUser(java.lang.String)
2020-01-04 23:31:53 [main] INFO  o.s.w.s.m.m.a.RequestMappingHandlerMapping -
				Mapped "{[/api/v1/user],methods=[POST]}" onto public org.springframework.http.ResponseEntity<?> com.stackroute.keepnote.controller.UserController.createUser(com.stackroute.keepnote.model.User)
2020-01-04 23:31:53 [main] INFO  o.s.w.s.m.m.a.RequestMappingHandlerMapping -
				Mapped "{[/api/v1/user/{id}],methods=[GET]}" onto public org.springframework.http.ResponseEntity<?> com.stackroute.keepnote.controller.UserController.showUserDetails(java.lang.String)
2020-01-04 23:31:53 [main] INFO  o.s.w.s.m.m.a.RequestMappingHandlerAdapter -
				Looking for @ControllerAdvice: org.springframework.test.web.servlet.setup.StubWebApplicationContext@7b6e5c12
2020-01-04 23:31:53 [main] INFO  o.s.mock.web.MockServletContext -
				Initializing Spring FrameworkServlet ''
2020-01-04 23:31:53 [main] INFO  o.s.t.w.s.TestDispatcherServlet -
				FrameworkServlet '': initialization started
2020-01-04 23:31:53 [main] INFO  o.s.t.w.s.TestDispatcherServlet -
				FrameworkServlet '': initialization completed in 0 ms
2020-01-04 23:31:53 [main] INFO  o.s.w.s.m.m.a.RequestMappingHandlerMapping -
				Mapped "{[/api/v1/user/{id}],methods=[PUT]}" onto public org.springframework.http.ResponseEntity<?> com.stackroute.keepnote.controller.UserController.updateUser(com.stackroute.keepnote.model.User,java.lang.String)
2020-01-04 23:31:53 [main] INFO  o.s.w.s.m.m.a.RequestMappingHandlerMapping -
				Mapped "{[/api/v1/user/{id}],methods=[DELETE]}" onto public org.springframework.http.ResponseEntity<?> com.stackroute.keepnote.controller.UserController.deleteUser(java.lang.String)
2020-01-04 23:31:53 [main] INFO  o.s.w.s.m.m.a.RequestMappingHandlerMapping -
				Mapped "{[/api/v1/user],methods=[POST]}" onto public org.springframework.http.ResponseEntity<?> com.stackroute.keepnote.controller.UserController.createUser(com.stackroute.keepnote.model.User)
2020-01-04 23:31:53 [main] INFO  o.s.w.s.m.m.a.RequestMappingHandlerMapping -
				Mapped "{[/api/v1/user/{id}],methods=[GET]}" onto public org.springframework.http.ResponseEntity<?> com.stackroute.keepnote.controller.UserController.showUserDetails(java.lang.String)
2020-01-04 23:31:53 [main] INFO  o.s.w.s.m.m.a.RequestMappingHandlerAdapter -
				Looking for @ControllerAdvice: org.springframework.test.web.servlet.setup.StubWebApplicationContext@312b34e3
2020-01-04 23:31:53 [main] INFO  o.s.mock.web.MockServletContext -
				Initializing Spring FrameworkServlet ''
2020-01-04 23:31:53 [main] INFO  o.s.t.w.s.TestDispatcherServlet -
				FrameworkServlet '': initialization started
2020-01-04 23:31:53 [main] INFO  o.s.t.w.s.TestDispatcherServlet -
				FrameworkServlet '': initialization completed in 0 ms
2020-01-04 23:31:53 [main] INFO  o.s.w.s.m.m.a.RequestMappingHandlerMapping -
				Mapped "{[/api/v1/user/{id}],methods=[PUT]}" onto public org.springframework.http.ResponseEntity<?> com.stackroute.keepnote.controller.UserController.updateUser(com.stackroute.keepnote.model.User,java.lang.String)
2020-01-04 23:31:53 [main] INFO  o.s.w.s.m.m.a.RequestMappingHandlerMapping -
				Mapped "{[/api/v1/user/{id}],methods=[DELETE]}" onto public org.springframework.http.ResponseEntity<?> com.stackroute.keepnote.controller.UserController.deleteUser(java.lang.String)
2020-01-04 23:31:53 [main] INFO  o.s.w.s.m.m.a.RequestMappingHandlerMapping -
				Mapped "{[/api/v1/user],methods=[POST]}" onto public org.springframework.http.ResponseEntity<?> com.stackroute.keepnote.controller.UserController.createUser(com.stackroute.keepnote.model.User)
2020-01-04 23:31:53 [main] INFO  o.s.w.s.m.m.a.RequestMappingHandlerMapping -
				Mapped "{[/api/v1/user/{id}],methods=[GET]}" onto public org.springframework.http.ResponseEntity<?> com.stackroute.keepnote.controller.UserController.showUserDetails(java.lang.String)
2020-01-04 23:31:53 [main] INFO  o.s.w.s.m.m.a.RequestMappingHandlerAdapter -
				Looking for @ControllerAdvice: org.springframework.test.web.servlet.setup.StubWebApplicationContext@4b6d92e
2020-01-04 23:31:53 [main] INFO  o.s.mock.web.MockServletContext -
				Initializing Spring FrameworkServlet ''
2020-01-04 23:31:53 [main] INFO  o.s.t.w.s.TestDispatcherServlet -
				FrameworkServlet '': initialization started
2020-01-04 23:31:53 [main] INFO  o.s.t.w.s.TestDispatcherServlet -
				FrameworkServlet '': initialization completed in 1 ms
2020-01-04 23:31:54 [main] INFO  o.s.w.s.m.m.a.RequestMappingHandlerMapping -
				Mapped "{[/api/v1/user/{id}],methods=[PUT]}" onto public org.springframework.http.ResponseEntity<?> com.stackroute.keepnote.controller.UserController.updateUser(com.stackroute.keepnote.model.User,java.lang.String)
2020-01-04 23:31:54 [main] INFO  o.s.w.s.m.m.a.RequestMappingHandlerMapping -
				Mapped "{[/api/v1/user/{id}],methods=[DELETE]}" onto public org.springframework.http.ResponseEntity<?> com.stackroute.keepnote.controller.UserController.deleteUser(java.lang.String)
2020-01-04 23:31:54 [main] INFO  o.s.w.s.m.m.a.RequestMappingHandlerMapping -
				Mapped "{[/api/v1/user],methods=[POST]}" onto public org.springframework.http.ResponseEntity<?> com.stackroute.keepnote.controller.UserController.createUser(com.stackroute.keepnote.model.User)
2020-01-04 23:31:54 [main] INFO  o.s.w.s.m.m.a.RequestMappingHandlerMapping -
				Mapped "{[/api/v1/user/{id}],methods=[GET]}" onto public org.springframework.http.ResponseEntity<?> com.stackroute.keepnote.controller.UserController.showUserDetails(java.lang.String)
2020-01-04 23:31:54 [main] INFO  o.s.w.s.m.m.a.RequestMappingHandlerAdapter -
				Looking for @ControllerAdvice: org.springframework.test.web.servlet.setup.StubWebApplicationContext@476fe690
2020-01-04 23:31:54 [main] INFO  o.s.mock.web.MockServletContext -
				Initializing Spring FrameworkServlet ''
2020-01-04 23:31:54 [main] INFO  o.s.t.w.s.TestDispatcherServlet -
				FrameworkServlet '': initialization started
2020-01-04 23:31:54 [main] INFO  o.s.t.w.s.TestDispatcherServlet -
				FrameworkServlet '': initialization completed in 1 ms
2020-01-04 23:31:54 [main] INFO  o.s.w.s.m.m.a.RequestMappingHandlerMapping -
				Mapped "{[/api/v1/user/{id}],methods=[PUT]}" onto public org.springframework.http.ResponseEntity<?> com.stackroute.keepnote.controller.UserController.updateUser(com.stackroute.keepnote.model.User,java.lang.String)
2020-01-04 23:31:54 [main] INFO  o.s.w.s.m.m.a.RequestMappingHandlerMapping -
				Mapped "{[/api/v1/user/{id}],methods=[DELETE]}" onto public org.springframework.http.ResponseEntity<?> com.stackroute.keepnote.controller.UserController.deleteUser(java.lang.String)
2020-01-04 23:31:54 [main] INFO  o.s.w.s.m.m.a.RequestMappingHandlerMapping -
				Mapped "{[/api/v1/user],methods=[POST]}" onto public org.springframework.http.ResponseEntity<?> com.stackroute.keepnote.controller.UserController.createUser(com.stackroute.keepnote.model.User)
2020-01-04 23:31:54 [main] INFO  o.s.w.s.m.m.a.RequestMappingHandlerMapping -
				Mapped "{[/api/v1/user/{id}],methods=[GET]}" onto public org.springframework.http.ResponseEntity<?> com.stackroute.keepnote.controller.UserController.showUserDetails(java.lang.String)
2020-01-04 23:31:54 [main] INFO  o.s.w.s.m.m.a.RequestMappingHandlerAdapter -
				Looking for @ControllerAdvice: org.springframework.test.web.servlet.setup.StubWebApplicationContext@517a2b0
2020-01-04 23:31:54 [main] INFO  o.s.mock.web.MockServletContext -
				Initializing Spring FrameworkServlet ''
2020-01-04 23:31:54 [main] INFO  o.s.t.w.s.TestDispatcherServlet -
				FrameworkServlet '': initialization started
2020-01-04 23:31:54 [main] INFO  o.s.t.w.s.TestDispatcherServlet -
				FrameworkServlet '': initialization completed in 0 ms
2020-01-04 23:31:54 [main] INFO  c.s.k.controller.UserController -
				Inside Create User
2020-01-04 23:31:54 [main] INFO  o.s.w.s.m.m.a.RequestMappingHandlerMapping -
				Mapped "{[/api/v1/user/{id}],methods=[PUT]}" onto public org.springframework.http.ResponseEntity<?> com.stackroute.keepnote.controller.UserController.updateUser(com.stackroute.keepnote.model.User,java.lang.String)
2020-01-04 23:31:54 [main] INFO  o.s.w.s.m.m.a.RequestMappingHandlerMapping -
				Mapped "{[/api/v1/user/{id}],methods=[DELETE]}" onto public org.springframework.http.ResponseEntity<?> com.stackroute.keepnote.controller.UserController.deleteUser(java.lang.String)
2020-01-04 23:31:54 [main] INFO  o.s.w.s.m.m.a.RequestMappingHandlerMapping -
				Mapped "{[/api/v1/user],methods=[POST]}" onto public org.springframework.http.ResponseEntity<?> com.stackroute.keepnote.controller.UserController.createUser(com.stackroute.keepnote.model.User)
2020-01-04 23:31:54 [main] INFO  o.s.w.s.m.m.a.RequestMappingHandlerMapping -
				Mapped "{[/api/v1/user/{id}],methods=[GET]}" onto public org.springframework.http.ResponseEntity<?> com.stackroute.keepnote.controller.UserController.showUserDetails(java.lang.String)
2020-01-04 23:31:54 [main] INFO  o.s.w.s.m.m.a.RequestMappingHandlerAdapter -
				Looking for @ControllerAdvice: org.springframework.test.web.servlet.setup.StubWebApplicationContext@38eb0f4d
2020-01-04 23:31:54 [main] INFO  o.s.mock.web.MockServletContext -
				Initializing Spring FrameworkServlet ''
2020-01-04 23:31:54 [main] INFO  o.s.t.w.s.TestDispatcherServlet -
				FrameworkServlet '': initialization started
2020-01-04 23:31:54 [main] INFO  o.s.t.w.s.TestDispatcherServlet -
				FrameworkServlet '': initialization completed in 1 ms
2020-01-04 23:31:54 [main] INFO  o.s.w.s.m.m.a.RequestMappingHandlerMapping -
				Mapped "{[/api/v1/user/{id}],methods=[PUT]}" onto public org.springframework.http.ResponseEntity<?> com.stackroute.keepnote.controller.UserController.updateUser(com.stackroute.keepnote.model.User,java.lang.String)
2020-01-04 23:31:54 [main] INFO  o.s.w.s.m.m.a.RequestMappingHandlerMapping -
				Mapped "{[/api/v1/user/{id}],methods=[DELETE]}" onto public org.springframework.http.ResponseEntity<?> com.stackroute.keepnote.controller.UserController.deleteUser(java.lang.String)
2020-01-04 23:31:54 [main] INFO  o.s.w.s.m.m.a.RequestMappingHandlerMapping -
				Mapped "{[/api/v1/user],methods=[POST]}" onto public org.springframework.http.ResponseEntity<?> com.stackroute.keepnote.controller.UserController.createUser(com.stackroute.keepnote.model.User)
2020-01-04 23:31:54 [main] INFO  o.s.w.s.m.m.a.RequestMappingHandlerMapping -
				Mapped "{[/api/v1/user/{id}],methods=[GET]}" onto public org.springframework.http.ResponseEntity<?> com.stackroute.keepnote.controller.UserController.showUserDetails(java.lang.String)
2020-01-04 23:31:55 [main] INFO  o.s.w.s.m.m.a.RequestMappingHandlerAdapter -
				Looking for @ControllerAdvice: org.springframework.test.web.servlet.setup.StubWebApplicationContext@237f7970
2020-01-04 23:31:55 [main] INFO  o.s.mock.web.MockServletContext -
				Initializing Spring FrameworkServlet ''
2020-01-04 23:31:55 [main] INFO  o.s.t.w.s.TestDispatcherServlet -
				FrameworkServlet '': initialization started
2020-01-04 23:31:55 [main] INFO  o.s.t.w.s.TestDispatcherServlet -
				FrameworkServlet '': initialization completed in 0 ms
2020-01-04 23:31:55 [main] INFO  c.s.k.controller.UserController -
				Inside Create User
2020-01-04 23:31:55 [main] INFO  o.s.b.t.c.SpringBootTestContextBootstrapper -
				Neither @ContextConfiguration nor @ContextHierarchy found for test class [com.stackroute.keepnote.test.log.LoggerTest], using SpringBootContextLoader
2020-01-04 23:31:55 [main] INFO  o.s.t.c.s.AbstractContextLoader -
				Could not detect default resource locations for test class [com.stackroute.keepnote.test.log.LoggerTest]: no resource found for suffixes {-context.xml, Context.groovy}.
2020-01-04 23:31:55 [main] INFO  o.s.t.c.s.AnnotationConfigContextLoaderUtils -
				Could not detect default configuration classes for test class [com.stackroute.keepnote.test.log.LoggerTest]: LoggerTest does not declare any static, non-private, non-final, nested classes annotated with @Configuration.
2020-01-04 23:31:55 [main] INFO  o.s.b.t.c.SpringBootTestContextBootstrapper -
				Found @SpringBootConfiguration com.stackroute.keepnote.UserServiceApplication for test class com.stackroute.keepnote.test.log.LoggerTest
2020-01-04 23:31:55 [main] INFO  o.s.b.t.c.SpringBootTestContextBootstrapper -
				Loaded default TestExecutionListener class names from location [META-INF/spring.factories]: [org.springframework.boot.test.mock.mockito.MockitoTestExecutionListener, org.springframework.boot.test.mock.mockito.ResetMocksTestExecutionListener, org.springframework.boot.test.autoconfigure.restdocs.RestDocsTestExecutionListener, org.springframework.boot.test.autoconfigure.web.client.MockRestServiceServerResetTestExecutionListener, org.springframework.boot.test.autoconfigure.web.servlet.MockMvcPrintOnlyOnFailureTestExecutionListener, org.springframework.boot.test.autoconfigure.web.servlet.WebDriverTestExecutionListener, org.springframework.test.context.web.ServletTestExecutionListener, org.springframework.test.context.support.DirtiesContextBeforeModesTestExecutionListener, org.springframework.test.context.support.DependencyInjectionTestExecutionListener, org.springframework.test.context.support.DirtiesContextTestExecutionListener, org.springframework.test.context.transaction.TransactionalTestExecutionListener, org.springframework.test.context.jdbc.SqlScriptsTestExecutionListener]
2020-01-04 23:31:55 [main] INFO  o.s.b.t.c.SpringBootTestContextBootstrapper -
				Using TestExecutionListeners: [org.springframework.test.context.web.ServletTestExecutionListener@eac3a26, org.springframework.test.context.support.DirtiesContextBeforeModesTestExecutionListener@10b1a751, org.springframework.boot.test.mock.mockito.MockitoTestExecutionListener@53cf9c99, org.springframework.boot.test.autoconfigure.SpringBootDependencyInjectionTestExecutionListener@7b306b9f, org.springframework.test.context.support.DirtiesContextTestExecutionListener@142213d5, org.springframework.test.context.transaction.TransactionalTestExecutionListener@934b52f, org.springframework.test.context.jdbc.SqlScriptsTestExecutionListener@2630dbc4, org.springframework.boot.test.mock.mockito.ResetMocksTestExecutionListener@5ea4300e, org.springframework.boot.test.autoconfigure.restdocs.RestDocsTestExecutionListener@5a1c3cb4, org.springframework.boot.test.autoconfigure.web.client.MockRestServiceServerResetTestExecutionListener@76ad6715, org.springframework.boot.test.autoconfigure.web.servlet.MockMvcPrintOnlyOnFailureTestExecutionListener@56637cff, org.springframework.boot.test.autoconfigure.web.servlet.WebDriverTestExecutionListener@2938127d]
2020-01-04 23:31:55 [main] INFO  c.s.keepnote.test.log.LoggerTest -
				Starting LoggerTest on DESKTOP-229TM7J with PID 9648 (started by pt108 in C:\Users\pt108\Desktop\Assignments\KeepNote-Step6-Boilerplate\UserService)
2020-01-04 23:31:55 [main] INFO  c.s.keepnote.test.log.LoggerTest -
				No active profile set, falling back to default profiles: default
2020-01-04 23:31:55 [main] INFO  o.s.w.c.s.GenericWebApplicationContext -
				Refreshing org.springframework.web.context.support.GenericWebApplicationContext@75d4a80f: startup date [Sat Jan 04 23:31:55 IST 2020]; root of context hierarchy
2020-01-04 23:32:01 [Thread-5] INFO  o.s.b.a.mongo.embedded.EmbeddedMongo -
				note: noprealloc may hurt performance in many applications
2020-01-04 23:32:01 [Thread-5] INFO  o.s.b.a.mongo.embedded.EmbeddedMongo -
				2020-01-04T23:32:01.824+0530 I CONTROL  [initandlisten] MongoDB starting : pid=2864 port=55274 dbpath=C:\Users\pt108\AppData\Local\Temp\embedmongo-db-3172f611-6346-414b-9146-5e077901af3e 64-bit host=DESKTOP-229TM7J
2020-01-04 23:32:01 [Thread-5] INFO  o.s.b.a.mongo.embedded.EmbeddedMongo -
				2020-01-04T23:32:01.833+0530 I CONTROL  [initandlisten] targetMinOS: Windows Vista/Windows Server 2008
2020-01-04 23:32:01 [Thread-5] INFO  o.s.b.a.mongo.embedded.EmbeddedMongo -
				2020-01-04T23:32:01.833+0530 I CONTROL  [initandlisten] db version v3.2.2
2020-01-04 23:32:01 [Thread-5] INFO  o.s.b.a.mongo.embedded.EmbeddedMongo -
				2020-01-04T23:32:01.833+0530 I CONTROL  [initandlisten] git version: 6e71d0d568e134c029203593b00a0103e7cdf30b
2020-01-04 23:32:01 [Thread-5] INFO  o.s.b.a.mongo.embedded.EmbeddedMongo -
				2020-01-04T23:32:01.833+0530 I CONTROL  [initandlisten] allocator: tcmalloc
2020-01-04 23:32:01 [Thread-5] INFO  o.s.b.a.mongo.embedded.EmbeddedMongo -
				2020-01-04T23:32:01.833+0530 I CONTROL  [initandlisten] modules: none
2020-01-04 23:32:01 [Thread-5] INFO  o.s.b.a.mongo.embedded.EmbeddedMongo -
				2020-01-04T23:32:01.833+0530 I CONTROL  [initandlisten] build environment:
2020-01-04 23:32:01 [Thread-5] INFO  o.s.b.a.mongo.embedded.EmbeddedMongo -
				2020-01-04T23:32:01.833+0530 I CONTROL  [initandlisten]     distarch: x86_64
2020-01-04 23:32:01 [Thread-5] INFO  o.s.b.a.mongo.embedded.EmbeddedMongo -
				2020-01-04T23:32:01.833+0530 I CONTROL  [initandlisten]     target_arch: x86_64
2020-01-04 23:32:01 [Thread-5] INFO  o.s.b.a.mongo.embedded.EmbeddedMongo -
				2020-01-04T23:32:01.834+0530 I CONTROL  [initandlisten] options: { net: { bindIp: "127.0.0.1", http: { enabled: false }, port: 55274 }, security: { authorization: "disabled" }, storage: { dbPath: "C:\Users\pt108\AppData\Local\Temp\embedmongo-db-3172f611-6346-414b-9146-5e077901af3e", journal: { enabled: false }, mmapv1: { preallocDataFiles: false, smallFiles: true }, syncPeriodSecs: 0.0 } }
2020-01-04 23:32:01 [Thread-5] INFO  o.s.b.a.mongo.embedded.EmbeddedMongo -
				2020-01-04T23:32:01.861+0530 I STORAGE  [initandlisten] wiredtiger_open config: create,cache_size=2G,session_max=20000,eviction=(threads_max=4),config_base=false,statistics=(fast),log=(enabled=true,archive=true,path=journal,compressor=snappy),file_manager=(close_idle_time=100000),checkpoint=(wait=0,log_size=2GB),statistics_log=(wait=0),,log=(enabled=false),
2020-01-04 23:32:03 [Thread-5] INFO  o.s.b.a.mongo.embedded.EmbeddedMongo -
				2020-01-04T23:32:03.078+0530 W STORAGE  [initandlisten] Detected configuration for non-active storage engine mmapv1 when current storage engine is wiredTiger
2020-01-04 23:32:03 [Thread-5] INFO  o.s.b.a.mongo.embedded.EmbeddedMongo -
				2020-01-04T23:32:03.203+0530 I NETWORK  [HostnameCanonicalizationWorker] Starting hostname canonicalization worker
2020-01-04 23:32:03 [Thread-5] INFO  o.s.b.a.mongo.embedded.EmbeddedMongo -
				2020-01-04T23:32:03.203+0530 I FTDC     [initandlisten] Initializing full-time diagnostic data capture with directory 'C:/Users/pt108/AppData/Local/Temp/embedmongo-db-3172f611-6346-414b-9146-5e077901af3e/diagnostic.data'
2020-01-04 23:32:03 [Thread-5] INFO  o.s.b.a.mongo.embedded.EmbeddedMongo -
				2020-01-04T23:32:03.619+0530 I NETWORK  [initandlisten] waiting for connections on port 55274
2020-01-04 23:32:03 [main] INFO  d.f.embed.process.runtime.Executable -
				start de.flapdoodle.embed.mongo.config.MongodConfigBuilder$ImmutableMongodConfig@241b971f
2020-01-04 23:32:04 [main] INFO  org.mongodb.driver.cluster -
				Cluster created with settings {hosts=[localhost:55274], mode=MULTIPLE, requiredClusterType=UNKNOWN, serverSelectionTimeout='30000 ms', maxWaitQueueSize=500}
2020-01-04 23:32:04 [main] INFO  org.mongodb.driver.cluster -
				Adding discovered server localhost:55274 to client view of cluster
2020-01-04 23:32:04 [Thread-5] INFO  o.s.b.a.mongo.embedded.EmbeddedMongo -
				2020-01-04T23:32:04.949+0530 I NETWORK  [initandlisten] connection accepted from 127.0.0.1:55282 #1 (1 connection now open)
2020-01-04 23:32:05 [cluster-ClusterId{value='5e10d31c3fb07725b0fe4eea', description='null'}-localhost:55274] INFO  org.mongodb.driver.connection -
				Opened connection [connectionId{localValue:1, serverValue:1}] to localhost:55274
2020-01-04 23:32:05 [cluster-ClusterId{value='5e10d31c3fb07725b0fe4eea', description='null'}-localhost:55274] INFO  org.mongodb.driver.cluster -
				Monitor thread successfully connected to server with description ServerDescription{address=localhost:55274, type=STANDALONE, state=CONNECTED, ok=true, version=ServerVersion{versionList=[3, 2, 2]}, minWireVersion=0, maxWireVersion=4, maxDocumentSize=16777216, logicalSessionTimeoutMinutes=null, roundTripTimeNanos=2515600}
2020-01-04 23:32:05 [cluster-ClusterId{value='5e10d31c3fb07725b0fe4eea', description='null'}-localhost:55274] INFO  org.mongodb.driver.cluster -
				Discovered cluster type of STANDALONE
2020-01-04 23:32:08 [main] INFO  o.s.w.s.m.m.a.RequestMappingHandlerMapping -
				Mapped "{[/]}" onto public java.lang.String com.stackroute.keepnote.controller.RootController.swaggerUI()
2020-01-04 23:32:08 [main] INFO  o.s.w.s.m.m.a.RequestMappingHandlerMapping -
				Mapped "{[/api/v1/user/{id}],methods=[PUT]}" onto public org.springframework.http.ResponseEntity<?> com.stackroute.keepnote.controller.UserController.updateUser(com.stackroute.keepnote.model.User,java.lang.String)
2020-01-04 23:32:08 [main] INFO  o.s.w.s.m.m.a.RequestMappingHandlerMapping -
				Mapped "{[/api/v1/user/{id}],methods=[DELETE]}" onto public org.springframework.http.ResponseEntity<?> com.stackroute.keepnote.controller.UserController.deleteUser(java.lang.String)
2020-01-04 23:32:08 [main] INFO  o.s.w.s.m.m.a.RequestMappingHandlerMapping -
				Mapped "{[/api/v1/user],methods=[POST]}" onto public org.springframework.http.ResponseEntity<?> com.stackroute.keepnote.controller.UserController.createUser(com.stackroute.keepnote.model.User)
2020-01-04 23:32:08 [main] INFO  o.s.w.s.m.m.a.RequestMappingHandlerMapping -
				Mapped "{[/api/v1/user/{id}],methods=[GET]}" onto public org.springframework.http.ResponseEntity<?> com.stackroute.keepnote.controller.UserController.showUserDetails(java.lang.String)
2020-01-04 23:32:08 [main] INFO  o.s.w.s.m.m.a.RequestMappingHandlerMapping -
				Mapped "{[/swagger-resources]}" onto public org.springframework.http.ResponseEntity<java.util.List<springfox.documentation.swagger.web.SwaggerResource>> springfox.documentation.swagger.web.ApiResourceController.swaggerResources()
2020-01-04 23:32:08 [main] INFO  o.s.w.s.m.m.a.RequestMappingHandlerMapping -
				Mapped "{[/swagger-resources/configuration/ui]}" onto public org.springframework.http.ResponseEntity<springfox.documentation.swagger.web.UiConfiguration> springfox.documentation.swagger.web.ApiResourceController.uiConfiguration()
2020-01-04 23:32:08 [main] INFO  o.s.w.s.m.m.a.RequestMappingHandlerMapping -
				Mapped "{[/swagger-resources/configuration/security]}" onto public org.springframework.http.ResponseEntity<springfox.documentation.swagger.web.SecurityConfiguration> springfox.documentation.swagger.web.ApiResourceController.securityConfiguration()
2020-01-04 23:32:08 [main] INFO  o.s.w.s.m.m.a.RequestMappingHandlerMapping -
				Mapped "{[/error]}" onto public org.springframework.http.ResponseEntity<java.util.Map<java.lang.String, java.lang.Object>> org.springframework.boot.autoconfigure.web.servlet.error.BasicErrorController.error(javax.servlet.http.HttpServletRequest)
2020-01-04 23:32:08 [main] INFO  o.s.w.s.m.m.a.RequestMappingHandlerMapping -
				Mapped "{[/error],produces=[text/html]}" onto public org.springframework.web.servlet.ModelAndView org.springframework.boot.autoconfigure.web.servlet.error.BasicErrorController.errorHtml(javax.servlet.http.HttpServletRequest,javax.servlet.http.HttpServletResponse)
2020-01-04 23:32:08 [main] INFO  s.d.s.w.PropertySourcedRequestMappingHandlerMapping -
				Mapped URL path [/v2/api-docs] onto method [public org.springframework.http.ResponseEntity<springfox.documentation.spring.web.json.Json> springfox.documentation.swagger2.web.Swagger2Controller.getDocumentation(java.lang.String,javax.servlet.http.HttpServletRequest)]
2020-01-04 23:32:09 [main] INFO  o.s.w.s.h.SimpleUrlHandlerMapping -
				Mapped URL path [/**/favicon.ico] onto handler of type [class org.springframework.web.servlet.resource.ResourceHttpRequestHandler]
2020-01-04 23:32:10 [main] INFO  o.s.w.s.m.m.a.RequestMappingHandlerAdapter -
				Looking for @ControllerAdvice: org.springframework.web.context.support.GenericWebApplicationContext@75d4a80f: startup date [Sat Jan 04 23:31:55 IST 2020]; root of context hierarchy
2020-01-04 23:32:10 [main] INFO  o.s.w.s.h.SimpleUrlHandlerMapping -
				Mapped URL path [/webjars/**] onto handler of type [class org.springframework.web.servlet.resource.ResourceHttpRequestHandler]
2020-01-04 23:32:10 [main] INFO  o.s.w.s.h.SimpleUrlHandlerMapping -
				Mapped URL path [/**] onto handler of type [class org.springframework.web.servlet.resource.ResourceHttpRequestHandler]
2020-01-04 23:32:11 [main] INFO  o.s.c.s.DefaultLifecycleProcessor -
				Starting beans in phase 2147483647
2020-01-04 23:32:11 [main] INFO  s.d.s.w.p.DocumentationPluginsBootstrapper -
				Context refreshed
2020-01-04 23:32:11 [main] INFO  s.d.s.w.p.DocumentationPluginsBootstrapper -
				Found 1 custom documentation plugin(s)
2020-01-04 23:32:11 [main] INFO  s.d.s.w.s.ApiListingReferenceScanner -
				Scanning for api listing references
2020-01-04 23:32:11 [main] INFO  c.s.keepnote.test.log.LoggerTest -
				Started LoggerTest in 16.671 seconds (JVM running for 28.825)
2020-01-04 23:32:11 [main] INFO  o.s.b.t.c.SpringBootTestContextBootstrapper -
				Neither @ContextConfiguration nor @ContextHierarchy found for test class [com.stackroute.keepnote.test.repository.UserRepositoryTest], using SpringBootContextLoader
2020-01-04 23:32:11 [main] INFO  o.s.t.c.s.AbstractContextLoader -
				Could not detect default resource locations for test class [com.stackroute.keepnote.test.repository.UserRepositoryTest]: no resource found for suffixes {-context.xml, Context.groovy}.
2020-01-04 23:32:11 [main] INFO  o.s.t.c.s.AnnotationConfigContextLoaderUtils -
				Could not detect default configuration classes for test class [com.stackroute.keepnote.test.repository.UserRepositoryTest]: UserRepositoryTest does not declare any static, non-private, non-final, nested classes annotated with @Configuration.
2020-01-04 23:32:11 [main] INFO  o.s.b.t.c.SpringBootTestContextBootstrapper -
				Found @SpringBootConfiguration com.stackroute.keepnote.UserServiceApplication for test class com.stackroute.keepnote.test.repository.UserRepositoryTest
2020-01-04 23:32:11 [main] INFO  o.s.b.t.c.SpringBootTestContextBootstrapper -
				Loaded default TestExecutionListener class names from location [META-INF/spring.factories]: [org.springframework.boot.test.mock.mockito.MockitoTestExecutionListener, org.springframework.boot.test.mock.mockito.ResetMocksTestExecutionListener, org.springframework.boot.test.autoconfigure.restdocs.RestDocsTestExecutionListener, org.springframework.boot.test.autoconfigure.web.client.MockRestServiceServerResetTestExecutionListener, org.springframework.boot.test.autoconfigure.web.servlet.MockMvcPrintOnlyOnFailureTestExecutionListener, org.springframework.boot.test.autoconfigure.web.servlet.WebDriverTestExecutionListener, org.springframework.test.context.web.ServletTestExecutionListener, org.springframework.test.context.support.DirtiesContextBeforeModesTestExecutionListener, org.springframework.test.context.support.DependencyInjectionTestExecutionListener, org.springframework.test.context.support.DirtiesContextTestExecutionListener, org.springframework.test.context.transaction.TransactionalTestExecutionListener, org.springframework.test.context.jdbc.SqlScriptsTestExecutionListener]
2020-01-04 23:32:11 [main] INFO  o.s.b.t.c.SpringBootTestContextBootstrapper -
				Using TestExecutionListeners: [org.springframework.test.context.web.ServletTestExecutionListener@56b751b1, org.springframework.test.context.support.DirtiesContextBeforeModesTestExecutionListener@2f61de04, org.springframework.boot.test.mock.mockito.MockitoTestExecutionListener@5f5a33ed, org.springframework.boot.test.autoconfigure.SpringBootDependencyInjectionTestExecutionListener@5b59c3d, org.springframework.test.context.support.DirtiesContextTestExecutionListener@69e36fe3, org.springframework.test.context.transaction.TransactionalTestExecutionListener@48d31d25, org.springframework.test.context.jdbc.SqlScriptsTestExecutionListener@46188a89, org.springframework.boot.test.mock.mockito.ResetMocksTestExecutionListener@6f65a203, org.springframework.boot.test.autoconfigure.restdocs.RestDocsTestExecutionListener@1d0b447b, org.springframework.boot.test.autoconfigure.web.client.MockRestServiceServerResetTestExecutionListener@4de158ca, org.springframework.boot.test.autoconfigure.web.servlet.MockMvcPrintOnlyOnFailureTestExecutionListener@4f2fdf3d, org.springframework.boot.test.autoconfigure.web.servlet.WebDriverTestExecutionListener@d180961]
2020-01-04 23:32:12 [main] INFO  c.s.k.t.r.UserRepositoryTest -
				Starting UserRepositoryTest on DESKTOP-229TM7J with PID 9648 (started by pt108 in C:\Users\pt108\Desktop\Assignments\KeepNote-Step6-Boilerplate\UserService)
2020-01-04 23:32:12 [main] INFO  c.s.k.t.r.UserRepositoryTest -
				No active profile set, falling back to default profiles: default
2020-01-04 23:32:12 [main] INFO  o.s.c.a.AnnotationConfigApplicationContext -
				Refreshing org.springframework.context.annotation.AnnotationConfigApplicationContext@29bd2796: startup date [Sat Jan 04 23:32:12 IST 2020]; root of context hierarchy
2020-01-04 23:32:14 [Thread-10] INFO  o.s.b.a.mongo.embedded.EmbeddedMongo -
				note: noprealloc may hurt performance in many applications
2020-01-04 23:32:14 [Thread-10] INFO  o.s.b.a.mongo.embedded.EmbeddedMongo -
				2020-01-04T23:32:14.639+0530 I CONTROL  [initandlisten] MongoDB starting : pid=9668 port=55296 dbpath=C:\Users\pt108\AppData\Local\Temp\embedmongo-db-82e4b2f6-7818-4d43-855a-5fe75b48d369 64-bit host=DESKTOP-229TM7J
2020-01-04 23:32:14 [Thread-10] INFO  o.s.b.a.mongo.embedded.EmbeddedMongo -
				2020-01-04T23:32:14.640+0530 I CONTROL  [initandlisten] targetMinOS: Windows Vista/Windows Server 2008
2020-01-04 23:32:14 [Thread-10] INFO  o.s.b.a.mongo.embedded.EmbeddedMongo -
				2020-01-04T23:32:14.640+0530 I CONTROL  [initandlisten] db version v3.2.2
2020-01-04 23:32:14 [Thread-10] INFO  o.s.b.a.mongo.embedded.EmbeddedMongo -
				2020-01-04T23:32:14.640+0530 I CONTROL  [initandlisten] git version: 6e71d0d568e134c029203593b00a0103e7cdf30b
2020-01-04 23:32:14 [Thread-10] INFO  o.s.b.a.mongo.embedded.EmbeddedMongo -
				2020-01-04T23:32:14.640+0530 I CONTROL  [initandlisten] allocator: tcmalloc
2020-01-04 23:32:14 [Thread-10] INFO  o.s.b.a.mongo.embedded.EmbeddedMongo -
				2020-01-04T23:32:14.640+0530 I CONTROL  [initandlisten] modules: none
2020-01-04 23:32:14 [Thread-10] INFO  o.s.b.a.mongo.embedded.EmbeddedMongo -
				2020-01-04T23:32:14.640+0530 I CONTROL  [initandlisten] build environment:
2020-01-04 23:32:14 [Thread-10] INFO  o.s.b.a.mongo.embedded.EmbeddedMongo -
				2020-01-04T23:32:14.640+0530 I CONTROL  [initandlisten]     distarch: x86_64
2020-01-04 23:32:14 [Thread-10] INFO  o.s.b.a.mongo.embedded.EmbeddedMongo -
				2020-01-04T23:32:14.640+0530 I CONTROL  [initandlisten]     target_arch: x86_64
2020-01-04 23:32:14 [Thread-10] INFO  o.s.b.a.mongo.embedded.EmbeddedMongo -
				2020-01-04T23:32:14.640+0530 I CONTROL  [initandlisten] options: { net: { bindIp: "127.0.0.1", http: { enabled: false }, port: 55296 }, security: { authorization: "disabled" }, storage: { dbPath: "C:\Users\pt108\AppData\Local\Temp\embedmongo-db-82e4b2f6-7818-4d43-855a-5fe75b48d369", journal: { enabled: false }, mmapv1: { preallocDataFiles: false, smallFiles: true }, syncPeriodSecs: 0.0 } }
2020-01-04 23:32:14 [Thread-10] INFO  o.s.b.a.mongo.embedded.EmbeddedMongo -
				2020-01-04T23:32:14.673+0530 I STORAGE  [initandlisten] wiredtiger_open config: create,cache_size=2G,session_max=20000,eviction=(threads_max=4),config_base=false,statistics=(fast),log=(enabled=true,archive=true,path=journal,compressor=snappy),file_manager=(close_idle_time=100000),checkpoint=(wait=0,log_size=2GB),statistics_log=(wait=0),,log=(enabled=false),
2020-01-04 23:32:15 [Thread-10] INFO  o.s.b.a.mongo.embedded.EmbeddedMongo -
				2020-01-04T23:32:15.567+0530 W STORAGE  [initandlisten] Detected configuration for non-active storage engine mmapv1 when current storage engine is wiredTiger
2020-01-04 23:32:15 [Thread-10] INFO  o.s.b.a.mongo.embedded.EmbeddedMongo -
				2020-01-04T23:32:15.674+0530 I NETWORK  [HostnameCanonicalizationWorker] Starting hostname canonicalization worker
2020-01-04 23:32:15 [Thread-10] INFO  o.s.b.a.mongo.embedded.EmbeddedMongo -
				2020-01-04T23:32:15.674+0530 I FTDC     [initandlisten] Initializing full-time diagnostic data capture with directory 'C:/Users/pt108/AppData/Local/Temp/embedmongo-db-82e4b2f6-7818-4d43-855a-5fe75b48d369/diagnostic.data'
2020-01-04 23:32:16 [Thread-10] INFO  o.s.b.a.mongo.embedded.EmbeddedMongo -
				2020-01-04T23:32:16.025+0530 I NETWORK  [initandlisten] waiting for connections on port 55296
2020-01-04 23:32:16 [main] INFO  d.f.embed.process.runtime.Executable -
				start de.flapdoodle.embed.mongo.config.MongodConfigBuilder$ImmutableMongodConfig@26a9c6df
2020-01-04 23:32:16 [main] INFO  org.mongodb.driver.cluster -
				Cluster created with settings {hosts=[localhost:55296], mode=MULTIPLE, requiredClusterType=UNKNOWN, serverSelectionTimeout='30000 ms', maxWaitQueueSize=500}
2020-01-04 23:32:16 [main] INFO  org.mongodb.driver.cluster -
				Adding discovered server localhost:55296 to client view of cluster
2020-01-04 23:32:16 [Thread-10] INFO  o.s.b.a.mongo.embedded.EmbeddedMongo -
				2020-01-04T23:32:16.047+0530 I NETWORK  [initandlisten] connection accepted from 127.0.0.1:55303 #1 (1 connection now open)
2020-01-04 23:32:16 [cluster-ClusterId{value='5e10d3283fb07725b0fe4eeb', description='null'}-localhost:55296] INFO  org.mongodb.driver.connection -
				Opened connection [connectionId{localValue:2, serverValue:1}] to localhost:55296
2020-01-04 23:32:16 [cluster-ClusterId{value='5e10d3283fb07725b0fe4eeb', description='null'}-localhost:55296] INFO  org.mongodb.driver.cluster -
				Monitor thread successfully connected to server with description ServerDescription{address=localhost:55296, type=STANDALONE, state=CONNECTED, ok=true, version=ServerVersion{versionList=[3, 2, 2]}, minWireVersion=0, maxWireVersion=4, maxDocumentSize=16777216, logicalSessionTimeoutMinutes=null, roundTripTimeNanos=3315800}
2020-01-04 23:32:16 [cluster-ClusterId{value='5e10d3283fb07725b0fe4eeb', description='null'}-localhost:55296] INFO  org.mongodb.driver.cluster -
				Discovered cluster type of STANDALONE
2020-01-04 23:32:16 [main] INFO  c.s.k.t.r.UserRepositoryTest -
				Started UserRepositoryTest in 4.29 seconds (JVM running for 33.239)
2020-01-04 23:32:16 [Thread-10] INFO  o.s.b.a.mongo.embedded.EmbeddedMongo -
				2020-01-04T23:32:16.480+0530 I NETWORK  [initandlisten] connection accepted from 127.0.0.1:55304 #2 (2 connections now open)
2020-01-04 23:32:16 [main] INFO  org.mongodb.driver.connection -
				Opened connection [connectionId{localValue:3, serverValue:2}] to localhost:55296
2020-01-04 23:32:16 [Thread-10] INFO  o.s.b.a.mongo.embedded.EmbeddedMongo -
				2020-01-04T23:32:16.763+0530 I COMMAND  [conn2] command test.user command: insert { insert: "user", ordered: true, documents: [ { _id: "Jhon123", userName: "Jhon Simon", userPassword: "123456", userMobile: "9898989898", userAddedDate: new Date(1578160936304), _class: "com.stackroute.keepnote.model.User" } ] } ninserted:1 keyUpdates:0 writeConflicts:0 numYields:0 reslen:40 locks:{ Global: { acquireCount: { r: 2, w: 2 } }, Database: { acquireCount: { w: 1, W: 1 } }, Collection: { acquireCount: { W: 1 } } } protocol:op_query 237ms
2020-01-04 23:32:17 [Thread-7] INFO  o.s.w.c.s.GenericWebApplicationContext -
				Closing org.springframework.web.context.support.GenericWebApplicationContext@75d4a80f: startup date [Sat Jan 04 23:31:55 IST 2020]; root of context hierarchy
2020-01-04 23:32:17 [Thread-10] INFO  o.s.b.a.mongo.embedded.EmbeddedMongo -
				2020-01-04T23:32:17.695+0530 I NETWORK  [initandlisten] connection accepted from 127.0.0.1:55305 #3 (3 connections now open)
2020-01-04 23:32:17 [Thread-12] INFO  o.s.c.a.AnnotationConfigApplicationContext -
				Closing org.springframework.context.annotation.AnnotationConfigApplicationContext@29bd2796: startup date [Sat Jan 04 23:32:12 IST 2020]; root of context hierarchy
2020-01-04 23:32:17 [Thread-2] INFO  o.s.w.c.s.GenericWebApplicationContext -
				Closing org.springframework.web.context.support.GenericWebApplicationContext@2c4d1ac: startup date [Sat Jan 04 23:31:46 IST 2020]; root of context hierarchy
2020-01-04 23:32:17 [Thread-7] INFO  o.s.c.s.DefaultLifecycleProcessor -
				Stopping beans in phase 2147483647
2020-01-04 23:32:17 [Thread-5] INFO  o.s.b.a.mongo.embedded.EmbeddedMongo -
				2020-01-04T23:32:17.706+0530 I NETWORK  [initandlisten] connection accepted from 127.0.0.1:55306 #2 (2 connections now open)
2020-01-04 23:32:17 [Thread-12] INFO  org.mongodb.driver.connection -
				Closed connection [connectionId{localValue:3, serverValue:2}] to localhost:55296 because the pool has been closed.
2020-01-04 23:32:17 [Thread-10] INFO  o.s.b.a.mongo.embedded.EmbeddedMongo -
				2020-01-04T23:32:17.722+0530 I COMMAND  [conn3] terminating, shutdown command received
2020-01-04 23:32:17 [Thread-10] INFO  o.s.b.a.mongo.embedded.EmbeddedMongo -
				2020-01-04T23:32:17.722+0530 I FTDC     [conn3] Shutting down full-time diagnostic data capture
2020-01-04 23:32:17 [Thread-5] INFO  o.s.b.a.mongo.embedded.EmbeddedMongo -
				2020-01-04T23:32:17.771+0530 I COMMAND  [conn2] terminating, shutdown command received
2020-01-04 23:32:17 [Thread-5] INFO  o.s.b.a.mongo.embedded.EmbeddedMongo -
				2020-01-04T23:32:17.771+0530 I FTDC     [conn2] Shutting down full-time diagnostic data capture
2020-01-04 23:32:17 [Thread-10] INFO  o.s.b.a.mongo.embedded.EmbeddedMongo -
				2020-01-04T23:32:17.854+0530 I CONTROL  [conn3] now exiting
2020-01-04 23:32:17 [Thread-10] INFO  o.s.b.a.mongo.embedded.EmbeddedMongo -
				2020-01-04T23:32:17.855+0530 I NETWORK  [conn3] shutdown: going to close listening sockets...
2020-01-04 23:32:17 [Thread-10] INFO  o.s.b.a.mongo.embedded.EmbeddedMongo -
				2020-01-04T23:32:17.856+0530 I NETWORK  [conn3] closing listening socket: 724
2020-01-04 23:32:17 [Thread-10] INFO  o.s.b.a.mongo.embedded.EmbeddedMongo -
				2020-01-04T23:32:17.866+0530 I NETWORK  [conn3] shutdown: going to flush diaglog...
2020-01-04 23:32:17 [Thread-10] INFO  o.s.b.a.mongo.embedded.EmbeddedMongo -
				2020-01-04T23:32:17.871+0530 I NETWORK  [conn3] shutdown: going to close sockets...
2020-01-04 23:32:17 [Thread-10] INFO  o.s.b.a.mongo.embedded.EmbeddedMongo -
				2020-01-04T23:32:17.929+0530 I STORAGE  [conn3] WiredTigerKVEngine shutting down
2020-01-04 23:32:18 [Thread-10] INFO  o.s.b.a.mongo.embedded.EmbeddedMongo -
				2020-01-04T23:32:18.016+0530 I NETWORK  [conn1] end connection 127.0.0.1:55303 (2 connections now open)
2020-01-04 23:32:18 [Thread-10] INFO  o.s.b.a.mongo.embedded.EmbeddedMongo -
				2020-01-04T23:32:18.016+0530 I NETWORK  [conn2] end connection 127.0.0.1:55304 (2 connections now open)
2020-01-04 23:32:18 [Thread-5] INFO  o.s.b.a.mongo.embedded.EmbeddedMongo -
				2020-01-04T23:32:18.052+0530 I NETWORK  [conn1] end connection 127.0.0.1:55282 (1 connection now open)
2020-01-04 23:32:18 [Thread-9] INFO  d.f.e.process.runtime.ProcessControl -
				stopOrDestroyProcess: process has not exited 
2020-01-04 23:32:18 [Thread-5] INFO  o.s.b.a.mongo.embedded.EmbeddedMongo -
				2020-01-04T23:32:18.139+0530 I CONTROL  [conn2] now exiting
2020-01-04 23:32:18 [Thread-5] INFO  o.s.b.a.mongo.embedded.EmbeddedMongo -
				2020-01-04T23:32:18.143+0530 I NETWORK  [conn2] shutdown: going to close listening sockets...
2020-01-04 23:32:18 [Thread-5] INFO  o.s.b.a.mongo.embedded.EmbeddedMongo -
				2020-01-04T23:32:18.143+0530 I NETWORK  [conn2] closing listening socket: 732
2020-01-04 23:32:18 [Thread-5] INFO  o.s.b.a.mongo.embedded.EmbeddedMongo -
				2020-01-04T23:32:18.143+0530 I NETWORK  [conn2] shutdown: going to flush diaglog...
2020-01-04 23:32:18 [Thread-5] INFO  o.s.b.a.mongo.embedded.EmbeddedMongo -
				2020-01-04T23:32:18.143+0530 I NETWORK  [conn2] shutdown: going to close sockets...
2020-01-04 23:32:18 [Thread-5] INFO  o.s.b.a.mongo.embedded.EmbeddedMongo -
				2020-01-04T23:32:18.178+0530 I STORAGE  [conn2] WiredTigerKVEngine shutting down
2020-01-04 23:32:18 [Thread-4] INFO  d.f.e.process.runtime.ProcessControl -
				stopOrDestroyProcess: process has not exited 
2020-01-04 23:32:18 [Thread-10] INFO  o.s.b.a.mongo.embedded.EmbeddedMongo -
				2020-01-04T23:32:18.487+0530 I STORAGE  [conn3] shutdown: removing fs lock...
2020-01-04 23:32:18 [Thread-10] INFO  o.s.b.a.mongo.embedded.EmbeddedMongo -
				2020-01-04T23:32:18.488+0530 I CONTROL  [conn3] dbexit:  rc: 0
2020-01-04 23:32:18 [Thread-5] INFO  o.s.b.a.mongo.embedded.EmbeddedMongo -
				2020-01-04T23:32:18.561+0530 I STORAGE  [conn2] shutdown: removing fs lock...
2020-01-04 23:32:18 [Thread-5] INFO  o.s.b.a.mongo.embedded.EmbeddedMongo -
				2020-01-04T23:32:18.561+0530 I CONTROL  [conn2] dbexit:  rc: 0
