2020-01-03 09:59:37 [main] INFO  o.s.b.t.c.SpringBootTestContextBootstrapper -
				Neither @ContextConfiguration nor @ContextHierarchy found for test class [com.stackroute.keepnote.test.log.LoggerTest], using SpringBootContextLoader
2020-01-03 09:59:37 [main] INFO  o.s.t.c.s.AbstractContextLoader -
				Could not detect default resource locations for test class [com.stackroute.keepnote.test.log.LoggerTest]: no resource found for suffixes {-context.xml, Context.groovy}.
2020-01-03 09:59:37 [main] INFO  o.s.t.c.s.AnnotationConfigContextLoaderUtils -
				Could not detect default configuration classes for test class [com.stackroute.keepnote.test.log.LoggerTest]: LoggerTest does not declare any static, non-private, non-final, nested classes annotated with @Configuration.
2020-01-03 09:59:38 [main] INFO  o.s.b.t.c.SpringBootTestContextBootstrapper -
				Found @SpringBootConfiguration com.stackroute.keepnote.UserServiceApplication for test class com.stackroute.keepnote.test.log.LoggerTest
2020-01-03 09:59:38 [main] INFO  o.s.b.t.c.SpringBootTestContextBootstrapper -
				Loaded default TestExecutionListener class names from location [META-INF/spring.factories]: [org.springframework.boot.test.mock.mockito.MockitoTestExecutionListener, org.springframework.boot.test.mock.mockito.ResetMocksTestExecutionListener, org.springframework.boot.test.autoconfigure.restdocs.RestDocsTestExecutionListener, org.springframework.boot.test.autoconfigure.web.client.MockRestServiceServerResetTestExecutionListener, org.springframework.boot.test.autoconfigure.web.servlet.MockMvcPrintOnlyOnFailureTestExecutionListener, org.springframework.boot.test.autoconfigure.web.servlet.WebDriverTestExecutionListener, org.springframework.test.context.web.ServletTestExecutionListener, org.springframework.test.context.support.DirtiesContextBeforeModesTestExecutionListener, org.springframework.test.context.support.DependencyInjectionTestExecutionListener, org.springframework.test.context.support.DirtiesContextTestExecutionListener, org.springframework.test.context.transaction.TransactionalTestExecutionListener, org.springframework.test.context.jdbc.SqlScriptsTestExecutionListener]
2020-01-03 09:59:38 [main] INFO  o.s.b.t.c.SpringBootTestContextBootstrapper -
				Using TestExecutionListeners: [org.springframework.test.context.web.ServletTestExecutionListener@6db9f5a4, org.springframework.test.context.support.DirtiesContextBeforeModesTestExecutionListener@5f8edcc5, org.springframework.boot.test.mock.mockito.MockitoTestExecutionListener@7b02881e, org.springframework.boot.test.autoconfigure.SpringBootDependencyInjectionTestExecutionListener@1ebd319f, org.springframework.test.context.support.DirtiesContextTestExecutionListener@3c0be339, org.springframework.test.context.transaction.TransactionalTestExecutionListener@15ca7889, org.springframework.test.context.jdbc.SqlScriptsTestExecutionListener@7a675056, org.springframework.boot.test.mock.mockito.ResetMocksTestExecutionListener@d21a74c, org.springframework.boot.test.autoconfigure.restdocs.RestDocsTestExecutionListener@6e509ffa, org.springframework.boot.test.autoconfigure.web.client.MockRestServiceServerResetTestExecutionListener@2898ac89, org.springframework.boot.test.autoconfigure.web.servlet.MockMvcPrintOnlyOnFailureTestExecutionListener@683dbc2c, org.springframework.boot.test.autoconfigure.web.servlet.WebDriverTestExecutionListener@68267da0]
2020-01-03 09:59:38 [main] INFO  c.s.keepnote.test.log.LoggerTest -
				Starting LoggerTest on ip-172-31-41-20 with PID 4744 (started by ubuntu in /home/ubuntu/Desktop/Spring/KeepNote-Step6-Boilerplate/UserService)
2020-01-03 09:59:38 [main] INFO  c.s.keepnote.test.log.LoggerTest -
				No active profile set, falling back to default profiles: default
2020-01-03 09:59:38 [main] INFO  o.s.w.c.s.GenericWebApplicationContext -
				Refreshing org.springframework.web.context.support.GenericWebApplicationContext@6f15d60e: startup date [Fri Jan 03 09:59:38 UTC 2020]; root of context hierarchy
2020-01-03 09:59:40 [main] INFO  d.f.e.process.runtime.ProcessControl -
				stopOrDestroyProcess: process hasn't exited 
2020-01-03 09:59:40 [Thread-4] INFO  o.s.b.a.mongo.embedded.EmbeddedMongo -
				note: noprealloc may hurt performance in many applications
2020-01-03 09:59:40 [Thread-4] INFO  o.s.b.a.mongo.embedded.EmbeddedMongo -
				2020-01-03T09:59:40.687+0000 I CONTROL  [initandlisten] MongoDB starting : pid=4767 port=40665 dbpath=/tmp/embedmongo-db-ea681ba9-3544-48cf-9a3e-54de75ba638a 64-bit host=ip-172-31-41-20
2020-01-03 09:59:40 [Thread-4] INFO  o.s.b.a.mongo.embedded.EmbeddedMongo -
				2020-01-03T09:59:40.687+0000 I CONTROL  [initandlisten] db version v3.2.2
2020-01-03 09:59:40 [Thread-4] INFO  o.s.b.a.mongo.embedded.EmbeddedMongo -
				2020-01-03T09:59:40.687+0000 I CONTROL  [initandlisten] git version: 6e71d0d568e134c029203593b00a0103e7cdf30b
2020-01-03 09:59:40 [Thread-4] INFO  o.s.b.a.mongo.embedded.EmbeddedMongo -
				2020-01-03T09:59:40.687+0000 I CONTROL  [initandlisten] allocator: tcmalloc
2020-01-03 09:59:40 [Thread-4] INFO  o.s.b.a.mongo.embedded.EmbeddedMongo -
				2020-01-03T09:59:40.687+0000 I CONTROL  [initandlisten] modules: none
2020-01-03 09:59:40 [Thread-4] INFO  o.s.b.a.mongo.embedded.EmbeddedMongo -
				2020-01-03T09:59:40.687+0000 I CONTROL  [initandlisten] build environment:
2020-01-03 09:59:40 [Thread-4] INFO  o.s.b.a.mongo.embedded.EmbeddedMongo -
				2020-01-03T09:59:40.687+0000 I CONTROL  [initandlisten]     distarch: x86_64
2020-01-03 09:59:40 [Thread-4] INFO  o.s.b.a.mongo.embedded.EmbeddedMongo -
				2020-01-03T09:59:40.687+0000 I CONTROL  [initandlisten]     target_arch: x86_64
2020-01-03 09:59:40 [Thread-4] INFO  o.s.b.a.mongo.embedded.EmbeddedMongo -
				2020-01-03T09:59:40.687+0000 I CONTROL  [initandlisten] options: { net: { bindIp: "127.0.0.1", http: { enabled: false }, port: 40665 }, security: { authorization: "disabled" }, storage: { dbPath: "/tmp/embedmongo-db-ea681ba9-3544-48cf-9a3e-54de75ba638a", journal: { enabled: false }, mmapv1: { preallocDataFiles: false, smallFiles: true }, syncPeriodSecs: 0.0 } }
2020-01-03 09:59:40 [Thread-4] INFO  o.s.b.a.mongo.embedded.EmbeddedMongo -
				2020-01-03T09:59:40.713+0000 I STORAGE  [initandlisten] wiredtiger_open config: create,cache_size=4G,session_max=20000,eviction=(threads_max=4),config_base=false,statistics=(fast),log=(enabled=true,archive=true,path=journal,compressor=snappy),file_manager=(close_idle_time=100000),checkpoint=(wait=0,log_size=2GB),statistics_log=(wait=0),,log=(enabled=false),
2020-01-03 09:59:40 [Thread-4] INFO  o.s.b.a.mongo.embedded.EmbeddedMongo -
				2020-01-03T09:59:40.764+0000 W STORAGE  [initandlisten] Detected configuration for non-active storage engine mmapv1 when current storage engine is wiredTiger
2020-01-03 09:59:40 [Thread-4] INFO  o.s.b.a.mongo.embedded.EmbeddedMongo -
				2020-01-03T09:59:40.771+0000 I FTDC     [initandlisten] Initializing full-time diagnostic data capture with directory '/tmp/embedmongo-db-ea681ba9-3544-48cf-9a3e-54de75ba638a/diagnostic.data'
2020-01-03 09:59:40 [Thread-4] INFO  o.s.b.a.mongo.embedded.EmbeddedMongo -
				2020-01-03T09:59:40.783+0000 I NETWORK  [HostnameCanonicalizationWorker] Starting hostname canonicalization worker
2020-01-03 09:59:40 [Thread-4] INFO  o.s.b.a.mongo.embedded.EmbeddedMongo -
				2020-01-03T09:59:40.792+0000 I NETWORK  [initandlisten] waiting for connections on port 40665
2020-01-03 09:59:40 [main] INFO  d.f.embed.process.runtime.Executable -
				start de.flapdoodle.embed.mongo.config.MongodConfigBuilder$ImmutableMongodConfig@748e9b20
2020-01-03 09:59:41 [main] INFO  org.mongodb.driver.cluster -
				Cluster created with settings {hosts=[localhost:40665], mode=MULTIPLE, requiredClusterType=UNKNOWN, serverSelectionTimeout='30000 ms', maxWaitQueueSize=500}
2020-01-03 09:59:41 [main] INFO  org.mongodb.driver.cluster -
				Adding discovered server localhost:40665 to client view of cluster
2020-01-03 09:59:41 [Thread-4] INFO  o.s.b.a.mongo.embedded.EmbeddedMongo -
				2020-01-03T09:59:41.120+0000 I NETWORK  [initandlisten] connection accepted from 127.0.0.1:34482 #1 (1 connection now open)
2020-01-03 09:59:41 [cluster-ClusterId{value='5e0f108d015fb812885940a3', description='null'}-localhost:40665] INFO  org.mongodb.driver.connection -
				Opened connection [connectionId{localValue:1, serverValue:1}] to localhost:40665
2020-01-03 09:59:41 [cluster-ClusterId{value='5e0f108d015fb812885940a3', description='null'}-localhost:40665] INFO  org.mongodb.driver.cluster -
				Monitor thread successfully connected to server with description ServerDescription{address=localhost:40665, type=STANDALONE, state=CONNECTED, ok=true, version=ServerVersion{versionList=[3, 2, 2]}, minWireVersion=0, maxWireVersion=4, maxDocumentSize=16777216, logicalSessionTimeoutMinutes=null, roundTripTimeNanos=890005}
2020-01-03 09:59:41 [cluster-ClusterId{value='5e0f108d015fb812885940a3', description='null'}-localhost:40665] INFO  org.mongodb.driver.cluster -
				Discovered cluster type of STANDALONE
2020-01-03 09:59:42 [main] INFO  o.s.w.s.h.SimpleUrlHandlerMapping -
				Mapped URL path [/**/favicon.ico] onto handler of type [class org.springframework.web.servlet.resource.ResourceHttpRequestHandler]
2020-01-03 09:59:42 [main] INFO  o.s.w.s.m.m.a.RequestMappingHandlerAdapter -
				Looking for @ControllerAdvice: org.springframework.web.context.support.GenericWebApplicationContext@6f15d60e: startup date [Fri Jan 03 09:59:38 UTC 2020]; root of context hierarchy
2020-01-03 09:59:42 [main] INFO  o.s.w.s.m.m.a.RequestMappingHandlerMapping -
				Mapped "{[/api/v1/user],methods=[POST]}" onto public org.springframework.http.ResponseEntity<?> com.stackroute.keepnote.controller.UserController.createUser(com.stackroute.keepnote.model.User)
2020-01-03 09:59:42 [main] INFO  o.s.w.s.m.m.a.RequestMappingHandlerMapping -
				Mapped "{[/api/v1/user/{id}],methods=[PUT]}" onto public org.springframework.http.ResponseEntity<?> com.stackroute.keepnote.controller.UserController.updateUser(com.stackroute.keepnote.model.User,java.lang.String)
2020-01-03 09:59:42 [main] INFO  o.s.w.s.m.m.a.RequestMappingHandlerMapping -
				Mapped "{[/api/v1/user/{id}],methods=[DELETE]}" onto public org.springframework.http.ResponseEntity<?> com.stackroute.keepnote.controller.UserController.deleteUser(java.lang.String)
2020-01-03 09:59:42 [main] INFO  o.s.w.s.m.m.a.RequestMappingHandlerMapping -
				Mapped "{[/api/v1/user/{id}],methods=[GET]}" onto public org.springframework.http.ResponseEntity<?> com.stackroute.keepnote.controller.UserController.showUserDetails(java.lang.String)
2020-01-03 09:59:42 [main] INFO  o.s.w.s.m.m.a.RequestMappingHandlerMapping -
				Mapped "{[/error],produces=[text/html]}" onto public org.springframework.web.servlet.ModelAndView org.springframework.boot.autoconfigure.web.servlet.error.BasicErrorController.errorHtml(javax.servlet.http.HttpServletRequest,javax.servlet.http.HttpServletResponse)
2020-01-03 09:59:42 [main] INFO  o.s.w.s.m.m.a.RequestMappingHandlerMapping -
				Mapped "{[/error]}" onto public org.springframework.http.ResponseEntity<java.util.Map<java.lang.String, java.lang.Object>> org.springframework.boot.autoconfigure.web.servlet.error.BasicErrorController.error(javax.servlet.http.HttpServletRequest)
2020-01-03 09:59:42 [main] INFO  o.s.w.s.h.SimpleUrlHandlerMapping -
				Mapped URL path [/webjars/**] onto handler of type [class org.springframework.web.servlet.resource.ResourceHttpRequestHandler]
2020-01-03 09:59:42 [main] INFO  o.s.w.s.h.SimpleUrlHandlerMapping -
				Mapped URL path [/**] onto handler of type [class org.springframework.web.servlet.resource.ResourceHttpRequestHandler]
2020-01-03 09:59:42 [main] INFO  c.s.keepnote.test.log.LoggerTest -
				Started LoggerTest in 4.665 seconds (JVM running for 5.874)
2020-01-03 09:59:43 [Thread-6] INFO  o.s.w.c.s.GenericWebApplicationContext -
				Closing org.springframework.web.context.support.GenericWebApplicationContext@6f15d60e: startup date [Fri Jan 03 09:59:38 UTC 2020]; root of context hierarchy
2020-01-03 09:59:43 [Thread-4] INFO  o.s.b.a.mongo.embedded.EmbeddedMongo -
				2020-01-03T09:59:43.085+0000 I NETWORK  [initandlisten] connection accepted from 127.0.0.1:34484 #2 (2 connections now open)
2020-01-03 09:59:43 [Thread-4] INFO  o.s.b.a.mongo.embedded.EmbeddedMongo -
				2020-01-03T09:59:43.088+0000 I NETWORK  [conn1] end connection 127.0.0.1:34482 (1 connection now open)
2020-01-03 09:59:43 [Thread-4] INFO  o.s.b.a.mongo.embedded.EmbeddedMongo -
				2020-01-03T09:59:43.090+0000 I COMMAND  [conn2] terminating, shutdown command received
2020-01-03 09:59:43 [Thread-4] INFO  o.s.b.a.mongo.embedded.EmbeddedMongo -
				2020-01-03T09:59:43.091+0000 I FTDC     [conn2] Shutting down full-time diagnostic data capture
2020-01-03 09:59:43 [Thread-4] INFO  o.s.b.a.mongo.embedded.EmbeddedMongo -
				2020-01-03T09:59:43.094+0000 I CONTROL  [conn2] now exiting
2020-01-03 09:59:43 [Thread-4] INFO  o.s.b.a.mongo.embedded.EmbeddedMongo -
				2020-01-03T09:59:43.095+0000 I NETWORK  [conn2] shutdown: going to close listening sockets...
2020-01-03 09:59:43 [Thread-4] INFO  o.s.b.a.mongo.embedded.EmbeddedMongo -
				2020-01-03T09:59:43.096+0000 I NETWORK  [conn2] closing listening socket: 5
2020-01-03 09:59:43 [Thread-4] INFO  o.s.b.a.mongo.embedded.EmbeddedMongo -
				2020-01-03T09:59:43.097+0000 I NETWORK  [conn2] closing listening socket: 6
2020-01-03 09:59:43 [Thread-4] INFO  o.s.b.a.mongo.embedded.EmbeddedMongo -
				2020-01-03T09:59:43.097+0000 I NETWORK  [conn2] removing socket file: /tmp/mongodb-40665.sock
2020-01-03 09:59:43 [Thread-4] INFO  o.s.b.a.mongo.embedded.EmbeddedMongo -
				2020-01-03T09:59:43.097+0000 I NETWORK  [conn2] shutdown: going to flush diaglog...
2020-01-03 09:59:43 [Thread-4] INFO  o.s.b.a.mongo.embedded.EmbeddedMongo -
				2020-01-03T09:59:43.098+0000 I NETWORK  [conn2] shutdown: going to close sockets...
2020-01-03 09:59:43 [Thread-4] INFO  o.s.b.a.mongo.embedded.EmbeddedMongo -
				2020-01-03T09:59:43.098+0000 I STORAGE  [conn2] WiredTigerKVEngine shutting down
2020-01-03 09:59:43 [Thread-4] INFO  o.s.b.a.mongo.embedded.EmbeddedMongo -
				2020-01-03T09:59:43.115+0000 I STORAGE  [conn2] shutdown: removing fs lock...
2020-01-03 09:59:43 [Thread-4] INFO  o.s.b.a.mongo.embedded.EmbeddedMongo -
				2020-01-03T09:59:43.115+0000 I CONTROL  [conn2] dbexit:  rc: 0
