2020-01-03 10:20:05 [main] INFO  o.s.b.t.c.SpringBootTestContextBootstrapper -
				Neither @ContextConfiguration nor @ContextHierarchy found for test class [com.stackroute.keepnote.test.log.LoggerTest], using SpringBootContextLoader
2020-01-03 10:20:05 [main] INFO  o.s.t.c.s.AbstractContextLoader -
				Could not detect default resource locations for test class [com.stackroute.keepnote.test.log.LoggerTest]: no resource found for suffixes {-context.xml, Context.groovy}.
2020-01-03 10:20:05 [main] INFO  o.s.t.c.s.AnnotationConfigContextLoaderUtils -
				Could not detect default configuration classes for test class [com.stackroute.keepnote.test.log.LoggerTest]: LoggerTest does not declare any static, non-private, non-final, nested classes annotated with @Configuration.
2020-01-03 10:20:05 [main] INFO  o.s.b.t.c.SpringBootTestContextBootstrapper -
				Found @SpringBootConfiguration com.stackroute.keepnote.UserServiceApplication for test class com.stackroute.keepnote.test.log.LoggerTest
2020-01-03 10:20:05 [main] INFO  o.s.b.t.c.SpringBootTestContextBootstrapper -
				Loaded default TestExecutionListener class names from location [META-INF/spring.factories]: [org.springframework.boot.test.mock.mockito.MockitoTestExecutionListener, org.springframework.boot.test.mock.mockito.ResetMocksTestExecutionListener, org.springframework.boot.test.autoconfigure.restdocs.RestDocsTestExecutionListener, org.springframework.boot.test.autoconfigure.web.client.MockRestServiceServerResetTestExecutionListener, org.springframework.boot.test.autoconfigure.web.servlet.MockMvcPrintOnlyOnFailureTestExecutionListener, org.springframework.boot.test.autoconfigure.web.servlet.WebDriverTestExecutionListener, org.springframework.test.context.web.ServletTestExecutionListener, org.springframework.test.context.support.DirtiesContextBeforeModesTestExecutionListener, org.springframework.test.context.support.DependencyInjectionTestExecutionListener, org.springframework.test.context.support.DirtiesContextTestExecutionListener, org.springframework.test.context.transaction.TransactionalTestExecutionListener, org.springframework.test.context.jdbc.SqlScriptsTestExecutionListener]
2020-01-03 10:20:05 [main] INFO  o.s.b.t.c.SpringBootTestContextBootstrapper -
				Using TestExecutionListeners: [org.springframework.test.context.web.ServletTestExecutionListener@6db9f5a4, org.springframework.test.context.support.DirtiesContextBeforeModesTestExecutionListener@5f8edcc5, org.springframework.boot.test.mock.mockito.MockitoTestExecutionListener@7b02881e, org.springframework.boot.test.autoconfigure.SpringBootDependencyInjectionTestExecutionListener@1ebd319f, org.springframework.test.context.support.DirtiesContextTestExecutionListener@3c0be339, org.springframework.test.context.transaction.TransactionalTestExecutionListener@15ca7889, org.springframework.test.context.jdbc.SqlScriptsTestExecutionListener@7a675056, org.springframework.boot.test.mock.mockito.ResetMocksTestExecutionListener@d21a74c, org.springframework.boot.test.autoconfigure.restdocs.RestDocsTestExecutionListener@6e509ffa, org.springframework.boot.test.autoconfigure.web.client.MockRestServiceServerResetTestExecutionListener@2898ac89, org.springframework.boot.test.autoconfigure.web.servlet.MockMvcPrintOnlyOnFailureTestExecutionListener@683dbc2c, org.springframework.boot.test.autoconfigure.web.servlet.WebDriverTestExecutionListener@68267da0]
2020-01-03 10:20:06 [main] INFO  c.s.keepnote.test.log.LoggerTest -
				Starting LoggerTest on ip-172-31-41-20 with PID 5830 (started by ubuntu in /home/ubuntu/Desktop/Spring/KeepNote-Step6-Boilerplate/UserService)
2020-01-03 10:20:06 [main] INFO  c.s.keepnote.test.log.LoggerTest -
				No active profile set, falling back to default profiles: default
2020-01-03 10:20:06 [main] INFO  o.s.w.c.s.GenericWebApplicationContext -
				Refreshing org.springframework.web.context.support.GenericWebApplicationContext@6f15d60e: startup date [Fri Jan 03 10:20:06 UTC 2020]; root of context hierarchy
2020-01-03 10:20:08 [main] INFO  d.f.e.process.runtime.ProcessControl -
				stopOrDestroyProcess: process hasn't exited 
2020-01-03 10:20:08 [Thread-4] INFO  o.s.b.a.mongo.embedded.EmbeddedMongo -
				note: noprealloc may hurt performance in many applications
2020-01-03 10:20:08 [Thread-4] INFO  o.s.b.a.mongo.embedded.EmbeddedMongo -
				2020-01-03T10:20:08.796+0000 I CONTROL  [initandlisten] MongoDB starting : pid=5854 port=33615 dbpath=/tmp/embedmongo-db-41e0aadf-b7e2-41d5-a8c4-2e67e28371b3 64-bit host=ip-172-31-41-20
2020-01-03 10:20:08 [Thread-4] INFO  o.s.b.a.mongo.embedded.EmbeddedMongo -
				2020-01-03T10:20:08.797+0000 I CONTROL  [initandlisten] db version v3.2.2
2020-01-03 10:20:08 [Thread-4] INFO  o.s.b.a.mongo.embedded.EmbeddedMongo -
				2020-01-03T10:20:08.797+0000 I CONTROL  [initandlisten] git version: 6e71d0d568e134c029203593b00a0103e7cdf30b
2020-01-03 10:20:08 [Thread-4] INFO  o.s.b.a.mongo.embedded.EmbeddedMongo -
				2020-01-03T10:20:08.797+0000 I CONTROL  [initandlisten] allocator: tcmalloc
2020-01-03 10:20:08 [Thread-4] INFO  o.s.b.a.mongo.embedded.EmbeddedMongo -
				2020-01-03T10:20:08.797+0000 I CONTROL  [initandlisten] modules: none
2020-01-03 10:20:08 [Thread-4] INFO  o.s.b.a.mongo.embedded.EmbeddedMongo -
				2020-01-03T10:20:08.797+0000 I CONTROL  [initandlisten] build environment:
2020-01-03 10:20:08 [Thread-4] INFO  o.s.b.a.mongo.embedded.EmbeddedMongo -
				2020-01-03T10:20:08.797+0000 I CONTROL  [initandlisten]     distarch: x86_64
2020-01-03 10:20:08 [Thread-4] INFO  o.s.b.a.mongo.embedded.EmbeddedMongo -
				2020-01-03T10:20:08.797+0000 I CONTROL  [initandlisten]     target_arch: x86_64
2020-01-03 10:20:08 [Thread-4] INFO  o.s.b.a.mongo.embedded.EmbeddedMongo -
				2020-01-03T10:20:08.798+0000 I CONTROL  [initandlisten] options: { net: { bindIp: "127.0.0.1", http: { enabled: false }, port: 33615 }, security: { authorization: "disabled" }, storage: { dbPath: "/tmp/embedmongo-db-41e0aadf-b7e2-41d5-a8c4-2e67e28371b3", journal: { enabled: false }, mmapv1: { preallocDataFiles: false, smallFiles: true }, syncPeriodSecs: 0.0 } }
2020-01-03 10:20:08 [Thread-4] INFO  o.s.b.a.mongo.embedded.EmbeddedMongo -
				2020-01-03T10:20:08.823+0000 I STORAGE  [initandlisten] wiredtiger_open config: create,cache_size=4G,session_max=20000,eviction=(threads_max=4),config_base=false,statistics=(fast),log=(enabled=true,archive=true,path=journal,compressor=snappy),file_manager=(close_idle_time=100000),checkpoint=(wait=0,log_size=2GB),statistics_log=(wait=0),,log=(enabled=false),
2020-01-03 10:20:08 [Thread-4] INFO  o.s.b.a.mongo.embedded.EmbeddedMongo -
				2020-01-03T10:20:08.874+0000 W STORAGE  [initandlisten] Detected configuration for non-active storage engine mmapv1 when current storage engine is wiredTiger
2020-01-03 10:20:08 [Thread-4] INFO  o.s.b.a.mongo.embedded.EmbeddedMongo -
				2020-01-03T10:20:08.875+0000 I FTDC     [initandlisten] Initializing full-time diagnostic data capture with directory '/tmp/embedmongo-db-41e0aadf-b7e2-41d5-a8c4-2e67e28371b3/diagnostic.data'
2020-01-03 10:20:08 [Thread-4] INFO  o.s.b.a.mongo.embedded.EmbeddedMongo -
				2020-01-03T10:20:08.875+0000 I NETWORK  [HostnameCanonicalizationWorker] Starting hostname canonicalization worker
2020-01-03 10:20:08 [Thread-4] INFO  o.s.b.a.mongo.embedded.EmbeddedMongo -
				2020-01-03T10:20:08.889+0000 I NETWORK  [initandlisten] waiting for connections on port 33615
2020-01-03 10:20:08 [main] INFO  d.f.embed.process.runtime.Executable -
				start de.flapdoodle.embed.mongo.config.MongodConfigBuilder$ImmutableMongodConfig@30364216
2020-01-03 10:20:09 [main] INFO  org.mongodb.driver.cluster -
				Cluster created with settings {hosts=[localhost:33615], mode=MULTIPLE, requiredClusterType=UNKNOWN, serverSelectionTimeout='30000 ms', maxWaitQueueSize=500}
2020-01-03 10:20:09 [main] INFO  org.mongodb.driver.cluster -
				Adding discovered server localhost:33615 to client view of cluster
2020-01-03 10:20:09 [Thread-4] INFO  o.s.b.a.mongo.embedded.EmbeddedMongo -
				2020-01-03T10:20:09.184+0000 I NETWORK  [initandlisten] connection accepted from 127.0.0.1:44994 #1 (1 connection now open)
2020-01-03 10:20:09 [cluster-ClusterId{value='5e0f1559015fb816c6f2065e', description='null'}-localhost:33615] INFO  org.mongodb.driver.connection -
				Opened connection [connectionId{localValue:1, serverValue:1}] to localhost:33615
2020-01-03 10:20:09 [cluster-ClusterId{value='5e0f1559015fb816c6f2065e', description='null'}-localhost:33615] INFO  org.mongodb.driver.cluster -
				Monitor thread successfully connected to server with description ServerDescription{address=localhost:33615, type=STANDALONE, state=CONNECTED, ok=true, version=ServerVersion{versionList=[3, 2, 2]}, minWireVersion=0, maxWireVersion=4, maxDocumentSize=16777216, logicalSessionTimeoutMinutes=null, roundTripTimeNanos=880538}
2020-01-03 10:20:09 [cluster-ClusterId{value='5e0f1559015fb816c6f2065e', description='null'}-localhost:33615] INFO  org.mongodb.driver.cluster -
				Discovered cluster type of STANDALONE
2020-01-03 10:20:10 [main] INFO  o.s.w.s.m.m.a.RequestMappingHandlerMapping -
				Mapped "{[/api/v1/user/{id}],methods=[GET]}" onto public org.springframework.http.ResponseEntity<?> com.stackroute.keepnote.controller.UserController.showUserDetails(java.lang.String)
2020-01-03 10:20:10 [main] INFO  o.s.w.s.m.m.a.RequestMappingHandlerMapping -
				Mapped "{[/api/v1/user],methods=[POST]}" onto public org.springframework.http.ResponseEntity<?> com.stackroute.keepnote.controller.UserController.createUser(com.stackroute.keepnote.model.User)
2020-01-03 10:20:10 [main] INFO  o.s.w.s.m.m.a.RequestMappingHandlerMapping -
				Mapped "{[/api/v1/user/{id}],methods=[DELETE]}" onto public org.springframework.http.ResponseEntity<?> com.stackroute.keepnote.controller.UserController.deleteUser(java.lang.String)
2020-01-03 10:20:10 [main] INFO  o.s.w.s.m.m.a.RequestMappingHandlerMapping -
				Mapped "{[/api/v1/user/{id}],methods=[PUT]}" onto public org.springframework.http.ResponseEntity<?> com.stackroute.keepnote.controller.UserController.updateUser(com.stackroute.keepnote.model.User,java.lang.String)
2020-01-03 10:20:10 [main] INFO  o.s.w.s.m.m.a.RequestMappingHandlerMapping -
				Mapped "{[/swagger-resources/configuration/security]}" onto public org.springframework.http.ResponseEntity<springfox.documentation.swagger.web.SecurityConfiguration> springfox.documentation.swagger.web.ApiResourceController.securityConfiguration()
2020-01-03 10:20:10 [main] INFO  o.s.w.s.m.m.a.RequestMappingHandlerMapping -
				Mapped "{[/swagger-resources/configuration/ui]}" onto public org.springframework.http.ResponseEntity<springfox.documentation.swagger.web.UiConfiguration> springfox.documentation.swagger.web.ApiResourceController.uiConfiguration()
2020-01-03 10:20:10 [main] INFO  o.s.w.s.m.m.a.RequestMappingHandlerMapping -
				Mapped "{[/swagger-resources]}" onto public org.springframework.http.ResponseEntity<java.util.List<springfox.documentation.swagger.web.SwaggerResource>> springfox.documentation.swagger.web.ApiResourceController.swaggerResources()
2020-01-03 10:20:10 [main] INFO  o.s.w.s.m.m.a.RequestMappingHandlerMapping -
				Mapped "{[/error],produces=[text/html]}" onto public org.springframework.web.servlet.ModelAndView org.springframework.boot.autoconfigure.web.servlet.error.BasicErrorController.errorHtml(javax.servlet.http.HttpServletRequest,javax.servlet.http.HttpServletResponse)
2020-01-03 10:20:10 [main] INFO  o.s.w.s.m.m.a.RequestMappingHandlerMapping -
				Mapped "{[/error]}" onto public org.springframework.http.ResponseEntity<java.util.Map<java.lang.String, java.lang.Object>> org.springframework.boot.autoconfigure.web.servlet.error.BasicErrorController.error(javax.servlet.http.HttpServletRequest)
2020-01-03 10:20:10 [main] INFO  s.d.s.w.PropertySourcedRequestMappingHandlerMapping -
				Mapped URL path [/v2/api-docs] onto method [public org.springframework.http.ResponseEntity<springfox.documentation.spring.web.json.Json> springfox.documentation.swagger2.web.Swagger2Controller.getDocumentation(java.lang.String,javax.servlet.http.HttpServletRequest)]
2020-01-03 10:20:10 [main] INFO  o.s.w.s.h.SimpleUrlHandlerMapping -
				Mapped URL path [/**/favicon.ico] onto handler of type [class org.springframework.web.servlet.resource.ResourceHttpRequestHandler]
2020-01-03 10:20:11 [main] INFO  o.s.w.s.m.m.a.RequestMappingHandlerAdapter -
				Looking for @ControllerAdvice: org.springframework.web.context.support.GenericWebApplicationContext@6f15d60e: startup date [Fri Jan 03 10:20:06 UTC 2020]; root of context hierarchy
2020-01-03 10:20:11 [main] INFO  o.s.w.s.h.SimpleUrlHandlerMapping -
				Mapped URL path [/webjars/**] onto handler of type [class org.springframework.web.servlet.resource.ResourceHttpRequestHandler]
2020-01-03 10:20:11 [main] INFO  o.s.w.s.h.SimpleUrlHandlerMapping -
				Mapped URL path [/**] onto handler of type [class org.springframework.web.servlet.resource.ResourceHttpRequestHandler]
2020-01-03 10:20:11 [main] INFO  o.s.c.s.DefaultLifecycleProcessor -
				Starting beans in phase 2147483647
2020-01-03 10:20:11 [main] INFO  s.d.s.w.p.DocumentationPluginsBootstrapper -
				Context refreshed
2020-01-03 10:20:11 [main] INFO  s.d.s.w.p.DocumentationPluginsBootstrapper -
				Found 1 custom documentation plugin(s)
2020-01-03 10:20:11 [main] INFO  s.d.s.w.s.ApiListingReferenceScanner -
				Scanning for api listing references
2020-01-03 10:20:11 [main] INFO  c.s.keepnote.test.log.LoggerTest -
				Started LoggerTest in 5.922 seconds (JVM running for 6.884)
2020-01-03 10:20:12 [Thread-4] INFO  o.s.b.a.mongo.embedded.EmbeddedMongo -
				2020-01-03T10:20:12.043+0000 I NETWORK  [initandlisten] connection accepted from 127.0.0.1:44996 #2 (2 connections now open)
2020-01-03 10:20:12 [Thread-6] INFO  o.s.w.c.s.GenericWebApplicationContext -
				Closing org.springframework.web.context.support.GenericWebApplicationContext@6f15d60e: startup date [Fri Jan 03 10:20:06 UTC 2020]; root of context hierarchy
2020-01-03 10:20:12 [Thread-6] INFO  o.s.c.s.DefaultLifecycleProcessor -
				Stopping beans in phase 2147483647
2020-01-03 10:20:12 [Thread-4] INFO  o.s.b.a.mongo.embedded.EmbeddedMongo -
				2020-01-03T10:20:12.054+0000 I COMMAND  [conn2] terminating, shutdown command received
2020-01-03 10:20:12 [Thread-4] INFO  o.s.b.a.mongo.embedded.EmbeddedMongo -
				2020-01-03T10:20:12.054+0000 I FTDC     [conn2] Shutting down full-time diagnostic data capture
2020-01-03 10:20:12 [Thread-4] INFO  o.s.b.a.mongo.embedded.EmbeddedMongo -
				2020-01-03T10:20:12.063+0000 I NETWORK  [conn1] end connection 127.0.0.1:44994 (1 connection now open)
2020-01-03 10:20:12 [Thread-4] INFO  o.s.b.a.mongo.embedded.EmbeddedMongo -
				2020-01-03T10:20:12.074+0000 I CONTROL  [conn2] now exiting
2020-01-03 10:20:12 [Thread-4] INFO  o.s.b.a.mongo.embedded.EmbeddedMongo -
				2020-01-03T10:20:12.075+0000 I NETWORK  [conn2] shutdown: going to close listening sockets...
2020-01-03 10:20:12 [Thread-4] INFO  o.s.b.a.mongo.embedded.EmbeddedMongo -
				2020-01-03T10:20:12.075+0000 I NETWORK  [conn2] closing listening socket: 5
2020-01-03 10:20:12 [Thread-4] INFO  o.s.b.a.mongo.embedded.EmbeddedMongo -
				2020-01-03T10:20:12.075+0000 I NETWORK  [conn2] closing listening socket: 6
2020-01-03 10:20:12 [Thread-4] INFO  o.s.b.a.mongo.embedded.EmbeddedMongo -
				2020-01-03T10:20:12.076+0000 I NETWORK  [conn2] removing socket file: /tmp/mongodb-33615.sock
2020-01-03 10:20:12 [Thread-4] INFO  o.s.b.a.mongo.embedded.EmbeddedMongo -
				2020-01-03T10:20:12.076+0000 I NETWORK  [conn2] shutdown: going to flush diaglog...
2020-01-03 10:20:12 [Thread-4] INFO  o.s.b.a.mongo.embedded.EmbeddedMongo -
				2020-01-03T10:20:12.076+0000 I NETWORK  [conn2] shutdown: going to close sockets...
2020-01-03 10:20:12 [Thread-4] INFO  o.s.b.a.mongo.embedded.EmbeddedMongo -
				2020-01-03T10:20:12.076+0000 I STORAGE  [conn2] WiredTigerKVEngine shutting down
2020-01-03 10:20:12 [Thread-4] INFO  o.s.b.a.mongo.embedded.EmbeddedMongo -
				2020-01-03T10:20:12.100+0000 I STORAGE  [conn2] shutdown: removing fs lock...
2020-01-03 10:20:12 [Thread-4] INFO  o.s.b.a.mongo.embedded.EmbeddedMongo -
				2020-01-03T10:20:12.101+0000 I CONTROL  [conn2] dbexit:  rc: 0
