2020-01-05 05:23:15 [main] INFO  o.s.b.t.c.SpringBootTestContextBootstrapper -
				Neither @ContextConfiguration nor @ContextHierarchy found for test class [com.stackroute.keepnote.test.repository.UserRepositoryTest], using SpringBootContextLoader
2020-01-05 05:23:15 [main] INFO  o.s.t.c.s.AbstractContextLoader -
				Could not detect default resource locations for test class [com.stackroute.keepnote.test.repository.UserRepositoryTest]: no resource found for suffixes {-context.xml, Context.groovy}.
2020-01-05 05:23:15 [main] INFO  o.s.t.c.s.AnnotationConfigContextLoaderUtils -
				Could not detect default configuration classes for test class [com.stackroute.keepnote.test.repository.UserRepositoryTest]: UserRepositoryTest does not declare any static, non-private, non-final, nested classes annotated with @Configuration.
2020-01-05 05:23:15 [main] INFO  o.s.b.t.c.SpringBootTestContextBootstrapper -
				Found @SpringBootConfiguration com.stackroute.keepnote.UserServiceApplication for test class com.stackroute.keepnote.test.repository.UserRepositoryTest
2020-01-05 05:23:15 [main] INFO  o.s.b.t.c.SpringBootTestContextBootstrapper -
				Loaded default TestExecutionListener class names from location [META-INF/spring.factories]: [org.springframework.boot.test.mock.mockito.MockitoTestExecutionListener, org.springframework.boot.test.mock.mockito.ResetMocksTestExecutionListener, org.springframework.boot.test.autoconfigure.restdocs.RestDocsTestExecutionListener, org.springframework.boot.test.autoconfigure.web.client.MockRestServiceServerResetTestExecutionListener, org.springframework.boot.test.autoconfigure.web.servlet.MockMvcPrintOnlyOnFailureTestExecutionListener, org.springframework.boot.test.autoconfigure.web.servlet.WebDriverTestExecutionListener, org.springframework.test.context.web.ServletTestExecutionListener, org.springframework.test.context.support.DirtiesContextBeforeModesTestExecutionListener, org.springframework.test.context.support.DependencyInjectionTestExecutionListener, org.springframework.test.context.support.DirtiesContextTestExecutionListener, org.springframework.test.context.transaction.TransactionalTestExecutionListener, org.springframework.test.context.jdbc.SqlScriptsTestExecutionListener]
2020-01-05 05:23:15 [main] INFO  o.s.b.t.c.SpringBootTestContextBootstrapper -
				Using TestExecutionListeners: [org.springframework.test.context.web.ServletTestExecutionListener@9597028, org.springframework.test.context.support.DirtiesContextBeforeModesTestExecutionListener@6069db50, org.springframework.boot.test.mock.mockito.MockitoTestExecutionListener@4efbca5a, org.springframework.boot.test.autoconfigure.SpringBootDependencyInjectionTestExecutionListener@1b7cc17c, org.springframework.test.context.support.DirtiesContextTestExecutionListener@59662a0b, org.springframework.test.context.transaction.TransactionalTestExecutionListener@77fbd92c, org.springframework.test.context.jdbc.SqlScriptsTestExecutionListener@67c27493, org.springframework.boot.test.mock.mockito.ResetMocksTestExecutionListener@1a482e36, org.springframework.boot.test.autoconfigure.restdocs.RestDocsTestExecutionListener@72967906, org.springframework.boot.test.autoconfigure.web.client.MockRestServiceServerResetTestExecutionListener@5b8dfcc1, org.springframework.boot.test.autoconfigure.web.servlet.MockMvcPrintOnlyOnFailureTestExecutionListener@2f9f7dcf, org.springframework.boot.test.autoconfigure.web.servlet.WebDriverTestExecutionListener@747ddf94]
2020-01-05 05:23:15 [main] INFO  c.s.k.t.r.UserRepositoryTest -
				Starting UserRepositoryTest on ip-172-31-41-20 with PID 6628 (started by ubuntu in /home/ubuntu/Desktop/Assignment/KeepNote-Step6-Boilerplate/UserService)
2020-01-05 05:23:15 [main] INFO  c.s.k.t.r.UserRepositoryTest -
				No active profile set, falling back to default profiles: default
2020-01-05 05:23:15 [main] INFO  o.s.c.a.AnnotationConfigApplicationContext -
				Refreshing org.springframework.context.annotation.AnnotationConfigApplicationContext@51bd8b5c: startup date [Sun Jan 05 05:23:15 UTC 2020]; root of context hierarchy
2020-01-05 05:23:17 [main] INFO  d.f.e.process.runtime.ProcessControl -
				stopOrDestroyProcess: process hasn't exited 
2020-01-05 05:23:17 [Thread-4] INFO  o.s.b.a.mongo.embedded.EmbeddedMongo -
				note: noprealloc may hurt performance in many applications
2020-01-05 05:23:17 [Thread-4] INFO  o.s.b.a.mongo.embedded.EmbeddedMongo -
				2020-01-05T05:23:17.090+0000 I CONTROL  [initandlisten] MongoDB starting : pid=6657 port=40089 dbpath=/tmp/embedmongo-db-cf8a2e92-0792-476e-a907-15f83ba8b167 64-bit host=ip-172-31-41-20
2020-01-05 05:23:17 [Thread-4] INFO  o.s.b.a.mongo.embedded.EmbeddedMongo -
				2020-01-05T05:23:17.090+0000 I CONTROL  [initandlisten] db version v3.2.2
2020-01-05 05:23:17 [Thread-4] INFO  o.s.b.a.mongo.embedded.EmbeddedMongo -
				2020-01-05T05:23:17.090+0000 I CONTROL  [initandlisten] git version: 6e71d0d568e134c029203593b00a0103e7cdf30b
2020-01-05 05:23:17 [Thread-4] INFO  o.s.b.a.mongo.embedded.EmbeddedMongo -
				2020-01-05T05:23:17.090+0000 I CONTROL  [initandlisten] allocator: tcmalloc
2020-01-05 05:23:17 [Thread-4] INFO  o.s.b.a.mongo.embedded.EmbeddedMongo -
				2020-01-05T05:23:17.090+0000 I CONTROL  [initandlisten] modules: none
2020-01-05 05:23:17 [Thread-4] INFO  o.s.b.a.mongo.embedded.EmbeddedMongo -
				2020-01-05T05:23:17.090+0000 I CONTROL  [initandlisten] build environment:
2020-01-05 05:23:17 [Thread-4] INFO  o.s.b.a.mongo.embedded.EmbeddedMongo -
				2020-01-05T05:23:17.090+0000 I CONTROL  [initandlisten]     distarch: x86_64
2020-01-05 05:23:17 [Thread-4] INFO  o.s.b.a.mongo.embedded.EmbeddedMongo -
				2020-01-05T05:23:17.090+0000 I CONTROL  [initandlisten]     target_arch: x86_64
2020-01-05 05:23:17 [Thread-4] INFO  o.s.b.a.mongo.embedded.EmbeddedMongo -
				2020-01-05T05:23:17.090+0000 I CONTROL  [initandlisten] options: { net: { bindIp: "127.0.0.1", http: { enabled: false }, port: 40089 }, security: { authorization: "disabled" }, storage: { dbPath: "/tmp/embedmongo-db-cf8a2e92-0792-476e-a907-15f83ba8b167", journal: { enabled: false }, mmapv1: { preallocDataFiles: false, smallFiles: true }, syncPeriodSecs: 0.0 } }
2020-01-05 05:23:17 [Thread-4] INFO  o.s.b.a.mongo.embedded.EmbeddedMongo -
				2020-01-05T05:23:17.118+0000 I STORAGE  [initandlisten] wiredtiger_open config: create,cache_size=4G,session_max=20000,eviction=(threads_max=4),config_base=false,statistics=(fast),log=(enabled=true,archive=true,path=journal,compressor=snappy),file_manager=(close_idle_time=100000),checkpoint=(wait=0,log_size=2GB),statistics_log=(wait=0),,log=(enabled=false),
2020-01-05 05:23:17 [Thread-4] INFO  o.s.b.a.mongo.embedded.EmbeddedMongo -
				2020-01-05T05:23:17.229+0000 W STORAGE  [initandlisten] Detected configuration for non-active storage engine mmapv1 when current storage engine is wiredTiger
2020-01-05 05:23:17 [Thread-4] INFO  o.s.b.a.mongo.embedded.EmbeddedMongo -
				2020-01-05T05:23:17.229+0000 I FTDC     [initandlisten] Initializing full-time diagnostic data capture with directory '/tmp/embedmongo-db-cf8a2e92-0792-476e-a907-15f83ba8b167/diagnostic.data'
2020-01-05 05:23:17 [Thread-4] INFO  o.s.b.a.mongo.embedded.EmbeddedMongo -
				2020-01-05T05:23:17.229+0000 I NETWORK  [HostnameCanonicalizationWorker] Starting hostname canonicalization worker
2020-01-05 05:23:17 [Thread-4] INFO  o.s.b.a.mongo.embedded.EmbeddedMongo -
				2020-01-05T05:23:17.247+0000 I NETWORK  [initandlisten] waiting for connections on port 40089
2020-01-05 05:23:17 [main] INFO  d.f.embed.process.runtime.Executable -
				start de.flapdoodle.embed.mongo.config.MongodConfigBuilder$ImmutableMongodConfig@7fb9f71f
2020-01-05 05:23:17 [main] INFO  org.mongodb.driver.cluster -
				Cluster created with settings {hosts=[localhost:40089], mode=MULTIPLE, requiredClusterType=UNKNOWN, serverSelectionTimeout='30000 ms', maxWaitQueueSize=500}
2020-01-05 05:23:17 [main] INFO  org.mongodb.driver.cluster -
				Adding discovered server localhost:40089 to client view of cluster
2020-01-05 05:23:17 [Thread-4] INFO  o.s.b.a.mongo.embedded.EmbeddedMongo -
				2020-01-05T05:23:17.538+0000 I NETWORK  [initandlisten] connection accepted from 127.0.0.1:52404 #1 (1 connection now open)
2020-01-05 05:23:17 [cluster-ClusterId{value='5e1172c5e8155519e446685c', description='null'}-localhost:40089] INFO  org.mongodb.driver.connection -
				Opened connection [connectionId{localValue:1, serverValue:1}] to localhost:40089
2020-01-05 05:23:17 [cluster-ClusterId{value='5e1172c5e8155519e446685c', description='null'}-localhost:40089] INFO  org.mongodb.driver.cluster -
				Monitor thread successfully connected to server with description ServerDescription{address=localhost:40089, type=STANDALONE, state=CONNECTED, ok=true, version=ServerVersion{versionList=[3, 2, 2]}, minWireVersion=0, maxWireVersion=4, maxDocumentSize=16777216, logicalSessionTimeoutMinutes=null, roundTripTimeNanos=2621292}
2020-01-05 05:23:17 [cluster-ClusterId{value='5e1172c5e8155519e446685c', description='null'}-localhost:40089] INFO  org.mongodb.driver.cluster -
				Discovered cluster type of STANDALONE
2020-01-05 05:23:18 [main] INFO  c.s.k.t.r.UserRepositoryTest -
				Started UserRepositoryTest in 2.642 seconds (JVM running for 3.732)
2020-01-05 05:23:18 [Thread-4] INFO  o.s.b.a.mongo.embedded.EmbeddedMongo -
				2020-01-05T05:23:18.288+0000 I NETWORK  [initandlisten] connection accepted from 127.0.0.1:52406 #2 (2 connections now open)
2020-01-05 05:23:18 [main] INFO  org.mongodb.driver.connection -
				Opened connection [connectionId{localValue:2, serverValue:2}] to localhost:40089
2020-01-05 05:23:18 [main] INFO  o.s.b.t.c.SpringBootTestContextBootstrapper -
				Neither @ContextConfiguration nor @ContextHierarchy found for test class [com.stackroute.keepnote.test.log.LoggerTest], using SpringBootContextLoader
2020-01-05 05:23:18 [main] INFO  o.s.t.c.s.AbstractContextLoader -
				Could not detect default resource locations for test class [com.stackroute.keepnote.test.log.LoggerTest]: no resource found for suffixes {-context.xml, Context.groovy}.
2020-01-05 05:23:18 [main] INFO  o.s.t.c.s.AnnotationConfigContextLoaderUtils -
				Could not detect default configuration classes for test class [com.stackroute.keepnote.test.log.LoggerTest]: LoggerTest does not declare any static, non-private, non-final, nested classes annotated with @Configuration.
2020-01-05 05:23:18 [main] INFO  o.s.b.t.c.SpringBootTestContextBootstrapper -
				Found @SpringBootConfiguration com.stackroute.keepnote.UserServiceApplication for test class com.stackroute.keepnote.test.log.LoggerTest
2020-01-05 05:23:18 [main] INFO  o.s.b.t.c.SpringBootTestContextBootstrapper -
				Loaded default TestExecutionListener class names from location [META-INF/spring.factories]: [org.springframework.boot.test.mock.mockito.MockitoTestExecutionListener, org.springframework.boot.test.mock.mockito.ResetMocksTestExecutionListener, org.springframework.boot.test.autoconfigure.restdocs.RestDocsTestExecutionListener, org.springframework.boot.test.autoconfigure.web.client.MockRestServiceServerResetTestExecutionListener, org.springframework.boot.test.autoconfigure.web.servlet.MockMvcPrintOnlyOnFailureTestExecutionListener, org.springframework.boot.test.autoconfigure.web.servlet.WebDriverTestExecutionListener, org.springframework.test.context.web.ServletTestExecutionListener, org.springframework.test.context.support.DirtiesContextBeforeModesTestExecutionListener, org.springframework.test.context.support.DependencyInjectionTestExecutionListener, org.springframework.test.context.support.DirtiesContextTestExecutionListener, org.springframework.test.context.transaction.TransactionalTestExecutionListener, org.springframework.test.context.jdbc.SqlScriptsTestExecutionListener]
2020-01-05 05:23:18 [main] INFO  o.s.b.t.c.SpringBootTestContextBootstrapper -
				Using TestExecutionListeners: [org.springframework.test.context.web.ServletTestExecutionListener@7a485a36, org.springframework.test.context.support.DirtiesContextBeforeModesTestExecutionListener@5cf3157b, org.springframework.boot.test.mock.mockito.MockitoTestExecutionListener@625dfff3, org.springframework.boot.test.autoconfigure.SpringBootDependencyInjectionTestExecutionListener@26350ea2, org.springframework.test.context.support.DirtiesContextTestExecutionListener@1e9469b8, org.springframework.test.context.transaction.TransactionalTestExecutionListener@5a08efdc, org.springframework.test.context.jdbc.SqlScriptsTestExecutionListener@57272109, org.springframework.boot.test.mock.mockito.ResetMocksTestExecutionListener@59696551, org.springframework.boot.test.autoconfigure.restdocs.RestDocsTestExecutionListener@648d0e6d, org.springframework.boot.test.autoconfigure.web.client.MockRestServiceServerResetTestExecutionListener@79e66b2f, org.springframework.boot.test.autoconfigure.web.servlet.MockMvcPrintOnlyOnFailureTestExecutionListener@17273273, org.springframework.boot.test.autoconfigure.web.servlet.WebDriverTestExecutionListener@5f69e2b]
2020-01-05 05:23:18 [main] INFO  c.s.keepnote.test.log.LoggerTest -
				Starting LoggerTest on ip-172-31-41-20 with PID 6628 (started by ubuntu in /home/ubuntu/Desktop/Assignment/KeepNote-Step6-Boilerplate/UserService)
2020-01-05 05:23:18 [main] INFO  c.s.keepnote.test.log.LoggerTest -
				No active profile set, falling back to default profiles: default
2020-01-05 05:23:18 [main] INFO  o.s.w.c.s.GenericWebApplicationContext -
				Refreshing org.springframework.web.context.support.GenericWebApplicationContext@7b4a0aef: startup date [Sun Jan 05 05:23:18 UTC 2020]; root of context hierarchy
2020-01-05 05:23:20 [Thread-9] INFO  o.s.b.a.mongo.embedded.EmbeddedMongo -
				note: noprealloc may hurt performance in many applications
2020-01-05 05:23:20 [Thread-9] INFO  o.s.b.a.mongo.embedded.EmbeddedMongo -
				2020-01-05T05:23:20.312+0000 I CONTROL  [initandlisten] MongoDB starting : pid=6682 port=43017 dbpath=/tmp/embedmongo-db-86f5fc0d-e5ab-4d54-a69e-02b34d05a4a9 64-bit host=ip-172-31-41-20
2020-01-05 05:23:20 [Thread-9] INFO  o.s.b.a.mongo.embedded.EmbeddedMongo -
				2020-01-05T05:23:20.313+0000 I CONTROL  [initandlisten] db version v3.2.2
2020-01-05 05:23:20 [Thread-9] INFO  o.s.b.a.mongo.embedded.EmbeddedMongo -
				2020-01-05T05:23:20.313+0000 I CONTROL  [initandlisten] git version: 6e71d0d568e134c029203593b00a0103e7cdf30b
2020-01-05 05:23:20 [Thread-9] INFO  o.s.b.a.mongo.embedded.EmbeddedMongo -
				2020-01-05T05:23:20.313+0000 I CONTROL  [initandlisten] allocator: tcmalloc
2020-01-05 05:23:20 [Thread-9] INFO  o.s.b.a.mongo.embedded.EmbeddedMongo -
				2020-01-05T05:23:20.313+0000 I CONTROL  [initandlisten] modules: none
2020-01-05 05:23:20 [Thread-9] INFO  o.s.b.a.mongo.embedded.EmbeddedMongo -
				2020-01-05T05:23:20.313+0000 I CONTROL  [initandlisten] build environment:
2020-01-05 05:23:20 [Thread-9] INFO  o.s.b.a.mongo.embedded.EmbeddedMongo -
				2020-01-05T05:23:20.313+0000 I CONTROL  [initandlisten]     distarch: x86_64
2020-01-05 05:23:20 [Thread-9] INFO  o.s.b.a.mongo.embedded.EmbeddedMongo -
				2020-01-05T05:23:20.313+0000 I CONTROL  [initandlisten]     target_arch: x86_64
2020-01-05 05:23:20 [Thread-9] INFO  o.s.b.a.mongo.embedded.EmbeddedMongo -
				2020-01-05T05:23:20.313+0000 I CONTROL  [initandlisten] options: { net: { bindIp: "127.0.0.1", http: { enabled: false }, port: 43017 }, security: { authorization: "disabled" }, storage: { dbPath: "/tmp/embedmongo-db-86f5fc0d-e5ab-4d54-a69e-02b34d05a4a9", journal: { enabled: false }, mmapv1: { preallocDataFiles: false, smallFiles: true }, syncPeriodSecs: 0.0 } }
2020-01-05 05:23:20 [Thread-9] INFO  o.s.b.a.mongo.embedded.EmbeddedMongo -
				2020-01-05T05:23:20.339+0000 I STORAGE  [initandlisten] wiredtiger_open config: create,cache_size=4G,session_max=20000,eviction=(threads_max=4),config_base=false,statistics=(fast),log=(enabled=true,archive=true,path=journal,compressor=snappy),file_manager=(close_idle_time=100000),checkpoint=(wait=0,log_size=2GB),statistics_log=(wait=0),,log=(enabled=false),
2020-01-05 05:23:21 [Thread-9] INFO  o.s.b.a.mongo.embedded.EmbeddedMongo -
				2020-01-05T05:23:21.538+0000 W STORAGE  [initandlisten] Detected configuration for non-active storage engine mmapv1 when current storage engine is wiredTiger
2020-01-05 05:23:21 [Thread-9] INFO  o.s.b.a.mongo.embedded.EmbeddedMongo -
				2020-01-05T05:23:21.539+0000 I FTDC     [initandlisten] Initializing full-time diagnostic data capture with directory '/tmp/embedmongo-db-86f5fc0d-e5ab-4d54-a69e-02b34d05a4a9/diagnostic.data'
2020-01-05 05:23:21 [Thread-9] INFO  o.s.b.a.mongo.embedded.EmbeddedMongo -
				2020-01-05T05:23:21.541+0000 I NETWORK  [HostnameCanonicalizationWorker] Starting hostname canonicalization worker
2020-01-05 05:23:21 [Thread-9] INFO  o.s.b.a.mongo.embedded.EmbeddedMongo -
				2020-01-05T05:23:21.559+0000 I NETWORK  [initandlisten] waiting for connections on port 43017
2020-01-05 05:23:21 [main] INFO  d.f.embed.process.runtime.Executable -
				start de.flapdoodle.embed.mongo.config.MongodConfigBuilder$ImmutableMongodConfig@451e2fa9
2020-01-05 05:23:21 [main] INFO  org.mongodb.driver.cluster -
				Cluster created with settings {hosts=[localhost:43017], mode=MULTIPLE, requiredClusterType=UNKNOWN, serverSelectionTimeout='30000 ms', maxWaitQueueSize=500}
2020-01-05 05:23:21 [main] INFO  org.mongodb.driver.cluster -
				Adding discovered server localhost:43017 to client view of cluster
2020-01-05 05:23:21 [Thread-9] INFO  o.s.b.a.mongo.embedded.EmbeddedMongo -
				2020-01-05T05:23:21.572+0000 I NETWORK  [initandlisten] connection accepted from 127.0.0.1:52508 #1 (1 connection now open)
2020-01-05 05:23:21 [cluster-ClusterId{value='5e1172c9e8155519e446685d', description='null'}-localhost:43017] INFO  org.mongodb.driver.connection -
				Opened connection [connectionId{localValue:3, serverValue:1}] to localhost:43017
2020-01-05 05:23:21 [cluster-ClusterId{value='5e1172c9e8155519e446685d', description='null'}-localhost:43017] INFO  org.mongodb.driver.cluster -
				Monitor thread successfully connected to server with description ServerDescription{address=localhost:43017, type=STANDALONE, state=CONNECTED, ok=true, version=ServerVersion{versionList=[3, 2, 2]}, minWireVersion=0, maxWireVersion=4, maxDocumentSize=16777216, logicalSessionTimeoutMinutes=null, roundTripTimeNanos=476843}
2020-01-05 05:23:21 [cluster-ClusterId{value='5e1172c9e8155519e446685d', description='null'}-localhost:43017] INFO  org.mongodb.driver.cluster -
				Discovered cluster type of STANDALONE
2020-01-05 05:23:22 [main] INFO  o.s.w.s.m.m.a.RequestMappingHandlerMapping -
				Mapped "{[/]}" onto public java.lang.String com.stackroute.keepnote.controller.RootController.swaggerUI()
2020-01-05 05:23:22 [main] INFO  o.s.w.s.m.m.a.RequestMappingHandlerMapping -
				Mapped "{[/api/v1/user],methods=[POST]}" onto public org.springframework.http.ResponseEntity<?> com.stackroute.keepnote.controller.UserController.createUser(com.stackroute.keepnote.model.User)
2020-01-05 05:23:22 [main] INFO  o.s.w.s.m.m.a.RequestMappingHandlerMapping -
				Mapped "{[/api/v1/user/{id}],methods=[DELETE]}" onto public org.springframework.http.ResponseEntity<?> com.stackroute.keepnote.controller.UserController.deleteUser(java.lang.String)
2020-01-05 05:23:22 [main] INFO  o.s.w.s.m.m.a.RequestMappingHandlerMapping -
				Mapped "{[/api/v1/user/{id}],methods=[PUT]}" onto public org.springframework.http.ResponseEntity<?> com.stackroute.keepnote.controller.UserController.updateUser(com.stackroute.keepnote.model.User,java.lang.String)
2020-01-05 05:23:22 [main] INFO  o.s.w.s.m.m.a.RequestMappingHandlerMapping -
				Mapped "{[/api/v1/user/{id}],methods=[GET]}" onto public org.springframework.http.ResponseEntity<?> com.stackroute.keepnote.controller.UserController.showUserDetails(java.lang.String)
2020-01-05 05:23:22 [main] INFO  o.s.w.s.m.m.a.RequestMappingHandlerMapping -
				Mapped "{[/swagger-resources/configuration/security]}" onto public org.springframework.http.ResponseEntity<springfox.documentation.swagger.web.SecurityConfiguration> springfox.documentation.swagger.web.ApiResourceController.securityConfiguration()
2020-01-05 05:23:22 [main] INFO  o.s.w.s.m.m.a.RequestMappingHandlerMapping -
				Mapped "{[/swagger-resources]}" onto public org.springframework.http.ResponseEntity<java.util.List<springfox.documentation.swagger.web.SwaggerResource>> springfox.documentation.swagger.web.ApiResourceController.swaggerResources()
2020-01-05 05:23:22 [main] INFO  o.s.w.s.m.m.a.RequestMappingHandlerMapping -
				Mapped "{[/swagger-resources/configuration/ui]}" onto public org.springframework.http.ResponseEntity<springfox.documentation.swagger.web.UiConfiguration> springfox.documentation.swagger.web.ApiResourceController.uiConfiguration()
2020-01-05 05:23:22 [main] INFO  o.s.w.s.m.m.a.RequestMappingHandlerMapping -
				Mapped "{[/error],produces=[text/html]}" onto public org.springframework.web.servlet.ModelAndView org.springframework.boot.autoconfigure.web.servlet.error.BasicErrorController.errorHtml(javax.servlet.http.HttpServletRequest,javax.servlet.http.HttpServletResponse)
2020-01-05 05:23:22 [main] INFO  o.s.w.s.m.m.a.RequestMappingHandlerMapping -
				Mapped "{[/error]}" onto public org.springframework.http.ResponseEntity<java.util.Map<java.lang.String, java.lang.Object>> org.springframework.boot.autoconfigure.web.servlet.error.BasicErrorController.error(javax.servlet.http.HttpServletRequest)
2020-01-05 05:23:22 [main] INFO  s.d.s.w.PropertySourcedRequestMappingHandlerMapping -
				Mapped URL path [/v2/api-docs] onto method [public org.springframework.http.ResponseEntity<springfox.documentation.spring.web.json.Json> springfox.documentation.swagger2.web.Swagger2Controller.getDocumentation(java.lang.String,javax.servlet.http.HttpServletRequest)]
2020-01-05 05:23:22 [main] INFO  o.s.w.s.h.SimpleUrlHandlerMapping -
				Mapped URL path [/**/favicon.ico] onto handler of type [class org.springframework.web.servlet.resource.ResourceHttpRequestHandler]
2020-01-05 05:23:23 [main] INFO  o.s.w.s.m.m.a.RequestMappingHandlerAdapter -
				Looking for @ControllerAdvice: org.springframework.web.context.support.GenericWebApplicationContext@7b4a0aef: startup date [Sun Jan 05 05:23:18 UTC 2020]; root of context hierarchy
2020-01-05 05:23:23 [main] INFO  o.s.w.s.h.SimpleUrlHandlerMapping -
				Mapped URL path [/webjars/**] onto handler of type [class org.springframework.web.servlet.resource.ResourceHttpRequestHandler]
2020-01-05 05:23:23 [main] INFO  o.s.w.s.h.SimpleUrlHandlerMapping -
				Mapped URL path [/**] onto handler of type [class org.springframework.web.servlet.resource.ResourceHttpRequestHandler]
2020-01-05 05:23:23 [main] INFO  o.s.c.s.DefaultLifecycleProcessor -
				Starting beans in phase 2147483647
2020-01-05 05:23:23 [main] INFO  s.d.s.w.p.DocumentationPluginsBootstrapper -
				Context refreshed
2020-01-05 05:23:23 [main] INFO  s.d.s.w.p.DocumentationPluginsBootstrapper -
				Found 1 custom documentation plugin(s)
2020-01-05 05:23:23 [main] INFO  s.d.s.w.s.ApiListingReferenceScanner -
				Scanning for api listing references
2020-01-05 05:23:23 [main] INFO  c.s.keepnote.test.log.LoggerTest -
				Started LoggerTest in 4.88 seconds (JVM running for 9.29)
2020-01-05 05:23:23 [main] INFO  o.s.b.t.a.w.s.WebMvcTestContextBootstrapper -
				Neither @ContextConfiguration nor @ContextHierarchy found for test class [com.stackroute.keepnote.test.controller.UserControllerTest], using SpringBootContextLoader
2020-01-05 05:23:23 [main] INFO  o.s.t.c.s.AbstractContextLoader -
				Could not detect default resource locations for test class [com.stackroute.keepnote.test.controller.UserControllerTest]: no resource found for suffixes {-context.xml, Context.groovy}.
2020-01-05 05:23:23 [main] INFO  o.s.t.c.s.AnnotationConfigContextLoaderUtils -
				Could not detect default configuration classes for test class [com.stackroute.keepnote.test.controller.UserControllerTest]: UserControllerTest does not declare any static, non-private, non-final, nested classes annotated with @Configuration.
2020-01-05 05:23:23 [main] INFO  o.s.b.t.c.SpringBootTestContextBootstrapper -
				Found @SpringBootConfiguration com.stackroute.keepnote.UserServiceApplication for test class com.stackroute.keepnote.test.controller.UserControllerTest
2020-01-05 05:23:23 [main] INFO  o.s.b.t.a.w.s.WebMvcTestContextBootstrapper -
				Loaded default TestExecutionListener class names from location [META-INF/spring.factories]: [org.springframework.boot.test.mock.mockito.MockitoTestExecutionListener, org.springframework.boot.test.mock.mockito.ResetMocksTestExecutionListener, org.springframework.boot.test.autoconfigure.restdocs.RestDocsTestExecutionListener, org.springframework.boot.test.autoconfigure.web.client.MockRestServiceServerResetTestExecutionListener, org.springframework.boot.test.autoconfigure.web.servlet.MockMvcPrintOnlyOnFailureTestExecutionListener, org.springframework.boot.test.autoconfigure.web.servlet.WebDriverTestExecutionListener, org.springframework.test.context.web.ServletTestExecutionListener, org.springframework.test.context.support.DirtiesContextBeforeModesTestExecutionListener, org.springframework.test.context.support.DependencyInjectionTestExecutionListener, org.springframework.test.context.support.DirtiesContextTestExecutionListener, org.springframework.test.context.transaction.TransactionalTestExecutionListener, org.springframework.test.context.jdbc.SqlScriptsTestExecutionListener]
2020-01-05 05:23:23 [main] INFO  o.s.b.t.a.w.s.WebMvcTestContextBootstrapper -
				Using TestExecutionListeners: [org.springframework.test.context.web.ServletTestExecutionListener@65ef9a0a, org.springframework.test.context.support.DirtiesContextBeforeModesTestExecutionListener@25216999, org.springframework.boot.test.mock.mockito.MockitoTestExecutionListener@77e6761f, org.springframework.boot.test.autoconfigure.SpringBootDependencyInjectionTestExecutionListener@5c997de8, org.springframework.test.context.support.DirtiesContextTestExecutionListener@45bf93bb, org.springframework.test.context.transaction.TransactionalTestExecutionListener@6b7c4734, org.springframework.test.context.jdbc.SqlScriptsTestExecutionListener@2f6e92ca, org.springframework.boot.test.mock.mockito.ResetMocksTestExecutionListener@380fdcf2, org.springframework.boot.test.autoconfigure.restdocs.RestDocsTestExecutionListener@114b203, org.springframework.boot.test.autoconfigure.web.client.MockRestServiceServerResetTestExecutionListener@8d810f2, org.springframework.boot.test.autoconfigure.web.servlet.MockMvcPrintOnlyOnFailureTestExecutionListener@537b3be1, org.springframework.boot.test.autoconfigure.web.servlet.WebDriverTestExecutionListener@15d58530]
2020-01-05 05:23:23 [main] INFO  c.s.k.t.c.UserControllerTest -
				Starting UserControllerTest on ip-172-31-41-20 with PID 6628 (started by ubuntu in /home/ubuntu/Desktop/Assignment/KeepNote-Step6-Boilerplate/UserService)
2020-01-05 05:23:23 [main] INFO  c.s.k.t.c.UserControllerTest -
				No active profile set, falling back to default profiles: default
2020-01-05 05:23:23 [main] INFO  o.s.w.c.s.GenericWebApplicationContext -
				Refreshing org.springframework.web.context.support.GenericWebApplicationContext@39b85a73: startup date [Sun Jan 05 05:23:23 UTC 2020]; root of context hierarchy
2020-01-05 05:23:24 [main] INFO  o.s.w.s.h.SimpleUrlHandlerMapping -
				Mapped URL path [/**/favicon.ico] onto handler of type [class org.springframework.web.servlet.resource.ResourceHttpRequestHandler]
2020-01-05 05:23:24 [main] INFO  o.s.w.s.m.m.a.RequestMappingHandlerAdapter -
				Looking for @ControllerAdvice: org.springframework.web.context.support.GenericWebApplicationContext@39b85a73: startup date [Sun Jan 05 05:23:23 UTC 2020]; root of context hierarchy
2020-01-05 05:23:24 [main] INFO  o.s.w.s.m.m.a.RequestMappingHandlerMapping -
				Mapped "{[/]}" onto public java.lang.String com.stackroute.keepnote.controller.RootController.swaggerUI()
2020-01-05 05:23:24 [main] INFO  o.s.w.s.m.m.a.RequestMappingHandlerMapping -
				Mapped "{[/api/v1/user],methods=[POST]}" onto public org.springframework.http.ResponseEntity<?> com.stackroute.keepnote.controller.UserController.createUser(com.stackroute.keepnote.model.User)
2020-01-05 05:23:24 [main] INFO  o.s.w.s.m.m.a.RequestMappingHandlerMapping -
				Mapped "{[/api/v1/user/{id}],methods=[DELETE]}" onto public org.springframework.http.ResponseEntity<?> com.stackroute.keepnote.controller.UserController.deleteUser(java.lang.String)
2020-01-05 05:23:24 [main] INFO  o.s.w.s.m.m.a.RequestMappingHandlerMapping -
				Mapped "{[/api/v1/user/{id}],methods=[PUT]}" onto public org.springframework.http.ResponseEntity<?> com.stackroute.keepnote.controller.UserController.updateUser(com.stackroute.keepnote.model.User,java.lang.String)
2020-01-05 05:23:24 [main] INFO  o.s.w.s.m.m.a.RequestMappingHandlerMapping -
				Mapped "{[/api/v1/user/{id}],methods=[GET]}" onto public org.springframework.http.ResponseEntity<?> com.stackroute.keepnote.controller.UserController.showUserDetails(java.lang.String)
2020-01-05 05:23:24 [main] INFO  o.s.w.s.m.m.a.RequestMappingHandlerMapping -
				Mapped "{[/error],produces=[text/html]}" onto public org.springframework.web.servlet.ModelAndView org.springframework.boot.autoconfigure.web.servlet.error.BasicErrorController.errorHtml(javax.servlet.http.HttpServletRequest,javax.servlet.http.HttpServletResponse)
2020-01-05 05:23:24 [main] INFO  o.s.w.s.m.m.a.RequestMappingHandlerMapping -
				Mapped "{[/error]}" onto public org.springframework.http.ResponseEntity<java.util.Map<java.lang.String, java.lang.Object>> org.springframework.boot.autoconfigure.web.servlet.error.BasicErrorController.error(javax.servlet.http.HttpServletRequest)
2020-01-05 05:23:24 [main] INFO  o.s.w.s.h.SimpleUrlHandlerMapping -
				Mapped URL path [/webjars/**] onto handler of type [class org.springframework.web.servlet.resource.ResourceHttpRequestHandler]
2020-01-05 05:23:24 [main] INFO  o.s.w.s.h.SimpleUrlHandlerMapping -
				Mapped URL path [/**] onto handler of type [class org.springframework.web.servlet.resource.ResourceHttpRequestHandler]
2020-01-05 05:23:24 [main] INFO  o.s.b.t.m.w.SpringBootMockServletContext -
				Initializing Spring FrameworkServlet ''
2020-01-05 05:23:24 [main] INFO  o.s.t.w.s.TestDispatcherServlet -
				FrameworkServlet '': initialization started
2020-01-05 05:23:24 [main] INFO  o.s.t.w.s.TestDispatcherServlet -
				FrameworkServlet '': initialization completed in 11 ms
2020-01-05 05:23:24 [main] INFO  c.s.k.t.c.UserControllerTest -
				Started UserControllerTest in 0.489 seconds (JVM running for 9.835)
2020-01-05 05:23:24 [main] INFO  o.s.w.s.m.m.a.RequestMappingHandlerMapping -
				Mapped "{[/api/v1/user],methods=[POST]}" onto public org.springframework.http.ResponseEntity<?> com.stackroute.keepnote.controller.UserController.createUser(com.stackroute.keepnote.model.User)
2020-01-05 05:23:24 [main] INFO  o.s.w.s.m.m.a.RequestMappingHandlerMapping -
				Mapped "{[/api/v1/user/{id}],methods=[DELETE]}" onto public org.springframework.http.ResponseEntity<?> com.stackroute.keepnote.controller.UserController.deleteUser(java.lang.String)
2020-01-05 05:23:24 [main] INFO  o.s.w.s.m.m.a.RequestMappingHandlerMapping -
				Mapped "{[/api/v1/user/{id}],methods=[PUT]}" onto public org.springframework.http.ResponseEntity<?> com.stackroute.keepnote.controller.UserController.updateUser(com.stackroute.keepnote.model.User,java.lang.String)
2020-01-05 05:23:24 [main] INFO  o.s.w.s.m.m.a.RequestMappingHandlerMapping -
				Mapped "{[/api/v1/user/{id}],methods=[GET]}" onto public org.springframework.http.ResponseEntity<?> com.stackroute.keepnote.controller.UserController.showUserDetails(java.lang.String)
2020-01-05 05:23:24 [main] INFO  o.s.w.s.m.m.a.RequestMappingHandlerAdapter -
				Looking for @ControllerAdvice: org.springframework.test.web.servlet.setup.StubWebApplicationContext@30ef32eb
2020-01-05 05:23:24 [main] INFO  o.s.mock.web.MockServletContext -
				Initializing Spring FrameworkServlet ''
2020-01-05 05:23:24 [main] INFO  o.s.t.w.s.TestDispatcherServlet -
				FrameworkServlet '': initialization started
2020-01-05 05:23:24 [main] INFO  o.s.t.w.s.TestDispatcherServlet -
				FrameworkServlet '': initialization completed in 0 ms
2020-01-05 05:23:24 [main] INFO  o.s.w.s.m.m.a.RequestMappingHandlerMapping -
				Mapped "{[/api/v1/user],methods=[POST]}" onto public org.springframework.http.ResponseEntity<?> com.stackroute.keepnote.controller.UserController.createUser(com.stackroute.keepnote.model.User)
2020-01-05 05:23:24 [main] INFO  o.s.w.s.m.m.a.RequestMappingHandlerMapping -
				Mapped "{[/api/v1/user/{id}],methods=[DELETE]}" onto public org.springframework.http.ResponseEntity<?> com.stackroute.keepnote.controller.UserController.deleteUser(java.lang.String)
2020-01-05 05:23:24 [main] INFO  o.s.w.s.m.m.a.RequestMappingHandlerMapping -
				Mapped "{[/api/v1/user/{id}],methods=[PUT]}" onto public org.springframework.http.ResponseEntity<?> com.stackroute.keepnote.controller.UserController.updateUser(com.stackroute.keepnote.model.User,java.lang.String)
2020-01-05 05:23:24 [main] INFO  o.s.w.s.m.m.a.RequestMappingHandlerMapping -
				Mapped "{[/api/v1/user/{id}],methods=[GET]}" onto public org.springframework.http.ResponseEntity<?> com.stackroute.keepnote.controller.UserController.showUserDetails(java.lang.String)
2020-01-05 05:23:24 [main] INFO  o.s.w.s.m.m.a.RequestMappingHandlerAdapter -
				Looking for @ControllerAdvice: org.springframework.test.web.servlet.setup.StubWebApplicationContext@201a8ea7
2020-01-05 05:23:24 [main] INFO  o.s.mock.web.MockServletContext -
				Initializing Spring FrameworkServlet ''
2020-01-05 05:23:24 [main] INFO  o.s.t.w.s.TestDispatcherServlet -
				FrameworkServlet '': initialization started
2020-01-05 05:23:24 [main] INFO  o.s.t.w.s.TestDispatcherServlet -
				FrameworkServlet '': initialization completed in 0 ms
2020-01-05 05:23:24 [main] INFO  o.s.w.s.m.m.a.RequestMappingHandlerMapping -
				Mapped "{[/api/v1/user],methods=[POST]}" onto public org.springframework.http.ResponseEntity<?> com.stackroute.keepnote.controller.UserController.createUser(com.stackroute.keepnote.model.User)
2020-01-05 05:23:24 [main] INFO  o.s.w.s.m.m.a.RequestMappingHandlerMapping -
				Mapped "{[/api/v1/user/{id}],methods=[DELETE]}" onto public org.springframework.http.ResponseEntity<?> com.stackroute.keepnote.controller.UserController.deleteUser(java.lang.String)
2020-01-05 05:23:24 [main] INFO  o.s.w.s.m.m.a.RequestMappingHandlerMapping -
				Mapped "{[/api/v1/user/{id}],methods=[PUT]}" onto public org.springframework.http.ResponseEntity<?> com.stackroute.keepnote.controller.UserController.updateUser(com.stackroute.keepnote.model.User,java.lang.String)
2020-01-05 05:23:24 [main] INFO  o.s.w.s.m.m.a.RequestMappingHandlerMapping -
				Mapped "{[/api/v1/user/{id}],methods=[GET]}" onto public org.springframework.http.ResponseEntity<?> com.stackroute.keepnote.controller.UserController.showUserDetails(java.lang.String)
2020-01-05 05:23:24 [main] INFO  o.s.w.s.m.m.a.RequestMappingHandlerAdapter -
				Looking for @ControllerAdvice: org.springframework.test.web.servlet.setup.StubWebApplicationContext@644b68ad
2020-01-05 05:23:24 [main] INFO  o.s.mock.web.MockServletContext -
				Initializing Spring FrameworkServlet ''
2020-01-05 05:23:24 [main] INFO  o.s.t.w.s.TestDispatcherServlet -
				FrameworkServlet '': initialization started
2020-01-05 05:23:24 [main] INFO  o.s.t.w.s.TestDispatcherServlet -
				FrameworkServlet '': initialization completed in 1 ms
2020-01-05 05:23:24 [main] INFO  o.s.w.s.m.m.a.RequestMappingHandlerMapping -
				Mapped "{[/api/v1/user],methods=[POST]}" onto public org.springframework.http.ResponseEntity<?> com.stackroute.keepnote.controller.UserController.createUser(com.stackroute.keepnote.model.User)
2020-01-05 05:23:24 [main] INFO  o.s.w.s.m.m.a.RequestMappingHandlerMapping -
				Mapped "{[/api/v1/user/{id}],methods=[DELETE]}" onto public org.springframework.http.ResponseEntity<?> com.stackroute.keepnote.controller.UserController.deleteUser(java.lang.String)
2020-01-05 05:23:24 [main] INFO  o.s.w.s.m.m.a.RequestMappingHandlerMapping -
				Mapped "{[/api/v1/user/{id}],methods=[PUT]}" onto public org.springframework.http.ResponseEntity<?> com.stackroute.keepnote.controller.UserController.updateUser(com.stackroute.keepnote.model.User,java.lang.String)
2020-01-05 05:23:24 [main] INFO  o.s.w.s.m.m.a.RequestMappingHandlerMapping -
				Mapped "{[/api/v1/user/{id}],methods=[GET]}" onto public org.springframework.http.ResponseEntity<?> com.stackroute.keepnote.controller.UserController.showUserDetails(java.lang.String)
2020-01-05 05:23:24 [main] INFO  o.s.w.s.m.m.a.RequestMappingHandlerAdapter -
				Looking for @ControllerAdvice: org.springframework.test.web.servlet.setup.StubWebApplicationContext@3e8afc2d
2020-01-05 05:23:24 [main] INFO  o.s.mock.web.MockServletContext -
				Initializing Spring FrameworkServlet ''
2020-01-05 05:23:24 [main] INFO  o.s.t.w.s.TestDispatcherServlet -
				FrameworkServlet '': initialization started
2020-01-05 05:23:24 [main] INFO  o.s.t.w.s.TestDispatcherServlet -
				FrameworkServlet '': initialization completed in 0 ms
2020-01-05 05:23:24 [main] INFO  o.s.w.s.m.m.a.RequestMappingHandlerMapping -
				Mapped "{[/api/v1/user],methods=[POST]}" onto public org.springframework.http.ResponseEntity<?> com.stackroute.keepnote.controller.UserController.createUser(com.stackroute.keepnote.model.User)
2020-01-05 05:23:24 [main] INFO  o.s.w.s.m.m.a.RequestMappingHandlerMapping -
				Mapped "{[/api/v1/user/{id}],methods=[DELETE]}" onto public org.springframework.http.ResponseEntity<?> com.stackroute.keepnote.controller.UserController.deleteUser(java.lang.String)
2020-01-05 05:23:24 [main] INFO  o.s.w.s.m.m.a.RequestMappingHandlerMapping -
				Mapped "{[/api/v1/user/{id}],methods=[PUT]}" onto public org.springframework.http.ResponseEntity<?> com.stackroute.keepnote.controller.UserController.updateUser(com.stackroute.keepnote.model.User,java.lang.String)
2020-01-05 05:23:24 [main] INFO  o.s.w.s.m.m.a.RequestMappingHandlerMapping -
				Mapped "{[/api/v1/user/{id}],methods=[GET]}" onto public org.springframework.http.ResponseEntity<?> com.stackroute.keepnote.controller.UserController.showUserDetails(java.lang.String)
2020-01-05 05:23:24 [main] INFO  o.s.w.s.m.m.a.RequestMappingHandlerAdapter -
				Looking for @ControllerAdvice: org.springframework.test.web.servlet.setup.StubWebApplicationContext@13d10057
2020-01-05 05:23:24 [main] INFO  o.s.mock.web.MockServletContext -
				Initializing Spring FrameworkServlet ''
2020-01-05 05:23:24 [main] INFO  o.s.t.w.s.TestDispatcherServlet -
				FrameworkServlet '': initialization started
2020-01-05 05:23:24 [main] INFO  o.s.t.w.s.TestDispatcherServlet -
				FrameworkServlet '': initialization completed in 0 ms
2020-01-05 05:23:24 [main] INFO  o.s.w.s.m.m.a.RequestMappingHandlerMapping -
				Mapped "{[/api/v1/user],methods=[POST]}" onto public org.springframework.http.ResponseEntity<?> com.stackroute.keepnote.controller.UserController.createUser(com.stackroute.keepnote.model.User)
2020-01-05 05:23:24 [main] INFO  o.s.w.s.m.m.a.RequestMappingHandlerMapping -
				Mapped "{[/api/v1/user/{id}],methods=[DELETE]}" onto public org.springframework.http.ResponseEntity<?> com.stackroute.keepnote.controller.UserController.deleteUser(java.lang.String)
2020-01-05 05:23:24 [main] INFO  o.s.w.s.m.m.a.RequestMappingHandlerMapping -
				Mapped "{[/api/v1/user/{id}],methods=[PUT]}" onto public org.springframework.http.ResponseEntity<?> com.stackroute.keepnote.controller.UserController.updateUser(com.stackroute.keepnote.model.User,java.lang.String)
2020-01-05 05:23:24 [main] INFO  o.s.w.s.m.m.a.RequestMappingHandlerMapping -
				Mapped "{[/api/v1/user/{id}],methods=[GET]}" onto public org.springframework.http.ResponseEntity<?> com.stackroute.keepnote.controller.UserController.showUserDetails(java.lang.String)
2020-01-05 05:23:24 [main] INFO  o.s.w.s.m.m.a.RequestMappingHandlerAdapter -
				Looking for @ControllerAdvice: org.springframework.test.web.servlet.setup.StubWebApplicationContext@2fa47368
2020-01-05 05:23:24 [main] INFO  o.s.mock.web.MockServletContext -
				Initializing Spring FrameworkServlet ''
2020-01-05 05:23:24 [main] INFO  o.s.t.w.s.TestDispatcherServlet -
				FrameworkServlet '': initialization started
2020-01-05 05:23:24 [main] INFO  o.s.t.w.s.TestDispatcherServlet -
				FrameworkServlet '': initialization completed in 1 ms
2020-01-05 05:23:24 [main] INFO  c.s.k.controller.UserController -
				Inside Create User
2020-01-05 05:23:24 [main] INFO  o.s.w.s.m.m.a.RequestMappingHandlerMapping -
				Mapped "{[/api/v1/user],methods=[POST]}" onto public org.springframework.http.ResponseEntity<?> com.stackroute.keepnote.controller.UserController.createUser(com.stackroute.keepnote.model.User)
2020-01-05 05:23:24 [main] INFO  o.s.w.s.m.m.a.RequestMappingHandlerMapping -
				Mapped "{[/api/v1/user/{id}],methods=[DELETE]}" onto public org.springframework.http.ResponseEntity<?> com.stackroute.keepnote.controller.UserController.deleteUser(java.lang.String)
2020-01-05 05:23:24 [main] INFO  o.s.w.s.m.m.a.RequestMappingHandlerMapping -
				Mapped "{[/api/v1/user/{id}],methods=[PUT]}" onto public org.springframework.http.ResponseEntity<?> com.stackroute.keepnote.controller.UserController.updateUser(com.stackroute.keepnote.model.User,java.lang.String)
2020-01-05 05:23:24 [main] INFO  o.s.w.s.m.m.a.RequestMappingHandlerMapping -
				Mapped "{[/api/v1/user/{id}],methods=[GET]}" onto public org.springframework.http.ResponseEntity<?> com.stackroute.keepnote.controller.UserController.showUserDetails(java.lang.String)
2020-01-05 05:23:24 [main] INFO  o.s.w.s.m.m.a.RequestMappingHandlerAdapter -
				Looking for @ControllerAdvice: org.springframework.test.web.servlet.setup.StubWebApplicationContext@4ae2c01b
2020-01-05 05:23:24 [main] INFO  o.s.mock.web.MockServletContext -
				Initializing Spring FrameworkServlet ''
2020-01-05 05:23:24 [main] INFO  o.s.t.w.s.TestDispatcherServlet -
				FrameworkServlet '': initialization started
2020-01-05 05:23:24 [main] INFO  o.s.t.w.s.TestDispatcherServlet -
				FrameworkServlet '': initialization completed in 0 ms
2020-01-05 05:23:24 [main] INFO  o.s.w.s.m.m.a.RequestMappingHandlerMapping -
				Mapped "{[/api/v1/user],methods=[POST]}" onto public org.springframework.http.ResponseEntity<?> com.stackroute.keepnote.controller.UserController.createUser(com.stackroute.keepnote.model.User)
2020-01-05 05:23:24 [main] INFO  o.s.w.s.m.m.a.RequestMappingHandlerMapping -
				Mapped "{[/api/v1/user/{id}],methods=[DELETE]}" onto public org.springframework.http.ResponseEntity<?> com.stackroute.keepnote.controller.UserController.deleteUser(java.lang.String)
2020-01-05 05:23:24 [main] INFO  o.s.w.s.m.m.a.RequestMappingHandlerMapping -
				Mapped "{[/api/v1/user/{id}],methods=[PUT]}" onto public org.springframework.http.ResponseEntity<?> com.stackroute.keepnote.controller.UserController.updateUser(com.stackroute.keepnote.model.User,java.lang.String)
2020-01-05 05:23:24 [main] INFO  o.s.w.s.m.m.a.RequestMappingHandlerMapping -
				Mapped "{[/api/v1/user/{id}],methods=[GET]}" onto public org.springframework.http.ResponseEntity<?> com.stackroute.keepnote.controller.UserController.showUserDetails(java.lang.String)
2020-01-05 05:23:24 [main] INFO  o.s.w.s.m.m.a.RequestMappingHandlerAdapter -
				Looking for @ControllerAdvice: org.springframework.test.web.servlet.setup.StubWebApplicationContext@4bca8eaf
2020-01-05 05:23:24 [main] INFO  o.s.mock.web.MockServletContext -
				Initializing Spring FrameworkServlet ''
2020-01-05 05:23:24 [main] INFO  o.s.t.w.s.TestDispatcherServlet -
				FrameworkServlet '': initialization started
2020-01-05 05:23:24 [main] INFO  o.s.t.w.s.TestDispatcherServlet -
				FrameworkServlet '': initialization completed in 0 ms
2020-01-05 05:23:24 [main] INFO  c.s.k.controller.UserController -
				Inside Create User
2020-01-05 05:23:24 [Thread-11] INFO  o.s.w.c.s.GenericWebApplicationContext -
				Closing org.springframework.web.context.support.GenericWebApplicationContext@7b4a0aef: startup date [Sun Jan 05 05:23:18 UTC 2020]; root of context hierarchy
2020-01-05 05:23:24 [Thread-11] INFO  o.s.c.s.DefaultLifecycleProcessor -
				Stopping beans in phase 2147483647
2020-01-05 05:23:24 [Thread-13] INFO  o.s.w.c.s.GenericWebApplicationContext -
				Closing org.springframework.web.context.support.GenericWebApplicationContext@39b85a73: startup date [Sun Jan 05 05:23:23 UTC 2020]; root of context hierarchy
2020-01-05 05:23:24 [Thread-4] INFO  o.s.b.a.mongo.embedded.EmbeddedMongo -
				2020-01-05T05:23:24.717+0000 I NETWORK  [initandlisten] connection accepted from 127.0.0.1:52410 #3 (3 connections now open)
2020-01-05 05:23:24 [Thread-6] INFO  o.s.c.a.AnnotationConfigApplicationContext -
				Closing org.springframework.context.annotation.AnnotationConfigApplicationContext@51bd8b5c: startup date [Sun Jan 05 05:23:15 UTC 2020]; root of context hierarchy
2020-01-05 05:23:24 [Thread-6] INFO  org.mongodb.driver.connection -
				Closed connection [connectionId{localValue:2, serverValue:2}] to localhost:40089 because the pool has been closed.
2020-01-05 05:23:24 [Thread-4] INFO  o.s.b.a.mongo.embedded.EmbeddedMongo -
				2020-01-05T05:23:24.724+0000 I NETWORK  [conn2] end connection 127.0.0.1:52406 (2 connections now open)
2020-01-05 05:23:24 [Thread-4] INFO  o.s.b.a.mongo.embedded.EmbeddedMongo -
				2020-01-05T05:23:24.724+0000 I COMMAND  [conn3] terminating, shutdown command received
2020-01-05 05:23:24 [Thread-4] INFO  o.s.b.a.mongo.embedded.EmbeddedMongo -
				2020-01-05T05:23:24.724+0000 I FTDC     [conn3] Shutting down full-time diagnostic data capture
2020-01-05 05:23:24 [Thread-4] INFO  o.s.b.a.mongo.embedded.EmbeddedMongo -
				2020-01-05T05:23:24.725+0000 I CONTROL  [conn3] now exiting
2020-01-05 05:23:24 [Thread-4] INFO  o.s.b.a.mongo.embedded.EmbeddedMongo -
				2020-01-05T05:23:24.725+0000 I NETWORK  [conn3] shutdown: going to close listening sockets...
2020-01-05 05:23:24 [Thread-4] INFO  o.s.b.a.mongo.embedded.EmbeddedMongo -
				2020-01-05T05:23:24.725+0000 I NETWORK  [conn3] closing listening socket: 5
2020-01-05 05:23:24 [Thread-4] INFO  o.s.b.a.mongo.embedded.EmbeddedMongo -
				2020-01-05T05:23:24.725+0000 I NETWORK  [conn3] closing listening socket: 6
2020-01-05 05:23:24 [Thread-4] INFO  o.s.b.a.mongo.embedded.EmbeddedMongo -
				2020-01-05T05:23:24.725+0000 I NETWORK  [conn3] removing socket file: /tmp/mongodb-40089.sock
2020-01-05 05:23:24 [Thread-4] INFO  o.s.b.a.mongo.embedded.EmbeddedMongo -
				2020-01-05T05:23:24.725+0000 I NETWORK  [conn3] shutdown: going to flush diaglog...
2020-01-05 05:23:24 [Thread-4] INFO  o.s.b.a.mongo.embedded.EmbeddedMongo -
				2020-01-05T05:23:24.725+0000 I NETWORK  [conn3] shutdown: going to close sockets...
2020-01-05 05:23:24 [Thread-4] INFO  o.s.b.a.mongo.embedded.EmbeddedMongo -
				2020-01-05T05:23:24.725+0000 I STORAGE  [conn3] WiredTigerKVEngine shutting down
2020-01-05 05:23:24 [Thread-9] INFO  o.s.b.a.mongo.embedded.EmbeddedMongo -
				2020-01-05T05:23:24.726+0000 I NETWORK  [initandlisten] connection accepted from 127.0.0.1:52512 #2 (2 connections now open)
2020-01-05 05:23:24 [Thread-9] INFO  o.s.b.a.mongo.embedded.EmbeddedMongo -
				2020-01-05T05:23:24.731+0000 I COMMAND  [conn2] terminating, shutdown command received
2020-01-05 05:23:24 [Thread-4] INFO  o.s.b.a.mongo.embedded.EmbeddedMongo -
				2020-01-05T05:23:24.732+0000 I NETWORK  [conn1] end connection 127.0.0.1:52404 (1 connection now open)
2020-01-05 05:23:24 [Thread-9] INFO  o.s.b.a.mongo.embedded.EmbeddedMongo -
				2020-01-05T05:23:24.731+0000 I FTDC     [conn2] Shutting down full-time diagnostic data capture
2020-01-05 05:23:24 [Thread-9] INFO  o.s.b.a.mongo.embedded.EmbeddedMongo -
				2020-01-05T05:23:24.731+0000 I CONTROL  [conn2] now exiting
2020-01-05 05:23:24 [Thread-9] INFO  o.s.b.a.mongo.embedded.EmbeddedMongo -
				2020-01-05T05:23:24.731+0000 I NETWORK  [conn2] shutdown: going to close listening sockets...
2020-01-05 05:23:24 [Thread-9] INFO  o.s.b.a.mongo.embedded.EmbeddedMongo -
				2020-01-05T05:23:24.731+0000 I NETWORK  [conn2] closing listening socket: 5
2020-01-05 05:23:24 [Thread-9] INFO  o.s.b.a.mongo.embedded.EmbeddedMongo -
				2020-01-05T05:23:24.731+0000 I NETWORK  [conn2] closing listening socket: 6
2020-01-05 05:23:24 [Thread-9] INFO  o.s.b.a.mongo.embedded.EmbeddedMongo -
				2020-01-05T05:23:24.732+0000 I NETWORK  [conn2] removing socket file: /tmp/mongodb-43017.sock
2020-01-05 05:23:24 [Thread-9] INFO  o.s.b.a.mongo.embedded.EmbeddedMongo -
				2020-01-05T05:23:24.732+0000 I NETWORK  [conn1] end connection 127.0.0.1:52508 (1 connection now open)
2020-01-05 05:23:24 [Thread-9] INFO  o.s.b.a.mongo.embedded.EmbeddedMongo -
				2020-01-05T05:23:24.732+0000 I NETWORK  [conn2] shutdown: going to flush diaglog...
2020-01-05 05:23:24 [Thread-9] INFO  o.s.b.a.mongo.embedded.EmbeddedMongo -
				2020-01-05T05:23:24.732+0000 I NETWORK  [conn2] shutdown: going to close sockets...
2020-01-05 05:23:24 [Thread-9] INFO  o.s.b.a.mongo.embedded.EmbeddedMongo -
				2020-01-05T05:23:24.732+0000 I STORAGE  [conn2] WiredTigerKVEngine shutting down
2020-01-05 05:23:24 [Thread-4] INFO  o.s.b.a.mongo.embedded.EmbeddedMongo -
				2020-01-05T05:23:24.748+0000 I STORAGE  [conn3] shutdown: removing fs lock...
2020-01-05 05:23:24 [Thread-4] INFO  o.s.b.a.mongo.embedded.EmbeddedMongo -
				2020-01-05T05:23:24.748+0000 I CONTROL  [conn3] dbexit:  rc: 0
2020-01-05 05:23:24 [Thread-9] INFO  o.s.b.a.mongo.embedded.EmbeddedMongo -
				2020-01-05T05:23:24.754+0000 I STORAGE  [conn2] shutdown: removing fs lock...
2020-01-05 05:23:24 [Thread-9] INFO  o.s.b.a.mongo.embedded.EmbeddedMongo -
				2020-01-05T05:23:24.754+0000 I CONTROL  [conn2] dbexit:  rc: 0
