2020-01-04 22:16:57 [main] INFO  o.s.b.t.a.w.s.WebMvcTestContextBootstrapper -
				Neither @ContextConfiguration nor @ContextHierarchy found for test class [com.stackroute.keepnote.test.controller.UserControllerTest], using SpringBootContextLoader
2020-01-04 22:16:57 [main] INFO  o.s.t.c.s.AbstractContextLoader -
				Could not detect default resource locations for test class [com.stackroute.keepnote.test.controller.UserControllerTest]: no resource found for suffixes {-context.xml, Context.groovy}.
2020-01-04 22:16:57 [main] INFO  o.s.t.c.s.AnnotationConfigContextLoaderUtils -
				Could not detect default configuration classes for test class [com.stackroute.keepnote.test.controller.UserControllerTest]: UserControllerTest does not declare any static, non-private, non-final, nested classes annotated with @Configuration.
2020-01-04 22:16:58 [main] INFO  o.s.b.t.c.SpringBootTestContextBootstrapper -
				Found @SpringBootConfiguration com.stackroute.keepnote.UserServiceApplication for test class com.stackroute.keepnote.test.controller.UserControllerTest
2020-01-04 22:16:58 [main] INFO  o.s.b.t.a.w.s.WebMvcTestContextBootstrapper -
				Loaded default TestExecutionListener class names from location [META-INF/spring.factories]: [org.springframework.boot.test.mock.mockito.MockitoTestExecutionListener, org.springframework.boot.test.mock.mockito.ResetMocksTestExecutionListener, org.springframework.boot.test.autoconfigure.restdocs.RestDocsTestExecutionListener, org.springframework.boot.test.autoconfigure.web.client.MockRestServiceServerResetTestExecutionListener, org.springframework.boot.test.autoconfigure.web.servlet.MockMvcPrintOnlyOnFailureTestExecutionListener, org.springframework.boot.test.autoconfigure.web.servlet.WebDriverTestExecutionListener, org.springframework.test.context.web.ServletTestExecutionListener, org.springframework.test.context.support.DirtiesContextBeforeModesTestExecutionListener, org.springframework.test.context.support.DependencyInjectionTestExecutionListener, org.springframework.test.context.support.DirtiesContextTestExecutionListener, org.springframework.test.context.transaction.TransactionalTestExecutionListener, org.springframework.test.context.jdbc.SqlScriptsTestExecutionListener]
2020-01-04 22:16:58 [main] INFO  o.s.b.t.a.w.s.WebMvcTestContextBootstrapper -
				Using TestExecutionListeners: [org.springframework.test.context.web.ServletTestExecutionListener@49ec71f8, org.springframework.test.context.support.DirtiesContextBeforeModesTestExecutionListener@1d2adfbe, org.springframework.boot.test.mock.mockito.MockitoTestExecutionListener@36902638, org.springframework.boot.test.autoconfigure.SpringBootDependencyInjectionTestExecutionListener@223d2c72, org.springframework.test.context.support.DirtiesContextTestExecutionListener@8f4ea7c, org.springframework.test.context.transaction.TransactionalTestExecutionListener@436813f3, org.springframework.test.context.jdbc.SqlScriptsTestExecutionListener@74fe5c40, org.springframework.boot.test.mock.mockito.ResetMocksTestExecutionListener@3febb011, org.springframework.boot.test.autoconfigure.restdocs.RestDocsTestExecutionListener@10e31a9a, org.springframework.boot.test.autoconfigure.web.client.MockRestServiceServerResetTestExecutionListener@131774fe, org.springframework.boot.test.autoconfigure.web.servlet.MockMvcPrintOnlyOnFailureTestExecutionListener@158d2680, org.springframework.boot.test.autoconfigure.web.servlet.WebDriverTestExecutionListener@77847718]
2020-01-04 22:16:58 [main] INFO  o.s.b.t.c.SpringBootTestContextBootstrapper -
				Neither @ContextConfiguration nor @ContextHierarchy found for test class [com.stackroute.keepnote.test.repository.UserRepositoryTest], using SpringBootContextLoader
2020-01-04 22:16:58 [main] INFO  o.s.t.c.s.AbstractContextLoader -
				Could not detect default resource locations for test class [com.stackroute.keepnote.test.repository.UserRepositoryTest]: no resource found for suffixes {-context.xml, Context.groovy}.
2020-01-04 22:16:58 [main] INFO  o.s.t.c.s.AnnotationConfigContextLoaderUtils -
				Could not detect default configuration classes for test class [com.stackroute.keepnote.test.repository.UserRepositoryTest]: UserRepositoryTest does not declare any static, non-private, non-final, nested classes annotated with @Configuration.
2020-01-04 22:16:58 [main] INFO  o.s.b.t.c.SpringBootTestContextBootstrapper -
				Found @SpringBootConfiguration com.stackroute.keepnote.UserServiceApplication for test class com.stackroute.keepnote.test.repository.UserRepositoryTest
2020-01-04 22:16:58 [main] INFO  o.s.b.t.c.SpringBootTestContextBootstrapper -
				Loaded default TestExecutionListener class names from location [META-INF/spring.factories]: [org.springframework.boot.test.mock.mockito.MockitoTestExecutionListener, org.springframework.boot.test.mock.mockito.ResetMocksTestExecutionListener, org.springframework.boot.test.autoconfigure.restdocs.RestDocsTestExecutionListener, org.springframework.boot.test.autoconfigure.web.client.MockRestServiceServerResetTestExecutionListener, org.springframework.boot.test.autoconfigure.web.servlet.MockMvcPrintOnlyOnFailureTestExecutionListener, org.springframework.boot.test.autoconfigure.web.servlet.WebDriverTestExecutionListener, org.springframework.test.context.web.ServletTestExecutionListener, org.springframework.test.context.support.DirtiesContextBeforeModesTestExecutionListener, org.springframework.test.context.support.DependencyInjectionTestExecutionListener, org.springframework.test.context.support.DirtiesContextTestExecutionListener, org.springframework.test.context.transaction.TransactionalTestExecutionListener, org.springframework.test.context.jdbc.SqlScriptsTestExecutionListener]
2020-01-04 22:16:58 [main] INFO  o.s.b.t.c.SpringBootTestContextBootstrapper -
				Using TestExecutionListeners: [org.springframework.test.context.web.ServletTestExecutionListener@31304f14, org.springframework.test.context.support.DirtiesContextBeforeModesTestExecutionListener@34a3d150, org.springframework.boot.test.mock.mockito.MockitoTestExecutionListener@2a4fb17b, org.springframework.boot.test.autoconfigure.SpringBootDependencyInjectionTestExecutionListener@5c6648b0, org.springframework.test.context.support.DirtiesContextTestExecutionListener@6f1de4c7, org.springframework.test.context.transaction.TransactionalTestExecutionListener@459e9125, org.springframework.test.context.jdbc.SqlScriptsTestExecutionListener@128d2484, org.springframework.boot.test.mock.mockito.ResetMocksTestExecutionListener@7cc0cdad, org.springframework.boot.test.autoconfigure.restdocs.RestDocsTestExecutionListener@7c7b252e, org.springframework.boot.test.autoconfigure.web.client.MockRestServiceServerResetTestExecutionListener@4d5d943d, org.springframework.boot.test.autoconfigure.web.servlet.MockMvcPrintOnlyOnFailureTestExecutionListener@368f2016, org.springframework.boot.test.autoconfigure.web.servlet.WebDriverTestExecutionListener@4c583ecf]
2020-01-04 22:16:58 [main] INFO  o.s.b.t.c.SpringBootTestContextBootstrapper -
				Neither @ContextConfiguration nor @ContextHierarchy found for test class [com.stackroute.keepnote.test.log.LoggerTest], using SpringBootContextLoader
2020-01-04 22:16:58 [main] INFO  o.s.t.c.s.AbstractContextLoader -
				Could not detect default resource locations for test class [com.stackroute.keepnote.test.log.LoggerTest]: no resource found for suffixes {-context.xml, Context.groovy}.
2020-01-04 22:16:58 [main] INFO  o.s.t.c.s.AnnotationConfigContextLoaderUtils -
				Could not detect default configuration classes for test class [com.stackroute.keepnote.test.log.LoggerTest]: LoggerTest does not declare any static, non-private, non-final, nested classes annotated with @Configuration.
2020-01-04 22:16:58 [main] INFO  o.s.b.t.c.SpringBootTestContextBootstrapper -
				Found @SpringBootConfiguration com.stackroute.keepnote.UserServiceApplication for test class com.stackroute.keepnote.test.log.LoggerTest
2020-01-04 22:16:58 [main] INFO  o.s.b.t.c.SpringBootTestContextBootstrapper -
				Loaded default TestExecutionListener class names from location [META-INF/spring.factories]: [org.springframework.boot.test.mock.mockito.MockitoTestExecutionListener, org.springframework.boot.test.mock.mockito.ResetMocksTestExecutionListener, org.springframework.boot.test.autoconfigure.restdocs.RestDocsTestExecutionListener, org.springframework.boot.test.autoconfigure.web.client.MockRestServiceServerResetTestExecutionListener, org.springframework.boot.test.autoconfigure.web.servlet.MockMvcPrintOnlyOnFailureTestExecutionListener, org.springframework.boot.test.autoconfigure.web.servlet.WebDriverTestExecutionListener, org.springframework.test.context.web.ServletTestExecutionListener, org.springframework.test.context.support.DirtiesContextBeforeModesTestExecutionListener, org.springframework.test.context.support.DependencyInjectionTestExecutionListener, org.springframework.test.context.support.DirtiesContextTestExecutionListener, org.springframework.test.context.transaction.TransactionalTestExecutionListener, org.springframework.test.context.jdbc.SqlScriptsTestExecutionListener]
2020-01-04 22:16:58 [main] INFO  o.s.b.t.c.SpringBootTestContextBootstrapper -
				Using TestExecutionListeners: [org.springframework.test.context.web.ServletTestExecutionListener@4d0f2471, org.springframework.test.context.support.DirtiesContextBeforeModesTestExecutionListener@7133da86, org.springframework.boot.test.mock.mockito.MockitoTestExecutionListener@3232a28a, org.springframework.boot.test.autoconfigure.SpringBootDependencyInjectionTestExecutionListener@73e22a3d, org.springframework.test.context.support.DirtiesContextTestExecutionListener@47faa49c, org.springframework.test.context.transaction.TransactionalTestExecutionListener@28f2a10f, org.springframework.test.context.jdbc.SqlScriptsTestExecutionListener@f736069, org.springframework.boot.test.mock.mockito.ResetMocksTestExecutionListener@6da21078, org.springframework.boot.test.autoconfigure.restdocs.RestDocsTestExecutionListener@7fee8714, org.springframework.boot.test.autoconfigure.web.client.MockRestServiceServerResetTestExecutionListener@4229bb3f, org.springframework.boot.test.autoconfigure.web.servlet.MockMvcPrintOnlyOnFailureTestExecutionListener@56cdfb3b, org.springframework.boot.test.autoconfigure.web.servlet.WebDriverTestExecutionListener@2b91004a]
2020-01-04 22:16:59 [main] INFO  c.s.k.t.c.UserControllerTest -
				Starting UserControllerTest on DESKTOP-229TM7J with PID 2444 (started by pt108 in C:\Users\pt108\Desktop\Assignments\KeepNote-Step6-Boilerplate\UserService)
2020-01-04 22:16:59 [main] INFO  c.s.k.t.c.UserControllerTest -
				No active profile set, falling back to default profiles: default
2020-01-04 22:16:59 [main] INFO  o.s.w.c.s.GenericWebApplicationContext -
				Refreshing org.springframework.web.context.support.GenericWebApplicationContext@7164ca4c: startup date [Sat Jan 04 22:16:59 IST 2020]; root of context hierarchy
2020-01-04 22:17:02 [main] INFO  o.s.w.s.h.SimpleUrlHandlerMapping -
				Mapped URL path [/**/favicon.ico] onto handler of type [class org.springframework.web.servlet.resource.ResourceHttpRequestHandler]
2020-01-04 22:17:02 [main] INFO  o.s.w.s.m.m.a.RequestMappingHandlerAdapter -
				Looking for @ControllerAdvice: org.springframework.web.context.support.GenericWebApplicationContext@7164ca4c: startup date [Sat Jan 04 22:16:59 IST 2020]; root of context hierarchy
2020-01-04 22:17:03 [main] INFO  o.s.w.s.m.m.a.RequestMappingHandlerMapping -
				Mapped "{[/]}" onto public java.lang.String com.stackroute.keepnote.controller.RootController.swaggerUI()
2020-01-04 22:17:03 [main] INFO  o.s.w.s.m.m.a.RequestMappingHandlerMapping -
				Mapped "{[/api/v1/user/{id}],methods=[PUT]}" onto public org.springframework.http.ResponseEntity<?> com.stackroute.keepnote.controller.UserController.updateUser(com.stackroute.keepnote.model.User,java.lang.String)
2020-01-04 22:17:03 [main] INFO  o.s.w.s.m.m.a.RequestMappingHandlerMapping -
				Mapped "{[/api/v1/user/{id}],methods=[DELETE]}" onto public org.springframework.http.ResponseEntity<?> com.stackroute.keepnote.controller.UserController.deleteUser(java.lang.String)
2020-01-04 22:17:03 [main] INFO  o.s.w.s.m.m.a.RequestMappingHandlerMapping -
				Mapped "{[/api/v1/user],methods=[POST]}" onto public org.springframework.http.ResponseEntity<?> com.stackroute.keepnote.controller.UserController.createUser(com.stackroute.keepnote.model.User)
2020-01-04 22:17:03 [main] INFO  o.s.w.s.m.m.a.RequestMappingHandlerMapping -
				Mapped "{[/api/v1/user/{id}],methods=[GET]}" onto public org.springframework.http.ResponseEntity<?> com.stackroute.keepnote.controller.UserController.showUserDetails(java.lang.String)
2020-01-04 22:17:03 [main] INFO  o.s.w.s.m.m.a.RequestMappingHandlerMapping -
				Mapped "{[/error]}" onto public org.springframework.http.ResponseEntity<java.util.Map<java.lang.String, java.lang.Object>> org.springframework.boot.autoconfigure.web.servlet.error.BasicErrorController.error(javax.servlet.http.HttpServletRequest)
2020-01-04 22:17:03 [main] INFO  o.s.w.s.m.m.a.RequestMappingHandlerMapping -
				Mapped "{[/error],produces=[text/html]}" onto public org.springframework.web.servlet.ModelAndView org.springframework.boot.autoconfigure.web.servlet.error.BasicErrorController.errorHtml(javax.servlet.http.HttpServletRequest,javax.servlet.http.HttpServletResponse)
2020-01-04 22:17:03 [main] INFO  o.s.w.s.h.SimpleUrlHandlerMapping -
				Mapped URL path [/webjars/**] onto handler of type [class org.springframework.web.servlet.resource.ResourceHttpRequestHandler]
2020-01-04 22:17:03 [main] INFO  o.s.w.s.h.SimpleUrlHandlerMapping -
				Mapped URL path [/**] onto handler of type [class org.springframework.web.servlet.resource.ResourceHttpRequestHandler]
2020-01-04 22:17:03 [main] INFO  o.s.b.t.m.w.SpringBootMockServletContext -
				Initializing Spring FrameworkServlet ''
2020-01-04 22:17:03 [main] INFO  o.s.t.w.s.TestDispatcherServlet -
				FrameworkServlet '': initialization started
2020-01-04 22:17:03 [main] INFO  o.s.t.w.s.TestDispatcherServlet -
				FrameworkServlet '': initialization completed in 39 ms
2020-01-04 22:17:03 [main] INFO  c.s.k.t.c.UserControllerTest -
				Started UserControllerTest in 4.902 seconds (JVM running for 7.267)
2020-01-04 22:17:03 [main] INFO  o.s.w.s.m.m.a.RequestMappingHandlerMapping -
				Mapped "{[/api/v1/user/{id}],methods=[PUT]}" onto public org.springframework.http.ResponseEntity<?> com.stackroute.keepnote.controller.UserController.updateUser(com.stackroute.keepnote.model.User,java.lang.String)
2020-01-04 22:17:03 [main] INFO  o.s.w.s.m.m.a.RequestMappingHandlerMapping -
				Mapped "{[/api/v1/user/{id}],methods=[DELETE]}" onto public org.springframework.http.ResponseEntity<?> com.stackroute.keepnote.controller.UserController.deleteUser(java.lang.String)
2020-01-04 22:17:03 [main] INFO  o.s.w.s.m.m.a.RequestMappingHandlerMapping -
				Mapped "{[/api/v1/user],methods=[POST]}" onto public org.springframework.http.ResponseEntity<?> com.stackroute.keepnote.controller.UserController.createUser(com.stackroute.keepnote.model.User)
2020-01-04 22:17:03 [main] INFO  o.s.w.s.m.m.a.RequestMappingHandlerMapping -
				Mapped "{[/api/v1/user/{id}],methods=[GET]}" onto public org.springframework.http.ResponseEntity<?> com.stackroute.keepnote.controller.UserController.showUserDetails(java.lang.String)
2020-01-04 22:17:03 [main] INFO  o.s.w.s.m.m.a.RequestMappingHandlerAdapter -
				Looking for @ControllerAdvice: org.springframework.test.web.servlet.setup.StubWebApplicationContext@28c86134
2020-01-04 22:17:03 [main] INFO  o.s.mock.web.MockServletContext -
				Initializing Spring FrameworkServlet ''
2020-01-04 22:17:03 [main] INFO  o.s.t.w.s.TestDispatcherServlet -
				FrameworkServlet '': initialization started
2020-01-04 22:17:03 [main] INFO  o.s.t.w.s.TestDispatcherServlet -
				FrameworkServlet '': initialization completed in 1 ms
2020-01-04 22:17:04 [main] INFO  o.s.w.s.m.m.a.RequestMappingHandlerMapping -
				Mapped "{[/api/v1/user/{id}],methods=[PUT]}" onto public org.springframework.http.ResponseEntity<?> com.stackroute.keepnote.controller.UserController.updateUser(com.stackroute.keepnote.model.User,java.lang.String)
2020-01-04 22:17:04 [main] INFO  o.s.w.s.m.m.a.RequestMappingHandlerMapping -
				Mapped "{[/api/v1/user/{id}],methods=[DELETE]}" onto public org.springframework.http.ResponseEntity<?> com.stackroute.keepnote.controller.UserController.deleteUser(java.lang.String)
2020-01-04 22:17:04 [main] INFO  o.s.w.s.m.m.a.RequestMappingHandlerMapping -
				Mapped "{[/api/v1/user],methods=[POST]}" onto public org.springframework.http.ResponseEntity<?> com.stackroute.keepnote.controller.UserController.createUser(com.stackroute.keepnote.model.User)
2020-01-04 22:17:04 [main] INFO  o.s.w.s.m.m.a.RequestMappingHandlerMapping -
				Mapped "{[/api/v1/user/{id}],methods=[GET]}" onto public org.springframework.http.ResponseEntity<?> com.stackroute.keepnote.controller.UserController.showUserDetails(java.lang.String)
2020-01-04 22:17:04 [main] INFO  o.s.w.s.m.m.a.RequestMappingHandlerAdapter -
				Looking for @ControllerAdvice: org.springframework.test.web.servlet.setup.StubWebApplicationContext@35eb4a3b
2020-01-04 22:17:04 [main] INFO  o.s.mock.web.MockServletContext -
				Initializing Spring FrameworkServlet ''
2020-01-04 22:17:04 [main] INFO  o.s.t.w.s.TestDispatcherServlet -
				FrameworkServlet '': initialization started
2020-01-04 22:17:04 [main] INFO  o.s.t.w.s.TestDispatcherServlet -
				FrameworkServlet '': initialization completed in 1 ms
2020-01-04 22:17:04 [main] INFO  o.s.w.s.m.m.a.RequestMappingHandlerMapping -
				Mapped "{[/api/v1/user/{id}],methods=[PUT]}" onto public org.springframework.http.ResponseEntity<?> com.stackroute.keepnote.controller.UserController.updateUser(com.stackroute.keepnote.model.User,java.lang.String)
2020-01-04 22:17:04 [main] INFO  o.s.w.s.m.m.a.RequestMappingHandlerMapping -
				Mapped "{[/api/v1/user/{id}],methods=[DELETE]}" onto public org.springframework.http.ResponseEntity<?> com.stackroute.keepnote.controller.UserController.deleteUser(java.lang.String)
2020-01-04 22:17:04 [main] INFO  o.s.w.s.m.m.a.RequestMappingHandlerMapping -
				Mapped "{[/api/v1/user],methods=[POST]}" onto public org.springframework.http.ResponseEntity<?> com.stackroute.keepnote.controller.UserController.createUser(com.stackroute.keepnote.model.User)
2020-01-04 22:17:04 [main] INFO  o.s.w.s.m.m.a.RequestMappingHandlerMapping -
				Mapped "{[/api/v1/user/{id}],methods=[GET]}" onto public org.springframework.http.ResponseEntity<?> com.stackroute.keepnote.controller.UserController.showUserDetails(java.lang.String)
2020-01-04 22:17:04 [main] INFO  o.s.w.s.m.m.a.RequestMappingHandlerAdapter -
				Looking for @ControllerAdvice: org.springframework.test.web.servlet.setup.StubWebApplicationContext@73fb1d7f
2020-01-04 22:17:04 [main] INFO  o.s.mock.web.MockServletContext -
				Initializing Spring FrameworkServlet ''
2020-01-04 22:17:04 [main] INFO  o.s.t.w.s.TestDispatcherServlet -
				FrameworkServlet '': initialization started
2020-01-04 22:17:04 [main] INFO  o.s.t.w.s.TestDispatcherServlet -
				FrameworkServlet '': initialization completed in 1 ms
2020-01-04 22:17:04 [main] INFO  o.s.w.s.m.m.a.RequestMappingHandlerMapping -
				Mapped "{[/api/v1/user/{id}],methods=[PUT]}" onto public org.springframework.http.ResponseEntity<?> com.stackroute.keepnote.controller.UserController.updateUser(com.stackroute.keepnote.model.User,java.lang.String)
2020-01-04 22:17:04 [main] INFO  o.s.w.s.m.m.a.RequestMappingHandlerMapping -
				Mapped "{[/api/v1/user/{id}],methods=[DELETE]}" onto public org.springframework.http.ResponseEntity<?> com.stackroute.keepnote.controller.UserController.deleteUser(java.lang.String)
2020-01-04 22:17:04 [main] INFO  o.s.w.s.m.m.a.RequestMappingHandlerMapping -
				Mapped "{[/api/v1/user],methods=[POST]}" onto public org.springframework.http.ResponseEntity<?> com.stackroute.keepnote.controller.UserController.createUser(com.stackroute.keepnote.model.User)
2020-01-04 22:17:04 [main] INFO  o.s.w.s.m.m.a.RequestMappingHandlerMapping -
				Mapped "{[/api/v1/user/{id}],methods=[GET]}" onto public org.springframework.http.ResponseEntity<?> com.stackroute.keepnote.controller.UserController.showUserDetails(java.lang.String)
2020-01-04 22:17:04 [main] INFO  o.s.w.s.m.m.a.RequestMappingHandlerAdapter -
				Looking for @ControllerAdvice: org.springframework.test.web.servlet.setup.StubWebApplicationContext@741f8dbe
2020-01-04 22:17:04 [main] INFO  o.s.mock.web.MockServletContext -
				Initializing Spring FrameworkServlet ''
2020-01-04 22:17:04 [main] INFO  o.s.t.w.s.TestDispatcherServlet -
				FrameworkServlet '': initialization started
2020-01-04 22:17:04 [main] INFO  o.s.t.w.s.TestDispatcherServlet -
				FrameworkServlet '': initialization completed in 0 ms
2020-01-04 22:17:04 [main] INFO  o.s.w.s.m.m.a.RequestMappingHandlerMapping -
				Mapped "{[/api/v1/user/{id}],methods=[PUT]}" onto public org.springframework.http.ResponseEntity<?> com.stackroute.keepnote.controller.UserController.updateUser(com.stackroute.keepnote.model.User,java.lang.String)
2020-01-04 22:17:04 [main] INFO  o.s.w.s.m.m.a.RequestMappingHandlerMapping -
				Mapped "{[/api/v1/user/{id}],methods=[DELETE]}" onto public org.springframework.http.ResponseEntity<?> com.stackroute.keepnote.controller.UserController.deleteUser(java.lang.String)
2020-01-04 22:17:04 [main] INFO  o.s.w.s.m.m.a.RequestMappingHandlerMapping -
				Mapped "{[/api/v1/user],methods=[POST]}" onto public org.springframework.http.ResponseEntity<?> com.stackroute.keepnote.controller.UserController.createUser(com.stackroute.keepnote.model.User)
2020-01-04 22:17:04 [main] INFO  o.s.w.s.m.m.a.RequestMappingHandlerMapping -
				Mapped "{[/api/v1/user/{id}],methods=[GET]}" onto public org.springframework.http.ResponseEntity<?> com.stackroute.keepnote.controller.UserController.showUserDetails(java.lang.String)
2020-01-04 22:17:04 [main] INFO  o.s.w.s.m.m.a.RequestMappingHandlerAdapter -
				Looking for @ControllerAdvice: org.springframework.test.web.servlet.setup.StubWebApplicationContext@72f8ae0c
2020-01-04 22:17:04 [main] INFO  o.s.mock.web.MockServletContext -
				Initializing Spring FrameworkServlet ''
2020-01-04 22:17:04 [main] INFO  o.s.t.w.s.TestDispatcherServlet -
				FrameworkServlet '': initialization started
2020-01-04 22:17:04 [main] INFO  o.s.t.w.s.TestDispatcherServlet -
				FrameworkServlet '': initialization completed in 0 ms
2020-01-04 22:17:04 [main] INFO  o.s.w.s.m.m.a.RequestMappingHandlerMapping -
				Mapped "{[/api/v1/user/{id}],methods=[PUT]}" onto public org.springframework.http.ResponseEntity<?> com.stackroute.keepnote.controller.UserController.updateUser(com.stackroute.keepnote.model.User,java.lang.String)
2020-01-04 22:17:04 [main] INFO  o.s.w.s.m.m.a.RequestMappingHandlerMapping -
				Mapped "{[/api/v1/user/{id}],methods=[DELETE]}" onto public org.springframework.http.ResponseEntity<?> com.stackroute.keepnote.controller.UserController.deleteUser(java.lang.String)
2020-01-04 22:17:04 [main] INFO  o.s.w.s.m.m.a.RequestMappingHandlerMapping -
				Mapped "{[/api/v1/user],methods=[POST]}" onto public org.springframework.http.ResponseEntity<?> com.stackroute.keepnote.controller.UserController.createUser(com.stackroute.keepnote.model.User)
2020-01-04 22:17:04 [main] INFO  o.s.w.s.m.m.a.RequestMappingHandlerMapping -
				Mapped "{[/api/v1/user/{id}],methods=[GET]}" onto public org.springframework.http.ResponseEntity<?> com.stackroute.keepnote.controller.UserController.showUserDetails(java.lang.String)
2020-01-04 22:17:04 [main] INFO  o.s.w.s.m.m.a.RequestMappingHandlerAdapter -
				Looking for @ControllerAdvice: org.springframework.test.web.servlet.setup.StubWebApplicationContext@80bfdc6
2020-01-04 22:17:04 [main] INFO  o.s.mock.web.MockServletContext -
				Initializing Spring FrameworkServlet ''
2020-01-04 22:17:04 [main] INFO  o.s.t.w.s.TestDispatcherServlet -
				FrameworkServlet '': initialization started
2020-01-04 22:17:04 [main] INFO  o.s.t.w.s.TestDispatcherServlet -
				FrameworkServlet '': initialization completed in 0 ms
2020-01-04 22:17:04 [main] INFO  c.s.k.controller.UserController -
				Inside Create User
2020-01-04 22:17:04 [main] INFO  o.s.w.s.m.m.a.RequestMappingHandlerMapping -
				Mapped "{[/api/v1/user/{id}],methods=[PUT]}" onto public org.springframework.http.ResponseEntity<?> com.stackroute.keepnote.controller.UserController.updateUser(com.stackroute.keepnote.model.User,java.lang.String)
2020-01-04 22:17:04 [main] INFO  o.s.w.s.m.m.a.RequestMappingHandlerMapping -
				Mapped "{[/api/v1/user/{id}],methods=[DELETE]}" onto public org.springframework.http.ResponseEntity<?> com.stackroute.keepnote.controller.UserController.deleteUser(java.lang.String)
2020-01-04 22:17:04 [main] INFO  o.s.w.s.m.m.a.RequestMappingHandlerMapping -
				Mapped "{[/api/v1/user],methods=[POST]}" onto public org.springframework.http.ResponseEntity<?> com.stackroute.keepnote.controller.UserController.createUser(com.stackroute.keepnote.model.User)
2020-01-04 22:17:04 [main] INFO  o.s.w.s.m.m.a.RequestMappingHandlerMapping -
				Mapped "{[/api/v1/user/{id}],methods=[GET]}" onto public org.springframework.http.ResponseEntity<?> com.stackroute.keepnote.controller.UserController.showUserDetails(java.lang.String)
2020-01-04 22:17:04 [main] INFO  o.s.w.s.m.m.a.RequestMappingHandlerAdapter -
				Looking for @ControllerAdvice: org.springframework.test.web.servlet.setup.StubWebApplicationContext@5460b754
2020-01-04 22:17:04 [main] INFO  o.s.mock.web.MockServletContext -
				Initializing Spring FrameworkServlet ''
2020-01-04 22:17:04 [main] INFO  o.s.t.w.s.TestDispatcherServlet -
				FrameworkServlet '': initialization started
2020-01-04 22:17:04 [main] INFO  o.s.t.w.s.TestDispatcherServlet -
				FrameworkServlet '': initialization completed in 0 ms
2020-01-04 22:17:04 [main] INFO  o.s.w.s.m.m.a.RequestMappingHandlerMapping -
				Mapped "{[/api/v1/user/{id}],methods=[PUT]}" onto public org.springframework.http.ResponseEntity<?> com.stackroute.keepnote.controller.UserController.updateUser(com.stackroute.keepnote.model.User,java.lang.String)
2020-01-04 22:17:04 [main] INFO  o.s.w.s.m.m.a.RequestMappingHandlerMapping -
				Mapped "{[/api/v1/user/{id}],methods=[DELETE]}" onto public org.springframework.http.ResponseEntity<?> com.stackroute.keepnote.controller.UserController.deleteUser(java.lang.String)
2020-01-04 22:17:04 [main] INFO  o.s.w.s.m.m.a.RequestMappingHandlerMapping -
				Mapped "{[/api/v1/user],methods=[POST]}" onto public org.springframework.http.ResponseEntity<?> com.stackroute.keepnote.controller.UserController.createUser(com.stackroute.keepnote.model.User)
2020-01-04 22:17:04 [main] INFO  o.s.w.s.m.m.a.RequestMappingHandlerMapping -
				Mapped "{[/api/v1/user/{id}],methods=[GET]}" onto public org.springframework.http.ResponseEntity<?> com.stackroute.keepnote.controller.UserController.showUserDetails(java.lang.String)
2020-01-04 22:17:04 [main] INFO  o.s.w.s.m.m.a.RequestMappingHandlerAdapter -
				Looking for @ControllerAdvice: org.springframework.test.web.servlet.setup.StubWebApplicationContext@5e519ad3
2020-01-04 22:17:04 [main] INFO  o.s.mock.web.MockServletContext -
				Initializing Spring FrameworkServlet ''
2020-01-04 22:17:04 [main] INFO  o.s.t.w.s.TestDispatcherServlet -
				FrameworkServlet '': initialization started
2020-01-04 22:17:04 [main] INFO  o.s.t.w.s.TestDispatcherServlet -
				FrameworkServlet '': initialization completed in 0 ms
2020-01-04 22:17:04 [main] INFO  c.s.k.controller.UserController -
				Inside Create User
2020-01-04 22:17:05 [main] INFO  c.s.k.t.r.UserRepositoryTest -
				Starting UserRepositoryTest on DESKTOP-229TM7J with PID 2444 (started by pt108 in C:\Users\pt108\Desktop\Assignments\KeepNote-Step6-Boilerplate\UserService)
2020-01-04 22:17:05 [main] INFO  c.s.k.t.r.UserRepositoryTest -
				No active profile set, falling back to default profiles: default
2020-01-04 22:17:05 [main] INFO  o.s.c.a.AnnotationConfigApplicationContext -
				Refreshing org.springframework.context.annotation.AnnotationConfigApplicationContext@733aa9d8: startup date [Sat Jan 04 22:17:05 IST 2020]; root of context hierarchy
2020-01-04 22:17:06 [Thread-5] INFO  o.s.b.a.mongo.embedded.EmbeddedMongo -
				note: noprealloc may hurt performance in many applications
2020-01-04 22:17:06 [Thread-5] INFO  o.s.b.a.mongo.embedded.EmbeddedMongo -
				2020-01-04T22:17:06.415+0530 I CONTROL  [initandlisten] MongoDB starting : pid=1564 port=54506 dbpath=C:\Users\pt108\AppData\Local\Temp\embedmongo-db-1de5b979-bbee-4ef5-b679-5781ca2cbb60 64-bit host=DESKTOP-229TM7J
2020-01-04 22:17:06 [Thread-5] INFO  o.s.b.a.mongo.embedded.EmbeddedMongo -
				2020-01-04T22:17:06.416+0530 I CONTROL  [initandlisten] targetMinOS: Windows Vista/Windows Server 2008
2020-01-04 22:17:06 [Thread-5] INFO  o.s.b.a.mongo.embedded.EmbeddedMongo -
				2020-01-04T22:17:06.416+0530 I CONTROL  [initandlisten] db version v3.2.2
2020-01-04 22:17:06 [Thread-5] INFO  o.s.b.a.mongo.embedded.EmbeddedMongo -
				2020-01-04T22:17:06.416+0530 I CONTROL  [initandlisten] git version: 6e71d0d568e134c029203593b00a0103e7cdf30b
2020-01-04 22:17:06 [Thread-5] INFO  o.s.b.a.mongo.embedded.EmbeddedMongo -
				2020-01-04T22:17:06.416+0530 I CONTROL  [initandlisten] allocator: tcmalloc
2020-01-04 22:17:06 [Thread-5] INFO  o.s.b.a.mongo.embedded.EmbeddedMongo -
				2020-01-04T22:17:06.416+0530 I CONTROL  [initandlisten] modules: none
2020-01-04 22:17:06 [Thread-5] INFO  o.s.b.a.mongo.embedded.EmbeddedMongo -
				2020-01-04T22:17:06.416+0530 I CONTROL  [initandlisten] build environment:
2020-01-04 22:17:06 [Thread-5] INFO  o.s.b.a.mongo.embedded.EmbeddedMongo -
				2020-01-04T22:17:06.416+0530 I CONTROL  [initandlisten]     distarch: x86_64
2020-01-04 22:17:06 [Thread-5] INFO  o.s.b.a.mongo.embedded.EmbeddedMongo -
				2020-01-04T22:17:06.416+0530 I CONTROL  [initandlisten]     target_arch: x86_64
2020-01-04 22:17:06 [Thread-5] INFO  o.s.b.a.mongo.embedded.EmbeddedMongo -
				2020-01-04T22:17:06.417+0530 I CONTROL  [initandlisten] options: { net: { bindIp: "127.0.0.1", http: { enabled: false }, port: 54506 }, security: { authorization: "disabled" }, storage: { dbPath: "C:\Users\pt108\AppData\Local\Temp\embedmongo-db-1de5b979-bbee-4ef5-b679-5781ca2cbb60", journal: { enabled: false }, mmapv1: { preallocDataFiles: false, smallFiles: true }, syncPeriodSecs: 0.0 } }
2020-01-04 22:17:06 [Thread-5] INFO  o.s.b.a.mongo.embedded.EmbeddedMongo -
				2020-01-04T22:17:06.418+0530 I STORAGE  [initandlisten] wiredtiger_open config: create,cache_size=2G,session_max=20000,eviction=(threads_max=4),config_base=false,statistics=(fast),log=(enabled=true,archive=true,path=journal,compressor=snappy),file_manager=(close_idle_time=100000),checkpoint=(wait=0,log_size=2GB),statistics_log=(wait=0),,log=(enabled=false),
2020-01-04 22:17:07 [Thread-5] INFO  o.s.b.a.mongo.embedded.EmbeddedMongo -
				2020-01-04T22:17:07.137+0530 W STORAGE  [initandlisten] Detected configuration for non-active storage engine mmapv1 when current storage engine is wiredTiger
2020-01-04 22:17:07 [Thread-5] INFO  o.s.b.a.mongo.embedded.EmbeddedMongo -
				2020-01-04T22:17:07.142+0530 I NETWORK  [HostnameCanonicalizationWorker] Starting hostname canonicalization worker
2020-01-04 22:17:07 [Thread-5] INFO  o.s.b.a.mongo.embedded.EmbeddedMongo -
				2020-01-04T22:17:07.142+0530 I FTDC     [initandlisten] Initializing full-time diagnostic data capture with directory 'C:/Users/pt108/AppData/Local/Temp/embedmongo-db-1de5b979-bbee-4ef5-b679-5781ca2cbb60/diagnostic.data'
2020-01-04 22:17:07 [Thread-5] INFO  o.s.b.a.mongo.embedded.EmbeddedMongo -
				2020-01-04T22:17:07.378+0530 I NETWORK  [initandlisten] waiting for connections on port 54506
2020-01-04 22:17:07 [main] INFO  d.f.embed.process.runtime.Executable -
				start de.flapdoodle.embed.mongo.config.MongodConfigBuilder$ImmutableMongodConfig@4ed4a7e4
2020-01-04 22:17:08 [main] INFO  org.mongodb.driver.cluster -
				Cluster created with settings {hosts=[localhost:54506], mode=MULTIPLE, requiredClusterType=UNKNOWN, serverSelectionTimeout='30000 ms', maxWaitQueueSize=500}
2020-01-04 22:17:08 [main] INFO  org.mongodb.driver.cluster -
				Adding discovered server localhost:54506 to client view of cluster
2020-01-04 22:17:08 [Thread-5] INFO  o.s.b.a.mongo.embedded.EmbeddedMongo -
				2020-01-04T22:17:08.172+0530 I NETWORK  [initandlisten] connection accepted from 127.0.0.1:54515 #1 (1 connection now open)
2020-01-04 22:17:08 [cluster-ClusterId{value='5e10c18c3fb077098cad9e5c', description='null'}-localhost:54506] INFO  org.mongodb.driver.connection -
				Opened connection [connectionId{localValue:1, serverValue:1}] to localhost:54506
2020-01-04 22:17:08 [cluster-ClusterId{value='5e10c18c3fb077098cad9e5c', description='null'}-localhost:54506] INFO  org.mongodb.driver.cluster -
				Monitor thread successfully connected to server with description ServerDescription{address=localhost:54506, type=STANDALONE, state=CONNECTED, ok=true, version=ServerVersion{versionList=[3, 2, 2]}, minWireVersion=0, maxWireVersion=4, maxDocumentSize=16777216, logicalSessionTimeoutMinutes=null, roundTripTimeNanos=2964700}
2020-01-04 22:17:08 [cluster-ClusterId{value='5e10c18c3fb077098cad9e5c', description='null'}-localhost:54506] INFO  org.mongodb.driver.cluster -
				Discovered cluster type of STANDALONE
2020-01-04 22:17:08 [main] INFO  c.s.k.t.r.UserRepositoryTest -
				Started UserRepositoryTest in 4.112 seconds (JVM running for 12.61)
2020-01-04 22:17:09 [Thread-5] INFO  o.s.b.a.mongo.embedded.EmbeddedMongo -
				2020-01-04T22:17:09.142+0530 I NETWORK  [initandlisten] connection accepted from 127.0.0.1:54516 #2 (2 connections now open)
2020-01-04 22:17:09 [main] INFO  org.mongodb.driver.connection -
				Opened connection [connectionId{localValue:2, serverValue:2}] to localhost:54506
2020-01-04 22:17:09 [Thread-5] INFO  o.s.b.a.mongo.embedded.EmbeddedMongo -
				2020-01-04T22:17:09.435+0530 I COMMAND  [conn2] command test.user command: insert { insert: "user", ordered: true, documents: [ { _id: "Jhon123", userName: "Jhon Simon", userPassword: "123456", userMobile: "9898989898", userAddedDate: new Date(1578156429011), _class: "com.stackroute.keepnote.model.User" } ] } ninserted:1 keyUpdates:0 writeConflicts:0 numYields:0 reslen:40 locks:{ Global: { acquireCount: { r: 2, w: 2 } }, Database: { acquireCount: { w: 1, W: 1 } }, Collection: { acquireCount: { W: 1 } } } protocol:op_query 245ms
2020-01-04 22:17:09 [main] INFO  c.s.keepnote.test.log.LoggerTest -
				Starting LoggerTest on DESKTOP-229TM7J with PID 2444 (started by pt108 in C:\Users\pt108\Desktop\Assignments\KeepNote-Step6-Boilerplate\UserService)
2020-01-04 22:17:09 [main] INFO  c.s.keepnote.test.log.LoggerTest -
				No active profile set, falling back to default profiles: default
2020-01-04 22:17:09 [main] INFO  o.s.w.c.s.GenericWebApplicationContext -
				Refreshing org.springframework.web.context.support.GenericWebApplicationContext@3b7c58e7: startup date [Sat Jan 04 22:17:09 IST 2020]; root of context hierarchy
2020-01-04 22:17:13 [Thread-10] INFO  o.s.b.a.mongo.embedded.EmbeddedMongo -
				note: noprealloc may hurt performance in many applications
2020-01-04 22:17:13 [Thread-10] INFO  o.s.b.a.mongo.embedded.EmbeddedMongo -
				2020-01-04T22:17:13.985+0530 I CONTROL  [initandlisten] MongoDB starting : pid=10084 port=54534 dbpath=C:\Users\pt108\AppData\Local\Temp\embedmongo-db-519d7fc5-f4b7-4344-b045-a6ee637cb34c 64-bit host=DESKTOP-229TM7J
2020-01-04 22:17:13 [Thread-10] INFO  o.s.b.a.mongo.embedded.EmbeddedMongo -
				2020-01-04T22:17:13.986+0530 I CONTROL  [initandlisten] targetMinOS: Windows Vista/Windows Server 2008
2020-01-04 22:17:13 [Thread-10] INFO  o.s.b.a.mongo.embedded.EmbeddedMongo -
				2020-01-04T22:17:13.986+0530 I CONTROL  [initandlisten] db version v3.2.2
2020-01-04 22:17:13 [Thread-10] INFO  o.s.b.a.mongo.embedded.EmbeddedMongo -
				2020-01-04T22:17:13.986+0530 I CONTROL  [initandlisten] git version: 6e71d0d568e134c029203593b00a0103e7cdf30b
2020-01-04 22:17:13 [Thread-10] INFO  o.s.b.a.mongo.embedded.EmbeddedMongo -
				2020-01-04T22:17:13.986+0530 I CONTROL  [initandlisten] allocator: tcmalloc
2020-01-04 22:17:13 [Thread-10] INFO  o.s.b.a.mongo.embedded.EmbeddedMongo -
				2020-01-04T22:17:13.986+0530 I CONTROL  [initandlisten] modules: none
2020-01-04 22:17:13 [Thread-10] INFO  o.s.b.a.mongo.embedded.EmbeddedMongo -
				2020-01-04T22:17:13.986+0530 I CONTROL  [initandlisten] build environment:
2020-01-04 22:17:13 [Thread-10] INFO  o.s.b.a.mongo.embedded.EmbeddedMongo -
				2020-01-04T22:17:13.987+0530 I CONTROL  [initandlisten]     distarch: x86_64
2020-01-04 22:17:13 [Thread-10] INFO  o.s.b.a.mongo.embedded.EmbeddedMongo -
				2020-01-04T22:17:13.987+0530 I CONTROL  [initandlisten]     target_arch: x86_64
2020-01-04 22:17:13 [Thread-10] INFO  o.s.b.a.mongo.embedded.EmbeddedMongo -
				2020-01-04T22:17:13.987+0530 I CONTROL  [initandlisten] options: { net: { bindIp: "127.0.0.1", http: { enabled: false }, port: 54534 }, security: { authorization: "disabled" }, storage: { dbPath: "C:\Users\pt108\AppData\Local\Temp\embedmongo-db-519d7fc5-f4b7-4344-b045-a6ee637cb34c", journal: { enabled: false }, mmapv1: { preallocDataFiles: false, smallFiles: true }, syncPeriodSecs: 0.0 } }
2020-01-04 22:17:13 [Thread-10] INFO  o.s.b.a.mongo.embedded.EmbeddedMongo -
				2020-01-04T22:17:13.990+0530 I STORAGE  [initandlisten] wiredtiger_open config: create,cache_size=2G,session_max=20000,eviction=(threads_max=4),config_base=false,statistics=(fast),log=(enabled=true,archive=true,path=journal,compressor=snappy),file_manager=(close_idle_time=100000),checkpoint=(wait=0,log_size=2GB),statistics_log=(wait=0),,log=(enabled=false),
2020-01-04 22:17:14 [Thread-10] INFO  o.s.b.a.mongo.embedded.EmbeddedMongo -
				2020-01-04T22:17:14.564+0530 W STORAGE  [initandlisten] Detected configuration for non-active storage engine mmapv1 when current storage engine is wiredTiger
2020-01-04 22:17:14 [Thread-10] INFO  o.s.b.a.mongo.embedded.EmbeddedMongo -
				2020-01-04T22:17:14.567+0530 I NETWORK  [HostnameCanonicalizationWorker] Starting hostname canonicalization worker
2020-01-04 22:17:14 [Thread-10] INFO  o.s.b.a.mongo.embedded.EmbeddedMongo -
				2020-01-04T22:17:14.567+0530 I FTDC     [initandlisten] Initializing full-time diagnostic data capture with directory 'C:/Users/pt108/AppData/Local/Temp/embedmongo-db-519d7fc5-f4b7-4344-b045-a6ee637cb34c/diagnostic.data'
2020-01-04 22:17:14 [Thread-10] INFO  o.s.b.a.mongo.embedded.EmbeddedMongo -
				2020-01-04T22:17:14.818+0530 I NETWORK  [initandlisten] waiting for connections on port 54534
2020-01-04 22:17:14 [main] INFO  d.f.embed.process.runtime.Executable -
				start de.flapdoodle.embed.mongo.config.MongodConfigBuilder$ImmutableMongodConfig@46e388ec
2020-01-04 22:17:14 [main] INFO  org.mongodb.driver.cluster -
				Cluster created with settings {hosts=[localhost:54534], mode=MULTIPLE, requiredClusterType=UNKNOWN, serverSelectionTimeout='30000 ms', maxWaitQueueSize=500}
2020-01-04 22:17:14 [main] INFO  org.mongodb.driver.cluster -
				Adding discovered server localhost:54534 to client view of cluster
2020-01-04 22:17:14 [Thread-10] INFO  o.s.b.a.mongo.embedded.EmbeddedMongo -
				2020-01-04T22:17:14.848+0530 I NETWORK  [initandlisten] connection accepted from 127.0.0.1:54537 #1 (1 connection now open)
2020-01-04 22:17:14 [cluster-ClusterId{value='5e10c1923fb077098cad9e5d', description='null'}-localhost:54534] INFO  org.mongodb.driver.connection -
				Opened connection [connectionId{localValue:3, serverValue:1}] to localhost:54534
2020-01-04 22:17:14 [cluster-ClusterId{value='5e10c1923fb077098cad9e5d', description='null'}-localhost:54534] INFO  org.mongodb.driver.cluster -
				Monitor thread successfully connected to server with description ServerDescription{address=localhost:54534, type=STANDALONE, state=CONNECTED, ok=true, version=ServerVersion{versionList=[3, 2, 2]}, minWireVersion=0, maxWireVersion=4, maxDocumentSize=16777216, logicalSessionTimeoutMinutes=null, roundTripTimeNanos=1052100}
2020-01-04 22:17:14 [cluster-ClusterId{value='5e10c1923fb077098cad9e5d', description='null'}-localhost:54534] INFO  org.mongodb.driver.cluster -
				Discovered cluster type of STANDALONE
2020-01-04 22:17:16 [main] INFO  o.s.w.s.m.m.a.RequestMappingHandlerMapping -
				Mapped "{[/]}" onto public java.lang.String com.stackroute.keepnote.controller.RootController.swaggerUI()
2020-01-04 22:17:16 [main] INFO  o.s.w.s.m.m.a.RequestMappingHandlerMapping -
				Mapped "{[/api/v1/user/{id}],methods=[PUT]}" onto public org.springframework.http.ResponseEntity<?> com.stackroute.keepnote.controller.UserController.updateUser(com.stackroute.keepnote.model.User,java.lang.String)
2020-01-04 22:17:16 [main] INFO  o.s.w.s.m.m.a.RequestMappingHandlerMapping -
				Mapped "{[/api/v1/user/{id}],methods=[DELETE]}" onto public org.springframework.http.ResponseEntity<?> com.stackroute.keepnote.controller.UserController.deleteUser(java.lang.String)
2020-01-04 22:17:16 [main] INFO  o.s.w.s.m.m.a.RequestMappingHandlerMapping -
				Mapped "{[/api/v1/user],methods=[POST]}" onto public org.springframework.http.ResponseEntity<?> com.stackroute.keepnote.controller.UserController.createUser(com.stackroute.keepnote.model.User)
2020-01-04 22:17:16 [main] INFO  o.s.w.s.m.m.a.RequestMappingHandlerMapping -
				Mapped "{[/api/v1/user/{id}],methods=[GET]}" onto public org.springframework.http.ResponseEntity<?> com.stackroute.keepnote.controller.UserController.showUserDetails(java.lang.String)
2020-01-04 22:17:16 [main] INFO  o.s.w.s.m.m.a.RequestMappingHandlerMapping -
				Mapped "{[/swagger-resources/configuration/security]}" onto public org.springframework.http.ResponseEntity<springfox.documentation.swagger.web.SecurityConfiguration> springfox.documentation.swagger.web.ApiResourceController.securityConfiguration()
2020-01-04 22:17:16 [main] INFO  o.s.w.s.m.m.a.RequestMappingHandlerMapping -
				Mapped "{[/swagger-resources/configuration/ui]}" onto public org.springframework.http.ResponseEntity<springfox.documentation.swagger.web.UiConfiguration> springfox.documentation.swagger.web.ApiResourceController.uiConfiguration()
2020-01-04 22:17:16 [main] INFO  o.s.w.s.m.m.a.RequestMappingHandlerMapping -
				Mapped "{[/swagger-resources]}" onto public org.springframework.http.ResponseEntity<java.util.List<springfox.documentation.swagger.web.SwaggerResource>> springfox.documentation.swagger.web.ApiResourceController.swaggerResources()
2020-01-04 22:17:16 [main] INFO  o.s.w.s.m.m.a.RequestMappingHandlerMapping -
				Mapped "{[/error]}" onto public org.springframework.http.ResponseEntity<java.util.Map<java.lang.String, java.lang.Object>> org.springframework.boot.autoconfigure.web.servlet.error.BasicErrorController.error(javax.servlet.http.HttpServletRequest)
2020-01-04 22:17:16 [main] INFO  o.s.w.s.m.m.a.RequestMappingHandlerMapping -
				Mapped "{[/error],produces=[text/html]}" onto public org.springframework.web.servlet.ModelAndView org.springframework.boot.autoconfigure.web.servlet.error.BasicErrorController.errorHtml(javax.servlet.http.HttpServletRequest,javax.servlet.http.HttpServletResponse)
2020-01-04 22:17:17 [main] INFO  s.d.s.w.PropertySourcedRequestMappingHandlerMapping -
				Mapped URL path [/v2/api-docs] onto method [public org.springframework.http.ResponseEntity<springfox.documentation.spring.web.json.Json> springfox.documentation.swagger2.web.Swagger2Controller.getDocumentation(java.lang.String,javax.servlet.http.HttpServletRequest)]
2020-01-04 22:17:18 [main] INFO  o.s.w.s.h.SimpleUrlHandlerMapping -
				Mapped URL path [/**/favicon.ico] onto handler of type [class org.springframework.web.servlet.resource.ResourceHttpRequestHandler]
2020-01-04 22:17:19 [main] INFO  o.s.w.s.m.m.a.RequestMappingHandlerAdapter -
				Looking for @ControllerAdvice: org.springframework.web.context.support.GenericWebApplicationContext@3b7c58e7: startup date [Sat Jan 04 22:17:09 IST 2020]; root of context hierarchy
2020-01-04 22:17:19 [main] INFO  o.s.w.s.h.SimpleUrlHandlerMapping -
				Mapped URL path [/webjars/**] onto handler of type [class org.springframework.web.servlet.resource.ResourceHttpRequestHandler]
2020-01-04 22:17:19 [main] INFO  o.s.w.s.h.SimpleUrlHandlerMapping -
				Mapped URL path [/**] onto handler of type [class org.springframework.web.servlet.resource.ResourceHttpRequestHandler]
2020-01-04 22:17:19 [main] INFO  o.s.c.s.DefaultLifecycleProcessor -
				Starting beans in phase 2147483647
2020-01-04 22:17:19 [main] INFO  s.d.s.w.p.DocumentationPluginsBootstrapper -
				Context refreshed
2020-01-04 22:17:20 [main] INFO  s.d.s.w.p.DocumentationPluginsBootstrapper -
				Found 1 custom documentation plugin(s)
2020-01-04 22:17:20 [main] INFO  s.d.s.w.s.ApiListingReferenceScanner -
				Scanning for api listing references
2020-01-04 22:17:20 [main] INFO  c.s.keepnote.test.log.LoggerTest -
				Started LoggerTest in 10.544 seconds (JVM running for 24.015)
2020-01-04 22:17:20 [Thread-10] INFO  o.s.b.a.mongo.embedded.EmbeddedMongo -
				2020-01-04T22:17:20.452+0530 I NETWORK  [initandlisten] connection accepted from 127.0.0.1:54538 #2 (2 connections now open)
2020-01-04 22:17:20 [Thread-12] INFO  o.s.w.c.s.GenericWebApplicationContext -
				Closing org.springframework.web.context.support.GenericWebApplicationContext@3b7c58e7: startup date [Sat Jan 04 22:17:09 IST 2020]; root of context hierarchy
2020-01-04 22:17:20 [Thread-12] INFO  o.s.c.s.DefaultLifecycleProcessor -
				Stopping beans in phase 2147483647
2020-01-04 22:17:20 [Thread-2] INFO  o.s.w.c.s.GenericWebApplicationContext -
				Closing org.springframework.web.context.support.GenericWebApplicationContext@7164ca4c: startup date [Sat Jan 04 22:16:59 IST 2020]; root of context hierarchy
2020-01-04 22:17:20 [Thread-7] INFO  o.s.c.a.AnnotationConfigApplicationContext -
				Closing org.springframework.context.annotation.AnnotationConfigApplicationContext@733aa9d8: startup date [Sat Jan 04 22:17:05 IST 2020]; root of context hierarchy
2020-01-04 22:17:20 [Thread-10] INFO  o.s.b.a.mongo.embedded.EmbeddedMongo -
				2020-01-04T22:17:20.488+0530 I NETWORK  [conn1] end connection 127.0.0.1:54537 (1 connection now open)
2020-01-04 22:17:20 [Thread-5] INFO  o.s.b.a.mongo.embedded.EmbeddedMongo -
				2020-01-04T22:17:20.491+0530 I NETWORK  [initandlisten] connection accepted from 127.0.0.1:54539 #3 (3 connections now open)
2020-01-04 22:17:20 [Thread-7] INFO  org.mongodb.driver.connection -
				Closed connection [connectionId{localValue:2, serverValue:2}] to localhost:54506 because the pool has been closed.
2020-01-04 22:17:20 [Thread-5] INFO  o.s.b.a.mongo.embedded.EmbeddedMongo -
				2020-01-04T22:17:20.500+0530 I NETWORK  [conn2] end connection 127.0.0.1:54516 (2 connections now open)
2020-01-04 22:17:20 [Thread-5] INFO  o.s.b.a.mongo.embedded.EmbeddedMongo -
				2020-01-04T22:17:20.504+0530 I NETWORK  [conn1] end connection 127.0.0.1:54515 (1 connection now open)
2020-01-04 22:17:20 [Thread-10] INFO  o.s.b.a.mongo.embedded.EmbeddedMongo -
				2020-01-04T22:17:20.508+0530 I COMMAND  [conn2] terminating, shutdown command received
2020-01-04 22:17:20 [Thread-10] INFO  o.s.b.a.mongo.embedded.EmbeddedMongo -
				2020-01-04T22:17:20.509+0530 I FTDC     [conn2] Shutting down full-time diagnostic data capture
2020-01-04 22:17:20 [Thread-5] INFO  o.s.b.a.mongo.embedded.EmbeddedMongo -
				2020-01-04T22:17:20.514+0530 I COMMAND  [conn3] terminating, shutdown command received
2020-01-04 22:17:20 [Thread-5] INFO  o.s.b.a.mongo.embedded.EmbeddedMongo -
				2020-01-04T22:17:20.514+0530 I FTDC     [conn3] Shutting down full-time diagnostic data capture
2020-01-04 22:17:20 [Thread-5] INFO  o.s.b.a.mongo.embedded.EmbeddedMongo -
				2020-01-04T22:17:20.534+0530 I CONTROL  [conn3] now exiting
2020-01-04 22:17:20 [Thread-5] INFO  o.s.b.a.mongo.embedded.EmbeddedMongo -
				2020-01-04T22:17:20.534+0530 I NETWORK  [conn3] shutdown: going to close listening sockets...
2020-01-04 22:17:20 [Thread-5] INFO  o.s.b.a.mongo.embedded.EmbeddedMongo -
				2020-01-04T22:17:20.534+0530 I NETWORK  [conn3] closing listening socket: 692
2020-01-04 22:17:20 [Thread-5] INFO  o.s.b.a.mongo.embedded.EmbeddedMongo -
				2020-01-04T22:17:20.534+0530 I NETWORK  [conn3] shutdown: going to flush diaglog...
2020-01-04 22:17:20 [Thread-5] INFO  o.s.b.a.mongo.embedded.EmbeddedMongo -
				2020-01-04T22:17:20.534+0530 I NETWORK  [conn3] shutdown: going to close sockets...
2020-01-04 22:17:20 [Thread-10] INFO  o.s.b.a.mongo.embedded.EmbeddedMongo -
				2020-01-04T22:17:20.538+0530 I CONTROL  [conn2] now exiting
2020-01-04 22:17:20 [Thread-10] INFO  o.s.b.a.mongo.embedded.EmbeddedMongo -
				2020-01-04T22:17:20.539+0530 I NETWORK  [conn2] shutdown: going to close listening sockets...
2020-01-04 22:17:20 [Thread-10] INFO  o.s.b.a.mongo.embedded.EmbeddedMongo -
				2020-01-04T22:17:20.539+0530 I NETWORK  [conn2] closing listening socket: 704
2020-01-04 22:17:20 [Thread-10] INFO  o.s.b.a.mongo.embedded.EmbeddedMongo -
				2020-01-04T22:17:20.539+0530 I NETWORK  [conn2] shutdown: going to flush diaglog...
2020-01-04 22:17:20 [Thread-10] INFO  o.s.b.a.mongo.embedded.EmbeddedMongo -
				2020-01-04T22:17:20.540+0530 I NETWORK  [conn2] shutdown: going to close sockets...
2020-01-04 22:17:20 [Thread-5] INFO  o.s.b.a.mongo.embedded.EmbeddedMongo -
				2020-01-04T22:17:20.542+0530 I STORAGE  [conn3] WiredTigerKVEngine shutting down
2020-01-04 22:17:20 [Thread-10] INFO  o.s.b.a.mongo.embedded.EmbeddedMongo -
				2020-01-04T22:17:20.545+0530 I STORAGE  [conn2] WiredTigerKVEngine shutting down
2020-01-04 22:17:20 [Thread-4] INFO  d.f.e.process.runtime.ProcessControl -
				stopOrDestroyProcess: process has not exited 
2020-01-04 22:17:20 [Thread-9] INFO  d.f.e.process.runtime.ProcessControl -
				stopOrDestroyProcess: process has not exited 
2020-01-04 22:17:21 [Thread-10] INFO  o.s.b.a.mongo.embedded.EmbeddedMongo -
				2020-01-04T22:17:21.128+0530 I STORAGE  [conn2] shutdown: removing fs lock...
2020-01-04 22:17:21 [Thread-10] INFO  o.s.b.a.mongo.embedded.EmbeddedMongo -
				2020-01-04T22:17:21.129+0530 I CONTROL  [conn2] dbexit:  rc: 0
2020-01-04 22:17:21 [Thread-5] INFO  o.s.b.a.mongo.embedded.EmbeddedMongo -
				2020-01-04T22:17:21.260+0530 I STORAGE  [conn3] shutdown: removing fs lock...
2020-01-04 22:17:21 [Thread-5] INFO  o.s.b.a.mongo.embedded.EmbeddedMongo -
				2020-01-04T22:17:21.261+0530 I CONTROL  [conn3] dbexit:  rc: 0
